[2014-12-01 19:48:23:969][com.switek.netseed.server.ui.ServerForm] test
[2014-12-01 19:48:23:976][com.switek.netseed.server.ui.ServerForm] T1-Starting the server...
[2014-12-01 19:48:23:978][com.switek.netseed.server.ui.ServerForm] T1-Socket IO Processor: 64
[2014-12-01 19:48:23:979][com.switek.netseed.server.ui.ServerForm] T1-Socket IO Pool: 64
[2014-12-01 19:48:23:983][com.switek.netseed.server.ui.ServerForm] T10-Loading standard IR code list from database...
[2014-12-01 19:48:23:998][org.logicalcobwebs.proxool.configuration.JAXPConfigurator] Configuring from reader: java.io.InputStreamReader@3cd5cdab
[2014-12-01 19:48:24:000][org.logicalcobwebs.proxool.configuration.JAXPConfigurator] SAXParserFactory class: com.sun.org.apache.xerces.internal.jaxp.SAXParserFactoryImpl
[2014-12-01 19:48:24:011][org.logicalcobwebs.proxool.configuration.JAXPConfigurator] sax parser classcom.sun.org.apache.xerces.internal.jaxp.SAXParserImpl
[2014-12-01 19:48:24:011][org.logicalcobwebs.proxool.configuration.JAXPConfigurator] XML reader class: com.sun.org.apache.xerces.internal.jaxp.SAXParserImpl$JAXPSAXParser
[2014-12-01 19:48:24:012][org.logicalcobwebs.proxool.configuration.JAXPConfigurator] Setting sax feature: 'http://xml.org/sax/features/namespaces'. State: true.
[2014-12-01 19:48:24:013][org.logicalcobwebs.proxool.configuration.JAXPConfigurator] Setting sax feature: 'http://xml.org/sax/features/namespace-prefixes'. State: false.
[2014-12-01 19:48:24:017][org.logicalcobwebs.proxool.configuration.XMLConfigurator] Adding driver property: user=cziotappuser
[2014-12-01 19:48:24:017][org.logicalcobwebs.proxool.configuration.XMLConfigurator] Adding driver property: password=*******
[2014-12-01 19:48:24:018][org.logicalcobwebs.proxool.configuration.XMLConfigurator] Setting property 'proxool.simultaneous-build-throttle' to value '10'.
[2014-12-01 19:48:24:018][org.logicalcobwebs.proxool.configuration.XMLConfigurator] Setting property 'proxool.maximum-connection-count' to value '5'.
[2014-12-01 19:48:24:019][org.logicalcobwebs.proxool.configuration.XMLConfigurator] Setting property 'proxool.minimum-connection-count' to value '2'.
[2014-12-01 19:48:24:019][org.logicalcobwebs.proxool.configuration.XMLConfigurator] Setting property 'proxool.house-keeping-sleep-time' to value '120000'.
[2014-12-01 19:48:24:019][org.logicalcobwebs.proxool.configuration.XMLConfigurator] Setting property 'proxool.prototype-count' to value '2'.
[2014-12-01 19:48:24:020][org.logicalcobwebs.proxool.configuration.XMLConfigurator] Setting property 'proxool.test-before-use' to value 'true'.
[2014-12-01 19:48:24:020][org.logicalcobwebs.proxool.configuration.XMLConfigurator] Setting property 'proxool.house-keeping-test-sql' to value 'select 1'.
[2014-12-01 19:48:24:020][org.logicalcobwebs.proxool.configuration.XMLConfigurator] Created url: proxool.DBPool:com.mysql.jdbc.Driver:jdbc:mysql://localhost:13306/cziot
[2014-12-01 19:48:24:025][org.logicalcobwebs.proxool.ProxoolFacade] Proxool 0.9.1 (23-Aug-2008 11:10)
[2014-12-01 19:48:24:036][org.logicalcobwebs.proxool.ConnectionPoolDefinition] Recognised proxool property: proxool.driver=com.mysql.jdbc.Driver
[2014-12-01 19:48:24:036][org.logicalcobwebs.proxool.ConnectionPoolDefinition] Recognised proxool property: proxool.url=jdbc:mysql://localhost:13306/cziot
[2014-12-01 19:48:24:037][org.logicalcobwebs.proxool.ConnectionPoolDefinition] Recognised proxool property: proxool.minimum-connection-count=2
[2014-12-01 19:48:24:038][org.logicalcobwebs.proxool.ConnectionPoolDefinition] Recognised proxool property: proxool.test-before-use=true
[2014-12-01 19:48:24:039][org.logicalcobwebs.proxool.ConnectionPoolDefinition] Delegating property to driver: user=cziotappuser
[2014-12-01 19:48:24:039][org.logicalcobwebs.proxool.ConnectionPoolDefinition] Recognised proxool property: proxool.house-keeping-sleep-time=120000
[2014-12-01 19:48:24:040][org.logicalcobwebs.proxool.ConnectionPoolDefinition] Recognised proxool property: proxool.prototype-count=2
[2014-12-01 19:48:24:040][org.logicalcobwebs.proxool.ConnectionPoolDefinition] Delegating property to driver: password=********
[2014-12-01 19:48:24:041][org.logicalcobwebs.proxool.ConnectionPoolDefinition] Recognised proxool property: proxool.maximum-connection-count=5
[2014-12-01 19:48:24:041][org.logicalcobwebs.proxool.ConnectionPoolDefinition] Recognised proxool property: proxool.house-keeping-test-sql=select 1
[2014-12-01 19:48:24:053][org.logicalcobwebs.proxool.ShutdownHook] Registered shutdownHook
[2014-12-01 19:48:24:055][org.logicalcobwebs.proxool.HouseKeeperController] Registering 'DBPool' house keeper
[2014-12-01 19:48:24:057][org.logicalcobwebs.proxool.HouseKeeperController] Starting a house keeper thread
[2014-12-01 19:48:24:227][org.logicalcobwebs.proxool.ConnectionResetter] Remembering default value: getTransactionIsolation() = 4
[2014-12-01 19:48:24:228][org.logicalcobwebs.proxool.ConnectionResetter] Remembering default value: getHoldability() = 2
[2014-12-01 19:48:24:228][org.logicalcobwebs.proxool.ConnectionResetter] Remembering default value: getCatalog() = cziot
[2014-12-01 19:48:24:229][org.logicalcobwebs.proxool.ConnectionResetter] Remembering default value: isReadOnly() = false
[2014-12-01 19:48:24:230][org.logicalcobwebs.proxool.ConnectionResetter] Remembering default value: getTypeMap() = {}
[2014-12-01 19:48:24:230][org.logicalcobwebs.proxool.ConnectionPool] Proxool statistics legend: "s - r  (a/t/o)" > s=served, r=refused (only shown if non-zero), a=active, t=total, o=offline (being tested)
[2014-12-01 19:48:24:230][org.logicalcobwebs.proxool.ConnectionPool] Proxool statistics legend: "s - r  (a/t/o)" > s=served, r=refused (only shown if non-zero), a=active, t=total, o=offline (being tested)
[2014-12-01 19:48:24:231][org.logicalcobwebs.proxool.Prototyper] 000000 (01/02/00) - Connection #2 created on demand = ACTIVE
[2014-12-01 19:48:24:231][org.logicalcobwebs.proxool.Prototyper] 000000 (01/02/00) - Connection #1 created to achieve minimum of 2 = AVAILABLE
[2014-12-01 19:48:24:233][org.logicalcobwebs.proxool.ConnectionPool] 000000 (01/02/00) - Connection #2 tested: OK
[2014-12-01 19:48:24:249][org.logicalcobwebs.proxool.Prototyper] 000001 (01/03/00) - Connection #3 created to keep 2 available = AVAILABLE
[2014-12-01 19:48:24:281][org.logicalcobwebs.proxool.ProxyFactory] Implementing interface com.mysql.jdbc.Connection
[2014-12-01 19:48:24:282][org.logicalcobwebs.proxool.ProxyFactory] Implementing interface java.sql.Wrapper
[2014-12-01 19:48:24:282][org.logicalcobwebs.proxool.ProxyFactory] Implementing interface com.mysql.jdbc.ConnectionProperties
[2014-12-01 19:48:24:282][org.logicalcobwebs.proxool.ProxyFactory] Implementing interface com.mysql.jdbc.MySQLConnection
[2014-12-01 19:48:24:282][org.logicalcobwebs.proxool.ProxyFactory] Implementing interface java.io.Serializable
[2014-12-01 19:48:24:283][org.logicalcobwebs.proxool.ProxyFactory] Implementing interface java.sql.Connection
[2014-12-01 19:48:24:283][org.logicalcobwebs.proxool.ProxyFactory] Implementing interface java.lang.AutoCloseable
[2014-12-01 19:48:24:756][org.logicalcobwebs.proxool.ProxyFactory] Implementing interface java.sql.Statement
[2014-12-01 19:48:24:756][org.logicalcobwebs.proxool.ProxyFactory] Implementing interface java.sql.Wrapper
[2014-12-01 19:48:24:757][org.logicalcobwebs.proxool.ProxyFactory] Implementing interface com.mysql.jdbc.Statement
[2014-12-01 19:48:24:757][org.logicalcobwebs.proxool.ProxyFactory] Implementing interface java.lang.AutoCloseable
[2014-12-01 19:48:24:872][com.switek.netseed.server.ui.ServerForm] T10-Loading device type def from database...
[2014-12-01 19:48:24:874][com.switek.netseed.server.ui.ServerForm] T10-Done.
[2014-12-01 19:48:24:874][com.switek.netseed.server.ui.ServerForm] T10-Loading brand info list from database...
[2014-12-01 19:48:24:880][com.switek.netseed.server.ui.ServerForm] T10-Done
[2014-12-01 19:48:24:880][com.switek.netseed.server.ui.ServerForm] T10-Loading releationship of type and brand from database...
[2014-12-01 19:48:24:883][com.switek.netseed.server.ui.ServerForm] T10-Done
[2014-12-01 19:48:24:884][com.switek.netseed.server.ui.ServerForm] T10-Loading controller list from database...
[2014-12-01 19:48:24:954][com.switek.netseed.server.ui.ServerForm] T10-There are 1450 controller(s)
[2014-12-01 19:48:24:954][com.switek.netseed.server.ui.ServerForm] T10-Loading subcontroller list from database...
[2014-12-01 19:48:24:998][com.switek.netseed.server.ui.ServerForm] T10-There are 1570 subcontroler(s).
[2014-12-01 19:48:24:998][com.switek.netseed.server.ui.ServerForm] T10-Loading device list from database...
[2014-12-01 19:48:25:052][com.switek.netseed.server.ui.ServerForm] T10-There are 1785 device(s).
[2014-12-01 19:48:25:053][com.switek.netseed.server.ui.ServerForm] T10-Loading learned IR code from database...
[2014-12-01 19:48:25:216][com.switek.netseed.server.ui.ServerForm] T10-Learned IR code are loaded!
[2014-12-01 19:48:25:217][com.switek.netseed.server.ui.ServerForm] T10-Loading app list from database...
[2014-12-01 19:48:25:218][com.switek.netseed.server.ui.ServerForm] T10-Loading timers...
[2014-12-01 19:48:25:219][com.switek.netseed.server.ui.ServerForm] T10-There are 0 timer(s)
[2014-12-01 19:48:25:219][com.switek.netseed.server.ui.ServerForm] T10-Loading timer steps...
[2014-12-01 19:48:25:221][com.switek.netseed.server.ui.ServerForm] T10-Completed to load timers.
[2014-12-01 19:48:25:222][com.switek.netseed.server.ui.ServerForm] T10-Setup schedule job engine.
[2014-12-01 19:48:25:229][com.switek.netseed.server.ui.ServerForm] T10-MaxThread: 100
[2014-12-01 19:48:25:229][com.switek.netseed.server.ui.ServerForm] T10-Starting the Netseed server...
[2014-12-01 19:48:25:362][com.switek.netseed.server.ui.ServerForm] T10-Netseed Server started, on QH-20141126YGNW/192.168.199.166:28899
[2014-12-01 19:49:23:942][com.switek.netseed.server.ui.ServerForm] T1-System run time: 0d 00:01
[2014-12-01 19:49:25:237][com.switek.netseed.server.ui.ServerForm] T14-Starting schedule job engine...
[2014-12-01 19:49:48:598][com.switek.netseed.server.ui.ServerForm] T1-Stoping the server...
[2014-12-01 19:49:48:600][com.switek.netseed.server.ui.ServerForm] T1-Stoped!
[2014-12-01 19:49:48:602][org.logicalcobwebs.proxool.ShutdownHook] Running ShutdownHook
[2014-12-01 19:49:48:603][org.logicalcobwebs.proxool.ConnectionPool] Shutting down 'DBPool' pool immediately [Shutdown Hook]
[2014-12-01 19:49:48:605][org.logicalcobwebs.proxool.ConnectionPool] Waiting until Mon Dec 01 19:49:48 CST 2014 for all connections to become inactive (active count is 1).
[2014-12-01 19:49:48:605][org.logicalcobwebs.proxool.ConnectionPool] Shutdown waited for 2 milliseconds for all the connections to become inactive but the active count is still 1. Shutting down anyway.
[2014-12-01 19:49:48:607][org.logicalcobwebs.proxool.ConnectionPool] 000001 (01/02/00) - #0003 removed because of shutdown.
[2014-12-01 19:49:48:607][org.logicalcobwebs.proxool.ConnectionPool] Connection #3 closed
[2014-12-01 19:49:48:607][org.logicalcobwebs.proxool.ConnectionPool] 000001 (00/01/00) - #0002 removed because of shutdown.
[2014-12-01 19:49:48:607][org.logicalcobwebs.proxool.ConnectionPool] Connection #2 closed
[2014-12-01 19:49:48:609][org.logicalcobwebs.proxool.ConnectionPool] 000001 (00/00/00) - #0001 removed because of shutdown.
[2014-12-01 19:49:48:609][org.logicalcobwebs.proxool.ConnectionPool] Connection #1 closed
[2014-12-01 19:49:48:609][org.logicalcobwebs.proxool.ConnectionPool] 'DBPool' pool has been closed down by Shutdown Hook in 6 milliseconds.
[2014-12-01 19:49:48:609][org.logicalcobwebs.proxool.PrototyperController] Stopping Prototyper thread
[2014-12-01 19:49:48:610][org.logicalcobwebs.proxool.HouseKeeperController] Stopping HouseKeeper thread
[2014-12-01 19:49:58:703][com.switek.netseed.server.ui.ServerForm] test
[2014-12-01 19:49:58:709][com.switek.netseed.server.ui.ServerForm] T1-Starting the server...
[2014-12-01 19:49:58:711][com.switek.netseed.server.ui.ServerForm] T1-Socket IO Processor: 64
[2014-12-01 19:49:58:714][com.switek.netseed.server.ui.ServerForm] T1-Socket IO Pool: 64
[2014-12-01 19:49:58:718][com.switek.netseed.server.ui.ServerForm] T10-Loading standard IR code list from database...
[2014-12-01 19:49:58:732][org.logicalcobwebs.proxool.configuration.JAXPConfigurator] Configuring from reader: java.io.InputStreamReader@78b1b4c0
[2014-12-01 19:49:58:734][org.logicalcobwebs.proxool.configuration.JAXPConfigurator] SAXParserFactory class: com.sun.org.apache.xerces.internal.jaxp.SAXParserFactoryImpl
[2014-12-01 19:49:58:745][org.logicalcobwebs.proxool.configuration.JAXPConfigurator] sax parser classcom.sun.org.apache.xerces.internal.jaxp.SAXParserImpl
[2014-12-01 19:49:58:745][org.logicalcobwebs.proxool.configuration.JAXPConfigurator] XML reader class: com.sun.org.apache.xerces.internal.jaxp.SAXParserImpl$JAXPSAXParser
[2014-12-01 19:49:58:746][org.logicalcobwebs.proxool.configuration.JAXPConfigurator] Setting sax feature: 'http://xml.org/sax/features/namespaces'. State: true.
[2014-12-01 19:49:58:747][org.logicalcobwebs.proxool.configuration.JAXPConfigurator] Setting sax feature: 'http://xml.org/sax/features/namespace-prefixes'. State: false.
[2014-12-01 19:49:58:753][org.logicalcobwebs.proxool.configuration.XMLConfigurator] Adding driver property: user=cziotappuser
[2014-12-01 19:49:58:753][org.logicalcobwebs.proxool.configuration.XMLConfigurator] Adding driver property: password=*******
[2014-12-01 19:49:58:754][org.logicalcobwebs.proxool.configuration.XMLConfigurator] Setting property 'proxool.simultaneous-build-throttle' to value '10'.
[2014-12-01 19:49:58:754][org.logicalcobwebs.proxool.configuration.XMLConfigurator] Setting property 'proxool.maximum-connection-count' to value '5'.
[2014-12-01 19:49:58:754][org.logicalcobwebs.proxool.configuration.XMLConfigurator] Setting property 'proxool.minimum-connection-count' to value '2'.
[2014-12-01 19:49:58:755][org.logicalcobwebs.proxool.configuration.XMLConfigurator] Setting property 'proxool.house-keeping-sleep-time' to value '120000'.
[2014-12-01 19:49:58:755][org.logicalcobwebs.proxool.configuration.XMLConfigurator] Setting property 'proxool.prototype-count' to value '2'.
[2014-12-01 19:49:58:755][org.logicalcobwebs.proxool.configuration.XMLConfigurator] Setting property 'proxool.test-before-use' to value 'true'.
[2014-12-01 19:49:58:756][org.logicalcobwebs.proxool.configuration.XMLConfigurator] Setting property 'proxool.house-keeping-test-sql' to value 'select 1'.
[2014-12-01 19:49:58:756][org.logicalcobwebs.proxool.configuration.XMLConfigurator] Created url: proxool.DBPool:com.mysql.jdbc.Driver:jdbc:mysql://localhost:13306/cziot
[2014-12-01 19:49:58:761][org.logicalcobwebs.proxool.ProxoolFacade] Proxool 0.9.1 (23-Aug-2008 11:10)
[2014-12-01 19:49:58:771][org.logicalcobwebs.proxool.ConnectionPoolDefinition] Recognised proxool property: proxool.driver=com.mysql.jdbc.Driver
[2014-12-01 19:49:58:771][org.logicalcobwebs.proxool.ConnectionPoolDefinition] Recognised proxool property: proxool.url=jdbc:mysql://localhost:13306/cziot
[2014-12-01 19:49:58:772][org.logicalcobwebs.proxool.ConnectionPoolDefinition] Recognised proxool property: proxool.minimum-connection-count=2
[2014-12-01 19:49:58:772][org.logicalcobwebs.proxool.ConnectionPoolDefinition] Recognised proxool property: proxool.test-before-use=true
[2014-12-01 19:49:58:773][org.logicalcobwebs.proxool.ConnectionPoolDefinition] Delegating property to driver: user=cziotappuser
[2014-12-01 19:49:58:773][org.logicalcobwebs.proxool.ConnectionPoolDefinition] Recognised proxool property: proxool.house-keeping-sleep-time=120000
[2014-12-01 19:49:58:774][org.logicalcobwebs.proxool.ConnectionPoolDefinition] Recognised proxool property: proxool.prototype-count=2
[2014-12-01 19:49:58:774][org.logicalcobwebs.proxool.ConnectionPoolDefinition] Delegating property to driver: password=********
[2014-12-01 19:49:58:775][org.logicalcobwebs.proxool.ConnectionPoolDefinition] Recognised proxool property: proxool.maximum-connection-count=5
[2014-12-01 19:49:58:775][org.logicalcobwebs.proxool.ConnectionPoolDefinition] Recognised proxool property: proxool.house-keeping-test-sql=select 1
[2014-12-01 19:49:58:788][org.logicalcobwebs.proxool.ShutdownHook] Registered shutdownHook
[2014-12-01 19:49:58:792][org.logicalcobwebs.proxool.HouseKeeperController] Registering 'DBPool' house keeper
[2014-12-01 19:49:58:794][org.logicalcobwebs.proxool.HouseKeeperController] Starting a house keeper thread
[2014-12-01 19:49:58:971][org.logicalcobwebs.proxool.ConnectionResetter] Remembering default value: getTransactionIsolation() = 4
[2014-12-01 19:49:58:971][org.logicalcobwebs.proxool.ConnectionResetter] Remembering default value: getHoldability() = 2
[2014-12-01 19:49:58:972][org.logicalcobwebs.proxool.ConnectionResetter] Remembering default value: getCatalog() = cziot
[2014-12-01 19:49:58:972][org.logicalcobwebs.proxool.ConnectionResetter] Remembering default value: isReadOnly() = false
[2014-12-01 19:49:58:973][org.logicalcobwebs.proxool.ConnectionResetter] Remembering default value: getTypeMap() = {}
[2014-12-01 19:49:58:973][org.logicalcobwebs.proxool.ConnectionPool] Proxool statistics legend: "s - r  (a/t/o)" > s=served, r=refused (only shown if non-zero), a=active, t=total, o=offline (being tested)
[2014-12-01 19:49:58:973][org.logicalcobwebs.proxool.ConnectionPool] Proxool statistics legend: "s - r  (a/t/o)" > s=served, r=refused (only shown if non-zero), a=active, t=total, o=offline (being tested)
[2014-12-01 19:49:58:974][org.logicalcobwebs.proxool.Prototyper] 000000 (01/02/00) - Connection #1 created to achieve minimum of 2 = AVAILABLE
[2014-12-01 19:49:58:974][org.logicalcobwebs.proxool.Prototyper] 000000 (01/02/00) - Connection #2 created on demand = ACTIVE
[2014-12-01 19:49:58:975][org.logicalcobwebs.proxool.ConnectionPool] 000000 (01/02/00) - Connection #2 tested: OK
[2014-12-01 19:49:58:990][org.logicalcobwebs.proxool.Prototyper] 000001 (01/03/00) - Connection #3 created to keep 2 available = AVAILABLE
[2014-12-01 19:49:59:025][org.logicalcobwebs.proxool.ProxyFactory] Implementing interface com.mysql.jdbc.ConnectionProperties
[2014-12-01 19:49:59:025][org.logicalcobwebs.proxool.ProxyFactory] Implementing interface java.sql.Connection
[2014-12-01 19:49:59:026][org.logicalcobwebs.proxool.ProxyFactory] Implementing interface com.mysql.jdbc.Connection
[2014-12-01 19:49:59:026][org.logicalcobwebs.proxool.ProxyFactory] Implementing interface java.lang.AutoCloseable
[2014-12-01 19:49:59:027][org.logicalcobwebs.proxool.ProxyFactory] Implementing interface com.mysql.jdbc.MySQLConnection
[2014-12-01 19:49:59:027][org.logicalcobwebs.proxool.ProxyFactory] Implementing interface java.io.Serializable
[2014-12-01 19:49:59:027][org.logicalcobwebs.proxool.ProxyFactory] Implementing interface java.sql.Wrapper
[2014-12-01 19:49:59:514][org.logicalcobwebs.proxool.ProxyFactory] Implementing interface java.sql.Statement
[2014-12-01 19:49:59:514][org.logicalcobwebs.proxool.ProxyFactory] Implementing interface java.lang.AutoCloseable
[2014-12-01 19:49:59:515][org.logicalcobwebs.proxool.ProxyFactory] Implementing interface com.mysql.jdbc.Statement
[2014-12-01 19:49:59:515][org.logicalcobwebs.proxool.ProxyFactory] Implementing interface java.sql.Wrapper
[2014-12-01 19:49:59:617][com.switek.netseed.server.ui.ServerForm] T10-Loading device type def from database...
[2014-12-01 19:49:59:620][com.switek.netseed.server.ui.ServerForm] T10-Done.
[2014-12-01 19:49:59:620][com.switek.netseed.server.ui.ServerForm] T10-Loading brand info list from database...
[2014-12-01 19:49:59:626][com.switek.netseed.server.ui.ServerForm] T10-Done
[2014-12-01 19:49:59:626][com.switek.netseed.server.ui.ServerForm] T10-Loading releationship of type and brand from database...
[2014-12-01 19:49:59:629][com.switek.netseed.server.ui.ServerForm] T10-Done
[2014-12-01 19:49:59:630][com.switek.netseed.server.ui.ServerForm] T10-Loading controller list from database...
[2014-12-01 19:49:59:705][com.switek.netseed.server.ui.ServerForm] T10-There are 1450 controller(s)
[2014-12-01 19:49:59:706][com.switek.netseed.server.ui.ServerForm] T10-Loading subcontroller list from database...
[2014-12-01 19:49:59:745][com.switek.netseed.server.ui.ServerForm] T10-There are 1570 subcontroler(s).
[2014-12-01 19:49:59:745][com.switek.netseed.server.ui.ServerForm] T10-Loading device list from database...
[2014-12-01 19:49:59:797][com.switek.netseed.server.ui.ServerForm] T10-There are 1785 device(s).
[2014-12-01 19:49:59:798][com.switek.netseed.server.ui.ServerForm] T10-Loading learned IR code from database...
[2014-12-01 19:49:59:956][com.switek.netseed.server.ui.ServerForm] T10-Learned IR code are loaded!
[2014-12-01 19:49:59:957][com.switek.netseed.server.ui.ServerForm] T10-Loading app list from database...
[2014-12-01 19:49:59:958][com.switek.netseed.server.ui.ServerForm] T10-Loading timers...
[2014-12-01 19:49:59:959][com.switek.netseed.server.ui.ServerForm] T10-There are 0 timer(s)
[2014-12-01 19:49:59:959][com.switek.netseed.server.ui.ServerForm] T10-Loading timer steps...
[2014-12-01 19:49:59:960][com.switek.netseed.server.ui.ServerForm] T10-Completed to load timers.
[2014-12-01 19:49:59:961][com.switek.netseed.server.ui.ServerForm] T10-Setup schedule job engine.
[2014-12-01 19:49:59:970][com.switek.netseed.server.ui.ServerForm] T10-MaxThread: 100
[2014-12-01 19:49:59:971][com.switek.netseed.server.ui.ServerForm] T10-Starting the Netseed server...
[2014-12-01 19:50:00:108][com.switek.netseed.server.ui.ServerForm] T10-Netseed Server started, on QH-20141126YGNW/192.168.100.10:28899
[2014-12-01 19:50:58:675][com.switek.netseed.server.ui.ServerForm] T1-System run time: 0d 00:01
[2014-12-01 19:50:59:970][com.switek.netseed.server.ui.ServerForm] T14-Starting schedule job engine...
[2014-12-01 19:51:29:984][com.switek.netseed.server.ui.ServerForm] T14-Starting schedule job engine...
[2014-12-01 19:51:58:688][com.switek.netseed.server.ui.ServerForm] T1-System run time: 0d 00:02
[2014-12-01 19:51:59:999][com.switek.netseed.server.ui.ServerForm] T14-Starting schedule job engine...
[2014-12-01 19:52:30:013][com.switek.netseed.server.ui.ServerForm] T14-Starting schedule job engine...
[2014-12-01 19:52:58:702][com.switek.netseed.server.ui.ServerForm] T1-System run time: 0d 00:03
[2014-12-01 19:53:00:028][com.switek.netseed.server.ui.ServerForm] T14-Starting schedule job engine...
[2014-12-01 19:53:30:035][com.switek.netseed.server.ui.ServerForm] T14-Starting schedule job engine...
[2014-12-01 19:53:58:708][com.switek.netseed.server.ui.ServerForm] T1-System run time: 0d 00:04
[2014-12-01 19:54:00:050][com.switek.netseed.server.ui.ServerForm] T14-Starting schedule job engine...
[2014-12-01 19:54:30:064][com.switek.netseed.server.ui.ServerForm] T14-Starting schedule job engine...
[2014-12-01 19:54:58:721][com.switek.netseed.server.ui.ServerForm] T1-System run time: 0d 00:05
[2014-12-01 19:55:00:079][com.switek.netseed.server.ui.ServerForm] T14-Starting schedule job engine...
[2014-12-01 19:55:30:093][com.switek.netseed.server.ui.ServerForm] T14-Starting schedule job engine...
[2014-12-01 19:55:58:735][com.switek.netseed.server.ui.ServerForm] T1-System run time: 0d 00:06
[2014-12-01 19:55:59:281][org.logicalcobwebs.proxool.ConnectionPool] 000001 (00/02/00) - #0002 removed because it has been active for too long.
[2014-12-01 19:55:59:281][org.logicalcobwebs.proxool.HouseKeeper] #0002 was active for 360311 milliseconds and has been removed automaticaly. The Thread responsible was named 'Thread-1', but the last SQL it performed is unknown because the trace property is not enabled.
[2014-12-01 19:56:00:107][com.switek.netseed.server.ui.ServerForm] T14-Starting schedule job engine...
[2014-12-01 19:56:30:122][com.switek.netseed.server.ui.ServerForm] T14-Starting schedule job engine...
[2014-12-01 19:56:58:735][com.switek.netseed.server.ui.ServerForm] T1-System run time: 0d 00:07
[2014-12-01 19:57:00:122][com.switek.netseed.server.ui.ServerForm] T14-Starting schedule job engine...
[2014-12-01 19:57:30:137][com.switek.netseed.server.ui.ServerForm] T14-Starting schedule job engine...
[2014-12-01 19:57:58:747][com.switek.netseed.server.ui.ServerForm] T1-System run time: 0d 00:08
[2014-12-01 19:58:00:151][com.switek.netseed.server.ui.ServerForm] T14-Starting schedule job engine...
[2014-12-01 19:58:30:166][com.switek.netseed.server.ui.ServerForm] T14-Starting schedule job engine...
[2014-12-01 19:58:58:760][com.switek.netseed.server.ui.ServerForm] T1-System run time: 0d 00:09
[2014-12-01 19:59:00:180][com.switek.netseed.server.ui.ServerForm] T14-Starting schedule job engine...
[2014-12-01 19:59:30:194][com.switek.netseed.server.ui.ServerForm] T14-Starting schedule job engine...
[2014-12-01 19:59:58:774][com.switek.netseed.server.ui.ServerForm] T1-System run time: 0d 00:10
