[2014-12-01 14:48:04:980][com.switek.netseed.server.ui.ServerForm] test
[2014-12-01 14:48:04:996][com.switek.netseed.server.ui.ServerForm] T1-Starting the server...
[2014-12-01 14:48:04:996][com.switek.netseed.server.ui.ServerForm] T1-Socket IO Processor: 64
[2014-12-01 14:48:04:996][com.switek.netseed.server.ui.ServerForm] T1-Socket IO Pool: 64
[2014-12-01 14:48:05:011][com.switek.netseed.server.ui.ServerForm] T10-Loading standard IR code list from database...
[2014-12-01 14:48:05:027][org.logicalcobwebs.proxool.configuration.JAXPConfigurator] Configuring from reader: java.io.InputStreamReader@7fe5a19e
[2014-12-01 14:48:05:027][org.logicalcobwebs.proxool.configuration.JAXPConfigurator] SAXParserFactory class: com.sun.org.apache.xerces.internal.jaxp.SAXParserFactoryImpl
[2014-12-01 14:48:05:027][org.logicalcobwebs.proxool.configuration.JAXPConfigurator] sax parser classcom.sun.org.apache.xerces.internal.jaxp.SAXParserImpl
[2014-12-01 14:48:05:027][org.logicalcobwebs.proxool.configuration.JAXPConfigurator] XML reader class: com.sun.org.apache.xerces.internal.jaxp.SAXParserImpl$JAXPSAXParser
[2014-12-01 14:48:05:042][org.logicalcobwebs.proxool.configuration.JAXPConfigurator] Setting sax feature: 'http://xml.org/sax/features/namespaces'. State: true.
[2014-12-01 14:48:05:042][org.logicalcobwebs.proxool.configuration.JAXPConfigurator] Setting sax feature: 'http://xml.org/sax/features/namespace-prefixes'. State: false.
[2014-12-01 14:48:05:042][org.logicalcobwebs.proxool.configuration.XMLConfigurator] Adding driver property: user=cziotappuser
[2014-12-01 14:48:05:042][org.logicalcobwebs.proxool.configuration.XMLConfigurator] Adding driver property: password=*******
[2014-12-01 14:48:05:042][org.logicalcobwebs.proxool.configuration.XMLConfigurator] Setting property 'proxool.simultaneous-build-throttle' to value '10'.
[2014-12-01 14:48:05:042][org.logicalcobwebs.proxool.configuration.XMLConfigurator] Setting property 'proxool.maximum-connection-count' to value '5'.
[2014-12-01 14:48:05:042][org.logicalcobwebs.proxool.configuration.XMLConfigurator] Setting property 'proxool.minimum-connection-count' to value '2'.
[2014-12-01 14:48:05:042][org.logicalcobwebs.proxool.configuration.XMLConfigurator] Setting property 'proxool.house-keeping-sleep-time' to value '120000'.
[2014-12-01 14:48:05:042][org.logicalcobwebs.proxool.configuration.XMLConfigurator] Setting property 'proxool.prototype-count' to value '2'.
[2014-12-01 14:48:05:042][org.logicalcobwebs.proxool.configuration.XMLConfigurator] Setting property 'proxool.test-before-use' to value 'true'.
[2014-12-01 14:48:05:042][org.logicalcobwebs.proxool.configuration.XMLConfigurator] Setting property 'proxool.house-keeping-test-sql' to value 'select 1'.
[2014-12-01 14:48:05:042][org.logicalcobwebs.proxool.configuration.XMLConfigurator] Created url: proxool.DBPool:com.mysql.jdbc.Driver:jdbc:mysql://localhost:13306/cziot
[2014-12-01 14:48:05:042][org.logicalcobwebs.proxool.ProxoolFacade] Proxool 0.9.1 (23-Aug-2008 11:10)
[2014-12-01 14:48:05:058][org.logicalcobwebs.proxool.ConnectionPoolDefinition] Recognised proxool property: proxool.driver=com.mysql.jdbc.Driver
[2014-12-01 14:48:05:058][org.logicalcobwebs.proxool.ConnectionPoolDefinition] Recognised proxool property: proxool.url=jdbc:mysql://localhost:13306/cziot
[2014-12-01 14:48:05:058][org.logicalcobwebs.proxool.ConnectionPoolDefinition] Recognised proxool property: proxool.minimum-connection-count=2
[2014-12-01 14:48:05:058][org.logicalcobwebs.proxool.ConnectionPoolDefinition] Recognised proxool property: proxool.test-before-use=true
[2014-12-01 14:48:05:058][org.logicalcobwebs.proxool.ConnectionPoolDefinition] Delegating property to driver: user=cziotappuser
[2014-12-01 14:48:05:058][org.logicalcobwebs.proxool.ConnectionPoolDefinition] Recognised proxool property: proxool.house-keeping-sleep-time=120000
[2014-12-01 14:48:05:058][org.logicalcobwebs.proxool.ConnectionPoolDefinition] Recognised proxool property: proxool.prototype-count=2
[2014-12-01 14:48:05:058][org.logicalcobwebs.proxool.ConnectionPoolDefinition] Delegating property to driver: password=********
[2014-12-01 14:48:05:058][org.logicalcobwebs.proxool.ConnectionPoolDefinition] Recognised proxool property: proxool.maximum-connection-count=5
[2014-12-01 14:48:05:058][org.logicalcobwebs.proxool.ConnectionPoolDefinition] Recognised proxool property: proxool.house-keeping-test-sql=select 1
[2014-12-01 14:48:05:074][org.logicalcobwebs.proxool.ShutdownHook] Registered shutdownHook
[2014-12-01 14:48:05:074][org.logicalcobwebs.proxool.HouseKeeperController] Registering 'DBPool' house keeper
[2014-12-01 14:48:05:074][org.logicalcobwebs.proxool.HouseKeeperController] Starting a house keeper thread
[2014-12-01 14:48:05:245][org.logicalcobwebs.proxool.ConnectionResetter] Remembering default value: getTransactionIsolation() = 4
[2014-12-01 14:48:05:245][org.logicalcobwebs.proxool.ConnectionResetter] Remembering default value: getHoldability() = 2
[2014-12-01 14:48:05:245][org.logicalcobwebs.proxool.ConnectionResetter] Remembering default value: getCatalog() = cziot
[2014-12-01 14:48:05:245][org.logicalcobwebs.proxool.ConnectionResetter] Remembering default value: isReadOnly() = false
[2014-12-01 14:48:05:245][org.logicalcobwebs.proxool.ConnectionResetter] Remembering default value: getTypeMap() = {}
[2014-12-01 14:48:05:245][org.logicalcobwebs.proxool.ConnectionPool] Proxool statistics legend: "s - r  (a/t/o)" > s=served, r=refused (only shown if non-zero), a=active, t=total, o=offline (being tested)
[2014-12-01 14:48:05:245][org.logicalcobwebs.proxool.ConnectionPool] Proxool statistics legend: "s - r  (a/t/o)" > s=served, r=refused (only shown if non-zero), a=active, t=total, o=offline (being tested)
[2014-12-01 14:48:05:245][org.logicalcobwebs.proxool.Prototyper] 000000 (01/02/00) - Connection #2 created on demand = ACTIVE
[2014-12-01 14:48:05:245][org.logicalcobwebs.proxool.Prototyper] 000000 (01/02/00) - Connection #1 created to achieve minimum of 2 = AVAILABLE
[2014-12-01 14:48:05:245][org.logicalcobwebs.proxool.ConnectionPool] 000000 (01/02/00) - Connection #2 tested: OK
[2014-12-01 14:48:05:261][org.logicalcobwebs.proxool.Prototyper] 000001 (01/03/00) - Connection #3 created to keep 2 available = AVAILABLE
[2014-12-01 14:48:05:292][org.logicalcobwebs.proxool.ProxyFactory] Implementing interface com.mysql.jdbc.MySQLConnection
[2014-12-01 14:48:05:292][org.logicalcobwebs.proxool.ProxyFactory] Implementing interface java.lang.AutoCloseable
[2014-12-01 14:48:05:292][org.logicalcobwebs.proxool.ProxyFactory] Implementing interface com.mysql.jdbc.Connection
[2014-12-01 14:48:05:292][org.logicalcobwebs.proxool.ProxyFactory] Implementing interface com.mysql.jdbc.ConnectionProperties
[2014-12-01 14:48:05:292][org.logicalcobwebs.proxool.ProxyFactory] Implementing interface java.sql.Connection
[2014-12-01 14:48:05:308][org.logicalcobwebs.proxool.ProxyFactory] Implementing interface java.sql.Wrapper
[2014-12-01 14:48:05:308][org.logicalcobwebs.proxool.ProxyFactory] Implementing interface java.io.Serializable
[2014-12-01 14:48:05:729][org.logicalcobwebs.proxool.ProxyFactory] Implementing interface java.lang.AutoCloseable
[2014-12-01 14:48:05:729][org.logicalcobwebs.proxool.ProxyFactory] Implementing interface java.sql.Wrapper
[2014-12-01 14:48:05:729][org.logicalcobwebs.proxool.ProxyFactory] Implementing interface com.mysql.jdbc.Statement
[2014-12-01 14:48:05:729][org.logicalcobwebs.proxool.ProxyFactory] Implementing interface java.sql.Statement
[2014-12-01 14:48:05:885][com.switek.netseed.server.ui.ServerForm] T10-Loading device type def from database...
[2014-12-01 14:48:05:885][com.switek.netseed.server.ui.ServerForm] T10-Done.
[2014-12-01 14:48:05:885][com.switek.netseed.server.ui.ServerForm] T10-Loading brand info list from database...
[2014-12-01 14:48:05:900][com.switek.netseed.server.ui.ServerForm] T10-Done
[2014-12-01 14:48:05:900][com.switek.netseed.server.ui.ServerForm] T10-Loading releationship of type and brand from database...
[2014-12-01 14:48:05:900][com.switek.netseed.server.ui.ServerForm] T10-Done
[2014-12-01 14:48:05:900][com.switek.netseed.server.ui.ServerForm] T10-Loading controller list from database...
[2014-12-01 14:48:05:978][com.switek.netseed.server.ui.ServerForm] T10-There are 1450 controller(s)
[2014-12-01 14:48:05:978][com.switek.netseed.server.ui.ServerForm] T10-Loading subcontroller list from database...
[2014-12-01 14:48:06:010][com.switek.netseed.server.ui.ServerForm] T10-There are 1570 subcontroler(s).
[2014-12-01 14:48:06:010][com.switek.netseed.server.ui.ServerForm] T10-Loading device list from database...
[2014-12-01 14:48:06:072][com.switek.netseed.server.ui.ServerForm] T10-There are 1785 device(s).
[2014-12-01 14:48:06:072][com.switek.netseed.server.ui.ServerForm] T10-Loading learned IR code from database...
[2014-12-01 14:48:06:212][com.switek.netseed.server.ui.ServerForm] T10-Learned IR code are loaded!
[2014-12-01 14:48:06:212][com.switek.netseed.server.ui.ServerForm] T10-Loading app list from database...
[2014-12-01 14:48:06:212][com.switek.netseed.server.ui.ServerForm] T10-Loading timers...
[2014-12-01 14:48:06:212][com.switek.netseed.server.ui.ServerForm] T10-There are 0 timer(s)
[2014-12-01 14:48:06:212][com.switek.netseed.server.ui.ServerForm] T10-Loading timer steps...
[2014-12-01 14:48:06:212][com.switek.netseed.server.ui.ServerForm] T10-Completed to load timers.
[2014-12-01 14:48:06:212][com.switek.netseed.server.ui.ServerForm] T10-Setup schedule job engine.
[2014-12-01 14:48:06:212][com.switek.netseed.server.ui.ServerForm] T10-MaxThread: 100
[2014-12-01 14:48:06:212][com.switek.netseed.server.ui.ServerForm] T10-Starting the Netseed server...
[2014-12-01 14:48:06:353][com.switek.netseed.server.ui.ServerForm] T10-Netseed Server started, on QH-20141126YGNW/192.168.100.10:28899
[2014-12-01 14:49:04:964][com.switek.netseed.server.ui.ServerForm] T1-System run time: 0d 00:01
[2014-12-01 14:49:06:228][com.switek.netseed.server.ui.ServerForm] T14-Starting schedule job engine...
[2014-12-01 14:49:36:242][com.switek.netseed.server.ui.ServerForm] T14-Starting schedule job engine...
[2014-12-01 14:50:04:978][com.switek.netseed.server.ui.ServerForm] T1-System run time: 0d 00:02
[2014-12-01 14:50:06:257][com.switek.netseed.server.ui.ServerForm] T14-Starting schedule job engine...
[2014-12-01 14:50:36:271][com.switek.netseed.server.ui.ServerForm] T14-Starting schedule job engine...
[2014-12-01 14:51:04:991][com.switek.netseed.server.ui.ServerForm] T1-System run time: 0d 00:03
[2014-12-01 14:51:06:286][com.switek.netseed.server.ui.ServerForm] T14-Starting schedule job engine...
[2014-12-01 14:51:36:300][com.switek.netseed.server.ui.ServerForm] T14-Starting schedule job engine...
[2014-12-01 14:52:05:004][com.switek.netseed.server.ui.ServerForm] T1-System run time: 0d 00:04
[2014-12-01 14:52:06:315][com.switek.netseed.server.ui.ServerForm] T14-Starting schedule job engine...
[2014-12-01 14:52:36:329][com.switek.netseed.server.ui.ServerForm] T14-Starting schedule job engine...
[2014-12-01 14:53:05:018][com.switek.netseed.server.ui.ServerForm] T1-System run time: 0d 00:05
[2014-12-01 14:53:06:344][com.switek.netseed.server.ui.ServerForm] T14-Starting schedule job engine...
[2014-12-01 14:53:36:358][com.switek.netseed.server.ui.ServerForm] T14-Starting schedule job engine...
[2014-12-01 14:54:05:031][com.switek.netseed.server.ui.ServerForm] T1-System run time: 0d 00:06
[2014-12-01 14:54:05:624][org.logicalcobwebs.proxool.ConnectionPool] 000001 (00/02/00) - #0002 removed because it has been active for too long.
[2014-12-01 14:54:05:624][org.logicalcobwebs.proxool.HouseKeeper] #0002 was active for 360379 milliseconds and has been removed automaticaly. The Thread responsible was named 'Thread-1', but the last SQL it performed is unknown because the trace property is not enabled.
[2014-12-01 14:54:06:372][com.switek.netseed.server.ui.ServerForm] T14-Starting schedule job engine...
[2014-12-01 14:54:36:387][com.switek.netseed.server.ui.ServerForm] T14-Starting schedule job engine...
[2014-12-01 14:55:05:044][com.switek.netseed.server.ui.ServerForm] T1-System run time: 0d 00:07
[2014-12-01 14:55:06:401][com.switek.netseed.server.ui.ServerForm] T14-Starting schedule job engine...
[2014-12-01 14:55:36:416][com.switek.netseed.server.ui.ServerForm] T14-Starting schedule job engine...
[2014-12-01 14:56:05:057][com.switek.netseed.server.ui.ServerForm] T1-System run time: 0d 00:08
[2014-12-01 14:56:06:430][com.switek.netseed.server.ui.ServerForm] T14-Starting schedule job engine...
[2014-12-01 14:56:36:445][com.switek.netseed.server.ui.ServerForm] T14-Starting schedule job engine...
[2014-12-01 14:57:05:071][com.switek.netseed.server.ui.ServerForm] T1-System run time: 0d 00:09
[2014-12-01 14:57:06:459][com.switek.netseed.server.ui.ServerForm] T14-Starting schedule job engine...
[2014-12-01 14:57:36:474][com.switek.netseed.server.ui.ServerForm] T14-Starting schedule job engine...
[2014-12-01 14:58:05:084][com.switek.netseed.server.ui.ServerForm] T1-System run time: 0d 00:10
[2014-12-01 14:58:06:488][com.switek.netseed.server.ui.ServerForm] T14-Starting schedule job engine...
[2014-12-01 14:58:36:503][com.switek.netseed.server.ui.ServerForm] T14-Starting schedule job engine...
[2014-12-01 14:59:05:097][com.switek.netseed.server.ui.ServerForm] T1-System run time: 0d 00:11
[2014-12-01 14:59:06:517][com.switek.netseed.server.ui.ServerForm] T14-Starting schedule job engine...
[2014-12-01 14:59:36:531][com.switek.netseed.server.ui.ServerForm] T14-Starting schedule job engine...
