[2014-12-01 20:00:00:209][com.switek.netseed.server.ui.ServerForm] T14-Starting schedule job engine...
[2014-12-01 20:00:30:223][com.switek.netseed.server.ui.ServerForm] T14-Starting schedule job engine...
[2014-12-01 20:00:58:787][com.switek.netseed.server.ui.ServerForm] T1-System run time: 0d 00:11
[2014-12-01 20:01:00:238][com.switek.netseed.server.ui.ServerForm] T14-Starting schedule job engine...
[2014-12-01 20:01:30:252][com.switek.netseed.server.ui.ServerForm] T14-Starting schedule job engine...
[2014-12-01 20:01:58:800][com.switek.netseed.server.ui.ServerForm] T1-System run time: 0d 00:12
[2014-12-01 20:02:00:267][com.switek.netseed.server.ui.ServerForm] T14-Starting schedule job engine...
[2014-12-01 20:02:30:281][com.switek.netseed.server.ui.ServerForm] T14-Starting schedule job engine...
[2014-12-01 20:02:58:814][com.switek.netseed.server.ui.ServerForm] T1-System run time: 0d 00:13
[2014-12-01 20:03:00:296][com.switek.netseed.server.ui.ServerForm] T14-Starting schedule job engine...
[2014-12-01 20:03:30:310][com.switek.netseed.server.ui.ServerForm] T14-Starting schedule job engine...
[2014-12-01 20:03:58:827][com.switek.netseed.server.ui.ServerForm] T1-System run time: 0d 00:14
[2014-12-01 20:04:00:325][com.switek.netseed.server.ui.ServerForm] T14-Starting schedule job engine...
[2014-12-01 20:04:30:339][com.switek.netseed.server.ui.ServerForm] T14-Starting schedule job engine...
[2014-12-01 20:04:58:840][com.switek.netseed.server.ui.ServerForm] T1-System run time: 0d 00:15
[2014-12-01 20:05:00:354][com.switek.netseed.server.ui.ServerForm] T14-Starting schedule job engine...
[2014-12-01 20:05:30:368][com.switek.netseed.server.ui.ServerForm] T14-Starting schedule job engine...
[2014-12-01 20:05:58:854][com.switek.netseed.server.ui.ServerForm] T1-System run time: 0d 00:16
[2014-12-01 20:06:00:383][com.switek.netseed.server.ui.ServerForm] T14-Starting schedule job engine...
[2014-12-01 20:06:30:397][com.switek.netseed.server.ui.ServerForm] T14-Starting schedule job engine...
[2014-12-01 20:06:58:867][com.switek.netseed.server.ui.ServerForm] T1-System run time: 0d 00:17
[2014-12-01 20:07:00:411][com.switek.netseed.server.ui.ServerForm] T14-Starting schedule job engine...
[2014-12-01 20:07:30:426][com.switek.netseed.server.ui.ServerForm] T14-Starting schedule job engine...
[2014-12-01 20:07:58:880][com.switek.netseed.server.ui.ServerForm] T1-System run time: 0d 00:18
[2014-12-01 20:08:00:440][com.switek.netseed.server.ui.ServerForm] T14-Starting schedule job engine...
[2014-12-01 20:08:15:916][com.switek.netseed.server.ui.ServerForm] T1-Stoping the server...
[2014-12-01 20:08:15:916][com.switek.netseed.server.ui.ServerForm] T1-Stoped!
[2014-12-01 20:08:15:916][org.logicalcobwebs.proxool.ShutdownHook] Running ShutdownHook
[2014-12-01 20:08:15:916][org.logicalcobwebs.proxool.ConnectionPool] Shutting down 'DBPool' pool immediately [Shutdown Hook]
[2014-12-01 20:08:15:916][org.logicalcobwebs.proxool.ConnectionPool] 000001 (00/01/00) - #0003 removed because of shutdown.
[2014-12-01 20:08:15:916][org.logicalcobwebs.proxool.ConnectionPool] Connection #3 closed
[2014-12-01 20:08:15:916][org.logicalcobwebs.proxool.ConnectionPool] 000001 (00/00/00) - #0001 removed because of shutdown.
[2014-12-01 20:08:15:916][org.logicalcobwebs.proxool.ConnectionPool] Connection #1 closed
[2014-12-01 20:08:15:916][org.logicalcobwebs.proxool.ConnectionPool] 'DBPool' pool has been closed down by Shutdown Hook in 0 milliseconds.
[2014-12-01 20:08:15:916][org.logicalcobwebs.proxool.PrototyperController] Stopping Prototyper thread
[2014-12-01 20:08:15:916][org.logicalcobwebs.proxool.HouseKeeperController] Stopping HouseKeeper thread
[2014-12-01 20:08:27:631][com.switek.netseed.server.ui.ServerForm] test
[2014-12-01 20:08:27:647][com.switek.netseed.server.ui.ServerForm] T1-Starting the server...
[2014-12-01 20:08:27:647][com.switek.netseed.server.ui.ServerForm] T1-Socket IO Processor: 64
[2014-12-01 20:08:27:647][com.switek.netseed.server.ui.ServerForm] T1-Socket IO Pool: 64
[2014-12-01 20:08:27:647][com.switek.netseed.server.ui.ServerForm] T10-Loading standard IR code list from database...
[2014-12-01 20:08:27:662][org.logicalcobwebs.proxool.configuration.JAXPConfigurator] Configuring from reader: java.io.InputStreamReader@7fe5a19e
[2014-12-01 20:08:27:662][org.logicalcobwebs.proxool.configuration.JAXPConfigurator] SAXParserFactory class: com.sun.org.apache.xerces.internal.jaxp.SAXParserFactoryImpl
[2014-12-01 20:08:27:678][org.logicalcobwebs.proxool.configuration.JAXPConfigurator] sax parser classcom.sun.org.apache.xerces.internal.jaxp.SAXParserImpl
[2014-12-01 20:08:27:678][org.logicalcobwebs.proxool.configuration.JAXPConfigurator] XML reader class: com.sun.org.apache.xerces.internal.jaxp.SAXParserImpl$JAXPSAXParser
[2014-12-01 20:08:27:678][org.logicalcobwebs.proxool.configuration.JAXPConfigurator] Setting sax feature: 'http://xml.org/sax/features/namespaces'. State: true.
[2014-12-01 20:08:27:678][org.logicalcobwebs.proxool.configuration.JAXPConfigurator] Setting sax feature: 'http://xml.org/sax/features/namespace-prefixes'. State: false.
[2014-12-01 20:08:27:678][org.logicalcobwebs.proxool.configuration.XMLConfigurator] Adding driver property: user=cziotappuser
[2014-12-01 20:08:27:678][org.logicalcobwebs.proxool.configuration.XMLConfigurator] Adding driver property: password=*******
[2014-12-01 20:08:27:678][org.logicalcobwebs.proxool.configuration.XMLConfigurator] Setting property 'proxool.simultaneous-build-throttle' to value '10'.
[2014-12-01 20:08:27:678][org.logicalcobwebs.proxool.configuration.XMLConfigurator] Setting property 'proxool.maximum-connection-count' to value '5'.
[2014-12-01 20:08:27:678][org.logicalcobwebs.proxool.configuration.XMLConfigurator] Setting property 'proxool.minimum-connection-count' to value '2'.
[2014-12-01 20:08:27:678][org.logicalcobwebs.proxool.configuration.XMLConfigurator] Setting property 'proxool.house-keeping-sleep-time' to value '120000'.
[2014-12-01 20:08:27:678][org.logicalcobwebs.proxool.configuration.XMLConfigurator] Setting property 'proxool.prototype-count' to value '2'.
[2014-12-01 20:08:27:678][org.logicalcobwebs.proxool.configuration.XMLConfigurator] Setting property 'proxool.test-before-use' to value 'true'.
[2014-12-01 20:08:27:678][org.logicalcobwebs.proxool.configuration.XMLConfigurator] Setting property 'proxool.house-keeping-test-sql' to value 'select 1'.
[2014-12-01 20:08:27:694][org.logicalcobwebs.proxool.configuration.XMLConfigurator] Created url: proxool.DBPool:com.mysql.jdbc.Driver:jdbc:mysql://localhost:13306/cziot
[2014-12-01 20:08:27:694][org.logicalcobwebs.proxool.ProxoolFacade] Proxool 0.9.1 (23-Aug-2008 11:10)
[2014-12-01 20:08:27:694][org.logicalcobwebs.proxool.ConnectionPoolDefinition] Recognised proxool property: proxool.driver=com.mysql.jdbc.Driver
[2014-12-01 20:08:27:694][org.logicalcobwebs.proxool.ConnectionPoolDefinition] Recognised proxool property: proxool.url=jdbc:mysql://localhost:13306/cziot
[2014-12-01 20:08:27:694][org.logicalcobwebs.proxool.ConnectionPoolDefinition] Recognised proxool property: proxool.minimum-connection-count=2
[2014-12-01 20:08:27:709][org.logicalcobwebs.proxool.ConnectionPoolDefinition] Recognised proxool property: proxool.test-before-use=true
[2014-12-01 20:08:27:709][org.logicalcobwebs.proxool.ConnectionPoolDefinition] Delegating property to driver: user=cziotappuser
[2014-12-01 20:08:27:709][org.logicalcobwebs.proxool.ConnectionPoolDefinition] Recognised proxool property: proxool.house-keeping-sleep-time=120000
[2014-12-01 20:08:27:709][org.logicalcobwebs.proxool.ConnectionPoolDefinition] Recognised proxool property: proxool.prototype-count=2
[2014-12-01 20:08:27:709][org.logicalcobwebs.proxool.ConnectionPoolDefinition] Delegating property to driver: password=********
[2014-12-01 20:08:27:709][org.logicalcobwebs.proxool.ConnectionPoolDefinition] Recognised proxool property: proxool.maximum-connection-count=5
[2014-12-01 20:08:27:709][org.logicalcobwebs.proxool.ConnectionPoolDefinition] Recognised proxool property: proxool.house-keeping-test-sql=select 1
[2014-12-01 20:08:27:725][org.logicalcobwebs.proxool.ShutdownHook] Registered shutdownHook
[2014-12-01 20:08:27:725][org.logicalcobwebs.proxool.HouseKeeperController] Registering 'DBPool' house keeper
[2014-12-01 20:08:27:725][org.logicalcobwebs.proxool.HouseKeeperController] Starting a house keeper thread
[2014-12-01 20:08:27:896][org.logicalcobwebs.proxool.ConnectionResetter] Remembering default value: getTransactionIsolation() = 4
[2014-12-01 20:08:27:896][org.logicalcobwebs.proxool.ConnectionResetter] Remembering default value: getHoldability() = 2
[2014-12-01 20:08:27:896][org.logicalcobwebs.proxool.ConnectionResetter] Remembering default value: getCatalog() = cziot
[2014-12-01 20:08:27:896][org.logicalcobwebs.proxool.ConnectionResetter] Remembering default value: isReadOnly() = false
[2014-12-01 20:08:27:896][org.logicalcobwebs.proxool.ConnectionResetter] Remembering default value: getTypeMap() = {}
[2014-12-01 20:08:27:896][org.logicalcobwebs.proxool.ConnectionPool] Proxool statistics legend: "s - r  (a/t/o)" > s=served, r=refused (only shown if non-zero), a=active, t=total, o=offline (being tested)
[2014-12-01 20:08:27:896][org.logicalcobwebs.proxool.ConnectionPool] Proxool statistics legend: "s - r  (a/t/o)" > s=served, r=refused (only shown if non-zero), a=active, t=total, o=offline (being tested)
[2014-12-01 20:08:27:896][org.logicalcobwebs.proxool.Prototyper] 000000 (01/02/00) - Connection #1 created to achieve minimum of 2 = AVAILABLE
[2014-12-01 20:08:27:896][org.logicalcobwebs.proxool.Prototyper] 000000 (01/02/00) - Connection #2 created on demand = ACTIVE
[2014-12-01 20:08:27:896][org.logicalcobwebs.proxool.ConnectionPool] 000000 (01/02/00) - Connection #2 tested: OK
[2014-12-01 20:08:27:912][org.logicalcobwebs.proxool.Prototyper] 000001 (01/03/00) - Connection #3 created to keep 2 available = AVAILABLE
[2014-12-01 20:08:27:943][org.logicalcobwebs.proxool.ProxyFactory] Implementing interface com.mysql.jdbc.Connection
[2014-12-01 20:08:27:943][org.logicalcobwebs.proxool.ProxyFactory] Implementing interface java.lang.AutoCloseable
[2014-12-01 20:08:27:943][org.logicalcobwebs.proxool.ProxyFactory] Implementing interface com.mysql.jdbc.ConnectionProperties
[2014-12-01 20:08:27:943][org.logicalcobwebs.proxool.ProxyFactory] Implementing interface java.sql.Connection
[2014-12-01 20:08:27:943][org.logicalcobwebs.proxool.ProxyFactory] Implementing interface com.mysql.jdbc.MySQLConnection
[2014-12-01 20:08:27:943][org.logicalcobwebs.proxool.ProxyFactory] Implementing interface java.sql.Wrapper
[2014-12-01 20:08:27:943][org.logicalcobwebs.proxool.ProxyFactory] Implementing interface java.io.Serializable
[2014-12-01 20:08:28:411][org.logicalcobwebs.proxool.ProxyFactory] Implementing interface java.sql.Statement
[2014-12-01 20:08:28:427][org.logicalcobwebs.proxool.ProxyFactory] Implementing interface java.lang.AutoCloseable
[2014-12-01 20:08:28:427][org.logicalcobwebs.proxool.ProxyFactory] Implementing interface com.mysql.jdbc.Statement
[2014-12-01 20:08:28:427][org.logicalcobwebs.proxool.ProxyFactory] Implementing interface java.sql.Wrapper
[2014-12-01 20:08:28:520][com.switek.netseed.server.ui.ServerForm] T10-Loading device type def from database...
[2014-12-01 20:08:28:520][com.switek.netseed.server.ui.ServerForm] T10-Done.
[2014-12-01 20:08:28:520][com.switek.netseed.server.ui.ServerForm] T10-Loading brand info list from database...
[2014-12-01 20:08:28:536][com.switek.netseed.server.ui.ServerForm] T10-Done
[2014-12-01 20:08:28:536][com.switek.netseed.server.ui.ServerForm] T10-Loading releationship of type and brand from database...
[2014-12-01 20:08:28:536][com.switek.netseed.server.ui.ServerForm] T10-Done
[2014-12-01 20:08:28:536][com.switek.netseed.server.ui.ServerForm] T10-Loading controller list from database...
[2014-12-01 20:08:28:598][com.switek.netseed.server.ui.ServerForm] T10-There are 1450 controller(s)
[2014-12-01 20:08:28:598][com.switek.netseed.server.ui.ServerForm] T10-Loading subcontroller list from database...
[2014-12-01 20:08:28:645][com.switek.netseed.server.ui.ServerForm] T10-There are 1570 subcontroler(s).
[2014-12-01 20:08:28:645][com.switek.netseed.server.ui.ServerForm] T10-Loading device list from database...
[2014-12-01 20:08:28:708][com.switek.netseed.server.ui.ServerForm] T10-There are 1785 device(s).
[2014-12-01 20:08:28:708][com.switek.netseed.server.ui.ServerForm] T10-Loading learned IR code from database...
[2014-12-01 20:08:28:848][com.switek.netseed.server.ui.ServerForm] T10-Learned IR code are loaded!
[2014-12-01 20:08:28:848][com.switek.netseed.server.ui.ServerForm] T10-Loading app list from database...
[2014-12-01 20:08:28:848][com.switek.netseed.server.ui.ServerForm] T10-Loading timers...
[2014-12-01 20:08:28:848][com.switek.netseed.server.ui.ServerForm] T10-There are 0 timer(s)
[2014-12-01 20:08:28:848][com.switek.netseed.server.ui.ServerForm] T10-Loading timer steps...
[2014-12-01 20:08:28:848][com.switek.netseed.server.ui.ServerForm] T10-Completed to load timers.
[2014-12-01 20:08:28:848][com.switek.netseed.server.ui.ServerForm] T10-Setup schedule job engine.
[2014-12-01 20:08:28:848][com.switek.netseed.server.ui.ServerForm] T10-MaxThread: 100
[2014-12-01 20:08:28:864][com.switek.netseed.server.ui.ServerForm] T10-Starting the Netseed server...
[2014-12-01 20:08:28:988][com.switek.netseed.server.ui.ServerForm] T10-Netseed Server started, on QH-20141126YGNW/192.168.100.10:28899
[2014-12-01 20:09:27:613][com.switek.netseed.server.ui.ServerForm] T1-System run time: 0d 00:01
[2014-12-01 20:09:28:861][com.switek.netseed.server.ui.ServerForm] T14-Starting schedule job engine...
[2014-12-01 20:09:58:876][com.switek.netseed.server.ui.ServerForm] T14-Starting schedule job engine...
[2014-12-01 20:10:27:627][com.switek.netseed.server.ui.ServerForm] T1-System run time: 0d 00:02
[2014-12-01 20:10:28:890][com.switek.netseed.server.ui.ServerForm] T14-Starting schedule job engine...
[2014-12-01 20:10:58:905][com.switek.netseed.server.ui.ServerForm] T14-Starting schedule job engine...
[2014-12-01 20:11:27:640][com.switek.netseed.server.ui.ServerForm] T1-System run time: 0d 00:03
[2014-12-01 20:11:28:919][com.switek.netseed.server.ui.ServerForm] T14-Starting schedule job engine...
[2014-12-01 20:11:58:934][com.switek.netseed.server.ui.ServerForm] T14-Starting schedule job engine...
[2014-12-01 20:12:27:653][com.switek.netseed.server.ui.ServerForm] T1-System run time: 0d 00:04
[2014-12-01 20:12:28:948][com.switek.netseed.server.ui.ServerForm] T14-Starting schedule job engine...
[2014-12-01 20:12:58:962][com.switek.netseed.server.ui.ServerForm] T14-Starting schedule job engine...
[2014-12-01 20:13:27:667][com.switek.netseed.server.ui.ServerForm] T1-System run time: 0d 00:05
[2014-12-01 20:13:28:977][com.switek.netseed.server.ui.ServerForm] T14-Starting schedule job engine...
[2014-12-01 20:13:58:991][com.switek.netseed.server.ui.ServerForm] T14-Starting schedule job engine...
[2014-12-01 20:14:27:680][com.switek.netseed.server.ui.ServerForm] T1-System run time: 0d 00:06
[2014-12-01 20:14:28:273][org.logicalcobwebs.proxool.ConnectionPool] 000001 (00/02/00) - #0002 removed because it has been active for too long.
[2014-12-01 20:14:28:273][org.logicalcobwebs.proxool.HouseKeeper] #0002 was active for 360377 milliseconds and has been removed automaticaly. The Thread responsible was named 'Thread-1', but the last SQL it performed is unknown because the trace property is not enabled.
[2014-12-01 20:14:29:006][com.switek.netseed.server.ui.ServerForm] T14-Starting schedule job engine...
[2014-12-01 20:14:59:020][com.switek.netseed.server.ui.ServerForm] T14-Starting schedule job engine...
[2014-12-01 20:15:27:692][com.switek.netseed.server.ui.ServerForm] T1-System run time: 0d 00:07
[2014-12-01 20:15:29:033][com.switek.netseed.server.ui.ServerForm] T14-Starting schedule job engine...
[2014-12-01 20:15:29:517][com.switek.netseed.server.ui.ServerForm] T1-Stoping the server...
[2014-12-01 20:15:29:517][com.switek.netseed.server.ui.ServerForm] T1-Stoped!
[2014-12-01 20:15:29:517][org.logicalcobwebs.proxool.ShutdownHook] Running ShutdownHook
[2014-12-01 20:15:29:517][org.logicalcobwebs.proxool.ConnectionPool] Shutting down 'DBPool' pool immediately [Shutdown Hook]
[2014-12-01 20:15:29:517][org.logicalcobwebs.proxool.ConnectionPool] 000001 (00/01/00) - #0003 removed because of shutdown.
[2014-12-01 20:15:29:517][org.logicalcobwebs.proxool.ConnectionPool] Connection #3 closed
[2014-12-01 20:15:29:517][org.logicalcobwebs.proxool.ConnectionPool] 000001 (00/00/00) - #0001 removed because of shutdown.
[2014-12-01 20:15:29:517][org.logicalcobwebs.proxool.ConnectionPool] Connection #1 closed
[2014-12-01 20:15:29:517][org.logicalcobwebs.proxool.ConnectionPool] 'DBPool' pool has been closed down by Shutdown Hook in 0 milliseconds.
[2014-12-01 20:15:29:517][org.logicalcobwebs.proxool.PrototyperController] Stopping Prototyper thread
[2014-12-01 20:15:29:517][org.logicalcobwebs.proxool.HouseKeeperController] Stopping HouseKeeper thread
