[2014-12-01 09:31:01:910][com.switek.netseed.server.ui.ServerForm] test
[2014-12-01 09:31:01:917][com.switek.netseed.server.ui.ServerForm] T1-Starting the server...
[2014-12-01 09:31:01:919][com.switek.netseed.server.ui.ServerForm] T1-Socket IO Processor: 64
[2014-12-01 09:31:01:920][com.switek.netseed.server.ui.ServerForm] T1-Socket IO Pool: 64
[2014-12-01 09:31:01:923][com.switek.netseed.server.ui.ServerForm] T10-Loading standard IR code list from database...
[2014-12-01 09:31:01:936][org.logicalcobwebs.proxool.configuration.JAXPConfigurator] Configuring from reader: java.io.InputStreamReader@1df5f9d7
[2014-12-01 09:31:01:938][org.logicalcobwebs.proxool.configuration.JAXPConfigurator] SAXParserFactory class: com.sun.org.apache.xerces.internal.jaxp.SAXParserFactoryImpl
[2014-12-01 09:31:01:948][org.logicalcobwebs.proxool.configuration.JAXPConfigurator] sax parser classcom.sun.org.apache.xerces.internal.jaxp.SAXParserImpl
[2014-12-01 09:31:01:949][org.logicalcobwebs.proxool.configuration.JAXPConfigurator] XML reader class: com.sun.org.apache.xerces.internal.jaxp.SAXParserImpl$JAXPSAXParser
[2014-12-01 09:31:01:949][org.logicalcobwebs.proxool.configuration.JAXPConfigurator] Setting sax feature: 'http://xml.org/sax/features/namespaces'. State: true.
[2014-12-01 09:31:01:950][org.logicalcobwebs.proxool.configuration.JAXPConfigurator] Setting sax feature: 'http://xml.org/sax/features/namespace-prefixes'. State: false.
[2014-12-01 09:31:01:954][org.logicalcobwebs.proxool.configuration.XMLConfigurator] Adding driver property: user=cziotappuser
[2014-12-01 09:31:01:955][org.logicalcobwebs.proxool.configuration.XMLConfigurator] Adding driver property: password=*******
[2014-12-01 09:31:01:955][org.logicalcobwebs.proxool.configuration.XMLConfigurator] Setting property 'proxool.simultaneous-build-throttle' to value '10'.
[2014-12-01 09:31:01:955][org.logicalcobwebs.proxool.configuration.XMLConfigurator] Setting property 'proxool.maximum-connection-count' to value '5'.
[2014-12-01 09:31:01:956][org.logicalcobwebs.proxool.configuration.XMLConfigurator] Setting property 'proxool.minimum-connection-count' to value '2'.
[2014-12-01 09:31:01:956][org.logicalcobwebs.proxool.configuration.XMLConfigurator] Setting property 'proxool.house-keeping-sleep-time' to value '120000'.
[2014-12-01 09:31:01:956][org.logicalcobwebs.proxool.configuration.XMLConfigurator] Setting property 'proxool.prototype-count' to value '2'.
[2014-12-01 09:31:01:957][org.logicalcobwebs.proxool.configuration.XMLConfigurator] Setting property 'proxool.test-before-use' to value 'true'.
[2014-12-01 09:31:01:957][org.logicalcobwebs.proxool.configuration.XMLConfigurator] Setting property 'proxool.house-keeping-test-sql' to value 'select 1'.
[2014-12-01 09:31:01:957][org.logicalcobwebs.proxool.configuration.XMLConfigurator] Created url: proxool.DBPool:com.mysql.jdbc.Driver:jdbc:mysql://localhost:13306/cziot
[2014-12-01 09:31:01:961][org.logicalcobwebs.proxool.ProxoolFacade] Proxool 0.9.1 (23-Aug-2008 11:10)
[2014-12-01 09:31:01:971][org.logicalcobwebs.proxool.ConnectionPoolDefinition] Recognised proxool property: proxool.driver=com.mysql.jdbc.Driver
[2014-12-01 09:31:01:971][org.logicalcobwebs.proxool.ConnectionPoolDefinition] Recognised proxool property: proxool.url=jdbc:mysql://localhost:13306/cziot
[2014-12-01 09:31:01:971][org.logicalcobwebs.proxool.ConnectionPoolDefinition] Recognised proxool property: proxool.minimum-connection-count=2
[2014-12-01 09:31:01:972][org.logicalcobwebs.proxool.ConnectionPoolDefinition] Recognised proxool property: proxool.test-before-use=true
[2014-12-01 09:31:01:972][org.logicalcobwebs.proxool.ConnectionPoolDefinition] Delegating property to driver: user=cziotappuser
[2014-12-01 09:31:01:973][org.logicalcobwebs.proxool.ConnectionPoolDefinition] Recognised proxool property: proxool.house-keeping-sleep-time=120000
[2014-12-01 09:31:01:973][org.logicalcobwebs.proxool.ConnectionPoolDefinition] Recognised proxool property: proxool.prototype-count=2
[2014-12-01 09:31:01:973][org.logicalcobwebs.proxool.ConnectionPoolDefinition] Delegating property to driver: password=********
[2014-12-01 09:31:01:974][org.logicalcobwebs.proxool.ConnectionPoolDefinition] Recognised proxool property: proxool.maximum-connection-count=5
[2014-12-01 09:31:01:974][org.logicalcobwebs.proxool.ConnectionPoolDefinition] Recognised proxool property: proxool.house-keeping-test-sql=select 1
[2014-12-01 09:31:01:986][org.logicalcobwebs.proxool.ShutdownHook] Registered shutdownHook
[2014-12-01 09:31:01:988][org.logicalcobwebs.proxool.HouseKeeperController] Registering 'DBPool' house keeper
[2014-12-01 09:31:01:990][org.logicalcobwebs.proxool.HouseKeeperController] Starting a house keeper thread
[2014-12-01 09:31:02:169][org.logicalcobwebs.proxool.ConnectionResetter] Remembering default value: getTransactionIsolation() = 4
[2014-12-01 09:31:02:170][org.logicalcobwebs.proxool.ConnectionResetter] Remembering default value: getHoldability() = 2
[2014-12-01 09:31:02:170][org.logicalcobwebs.proxool.ConnectionResetter] Remembering default value: getCatalog() = cziot
[2014-12-01 09:31:02:171][org.logicalcobwebs.proxool.ConnectionResetter] Remembering default value: isReadOnly() = false
[2014-12-01 09:31:02:171][org.logicalcobwebs.proxool.ConnectionResetter] Remembering default value: getTypeMap() = {}
[2014-12-01 09:31:02:171][org.logicalcobwebs.proxool.ConnectionPool] Proxool statistics legend: "s - r  (a/t/o)" > s=served, r=refused (only shown if non-zero), a=active, t=total, o=offline (being tested)
[2014-12-01 09:31:02:171][org.logicalcobwebs.proxool.ConnectionPool] Proxool statistics legend: "s - r  (a/t/o)" > s=served, r=refused (only shown if non-zero), a=active, t=total, o=offline (being tested)
[2014-12-01 09:31:02:172][org.logicalcobwebs.proxool.Prototyper] 000000 (01/02/00) - Connection #1 created to achieve minimum of 2 = AVAILABLE
[2014-12-01 09:31:02:172][org.logicalcobwebs.proxool.Prototyper] 000000 (01/02/00) - Connection #2 created on demand = ACTIVE
[2014-12-01 09:31:02:173][org.logicalcobwebs.proxool.ConnectionPool] 000000 (01/02/00) - Connection #2 tested: OK
[2014-12-01 09:31:02:188][org.logicalcobwebs.proxool.Prototyper] 000001 (01/03/00) - Connection #3 created to keep 2 available = AVAILABLE
[2014-12-01 09:31:02:215][org.logicalcobwebs.proxool.ProxyFactory] Implementing interface com.mysql.jdbc.MySQLConnection
[2014-12-01 09:31:02:215][org.logicalcobwebs.proxool.ProxyFactory] Implementing interface com.mysql.jdbc.Connection
[2014-12-01 09:31:02:216][org.logicalcobwebs.proxool.ProxyFactory] Implementing interface java.io.Serializable
[2014-12-01 09:31:02:216][org.logicalcobwebs.proxool.ProxyFactory] Implementing interface com.mysql.jdbc.ConnectionProperties
[2014-12-01 09:31:02:216][org.logicalcobwebs.proxool.ProxyFactory] Implementing interface java.sql.Wrapper
[2014-12-01 09:31:02:216][org.logicalcobwebs.proxool.ProxyFactory] Implementing interface java.sql.Connection
[2014-12-01 09:31:02:217][org.logicalcobwebs.proxool.ProxyFactory] Implementing interface java.lang.AutoCloseable
[2014-12-01 09:31:02:628][org.logicalcobwebs.proxool.ProxyFactory] Implementing interface com.mysql.jdbc.Statement
[2014-12-01 09:31:02:628][org.logicalcobwebs.proxool.ProxyFactory] Implementing interface java.sql.Wrapper
[2014-12-01 09:31:02:629][org.logicalcobwebs.proxool.ProxyFactory] Implementing interface java.sql.Statement
[2014-12-01 09:31:02:629][org.logicalcobwebs.proxool.ProxyFactory] Implementing interface java.lang.AutoCloseable
[2014-12-01 09:31:02:764][com.switek.netseed.server.ui.ServerForm] T10-Loading device type def from database...
[2014-12-01 09:31:02:784][com.switek.netseed.server.ui.ServerForm] T10-Done.
[2014-12-01 09:31:02:785][com.switek.netseed.server.ui.ServerForm] T10-Loading brand info list from database...
[2014-12-01 09:31:02:812][com.switek.netseed.server.ui.ServerForm] T10-Done
[2014-12-01 09:31:02:812][com.switek.netseed.server.ui.ServerForm] T10-Loading releationship of type and brand from database...
[2014-12-01 09:31:02:830][com.switek.netseed.server.ui.ServerForm] T10-Done
[2014-12-01 09:31:02:831][com.switek.netseed.server.ui.ServerForm] T10-Loading controller list from database...
[2014-12-01 09:31:02:940][com.switek.netseed.server.ui.ServerForm] T10-There are 1450 controller(s)
[2014-12-01 09:31:02:941][com.switek.netseed.server.ui.ServerForm] T10-Loading subcontroller list from database...
[2014-12-01 09:31:02:990][com.switek.netseed.server.ui.ServerForm] T10-There are 1570 subcontroler(s).
[2014-12-01 09:31:02:990][com.switek.netseed.server.ui.ServerForm] T10-Loading device list from database...
[2014-12-01 09:31:03:049][com.switek.netseed.server.ui.ServerForm] T10-There are 1785 device(s).
[2014-12-01 09:31:03:049][com.switek.netseed.server.ui.ServerForm] T10-Loading learned IR code from database...
[2014-12-01 09:31:03:219][com.switek.netseed.server.ui.ServerForm] T10-Learned IR code are loaded!
[2014-12-01 09:31:03:220][com.switek.netseed.server.ui.ServerForm] T10-Loading app list from database...
[2014-12-01 09:31:03:247][com.switek.netseed.server.ui.ServerForm] T10-Loading timers...
[2014-12-01 09:31:03:295][com.switek.netseed.server.ui.ServerForm] T10-There are 0 timer(s)
[2014-12-01 09:31:03:295][com.switek.netseed.server.ui.ServerForm] T10-Loading timer steps...
[2014-12-01 09:31:03:298][com.switek.netseed.server.ui.ServerForm] T10-Completed to load timers.
[2014-12-01 09:31:03:299][com.switek.netseed.server.ui.ServerForm] T10-Setup schedule job engine.
[2014-12-01 09:31:03:311][com.switek.netseed.server.ui.ServerForm] T10-MaxThread: 100
[2014-12-01 09:31:03:311][com.switek.netseed.server.ui.ServerForm] T10-Starting the Netseed server...
[2014-12-01 09:31:03:444][com.switek.netseed.server.ui.ServerForm] T10-Netseed Server started, on QH-20141126YGNW/192.168.22.19:28899
[2014-12-01 09:32:01:882][com.switek.netseed.server.ui.ServerForm] T1-System run time: 0d 00:01
[2014-12-01 09:32:03:307][com.switek.netseed.server.ui.ServerForm] T14-Starting schedule job engine...
[2014-12-01 09:32:33:308][com.switek.netseed.server.ui.ServerForm] T14-Starting schedule job engine...
[2014-12-01 09:33:03:308][com.switek.netseed.server.ui.ServerForm] T14-Starting schedule job engine...
[2014-12-01 09:33:33:308][com.switek.netseed.server.ui.ServerForm] T14-Starting schedule job engine...
[2014-12-01 09:34:01:878][com.switek.netseed.server.ui.ServerForm] T1-System run time: 0d 00:03
[2014-12-01 09:34:03:308][com.switek.netseed.server.ui.ServerForm] T14-Starting schedule job engine...
[2014-12-01 09:34:33:308][com.switek.netseed.server.ui.ServerForm] T14-Starting schedule job engine...
[2014-12-01 09:35:01:879][com.switek.netseed.server.ui.ServerForm] T1-System run time: 0d 00:04
[2014-12-01 09:35:03:309][com.switek.netseed.server.ui.ServerForm] T14-Starting schedule job engine...
[2014-12-01 09:35:33:309][com.switek.netseed.server.ui.ServerForm] T14-Starting schedule job engine...
[2014-12-01 09:36:01:880][com.switek.netseed.server.ui.ServerForm] T1-System run time: 0d 00:05
[2014-12-01 09:36:03:310][com.switek.netseed.server.ui.ServerForm] T14-Starting schedule job engine...
[2014-12-01 09:36:33:310][com.switek.netseed.server.ui.ServerForm] T14-Starting schedule job engine...
[2014-12-01 09:37:01:882][com.switek.netseed.server.ui.ServerForm] T1-System run time: 0d 00:06
[2014-12-01 09:37:02:012][org.logicalcobwebs.proxool.ConnectionPool] 000001 (00/02/00) - #0002 removed because it has been active for too long.
[2014-12-01 09:37:02:014][org.logicalcobwebs.proxool.HouseKeeper] #0002 was active for 359843 milliseconds and has been removed automaticaly. The Thread responsible was named 'Thread-1', but the last SQL it performed is unknown because the trace property is not enabled.
[2014-12-01 09:37:03:312][com.switek.netseed.server.ui.ServerForm] T14-Starting schedule job engine...
[2014-12-01 09:37:33:314][com.switek.netseed.server.ui.ServerForm] T14-Starting schedule job engine...
[2014-12-01 09:38:01:882][com.switek.netseed.server.ui.ServerForm] T1-System run time: 0d 00:07
[2014-12-01 09:38:03:315][com.switek.netseed.server.ui.ServerForm] T14-Starting schedule job engine...
[2014-12-01 09:38:33:317][com.switek.netseed.server.ui.ServerForm] T14-Starting schedule job engine...
[2014-12-01 09:39:01:894][com.switek.netseed.server.ui.ServerForm] T1-System run time: 0d 00:08
[2014-12-01 09:39:03:330][com.switek.netseed.server.ui.ServerForm] T14-Starting schedule job engine...
[2014-12-01 09:39:33:335][com.switek.netseed.server.ui.ServerForm] T14-Starting schedule job engine...
[2014-12-01 09:40:01:901][com.switek.netseed.server.ui.ServerForm] T1-System run time: 0d 00:09
[2014-12-01 09:40:03:336][com.switek.netseed.server.ui.ServerForm] T14-Starting schedule job engine...
[2014-12-01 09:40:33:350][com.switek.netseed.server.ui.ServerForm] T14-Starting schedule job engine...
[2014-12-01 09:41:01:913][com.switek.netseed.server.ui.ServerForm] T1-System run time: 0d 00:10
[2014-12-01 09:41:03:364][com.switek.netseed.server.ui.ServerForm] T14-Starting schedule job engine...
[2014-12-01 09:41:33:379][com.switek.netseed.server.ui.ServerForm] T14-Starting schedule job engine...
[2014-12-01 09:42:01:913][com.switek.netseed.server.ui.ServerForm] T1-System run time: 0d 00:11
[2014-12-01 09:42:03:379][com.switek.netseed.server.ui.ServerForm] T14-Starting schedule job engine...
[2014-12-01 09:42:33:395][com.switek.netseed.server.ui.ServerForm] T14-Starting schedule job engine...
[2014-12-01 09:43:01:924][com.switek.netseed.server.ui.ServerForm] T1-System run time: 0d 00:12
[2014-12-01 09:43:03:406][com.switek.netseed.server.ui.ServerForm] T14-Starting schedule job engine...
[2014-12-01 09:43:33:417][com.switek.netseed.server.ui.ServerForm] T14-Starting schedule job engine...
[2014-12-01 09:44:01:936][com.switek.netseed.server.ui.ServerForm] T1-System run time: 0d 00:13
[2014-12-01 09:44:03:418][com.switek.netseed.server.ui.ServerForm] T14-Starting schedule job engine...
[2014-12-01 09:44:33:432][com.switek.netseed.server.ui.ServerForm] T14-Starting schedule job engine...
[2014-12-01 09:45:01:938][com.switek.netseed.server.ui.ServerForm] T1-System run time: 0d 00:14
[2014-12-01 09:45:03:433][com.switek.netseed.server.ui.ServerForm] T14-Starting schedule job engine...
[2014-12-01 09:45:33:435][com.switek.netseed.server.ui.ServerForm] T14-Starting schedule job engine...
[2014-12-01 09:46:01:940][com.switek.netseed.server.ui.ServerForm] T1-System run time: 0d 00:15
[2014-12-01 09:46:03:435][com.switek.netseed.server.ui.ServerForm] T14-Starting schedule job engine...
[2014-12-01 09:46:33:437][com.switek.netseed.server.ui.ServerForm] T14-Starting schedule job engine...
[2014-12-01 09:47:01:942][com.switek.netseed.server.ui.ServerForm] T1-System run time: 0d 00:16
[2014-12-01 09:47:03:440][com.switek.netseed.server.ui.ServerForm] T14-Starting schedule job engine...
[2014-12-01 09:47:33:440][com.switek.netseed.server.ui.ServerForm] T14-Starting schedule job engine...
[2014-12-01 09:48:01:945][com.switek.netseed.server.ui.ServerForm] T1-System run time: 0d 00:17
[2014-12-01 09:48:03:443][com.switek.netseed.server.ui.ServerForm] T14-Starting schedule job engine...
[2014-12-01 09:48:33:457][com.switek.netseed.server.ui.ServerForm] T14-Starting schedule job engine...
[2014-12-01 09:49:01:958][com.switek.netseed.server.ui.ServerForm] T1-System run time: 0d 00:18
[2014-12-01 09:49:03:471][com.switek.netseed.server.ui.ServerForm] T14-Starting schedule job engine...
[2014-12-01 09:49:33:486][com.switek.netseed.server.ui.ServerForm] T14-Starting schedule job engine...
[2014-12-01 09:50:01:973][com.switek.netseed.server.ui.ServerForm] T1-System run time: 0d 00:19
[2014-12-01 09:50:03:486][com.switek.netseed.server.ui.ServerForm] T14-Starting schedule job engine...
[2014-12-01 09:50:33:493][com.switek.netseed.server.ui.ServerForm] T14-Starting schedule job engine...
[2014-12-01 09:51:01:987][com.switek.netseed.server.ui.ServerForm] T1-System run time: 0d 00:20
[2014-12-01 09:51:03:500][com.switek.netseed.server.ui.ServerForm] T14-Starting schedule job engine...
[2014-12-01 09:51:33:514][com.switek.netseed.server.ui.ServerForm] T14-Starting schedule job engine...
[2014-12-01 09:52:01:987][com.switek.netseed.server.ui.ServerForm] T1-System run time: 0d 00:21
[2014-12-01 09:52:03:515][com.switek.netseed.server.ui.ServerForm] T14-Starting schedule job engine...
[2014-12-01 09:52:33:515][com.switek.netseed.server.ui.ServerForm] T14-Starting schedule job engine...
[2014-12-01 09:53:01:988][com.switek.netseed.server.ui.ServerForm] T1-System run time: 0d 00:22
[2014-12-01 09:53:03:516][com.switek.netseed.server.ui.ServerForm] T14-Starting schedule job engine...
[2014-12-01 09:53:33:516][com.switek.netseed.server.ui.ServerForm] T14-Starting schedule job engine...
[2014-12-01 09:54:01:988][com.switek.netseed.server.ui.ServerForm] T1-System run time: 0d 00:23
[2014-12-01 09:54:03:517][com.switek.netseed.server.ui.ServerForm] T14-Starting schedule job engine...
[2014-12-01 09:54:33:524][com.switek.netseed.server.ui.ServerForm] T14-Starting schedule job engine...
[2014-12-01 09:55:01:990][com.switek.netseed.server.ui.ServerForm] T1-System run time: 0d 00:24
[2014-12-01 09:55:03:524][com.switek.netseed.server.ui.ServerForm] T14-Starting schedule job engine...
[2014-12-01 09:55:33:524][com.switek.netseed.server.ui.ServerForm] T14-Starting schedule job engine...
[2014-12-01 09:56:03:525][com.switek.netseed.server.ui.ServerForm] T14-Starting schedule job engine...
[2014-12-01 09:56:33:526][com.switek.netseed.server.ui.ServerForm] T14-Starting schedule job engine...
[2014-12-01 09:57:02:003][com.switek.netseed.server.ui.ServerForm] T1-System run time: 0d 00:26
[2014-12-01 09:57:03:532][com.switek.netseed.server.ui.ServerForm] T14-Starting schedule job engine...
[2014-12-01 09:57:33:546][com.switek.netseed.server.ui.ServerForm] T14-Starting schedule job engine...
[2014-12-01 09:58:02:017][com.switek.netseed.server.ui.ServerForm] T1-System run time: 0d 00:27
[2014-12-01 09:58:03:546][com.switek.netseed.server.ui.ServerForm] T14-Starting schedule job engine...
[2014-12-01 09:58:33:546][com.switek.netseed.server.ui.ServerForm] T14-Starting schedule job engine...
[2014-12-01 09:59:02:031][com.switek.netseed.server.ui.ServerForm] T1-System run time: 0d 00:28
[2014-12-01 09:59:03:560][com.switek.netseed.server.ui.ServerForm] T14-Starting schedule job engine...
[2014-12-01 09:59:33:573][com.switek.netseed.server.ui.ServerForm] T14-Starting schedule job engine...
[2014-12-01 09:59:55:272][com.switek.netseed.server.ui.ServerForm] T1-Stoping the server...
[2014-12-01 09:59:55:272][com.switek.netseed.server.ui.ServerForm] T1-Stoped!
[2014-12-01 09:59:55:288][org.logicalcobwebs.proxool.ShutdownHook] Running ShutdownHook
[2014-12-01 09:59:55:288][org.logicalcobwebs.proxool.ConnectionPool] Shutting down 'DBPool' pool immediately [Shutdown Hook]
[2014-12-01 09:59:55:288][org.logicalcobwebs.proxool.ConnectionPool] 000001 (00/01/00) - #0003 removed because of shutdown.
[2014-12-01 09:59:55:288][org.logicalcobwebs.proxool.ConnectionPool] Connection #3 closed
[2014-12-01 09:59:55:288][org.logicalcobwebs.proxool.ConnectionPool] 000001 (00/00/00) - #0001 removed because of shutdown.
[2014-12-01 09:59:55:288][org.logicalcobwebs.proxool.ConnectionPool] Connection #1 closed
[2014-12-01 09:59:55:288][org.logicalcobwebs.proxool.ConnectionPool] 'DBPool' pool has been closed down by Shutdown Hook in 0 milliseconds.
[2014-12-01 09:59:55:288][org.logicalcobwebs.proxool.PrototyperController] Stopping Prototyper thread
[2014-12-01 09:59:55:288][org.logicalcobwebs.proxool.HouseKeeperController] Stopping HouseKeeper thread
