[2014-12-01 15:00:05:111][com.switek.netseed.server.ui.ServerForm] T1-System run time: 0d 00:12
[2014-12-01 15:00:06:546][com.switek.netseed.server.ui.ServerForm] T14-Starting schedule job engine...
[2014-12-01 15:00:36:560][com.switek.netseed.server.ui.ServerForm] T14-Starting schedule job engine...
[2014-12-01 15:01:05:124][com.switek.netseed.server.ui.ServerForm] T1-System run time: 0d 00:13
[2014-12-01 15:01:06:575][com.switek.netseed.server.ui.ServerForm] T14-Starting schedule job engine...
[2014-12-01 15:01:36:589][com.switek.netseed.server.ui.ServerForm] T14-Starting schedule job engine...
[2014-12-01 15:02:05:137][com.switek.netseed.server.ui.ServerForm] T1-System run time: 0d 00:14
[2014-12-01 15:02:06:604][com.switek.netseed.server.ui.ServerForm] T14-Starting schedule job engine...
[2014-12-01 15:02:36:604][com.switek.netseed.server.ui.ServerForm] T14-Starting schedule job engine...
[2014-12-01 15:03:05:152][com.switek.netseed.server.ui.ServerForm] T1-System run time: 0d 00:15
[2014-12-01 15:03:06:618][com.switek.netseed.server.ui.ServerForm] T14-Starting schedule job engine...
[2014-12-01 15:03:36:633][com.switek.netseed.server.ui.ServerForm] T14-Starting schedule job engine...
[2014-12-01 15:04:05:165][com.switek.netseed.server.ui.ServerForm] T1-System run time: 0d 00:16
[2014-12-01 15:04:06:647][com.switek.netseed.server.ui.ServerForm] T14-Starting schedule job engine...
[2014-12-01 15:04:36:657][com.switek.netseed.server.ui.ServerForm] T14-Starting schedule job engine...
[2014-12-01 15:05:05:176][com.switek.netseed.server.ui.ServerForm] T1-System run time: 0d 00:17
[2014-12-01 15:05:06:658][com.switek.netseed.server.ui.ServerForm] T14-Starting schedule job engine...
[2014-12-01 15:05:36:672][com.switek.netseed.server.ui.ServerForm] T14-Starting schedule job engine...
[2014-12-01 15:06:05:183][com.switek.netseed.server.ui.ServerForm] T1-System run time: 0d 00:18
[2014-12-01 15:06:06:681][com.switek.netseed.server.ui.ServerForm] T14-Starting schedule job engine...
[2014-12-01 15:06:36:695][com.switek.netseed.server.ui.ServerForm] T14-Starting schedule job engine...
[2014-12-01 15:07:05:197][com.switek.netseed.server.ui.ServerForm] T1-System run time: 0d 00:19
[2014-12-01 15:07:06:710][com.switek.netseed.server.ui.ServerForm] T14-Starting schedule job engine...
[2014-12-01 15:07:36:724][com.switek.netseed.server.ui.ServerForm] T14-Starting schedule job engine...
[2014-12-01 15:08:05:210][com.switek.netseed.server.ui.ServerForm] T1-System run time: 0d 00:20
[2014-12-01 15:08:06:739][com.switek.netseed.server.ui.ServerForm] T14-Starting schedule job engine...
[2014-12-01 15:08:29:281][com.switek.netseed.server.ui.ServerForm] T1-Stoping the server...
[2014-12-01 15:08:29:281][com.switek.netseed.server.ui.ServerForm] T1-Stoped!
[2014-12-01 15:08:29:281][org.logicalcobwebs.proxool.ShutdownHook] Running ShutdownHook
[2014-12-01 15:08:29:281][org.logicalcobwebs.proxool.ConnectionPool] Shutting down 'DBPool' pool immediately [Shutdown Hook]
[2014-12-01 15:08:29:281][org.logicalcobwebs.proxool.ConnectionPool] 000001 (00/01/00) - #0003 removed because of shutdown.
[2014-12-01 15:08:29:281][org.logicalcobwebs.proxool.ConnectionPool] Connection #3 closed
[2014-12-01 15:08:29:281][org.logicalcobwebs.proxool.ConnectionPool] 000001 (00/00/00) - #0001 removed because of shutdown.
[2014-12-01 15:08:29:281][org.logicalcobwebs.proxool.ConnectionPool] Connection #1 closed
[2014-12-01 15:08:29:281][org.logicalcobwebs.proxool.ConnectionPool] 'DBPool' pool has been closed down by Shutdown Hook in 0 milliseconds.
[2014-12-01 15:08:29:281][org.logicalcobwebs.proxool.PrototyperController] Stopping Prototyper thread
[2014-12-01 15:08:29:281][org.logicalcobwebs.proxool.HouseKeeperController] Stopping HouseKeeper thread
