[2014-12-01 18:00:07:597][com.switek.netseed.server.ui.ServerForm] T1-System run time: 0d 01:39
[2014-12-01 18:00:09:969][com.switek.netseed.server.ui.ServerForm] T14-Starting schedule job engine...
[2014-12-01 18:00:39:983][com.switek.netseed.server.ui.ServerForm] T14-Starting schedule job engine...
[2014-12-01 18:01:07:611][com.switek.netseed.server.ui.ServerForm] T1-System run time: 0d 01:40
[2014-12-01 18:01:09:998][com.switek.netseed.server.ui.ServerForm] T14-Starting schedule job engine...
[2014-12-01 18:01:40:012][com.switek.netseed.server.ui.ServerForm] T14-Starting schedule job engine...
[2014-12-01 18:02:07:624][com.switek.netseed.server.ui.ServerForm] T1-System run time: 0d 01:41
[2014-12-01 18:02:10:026][com.switek.netseed.server.ui.ServerForm] T14-Starting schedule job engine...
[2014-12-01 18:02:40:041][com.switek.netseed.server.ui.ServerForm] T14-Starting schedule job engine...
[2014-12-01 18:03:07:637][com.switek.netseed.server.ui.ServerForm] T1-System run time: 0d 01:42
[2014-12-01 18:03:10:055][com.switek.netseed.server.ui.ServerForm] T14-Starting schedule job engine...
[2014-12-01 18:03:40:070][com.switek.netseed.server.ui.ServerForm] T14-Starting schedule job engine...
[2014-12-01 18:04:07:651][com.switek.netseed.server.ui.ServerForm] T1-System run time: 0d 01:43
[2014-12-01 18:04:10:084][com.switek.netseed.server.ui.ServerForm] T14-Starting schedule job engine...
[2014-12-01 18:04:40:099][com.switek.netseed.server.ui.ServerForm] T14-Starting schedule job engine...
[2014-12-01 18:05:07:664][com.switek.netseed.server.ui.ServerForm] T1-System run time: 0d 01:44
[2014-12-01 18:05:10:113][com.switek.netseed.server.ui.ServerForm] T14-Starting schedule job engine...
[2014-12-01 18:05:40:114][com.switek.netseed.server.ui.ServerForm] T14-Starting schedule job engine...
[2014-12-01 18:06:07:678][com.switek.netseed.server.ui.ServerForm] T1-System run time: 0d 01:45
[2014-12-01 18:06:10:127][com.switek.netseed.server.ui.ServerForm] T14-Starting schedule job engine...
[2014-12-01 18:06:40:132][com.switek.netseed.server.ui.ServerForm] T14-Starting schedule job engine...
[2014-12-01 18:07:07:687][com.switek.netseed.server.ui.ServerForm] T1-System run time: 0d 01:46
[2014-12-01 18:07:10:140][com.switek.netseed.server.ui.ServerForm] T14-Starting schedule job engine...
[2014-12-01 18:07:40:140][com.switek.netseed.server.ui.ServerForm] T14-Starting schedule job engine...
[2014-12-01 18:08:07:702][com.switek.netseed.server.ui.ServerForm] T1-System run time: 0d 01:47
[2014-12-01 18:08:10:151][com.switek.netseed.server.ui.ServerForm] T14-Starting schedule job engine...
[2014-12-01 18:08:40:161][com.switek.netseed.server.ui.ServerForm] T14-Starting schedule job engine...
[2014-12-01 18:09:07:702][com.switek.netseed.server.ui.ServerForm] T1-System run time: 0d 01:48
[2014-12-01 18:09:10:167][com.switek.netseed.server.ui.ServerForm] T14-Starting schedule job engine...
[2014-12-01 18:09:40:182][com.switek.netseed.server.ui.ServerForm] T14-Starting schedule job engine...
[2014-12-01 18:10:07:714][com.switek.netseed.server.ui.ServerForm] T1-System run time: 0d 01:49
[2014-12-01 18:10:10:193][com.switek.netseed.server.ui.ServerForm] T14-Starting schedule job engine...
[2014-12-01 18:10:40:201][com.switek.netseed.server.ui.ServerForm] T14-Starting schedule job engine...
[2014-12-01 18:11:07:725][com.switek.netseed.server.ui.ServerForm] T1-System run time: 0d 01:50
[2014-12-01 18:11:10:206][com.switek.netseed.server.ui.ServerForm] T14-Starting schedule job engine...
[2014-12-01 18:11:40:212][com.switek.netseed.server.ui.ServerForm] T14-Starting schedule job engine...
[2014-12-01 18:12:07:728][com.switek.netseed.server.ui.ServerForm] T1-System run time: 0d 01:51
[2014-12-01 18:12:10:224][com.switek.netseed.server.ui.ServerForm] T14-Starting schedule job engine...
[2014-12-01 18:12:40:238][com.switek.netseed.server.ui.ServerForm] T14-Starting schedule job engine...
[2014-12-01 18:13:07:741][com.switek.netseed.server.ui.ServerForm] T1-System run time: 0d 01:52
[2014-12-01 18:13:10:252][com.switek.netseed.server.ui.ServerForm] T14-Starting schedule job engine...
[2014-12-01 18:13:40:267][com.switek.netseed.server.ui.ServerForm] T14-Starting schedule job engine...
[2014-12-01 18:14:07:754][com.switek.netseed.server.ui.ServerForm] T1-System run time: 0d 01:53
[2014-12-01 18:14:10:281][com.switek.netseed.server.ui.ServerForm] T14-Starting schedule job engine...
[2014-12-01 18:14:40:296][com.switek.netseed.server.ui.ServerForm] T14-Starting schedule job engine...
[2014-12-01 18:15:07:768][com.switek.netseed.server.ui.ServerForm] T1-System run time: 0d 01:54
[2014-12-01 18:15:10:310][com.switek.netseed.server.ui.ServerForm] T14-Starting schedule job engine...
[2014-12-01 18:15:40:325][com.switek.netseed.server.ui.ServerForm] T14-Starting schedule job engine...
[2014-12-01 18:16:07:781][com.switek.netseed.server.ui.ServerForm] T1-System run time: 0d 01:55
[2014-12-01 18:16:10:339][com.switek.netseed.server.ui.ServerForm] T14-Starting schedule job engine...
[2014-12-01 18:16:40:354][com.switek.netseed.server.ui.ServerForm] T14-Starting schedule job engine...
[2014-12-01 18:17:07:794][com.switek.netseed.server.ui.ServerForm] T1-System run time: 0d 01:56
[2014-12-01 18:17:10:368][com.switek.netseed.server.ui.ServerForm] T14-Starting schedule job engine...
[2014-12-01 18:17:40:383][com.switek.netseed.server.ui.ServerForm] T14-Starting schedule job engine...
[2014-12-01 18:18:07:807][com.switek.netseed.server.ui.ServerForm] T1-System run time: 0d 01:57
[2014-12-01 18:18:10:397][com.switek.netseed.server.ui.ServerForm] T14-Starting schedule job engine...
[2014-12-01 18:18:40:406][com.switek.netseed.server.ui.ServerForm] T14-Starting schedule job engine...
[2014-12-01 18:19:07:815][com.switek.netseed.server.ui.ServerForm] T1-System run time: 0d 01:58
[2014-12-01 18:19:10:421][com.switek.netseed.server.ui.ServerForm] T14-Starting schedule job engine...
[2014-12-01 18:19:40:435][com.switek.netseed.server.ui.ServerForm] T14-Starting schedule job engine...
[2014-12-01 18:20:07:829][com.switek.netseed.server.ui.ServerForm] T1-System run time: 0d 01:59
[2014-12-01 18:20:10:449][com.switek.netseed.server.ui.ServerForm] T14-Starting schedule job engine...
[2014-12-01 18:20:40:464][com.switek.netseed.server.ui.ServerForm] T14-Starting schedule job engine...
[2014-12-01 18:21:07:842][com.switek.netseed.server.ui.ServerForm] T1-System run time: 0d 02:00
[2014-12-01 18:21:10:478][com.switek.netseed.server.ui.ServerForm] T14-Starting schedule job engine...
[2014-12-01 18:21:40:493][com.switek.netseed.server.ui.ServerForm] T14-Starting schedule job engine...
[2014-12-01 18:22:07:855][com.switek.netseed.server.ui.ServerForm] T1-System run time: 0d 02:01
[2014-12-01 18:22:10:507][com.switek.netseed.server.ui.ServerForm] T14-Starting schedule job engine...
[2014-12-01 18:22:40:522][com.switek.netseed.server.ui.ServerForm] T14-Starting schedule job engine...
[2014-12-01 18:23:07:869][com.switek.netseed.server.ui.ServerForm] T1-System run time: 0d 02:02
[2014-12-01 18:23:10:536][com.switek.netseed.server.ui.ServerForm] T14-Starting schedule job engine...
[2014-12-01 18:23:40:551][com.switek.netseed.server.ui.ServerForm] T14-Starting schedule job engine...
[2014-12-01 18:24:07:882][com.switek.netseed.server.ui.ServerForm] T1-System run time: 0d 02:03
[2014-12-01 18:24:10:565][com.switek.netseed.server.ui.ServerForm] T14-Starting schedule job engine...
[2014-12-01 18:24:40:580][com.switek.netseed.server.ui.ServerForm] T14-Starting schedule job engine...
[2014-12-01 18:25:07:895][com.switek.netseed.server.ui.ServerForm] T1-System run time: 0d 02:04
[2014-12-01 18:25:10:594][com.switek.netseed.server.ui.ServerForm] T14-Starting schedule job engine...
[2014-12-01 18:25:40:608][com.switek.netseed.server.ui.ServerForm] T14-Starting schedule job engine...
[2014-12-01 18:26:07:909][com.switek.netseed.server.ui.ServerForm] T1-System run time: 0d 02:05
[2014-12-01 18:26:10:623][com.switek.netseed.server.ui.ServerForm] T14-Starting schedule job engine...
[2014-12-01 18:26:40:637][com.switek.netseed.server.ui.ServerForm] T14-Starting schedule job engine...
[2014-12-01 18:27:07:922][com.switek.netseed.server.ui.ServerForm] T1-System run time: 0d 02:06
[2014-12-01 18:27:10:652][com.switek.netseed.server.ui.ServerForm] T14-Starting schedule job engine...
[2014-12-01 18:27:40:666][com.switek.netseed.server.ui.ServerForm] T14-Starting schedule job engine...
[2014-12-01 18:28:07:935][com.switek.netseed.server.ui.ServerForm] T1-System run time: 0d 02:07
[2014-12-01 18:28:10:681][com.switek.netseed.server.ui.ServerForm] T14-Starting schedule job engine...
[2014-12-01 18:28:40:695][com.switek.netseed.server.ui.ServerForm] T14-Starting schedule job engine...
[2014-12-01 18:29:07:948][com.switek.netseed.server.ui.ServerForm] T1-System run time: 0d 02:08
[2014-12-01 18:29:10:710][com.switek.netseed.server.ui.ServerForm] T14-Starting schedule job engine...
[2014-12-01 18:29:40:724][com.switek.netseed.server.ui.ServerForm] T14-Starting schedule job engine...
[2014-12-01 18:30:07:962][com.switek.netseed.server.ui.ServerForm] T1-System run time: 0d 02:09
[2014-12-01 18:30:10:739][com.switek.netseed.server.ui.ServerForm] T14-Starting schedule job engine...
[2014-12-01 18:30:40:753][com.switek.netseed.server.ui.ServerForm] T14-Starting schedule job engine...
[2014-12-01 18:31:07:975][com.switek.netseed.server.ui.ServerForm] T1-System run time: 0d 02:10
[2014-12-01 18:31:10:767][com.switek.netseed.server.ui.ServerForm] T14-Starting schedule job engine...
[2014-12-01 18:31:40:782][com.switek.netseed.server.ui.ServerForm] T14-Starting schedule job engine...
[2014-12-01 18:32:07:988][com.switek.netseed.server.ui.ServerForm] T1-System run time: 0d 02:11
[2014-12-01 18:32:10:796][com.switek.netseed.server.ui.ServerForm] T14-Starting schedule job engine...
[2014-12-01 18:32:40:811][com.switek.netseed.server.ui.ServerForm] T14-Starting schedule job engine...
[2014-12-01 18:33:08:002][com.switek.netseed.server.ui.ServerForm] T1-System run time: 0d 02:12
[2014-12-01 18:33:10:825][com.switek.netseed.server.ui.ServerForm] T14-Starting schedule job engine...
[2014-12-01 18:33:40:826][com.switek.netseed.server.ui.ServerForm] T14-Starting schedule job engine...
[2014-12-01 18:34:08:017][com.switek.netseed.server.ui.ServerForm] T1-System run time: 0d 02:13
[2014-12-01 18:34:10:841][com.switek.netseed.server.ui.ServerForm] T14-Starting schedule job engine...
[2014-12-01 18:34:40:855][com.switek.netseed.server.ui.ServerForm] T14-Starting schedule job engine...
[2014-12-01 18:35:08:031][com.switek.netseed.server.ui.ServerForm] T1-System run time: 0d 02:14
[2014-12-01 18:35:10:870][com.switek.netseed.server.ui.ServerForm] T14-Starting schedule job engine...
[2014-12-01 18:35:40:884][com.switek.netseed.server.ui.ServerForm] T14-Starting schedule job engine...
[2014-12-01 18:36:08:044][com.switek.netseed.server.ui.ServerForm] T1-System run time: 0d 02:15
[2014-12-01 18:36:10:899][com.switek.netseed.server.ui.ServerForm] T14-Starting schedule job engine...
[2014-12-01 18:36:40:913][com.switek.netseed.server.ui.ServerForm] T14-Starting schedule job engine...
[2014-12-01 18:37:08:057][com.switek.netseed.server.ui.ServerForm] T1-System run time: 0d 02:16
[2014-12-01 18:37:10:928][com.switek.netseed.server.ui.ServerForm] T14-Starting schedule job engine...
[2014-12-01 18:37:40:934][com.switek.netseed.server.ui.ServerForm] T14-Starting schedule job engine...
[2014-12-01 18:38:08:070][com.switek.netseed.server.ui.ServerForm] T1-System run time: 0d 02:17
[2014-12-01 18:38:10:946][com.switek.netseed.server.ui.ServerForm] T14-Starting schedule job engine...
[2014-12-01 18:38:40:958][com.switek.netseed.server.ui.ServerForm] T14-Starting schedule job engine...
[2014-12-01 18:39:08:082][com.switek.netseed.server.ui.ServerForm] T1-System run time: 0d 02:18
[2014-12-01 18:39:10:960][com.switek.netseed.server.ui.ServerForm] T14-Starting schedule job engine...
[2014-12-01 18:39:40:971][com.switek.netseed.server.ui.ServerForm] T14-Starting schedule job engine...
[2014-12-01 18:40:08:093][com.switek.netseed.server.ui.ServerForm] T1-System run time: 0d 02:19
[2014-12-01 18:40:10:979][com.switek.netseed.server.ui.ServerForm] T14-Starting schedule job engine...
[2014-12-01 18:40:40:988][com.switek.netseed.server.ui.ServerForm] T14-Starting schedule job engine...
[2014-12-01 18:41:08:101][com.switek.netseed.server.ui.ServerForm] T1-System run time: 0d 02:20
[2014-12-01 18:41:11:002][com.switek.netseed.server.ui.ServerForm] T14-Starting schedule job engine...
[2014-12-01 18:41:41:005][com.switek.netseed.server.ui.ServerForm] T14-Starting schedule job engine...
[2014-12-01 18:42:08:103][com.switek.netseed.server.ui.ServerForm] T1-System run time: 0d 02:21
[2014-12-01 18:42:11:020][com.switek.netseed.server.ui.ServerForm] T14-Starting schedule job engine...
[2014-12-01 18:42:41:034][com.switek.netseed.server.ui.ServerForm] T14-Starting schedule job engine...
[2014-12-01 18:43:08:118][com.switek.netseed.server.ui.ServerForm] T1-System run time: 0d 02:22
[2014-12-01 18:43:11:035][com.switek.netseed.server.ui.ServerForm] T14-Starting schedule job engine...
[2014-12-01 18:43:41:051][com.switek.netseed.server.ui.ServerForm] T14-Starting schedule job engine...
[2014-12-01 18:44:08:121][com.switek.netseed.server.ui.ServerForm] T1-System run time: 0d 02:23
[2014-12-01 18:44:11:053][com.switek.netseed.server.ui.ServerForm] T14-Starting schedule job engine...
[2014-12-01 18:44:41:069][com.switek.netseed.server.ui.ServerForm] T14-Starting schedule job engine...
[2014-12-01 18:45:08:122][com.switek.netseed.server.ui.ServerForm] T1-System run time: 0d 02:24
[2014-12-01 18:45:08:419][com.switek.netseed.server.ui.ServerForm] T1-Stoping the server...
[2014-12-01 18:45:08:419][com.switek.netseed.server.ui.ServerForm] T1-Stoped!
[2014-12-01 18:45:08:419][org.logicalcobwebs.proxool.ShutdownHook] Running ShutdownHook
[2014-12-01 18:45:08:419][org.logicalcobwebs.proxool.ConnectionPool] Shutting down 'DBPool' pool immediately [Shutdown Hook]
[2014-12-01 18:45:08:419][org.logicalcobwebs.proxool.ConnectionPool] 000001 (00/01/00) - #0003 removed because of shutdown.
[2014-12-01 18:45:08:419][org.logicalcobwebs.proxool.ConnectionPool] Connection #3 closed
[2014-12-01 18:45:08:419][org.logicalcobwebs.proxool.ConnectionPool] 000001 (00/00/00) - #0001 removed because of shutdown.
[2014-12-01 18:45:08:419][org.logicalcobwebs.proxool.ConnectionPool] Connection #1 closed
[2014-12-01 18:45:08:419][org.logicalcobwebs.proxool.ConnectionPool] 'DBPool' pool has been closed down by Shutdown Hook in 0 milliseconds.
[2014-12-01 18:45:08:419][org.logicalcobwebs.proxool.PrototyperController] Stopping Prototyper thread
[2014-12-01 18:45:08:419][org.logicalcobwebs.proxool.HouseKeeperController] Stopping HouseKeeper thread
