[2014-12-01 16:21:06:771][com.switek.netseed.server.ui.ServerForm] test
[2014-12-01 16:21:06:777][com.switek.netseed.server.ui.ServerForm] T1-Starting the server...
[2014-12-01 16:21:06:779][com.switek.netseed.server.ui.ServerForm] T1-Socket IO Processor: 64
[2014-12-01 16:21:06:780][com.switek.netseed.server.ui.ServerForm] T1-Socket IO Pool: 64
[2014-12-01 16:21:06:783][com.switek.netseed.server.ui.ServerForm] T10-Loading standard IR code list from database...
[2014-12-01 16:21:06:798][org.logicalcobwebs.proxool.configuration.JAXPConfigurator] Configuring from reader: java.io.InputStreamReader@3cd5cdab
[2014-12-01 16:21:06:800][org.logicalcobwebs.proxool.configuration.JAXPConfigurator] SAXParserFactory class: com.sun.org.apache.xerces.internal.jaxp.SAXParserFactoryImpl
[2014-12-01 16:21:06:810][org.logicalcobwebs.proxool.configuration.JAXPConfigurator] sax parser classcom.sun.org.apache.xerces.internal.jaxp.SAXParserImpl
[2014-12-01 16:21:06:811][org.logicalcobwebs.proxool.configuration.JAXPConfigurator] XML reader class: com.sun.org.apache.xerces.internal.jaxp.SAXParserImpl$JAXPSAXParser
[2014-12-01 16:21:06:812][org.logicalcobwebs.proxool.configuration.JAXPConfigurator] Setting sax feature: 'http://xml.org/sax/features/namespaces'. State: true.
[2014-12-01 16:21:06:812][org.logicalcobwebs.proxool.configuration.JAXPConfigurator] Setting sax feature: 'http://xml.org/sax/features/namespace-prefixes'. State: false.
[2014-12-01 16:21:06:818][org.logicalcobwebs.proxool.configuration.XMLConfigurator] Adding driver property: user=cziotappuser
[2014-12-01 16:21:06:818][org.logicalcobwebs.proxool.configuration.XMLConfigurator] Adding driver property: password=*******
[2014-12-01 16:21:06:819][org.logicalcobwebs.proxool.configuration.XMLConfigurator] Setting property 'proxool.simultaneous-build-throttle' to value '10'.
[2014-12-01 16:21:06:819][org.logicalcobwebs.proxool.configuration.XMLConfigurator] Setting property 'proxool.maximum-connection-count' to value '5'.
[2014-12-01 16:21:06:819][org.logicalcobwebs.proxool.configuration.XMLConfigurator] Setting property 'proxool.minimum-connection-count' to value '2'.
[2014-12-01 16:21:06:820][org.logicalcobwebs.proxool.configuration.XMLConfigurator] Setting property 'proxool.house-keeping-sleep-time' to value '120000'.
[2014-12-01 16:21:06:820][org.logicalcobwebs.proxool.configuration.XMLConfigurator] Setting property 'proxool.prototype-count' to value '2'.
[2014-12-01 16:21:06:820][org.logicalcobwebs.proxool.configuration.XMLConfigurator] Setting property 'proxool.test-before-use' to value 'true'.
[2014-12-01 16:21:06:821][org.logicalcobwebs.proxool.configuration.XMLConfigurator] Setting property 'proxool.house-keeping-test-sql' to value 'select 1'.
[2014-12-01 16:21:06:821][org.logicalcobwebs.proxool.configuration.XMLConfigurator] Created url: proxool.DBPool:com.mysql.jdbc.Driver:jdbc:mysql://localhost:13306/cziot
[2014-12-01 16:21:06:825][org.logicalcobwebs.proxool.ProxoolFacade] Proxool 0.9.1 (23-Aug-2008 11:10)
[2014-12-01 16:21:06:835][org.logicalcobwebs.proxool.ConnectionPoolDefinition] Recognised proxool property: proxool.driver=com.mysql.jdbc.Driver
[2014-12-01 16:21:06:836][org.logicalcobwebs.proxool.ConnectionPoolDefinition] Recognised proxool property: proxool.url=jdbc:mysql://localhost:13306/cziot
[2014-12-01 16:21:06:836][org.logicalcobwebs.proxool.ConnectionPoolDefinition] Recognised proxool property: proxool.minimum-connection-count=2
[2014-12-01 16:21:06:836][org.logicalcobwebs.proxool.ConnectionPoolDefinition] Recognised proxool property: proxool.test-before-use=true
[2014-12-01 16:21:06:837][org.logicalcobwebs.proxool.ConnectionPoolDefinition] Delegating property to driver: user=cziotappuser
[2014-12-01 16:21:06:837][org.logicalcobwebs.proxool.ConnectionPoolDefinition] Recognised proxool property: proxool.house-keeping-sleep-time=120000
[2014-12-01 16:21:06:838][org.logicalcobwebs.proxool.ConnectionPoolDefinition] Recognised proxool property: proxool.prototype-count=2
[2014-12-01 16:21:06:839][org.logicalcobwebs.proxool.ConnectionPoolDefinition] Delegating property to driver: password=********
[2014-12-01 16:21:06:839][org.logicalcobwebs.proxool.ConnectionPoolDefinition] Recognised proxool property: proxool.maximum-connection-count=5
[2014-12-01 16:21:06:840][org.logicalcobwebs.proxool.ConnectionPoolDefinition] Recognised proxool property: proxool.house-keeping-test-sql=select 1
[2014-12-01 16:21:06:852][org.logicalcobwebs.proxool.ShutdownHook] Registered shutdownHook
[2014-12-01 16:21:06:855][org.logicalcobwebs.proxool.HouseKeeperController] Registering 'DBPool' house keeper
[2014-12-01 16:21:06:857][org.logicalcobwebs.proxool.HouseKeeperController] Starting a house keeper thread
[2014-12-01 16:21:07:018][org.logicalcobwebs.proxool.ConnectionResetter] Remembering default value: getTransactionIsolation() = 4
[2014-12-01 16:21:07:019][org.logicalcobwebs.proxool.ConnectionResetter] Remembering default value: getHoldability() = 2
[2014-12-01 16:21:07:019][org.logicalcobwebs.proxool.ConnectionResetter] Remembering default value: getCatalog() = cziot
[2014-12-01 16:21:07:020][org.logicalcobwebs.proxool.ConnectionResetter] Remembering default value: isReadOnly() = false
[2014-12-01 16:21:07:020][org.logicalcobwebs.proxool.ConnectionResetter] Remembering default value: getTypeMap() = {}
[2014-12-01 16:21:07:020][org.logicalcobwebs.proxool.ConnectionPool] Proxool statistics legend: "s - r  (a/t/o)" > s=served, r=refused (only shown if non-zero), a=active, t=total, o=offline (being tested)
[2014-12-01 16:21:07:020][org.logicalcobwebs.proxool.ConnectionPool] Proxool statistics legend: "s - r  (a/t/o)" > s=served, r=refused (only shown if non-zero), a=active, t=total, o=offline (being tested)
[2014-12-01 16:21:07:021][org.logicalcobwebs.proxool.Prototyper] 000000 (01/02/00) - Connection #2 created on demand = ACTIVE
[2014-12-01 16:21:07:021][org.logicalcobwebs.proxool.Prototyper] 000000 (01/02/00) - Connection #1 created to achieve minimum of 2 = AVAILABLE
[2014-12-01 16:21:07:023][org.logicalcobwebs.proxool.ConnectionPool] 000000 (01/02/00) - Connection #2 tested: OK
[2014-12-01 16:21:07:038][org.logicalcobwebs.proxool.Prototyper] 000001 (01/03/00) - Connection #3 created to keep 2 available = AVAILABLE
[2014-12-01 16:21:07:074][org.logicalcobwebs.proxool.ProxyFactory] Implementing interface com.mysql.jdbc.ConnectionProperties
[2014-12-01 16:21:07:074][org.logicalcobwebs.proxool.ProxyFactory] Implementing interface java.sql.Connection
[2014-12-01 16:21:07:075][org.logicalcobwebs.proxool.ProxyFactory] Implementing interface com.mysql.jdbc.Connection
[2014-12-01 16:21:07:075][org.logicalcobwebs.proxool.ProxyFactory] Implementing interface java.io.Serializable
[2014-12-01 16:21:07:075][org.logicalcobwebs.proxool.ProxyFactory] Implementing interface java.lang.AutoCloseable
[2014-12-01 16:21:07:075][org.logicalcobwebs.proxool.ProxyFactory] Implementing interface com.mysql.jdbc.MySQLConnection
[2014-12-01 16:21:07:076][org.logicalcobwebs.proxool.ProxyFactory] Implementing interface java.sql.Wrapper
[2014-12-01 16:21:07:553][org.logicalcobwebs.proxool.ProxyFactory] Implementing interface com.mysql.jdbc.Statement
[2014-12-01 16:21:07:553][org.logicalcobwebs.proxool.ProxyFactory] Implementing interface java.sql.Statement
[2014-12-01 16:21:07:553][org.logicalcobwebs.proxool.ProxyFactory] Implementing interface java.lang.AutoCloseable
[2014-12-01 16:21:07:554][org.logicalcobwebs.proxool.ProxyFactory] Implementing interface java.sql.Wrapper
[2014-12-01 16:21:07:670][com.switek.netseed.server.ui.ServerForm] T10-Loading device type def from database...
[2014-12-01 16:21:07:673][com.switek.netseed.server.ui.ServerForm] T10-Done.
[2014-12-01 16:21:07:673][com.switek.netseed.server.ui.ServerForm] T10-Loading brand info list from database...
[2014-12-01 16:21:07:680][com.switek.netseed.server.ui.ServerForm] T10-Done
[2014-12-01 16:21:07:680][com.switek.netseed.server.ui.ServerForm] T10-Loading releationship of type and brand from database...
[2014-12-01 16:21:07:684][com.switek.netseed.server.ui.ServerForm] T10-Done
[2014-12-01 16:21:07:685][com.switek.netseed.server.ui.ServerForm] T10-Loading controller list from database...
[2014-12-01 16:21:07:774][com.switek.netseed.server.ui.ServerForm] T10-There are 1450 controller(s)
[2014-12-01 16:21:07:774][com.switek.netseed.server.ui.ServerForm] T10-Loading subcontroller list from database...
[2014-12-01 16:21:07:816][com.switek.netseed.server.ui.ServerForm] T10-There are 1570 subcontroler(s).
[2014-12-01 16:21:07:816][com.switek.netseed.server.ui.ServerForm] T10-Loading device list from database...
[2014-12-01 16:21:07:872][com.switek.netseed.server.ui.ServerForm] T10-There are 1785 device(s).
[2014-12-01 16:21:07:873][com.switek.netseed.server.ui.ServerForm] T10-Loading learned IR code from database...
[2014-12-01 16:21:08:024][com.switek.netseed.server.ui.ServerForm] T10-Learned IR code are loaded!
[2014-12-01 16:21:08:025][com.switek.netseed.server.ui.ServerForm] T10-Loading app list from database...
[2014-12-01 16:21:08:027][com.switek.netseed.server.ui.ServerForm] T10-Loading timers...
[2014-12-01 16:21:08:028][com.switek.netseed.server.ui.ServerForm] T10-There are 0 timer(s)
[2014-12-01 16:21:08:028][com.switek.netseed.server.ui.ServerForm] T10-Loading timer steps...
[2014-12-01 16:21:08:029][com.switek.netseed.server.ui.ServerForm] T10-Completed to load timers.
[2014-12-01 16:21:08:030][com.switek.netseed.server.ui.ServerForm] T10-Setup schedule job engine.
[2014-12-01 16:21:08:037][com.switek.netseed.server.ui.ServerForm] T10-MaxThread: 100
[2014-12-01 16:21:08:037][com.switek.netseed.server.ui.ServerForm] T10-Starting the Netseed server...
[2014-12-01 16:21:08:175][com.switek.netseed.server.ui.ServerForm] T10-Netseed Server started, on QH-20141126YGNW/192.168.100.8:28899
[2014-12-01 16:22:06:740][com.switek.netseed.server.ui.ServerForm] T1-System run time: 0d 00:01
[2014-12-01 16:22:08:035][com.switek.netseed.server.ui.ServerForm] T14-Starting schedule job engine...
[2014-12-01 16:22:38:035][com.switek.netseed.server.ui.ServerForm] T14-Starting schedule job engine...
[2014-12-01 16:23:08:036][com.switek.netseed.server.ui.ServerForm] T14-Starting schedule job engine...
[2014-12-01 16:23:38:037][com.switek.netseed.server.ui.ServerForm] T14-Starting schedule job engine...
[2014-12-01 16:24:06:737][com.switek.netseed.server.ui.ServerForm] T1-System run time: 0d 00:03
[2014-12-01 16:24:08:038][com.switek.netseed.server.ui.ServerForm] T14-Starting schedule job engine...
[2014-12-01 16:24:38:038][com.switek.netseed.server.ui.ServerForm] T14-Starting schedule job engine...
[2014-12-01 16:25:06:738][com.switek.netseed.server.ui.ServerForm] T1-System run time: 0d 00:04
[2014-12-01 16:25:08:039][com.switek.netseed.server.ui.ServerForm] T14-Starting schedule job engine...
[2014-12-01 16:25:38:040][com.switek.netseed.server.ui.ServerForm] T14-Starting schedule job engine...
[2014-12-01 16:26:06:738][com.switek.netseed.server.ui.ServerForm] T1-System run time: 0d 00:05
[2014-12-01 16:26:08:040][com.switek.netseed.server.ui.ServerForm] T14-Starting schedule job engine...
[2014-12-01 16:26:38:041][com.switek.netseed.server.ui.ServerForm] T14-Starting schedule job engine...
[2014-12-01 16:27:06:739][com.switek.netseed.server.ui.ServerForm] T1-System run time: 0d 00:06
[2014-12-01 16:27:06:882][org.logicalcobwebs.proxool.ConnectionPool] 000001 (00/02/00) - #0002 removed because it has been active for too long.
[2014-12-01 16:27:06:882][org.logicalcobwebs.proxool.HouseKeeper] #0002 was active for 359863 milliseconds and has been removed automaticaly. The Thread responsible was named 'Thread-1', but the last SQL it performed is unknown because the trace property is not enabled.
[2014-12-01 16:27:08:042][com.switek.netseed.server.ui.ServerForm] T14-Starting schedule job engine...
[2014-12-01 16:27:38:043][com.switek.netseed.server.ui.ServerForm] T14-Starting schedule job engine...
[2014-12-01 16:28:06:739][com.switek.netseed.server.ui.ServerForm] T1-System run time: 0d 00:07
[2014-12-01 16:28:08:044][com.switek.netseed.server.ui.ServerForm] T14-Starting schedule job engine...
[2014-12-01 16:28:38:044][com.switek.netseed.server.ui.ServerForm] T14-Starting schedule job engine...
[2014-12-01 16:29:06:748][com.switek.netseed.server.ui.ServerForm] T1-System run time: 0d 00:08
[2014-12-01 16:29:08:058][com.switek.netseed.server.ui.ServerForm] T14-Starting schedule job engine...
[2014-12-01 16:29:38:073][com.switek.netseed.server.ui.ServerForm] T14-Starting schedule job engine...
[2014-12-01 16:30:06:761][com.switek.netseed.server.ui.ServerForm] T1-System run time: 0d 00:09
[2014-12-01 16:30:08:087][com.switek.netseed.server.ui.ServerForm] T14-Starting schedule job engine...
[2014-12-01 16:30:38:102][com.switek.netseed.server.ui.ServerForm] T14-Starting schedule job engine...
[2014-12-01 16:31:06:767][com.switek.netseed.server.ui.ServerForm] T1-System run time: 0d 00:10
[2014-12-01 16:31:08:108][com.switek.netseed.server.ui.ServerForm] T14-Starting schedule job engine...
[2014-12-01 16:31:38:115][com.switek.netseed.server.ui.ServerForm] T14-Starting schedule job engine...
[2014-12-01 16:32:06:774][com.switek.netseed.server.ui.ServerForm] T1-System run time: 0d 00:11
[2014-12-01 16:32:08:116][com.switek.netseed.server.ui.ServerForm] T14-Starting schedule job engine...
[2014-12-01 16:32:38:130][com.switek.netseed.server.ui.ServerForm] T14-Starting schedule job engine...
[2014-12-01 16:33:06:788][com.switek.netseed.server.ui.ServerForm] T1-System run time: 0d 00:12
[2014-12-01 16:33:08:145][com.switek.netseed.server.ui.ServerForm] T14-Starting schedule job engine...
[2014-12-01 16:33:38:159][com.switek.netseed.server.ui.ServerForm] T14-Starting schedule job engine...
[2014-12-01 16:34:06:801][com.switek.netseed.server.ui.ServerForm] T1-System run time: 0d 00:13
[2014-12-01 16:34:08:174][com.switek.netseed.server.ui.ServerForm] T14-Starting schedule job engine...
[2014-12-01 16:34:38:188][com.switek.netseed.server.ui.ServerForm] T14-Starting schedule job engine...
[2014-12-01 16:35:06:814][com.switek.netseed.server.ui.ServerForm] T1-System run time: 0d 00:14
[2014-12-01 16:35:08:203][com.switek.netseed.server.ui.ServerForm] T14-Starting schedule job engine...
[2014-12-01 16:35:38:217][com.switek.netseed.server.ui.ServerForm] T14-Starting schedule job engine...
[2014-12-01 16:36:06:828][com.switek.netseed.server.ui.ServerForm] T1-System run time: 0d 00:15
[2014-12-01 16:36:08:232][com.switek.netseed.server.ui.ServerForm] T14-Starting schedule job engine...
[2014-12-01 16:36:38:246][com.switek.netseed.server.ui.ServerForm] T14-Starting schedule job engine...
[2014-12-01 16:37:06:841][com.switek.netseed.server.ui.ServerForm] T1-System run time: 0d 00:16
[2014-12-01 16:37:08:261][com.switek.netseed.server.ui.ServerForm] T14-Starting schedule job engine...
[2014-12-01 16:37:38:275][com.switek.netseed.server.ui.ServerForm] T14-Starting schedule job engine...
[2014-12-01 16:38:06:854][com.switek.netseed.server.ui.ServerForm] T1-System run time: 0d 00:17
[2014-12-01 16:38:08:289][com.switek.netseed.server.ui.ServerForm] T14-Starting schedule job engine...
[2014-12-01 16:38:38:304][com.switek.netseed.server.ui.ServerForm] T14-Starting schedule job engine...
[2014-12-01 16:39:06:868][com.switek.netseed.server.ui.ServerForm] T1-System run time: 0d 00:18
[2014-12-01 16:39:08:318][com.switek.netseed.server.ui.ServerForm] T14-Starting schedule job engine...
[2014-12-01 16:39:38:333][com.switek.netseed.server.ui.ServerForm] T14-Starting schedule job engine...
[2014-12-01 16:40:06:881][com.switek.netseed.server.ui.ServerForm] T1-System run time: 0d 00:19
[2014-12-01 16:40:08:347][com.switek.netseed.server.ui.ServerForm] T14-Starting schedule job engine...
[2014-12-01 16:40:38:362][com.switek.netseed.server.ui.ServerForm] T14-Starting schedule job engine...
[2014-12-01 16:41:06:894][com.switek.netseed.server.ui.ServerForm] T1-System run time: 0d 00:20
[2014-12-01 16:41:08:376][com.switek.netseed.server.ui.ServerForm] T14-Starting schedule job engine...
[2014-12-01 16:41:38:391][com.switek.netseed.server.ui.ServerForm] T14-Starting schedule job engine...
[2014-12-01 16:42:06:907][com.switek.netseed.server.ui.ServerForm] T1-System run time: 0d 00:21
[2014-12-01 16:42:08:405][com.switek.netseed.server.ui.ServerForm] T14-Starting schedule job engine...
[2014-12-01 16:42:38:420][com.switek.netseed.server.ui.ServerForm] T14-Starting schedule job engine...
[2014-12-01 16:43:06:921][com.switek.netseed.server.ui.ServerForm] T1-System run time: 0d 00:22
[2014-12-01 16:43:08:434][com.switek.netseed.server.ui.ServerForm] T14-Starting schedule job engine...
[2014-12-01 16:43:38:448][com.switek.netseed.server.ui.ServerForm] T14-Starting schedule job engine...
[2014-12-01 16:44:06:934][com.switek.netseed.server.ui.ServerForm] T1-System run time: 0d 00:23
[2014-12-01 16:44:08:463][com.switek.netseed.server.ui.ServerForm] T14-Starting schedule job engine...
[2014-12-01 16:44:38:477][com.switek.netseed.server.ui.ServerForm] T14-Starting schedule job engine...
[2014-12-01 16:45:06:947][com.switek.netseed.server.ui.ServerForm] T1-System run time: 0d 00:24
[2014-12-01 16:45:08:492][com.switek.netseed.server.ui.ServerForm] T14-Starting schedule job engine...
[2014-12-01 16:45:38:506][com.switek.netseed.server.ui.ServerForm] T14-Starting schedule job engine...
[2014-12-01 16:46:06:961][com.switek.netseed.server.ui.ServerForm] T1-System run time: 0d 00:25
[2014-12-01 16:46:08:521][com.switek.netseed.server.ui.ServerForm] T14-Starting schedule job engine...
[2014-12-01 16:46:38:535][com.switek.netseed.server.ui.ServerForm] T14-Starting schedule job engine...
[2014-12-01 16:47:06:974][com.switek.netseed.server.ui.ServerForm] T1-System run time: 0d 00:26
[2014-12-01 16:47:08:550][com.switek.netseed.server.ui.ServerForm] T14-Starting schedule job engine...
[2014-12-01 16:47:38:564][com.switek.netseed.server.ui.ServerForm] T14-Starting schedule job engine...
[2014-12-01 16:48:06:987][com.switek.netseed.server.ui.ServerForm] T1-System run time: 0d 00:27
[2014-12-01 16:48:08:578][com.switek.netseed.server.ui.ServerForm] T14-Starting schedule job engine...
[2014-12-01 16:48:38:593][com.switek.netseed.server.ui.ServerForm] T14-Starting schedule job engine...
[2014-12-01 16:49:07:001][com.switek.netseed.server.ui.ServerForm] T1-System run time: 0d 00:28
[2014-12-01 16:49:08:607][com.switek.netseed.server.ui.ServerForm] T14-Starting schedule job engine...
[2014-12-01 16:49:38:611][com.switek.netseed.server.ui.ServerForm] T14-Starting schedule job engine...
[2014-12-01 16:50:07:013][com.switek.netseed.server.ui.ServerForm] T1-System run time: 0d 00:29
[2014-12-01 16:50:08:614][com.switek.netseed.server.ui.ServerForm] T14-Starting schedule job engine...
[2014-12-01 16:50:38:628][com.switek.netseed.server.ui.ServerForm] T14-Starting schedule job engine...
[2014-12-01 16:51:07:020][com.switek.netseed.server.ui.ServerForm] T1-System run time: 0d 00:30
[2014-12-01 16:51:08:642][com.switek.netseed.server.ui.ServerForm] T14-Starting schedule job engine...
[2014-12-01 16:51:38:644][com.switek.netseed.server.ui.ServerForm] T14-Starting schedule job engine...
[2014-12-01 16:52:07:023][com.switek.netseed.server.ui.ServerForm] T1-System run time: 0d 00:31
[2014-12-01 16:52:08:645][com.switek.netseed.server.ui.ServerForm] T14-Starting schedule job engine...
[2014-12-01 16:52:38:647][com.switek.netseed.server.ui.ServerForm] T14-Starting schedule job engine...
[2014-12-01 16:53:07:026][com.switek.netseed.server.ui.ServerForm] T1-System run time: 0d 00:32
[2014-12-01 16:53:08:649][com.switek.netseed.server.ui.ServerForm] T14-Starting schedule job engine...
[2014-12-01 16:53:38:651][com.switek.netseed.server.ui.ServerForm] T14-Starting schedule job engine...
[2014-12-01 16:54:07:027][com.switek.netseed.server.ui.ServerForm] T1-System run time: 0d 00:33
[2014-12-01 16:54:08:665][com.switek.netseed.server.ui.ServerForm] T14-Starting schedule job engine...
[2014-12-01 16:54:38:678][com.switek.netseed.server.ui.ServerForm] T14-Starting schedule job engine...
[2014-12-01 16:55:07:037][com.switek.netseed.server.ui.ServerForm] T1-System run time: 0d 00:34
[2014-12-01 16:55:08:691][com.switek.netseed.server.ui.ServerForm] T14-Starting schedule job engine...
[2014-12-01 16:55:38:692][com.switek.netseed.server.ui.ServerForm] T14-Starting schedule job engine...
[2014-12-01 16:56:07:042][com.switek.netseed.server.ui.ServerForm] T1-System run time: 0d 00:35
[2014-12-01 16:56:08:695][com.switek.netseed.server.ui.ServerForm] T14-Starting schedule job engine...
[2014-12-01 16:56:38:696][com.switek.netseed.server.ui.ServerForm] T14-Starting schedule job engine...
[2014-12-01 16:57:07:042][com.switek.netseed.server.ui.ServerForm] T1-System run time: 0d 00:36
[2014-12-01 16:57:08:697][com.switek.netseed.server.ui.ServerForm] T14-Starting schedule job engine...
[2014-12-01 16:57:38:703][com.switek.netseed.server.ui.ServerForm] T14-Starting schedule job engine...
[2014-12-01 16:58:07:048][com.switek.netseed.server.ui.ServerForm] T1-System run time: 0d 00:37
[2014-12-01 16:58:08:717][com.switek.netseed.server.ui.ServerForm] T14-Starting schedule job engine...
[2014-12-01 16:58:38:731][com.switek.netseed.server.ui.ServerForm] T14-Starting schedule job engine...
[2014-12-01 16:59:07:061][com.switek.netseed.server.ui.ServerForm] T1-System run time: 0d 00:38
[2014-12-01 16:59:08:746][com.switek.netseed.server.ui.ServerForm] T14-Starting schedule job engine...
[2014-12-01 16:59:38:760][com.switek.netseed.server.ui.ServerForm] T14-Starting schedule job engine...
