[2015-03-08 10:00:22:746][com.switek.netseed.server.ui.ServerForm] Already delete [2015-01-13_09.log] file in [2015-01-13] folder.
[2015-03-08 10:00:22:746][com.switek.netseed.server.ui.ServerForm] Already delete [2015-01-13_10.log] file in [2015-01-13] folder.
[2015-03-08 10:00:22:746][com.switek.netseed.server.ui.ServerForm] Already delete [2015-01-13] file folder.
[2015-03-08 10:00:22:730][com.switek.netseed.server.ui.ServerForm] test
[2015-03-08 10:00:22:746][com.switek.netseed.server.ui.ServerForm] T1-Starting the server...
[2015-03-08 10:00:22:746][com.switek.netseed.server.ui.ServerForm] T1-Socket IO Processor: 64
[2015-03-08 10:00:22:746][com.switek.netseed.server.ui.ServerForm] T1-Socket IO Pool: 64
[2015-03-08 10:00:22:746][com.switek.netseed.server.ui.ServerForm] T10-Loading standard IR code list from database...
[2015-03-08 10:00:22:761][org.logicalcobwebs.proxool.configuration.JAXPConfigurator] Configuring from reader: java.io.InputStreamReader@24bbe429
[2015-03-08 10:00:22:761][org.logicalcobwebs.proxool.configuration.JAXPConfigurator] SAXParserFactory class: com.sun.org.apache.xerces.internal.jaxp.SAXParserFactoryImpl
[2015-03-08 10:00:22:777][org.logicalcobwebs.proxool.configuration.JAXPConfigurator] sax parser classcom.sun.org.apache.xerces.internal.jaxp.SAXParserImpl
[2015-03-08 10:00:22:777][org.logicalcobwebs.proxool.configuration.JAXPConfigurator] XML reader class: com.sun.org.apache.xerces.internal.jaxp.SAXParserImpl$JAXPSAXParser
[2015-03-08 10:00:22:777][org.logicalcobwebs.proxool.configuration.JAXPConfigurator] Setting sax feature: 'http://xml.org/sax/features/namespaces'. State: true.
[2015-03-08 10:00:22:777][org.logicalcobwebs.proxool.configuration.JAXPConfigurator] Setting sax feature: 'http://xml.org/sax/features/namespace-prefixes'. State: false.
[2015-03-08 10:00:22:777][org.logicalcobwebs.proxool.configuration.XMLConfigurator] Adding driver property: user=cziotappuser
[2015-03-08 10:00:22:777][org.logicalcobwebs.proxool.configuration.XMLConfigurator] Adding driver property: password=*******
[2015-03-08 10:00:22:777][org.logicalcobwebs.proxool.configuration.XMLConfigurator] Setting property 'proxool.simultaneous-build-throttle' to value '5000'.
[2015-03-08 10:00:22:777][org.logicalcobwebs.proxool.configuration.XMLConfigurator] Setting property 'proxool.maximum-connection-count' to value '2000'.
[2015-03-08 10:00:22:777][org.logicalcobwebs.proxool.configuration.XMLConfigurator] Setting property 'proxool.maximum-new-connections' to value '100'.
[2015-03-08 10:00:22:777][org.logicalcobwebs.proxool.configuration.XMLConfigurator] Setting property 'proxool.minimum-connection-count' to value '100'.
[2015-03-08 10:00:22:777][org.logicalcobwebs.proxool.configuration.XMLConfigurator] Setting property 'proxool.house-keeping-sleep-time' to value '120000'.
[2015-03-08 10:00:22:777][org.logicalcobwebs.proxool.configuration.XMLConfigurator] Setting property 'proxool.prototype-count' to value '50'.
[2015-03-08 10:00:22:777][org.logicalcobwebs.proxool.configuration.XMLConfigurator] Setting property 'proxool.test-before-use' to value 'true'.
[2015-03-08 10:00:22:777][org.logicalcobwebs.proxool.configuration.XMLConfigurator] Setting property 'proxool.house-keeping-test-sql' to value 'select 1'.
[2015-03-08 10:00:22:777][org.logicalcobwebs.proxool.configuration.XMLConfigurator] Created url: proxool.DBPool:com.mysql.jdbc.Driver:jdbc:mysql://localhost:13306/cziot
[2015-03-08 10:00:22:792][org.logicalcobwebs.proxool.ProxoolFacade] Proxool 0.9.1 (23-Aug-2008 11:10)
[2015-03-08 10:00:22:808][org.logicalcobwebs.proxool.ConnectionPoolDefinition] Recognised proxool property: proxool.driver=com.mysql.jdbc.Driver
[2015-03-08 10:00:22:808][org.logicalcobwebs.proxool.ConnectionPoolDefinition] Recognised proxool property: proxool.url=jdbc:mysql://localhost:13306/cziot
[2015-03-08 10:00:22:808][org.logicalcobwebs.proxool.ConnectionPoolDefinition] Recognised proxool property: proxool.minimum-connection-count=100
[2015-03-08 10:00:22:808][org.logicalcobwebs.proxool.ConnectionPoolDefinition] Recognised proxool property: proxool.simultaneous-build-throttle=5000
[2015-03-08 10:00:22:808][org.logicalcobwebs.proxool.ConnectionPoolDefinition] Recognised proxool property: proxool.test-before-use=true
[2015-03-08 10:00:22:808][org.logicalcobwebs.proxool.ConnectionPoolDefinition] Use of proxool.maximum-new-connections is deprecated. Use more descriptive proxool.simultaneous-build-throttle instead.
[2015-03-08 10:00:22:808][org.logicalcobwebs.proxool.ConnectionPoolDefinition] Recognised proxool property: proxool.maximum-new-connections=100
[2015-03-08 10:00:22:808][org.logicalcobwebs.proxool.ConnectionPoolDefinition] Delegating property to driver: user=cziotappuser
[2015-03-08 10:00:22:808][org.logicalcobwebs.proxool.ConnectionPoolDefinition] Recognised proxool property: proxool.house-keeping-sleep-time=120000
[2015-03-08 10:00:22:808][org.logicalcobwebs.proxool.ConnectionPoolDefinition] Recognised proxool property: proxool.prototype-count=50
[2015-03-08 10:00:22:808][org.logicalcobwebs.proxool.ConnectionPoolDefinition] Delegating property to driver: password=********
[2015-03-08 10:00:22:808][org.logicalcobwebs.proxool.ConnectionPoolDefinition] Recognised proxool property: proxool.maximum-connection-count=2000
[2015-03-08 10:00:22:808][org.logicalcobwebs.proxool.ConnectionPoolDefinition] Recognised proxool property: proxool.house-keeping-test-sql=select 1
[2015-03-08 10:00:22:824][org.logicalcobwebs.proxool.ShutdownHook] Registered shutdownHook
[2015-03-08 10:00:22:824][org.logicalcobwebs.proxool.HouseKeeperController] Registering 'DBPool' house keeper
[2015-03-08 10:00:22:824][org.logicalcobwebs.proxool.HouseKeeperController] Starting a house keeper thread
[2015-03-08 10:00:22:995][org.logicalcobwebs.proxool.ConnectionResetter] Remembering default value: getTransactionIsolation() = 4
[2015-03-08 10:00:22:995][org.logicalcobwebs.proxool.ConnectionResetter] Remembering default value: getHoldability() = 2
[2015-03-08 10:00:22:995][org.logicalcobwebs.proxool.ConnectionResetter] Remembering default value: getCatalog() = cziot
[2015-03-08 10:00:22:995][org.logicalcobwebs.proxool.ConnectionResetter] Remembering default value: isReadOnly() = false
[2015-03-08 10:00:22:995][org.logicalcobwebs.proxool.ConnectionResetter] Remembering default value: getTypeMap() = {}
[2015-03-08 10:00:22:995][org.logicalcobwebs.proxool.ConnectionPool] Proxool statistics legend: "s - r  (a/t/o)" > s=served, r=refused (only shown if non-zero), a=active, t=total, o=offline (being tested)
[2015-03-08 10:00:22:995][org.logicalcobwebs.proxool.ConnectionPool] Proxool statistics legend: "s - r  (a/t/o)" > s=served, r=refused (only shown if non-zero), a=active, t=total, o=offline (being tested)
[2015-03-08 10:00:22:995][org.logicalcobwebs.proxool.Prototyper] 000000 (01/02/00) - Connection #2 created on demand = ACTIVE
[2015-03-08 10:00:22:995][org.logicalcobwebs.proxool.Prototyper] 000000 (01/02/00) - Connection #1 created to achieve minimum of 100 = AVAILABLE
[2015-03-08 10:00:22:995][org.logicalcobwebs.proxool.ConnectionPool] 000000 (01/02/00) - Connection #2 tested: OK
[2015-03-08 10:00:23:011][org.logicalcobwebs.proxool.Prototyper] 000001 (01/03/00) - Connection #3 created to achieve minimum of 100 = AVAILABLE
[2015-03-08 10:00:23:026][org.logicalcobwebs.proxool.Prototyper] 000001 (01/04/00) - Connection #4 created to achieve minimum of 100 = AVAILABLE
[2015-03-08 10:00:23:042][org.logicalcobwebs.proxool.ProxyFactory] Implementing interface java.lang.AutoCloseable
[2015-03-08 10:00:23:042][org.logicalcobwebs.proxool.ProxyFactory] Implementing interface com.mysql.jdbc.ConnectionProperties
[2015-03-08 10:00:23:042][org.logicalcobwebs.proxool.ProxyFactory] Implementing interface java.sql.Connection
[2015-03-08 10:00:23:042][org.logicalcobwebs.proxool.ProxyFactory] Implementing interface com.mysql.jdbc.MySQLConnection
[2015-03-08 10:00:23:042][org.logicalcobwebs.proxool.ProxyFactory] Implementing interface java.io.Serializable
[2015-03-08 10:00:23:042][org.logicalcobwebs.proxool.ProxyFactory] Implementing interface java.sql.Wrapper
[2015-03-08 10:00:23:042][org.logicalcobwebs.proxool.ProxyFactory] Implementing interface com.mysql.jdbc.Connection
[2015-03-08 10:00:23:042][org.logicalcobwebs.proxool.Prototyper] 000001 (01/05/00) - Connection #5 created to achieve minimum of 100 = AVAILABLE
[2015-03-08 10:00:23:058][org.logicalcobwebs.proxool.Prototyper] 000001 (01/06/00) - Connection #6 created to achieve minimum of 100 = AVAILABLE
[2015-03-08 10:00:23:074][org.logicalcobwebs.proxool.Prototyper] 000001 (01/07/00) - Connection #7 created to achieve minimum of 100 = AVAILABLE
[2015-03-08 10:00:23:090][org.logicalcobwebs.proxool.Prototyper] 000001 (01/08/00) - Connection #8 created to achieve minimum of 100 = AVAILABLE
[2015-03-08 10:00:23:105][org.logicalcobwebs.proxool.Prototyper] 000001 (01/09/00) - Connection #9 created to achieve minimum of 100 = AVAILABLE
[2015-03-08 10:00:23:105][org.logicalcobwebs.proxool.Prototyper] 000001 (01/10/00) - Connection #10 created to achieve minimum of 100 = AVAILABLE
[2015-03-08 10:00:23:121][org.logicalcobwebs.proxool.Prototyper] 000001 (01/11/00) - Connection #11 created to achieve minimum of 100 = AVAILABLE
[2015-03-08 10:00:23:152][org.logicalcobwebs.proxool.Prototyper] 000001 (01/12/00) - Connection #12 created to achieve minimum of 100 = AVAILABLE
[2015-03-08 10:00:23:168][org.logicalcobwebs.proxool.Prototyper] 000001 (01/13/00) - Connection #13 created to achieve minimum of 100 = AVAILABLE
[2015-03-08 10:00:23:168][org.logicalcobwebs.proxool.Prototyper] 000001 (01/14/00) - Connection #14 created to achieve minimum of 100 = AVAILABLE
[2015-03-08 10:00:23:183][org.logicalcobwebs.proxool.Prototyper] 000001 (01/15/00) - Connection #15 created to achieve minimum of 100 = AVAILABLE
[2015-03-08 10:00:23:199][org.logicalcobwebs.proxool.Prototyper] 000001 (01/16/00) - Connection #16 created to achieve minimum of 100 = AVAILABLE
[2015-03-08 10:00:23:215][org.logicalcobwebs.proxool.Prototyper] 000001 (01/17/00) - Connection #17 created to achieve minimum of 100 = AVAILABLE
[2015-03-08 10:00:23:230][org.logicalcobwebs.proxool.Prototyper] 000001 (01/18/00) - Connection #18 created to achieve minimum of 100 = AVAILABLE
[2015-03-08 10:00:23:246][org.logicalcobwebs.proxool.Prototyper] 000001 (01/19/00) - Connection #19 created to achieve minimum of 100 = AVAILABLE
[2015-03-08 10:00:23:246][org.logicalcobwebs.proxool.Prototyper] 000001 (01/20/00) - Connection #20 created to achieve minimum of 100 = AVAILABLE
[2015-03-08 10:00:23:261][org.logicalcobwebs.proxool.Prototyper] 000001 (01/21/00) - Connection #21 created to achieve minimum of 100 = AVAILABLE
[2015-03-08 10:00:23:277][org.logicalcobwebs.proxool.Prototyper] 000001 (01/22/00) - Connection #22 created to achieve minimum of 100 = AVAILABLE
[2015-03-08 10:00:23:293][org.logicalcobwebs.proxool.Prototyper] 000001 (01/23/00) - Connection #23 created to achieve minimum of 100 = AVAILABLE
[2015-03-08 10:00:23:293][org.logicalcobwebs.proxool.Prototyper] 000001 (01/24/00) - Connection #24 created to achieve minimum of 100 = AVAILABLE
[2015-03-08 10:00:23:308][org.logicalcobwebs.proxool.Prototyper] 000001 (01/25/00) - Connection #25 created to achieve minimum of 100 = AVAILABLE
[2015-03-08 10:00:23:308][org.logicalcobwebs.proxool.Prototyper] 000001 (01/26/00) - Connection #26 created to achieve minimum of 100 = AVAILABLE
[2015-03-08 10:00:23:324][org.logicalcobwebs.proxool.Prototyper] 000001 (01/27/00) - Connection #27 created to achieve minimum of 100 = AVAILABLE
[2015-03-08 10:00:23:339][org.logicalcobwebs.proxool.Prototyper] 000001 (01/28/00) - Connection #28 created to achieve minimum of 100 = AVAILABLE
[2015-03-08 10:00:23:355][org.logicalcobwebs.proxool.Prototyper] 000001 (01/29/00) - Connection #29 created to achieve minimum of 100 = AVAILABLE
[2015-03-08 10:00:23:355][org.logicalcobwebs.proxool.Prototyper] 000001 (01/30/00) - Connection #30 created to achieve minimum of 100 = AVAILABLE
[2015-03-08 10:00:23:371][org.logicalcobwebs.proxool.Prototyper] 000001 (01/31/00) - Connection #31 created to achieve minimum of 100 = AVAILABLE
[2015-03-08 10:00:23:386][org.logicalcobwebs.proxool.Prototyper] 000001 (01/32/00) - Connection #32 created to achieve minimum of 100 = AVAILABLE
[2015-03-08 10:00:23:386][org.logicalcobwebs.proxool.Prototyper] 000001 (01/33/00) - Connection #33 created to achieve minimum of 100 = AVAILABLE
[2015-03-08 10:00:23:402][org.logicalcobwebs.proxool.Prototyper] 000001 (01/34/00) - Connection #34 created to achieve minimum of 100 = AVAILABLE
[2015-03-08 10:00:23:417][org.logicalcobwebs.proxool.Prototyper] 000001 (01/35/00) - Connection #35 created to achieve minimum of 100 = AVAILABLE
[2015-03-08 10:00:23:417][org.logicalcobwebs.proxool.Prototyper] 000001 (01/36/00) - Connection #36 created to achieve minimum of 100 = AVAILABLE
[2015-03-08 10:00:23:433][org.logicalcobwebs.proxool.Prototyper] 000001 (01/37/00) - Connection #37 created to achieve minimum of 100 = AVAILABLE
[2015-03-08 10:00:23:449][org.logicalcobwebs.proxool.Prototyper] 000001 (01/38/00) - Connection #38 created to achieve minimum of 100 = AVAILABLE
[2015-03-08 10:00:23:449][org.logicalcobwebs.proxool.Prototyper] 000001 (01/39/00) - Connection #39 created to achieve minimum of 100 = AVAILABLE
[2015-03-08 10:00:23:464][org.logicalcobwebs.proxool.Prototyper] 000001 (01/40/00) - Connection #40 created to achieve minimum of 100 = AVAILABLE
[2015-03-08 10:00:23:464][org.logicalcobwebs.proxool.Prototyper] 000001 (01/41/00) - Connection #41 created to achieve minimum of 100 = AVAILABLE
[2015-03-08 10:00:23:480][org.logicalcobwebs.proxool.Prototyper] 000001 (01/42/00) - Connection #42 created to achieve minimum of 100 = AVAILABLE
[2015-03-08 10:00:23:495][org.logicalcobwebs.proxool.Prototyper] 000001 (01/43/00) - Connection #43 created to achieve minimum of 100 = AVAILABLE
[2015-03-08 10:00:23:495][org.logicalcobwebs.proxool.Prototyper] 000001 (01/44/00) - Connection #44 created to achieve minimum of 100 = AVAILABLE
[2015-03-08 10:00:23:511][org.logicalcobwebs.proxool.Prototyper] 000001 (01/45/00) - Connection #45 created to achieve minimum of 100 = AVAILABLE
[2015-03-08 10:00:23:527][org.logicalcobwebs.proxool.Prototyper] 000001 (01/46/00) - Connection #46 created to achieve minimum of 100 = AVAILABLE
[2015-03-08 10:00:23:527][org.logicalcobwebs.proxool.Prototyper] 000001 (01/47/00) - Connection #47 created to achieve minimum of 100 = AVAILABLE
[2015-03-08 10:00:23:542][org.logicalcobwebs.proxool.Prototyper] 000001 (01/48/00) - Connection #48 created to achieve minimum of 100 = AVAILABLE
[2015-03-08 10:00:23:558][org.logicalcobwebs.proxool.Prototyper] 000001 (01/49/00) - Connection #49 created to achieve minimum of 100 = AVAILABLE
[2015-03-08 10:00:23:573][org.logicalcobwebs.proxool.Prototyper] 000001 (01/50/00) - Connection #50 created to achieve minimum of 100 = AVAILABLE
[2015-03-08 10:00:23:573][org.logicalcobwebs.proxool.Prototyper] 000001 (01/51/00) - Connection #51 created to achieve minimum of 100 = AVAILABLE
[2015-03-08 10:00:23:589][org.logicalcobwebs.proxool.Prototyper] 000001 (01/52/00) - Connection #52 created to achieve minimum of 100 = AVAILABLE
[2015-03-08 10:00:23:605][org.logicalcobwebs.proxool.ProxyFactory] Implementing interface java.lang.AutoCloseable
[2015-03-08 10:00:23:605][org.logicalcobwebs.proxool.ProxyFactory] Implementing interface com.mysql.jdbc.Statement
[2015-03-08 10:00:23:605][org.logicalcobwebs.proxool.ProxyFactory] Implementing interface java.sql.Statement
[2015-03-08 10:00:23:605][org.logicalcobwebs.proxool.ProxyFactory] Implementing interface java.sql.Wrapper
[2015-03-08 10:00:23:605][org.logicalcobwebs.proxool.Prototyper] 000001 (01/53/00) - Connection #53 created to achieve minimum of 100 = AVAILABLE
[2015-03-08 10:00:23:620][org.logicalcobwebs.proxool.Prototyper] 000001 (01/54/00) - Connection #54 created to achieve minimum of 100 = AVAILABLE
[2015-03-08 10:00:23:620][org.logicalcobwebs.proxool.Prototyper] 000001 (01/55/00) - Connection #55 created to achieve minimum of 100 = AVAILABLE
[2015-03-08 10:00:23:636][org.logicalcobwebs.proxool.Prototyper] 000001 (01/56/00) - Connection #56 created to achieve minimum of 100 = AVAILABLE
[2015-03-08 10:00:23:651][org.logicalcobwebs.proxool.Prototyper] 000001 (01/57/00) - Connection #57 created to achieve minimum of 100 = AVAILABLE
[2015-03-08 10:00:23:667][org.logicalcobwebs.proxool.Prototyper] 000001 (01/58/00) - Connection #58 created to achieve minimum of 100 = AVAILABLE
[2015-03-08 10:00:23:667][org.logicalcobwebs.proxool.Prototyper] 000001 (01/59/00) - Connection #59 created to achieve minimum of 100 = AVAILABLE
[2015-03-08 10:00:23:683][org.logicalcobwebs.proxool.Prototyper] 000001 (01/60/00) - Connection #60 created to achieve minimum of 100 = AVAILABLE
[2015-03-08 10:00:23:698][org.logicalcobwebs.proxool.Prototyper] 000001 (01/61/00) - Connection #61 created to achieve minimum of 100 = AVAILABLE
[2015-03-08 10:00:23:714][org.logicalcobwebs.proxool.Prototyper] 000001 (01/62/00) - Connection #62 created to achieve minimum of 100 = AVAILABLE
[2015-03-08 10:00:23:714][org.logicalcobwebs.proxool.Prototyper] 000001 (01/63/00) - Connection #63 created to achieve minimum of 100 = AVAILABLE
[2015-03-08 10:00:23:729][org.logicalcobwebs.proxool.Prototyper] 000001 (01/64/00) - Connection #64 created to achieve minimum of 100 = AVAILABLE
[2015-03-08 10:00:23:729][org.logicalcobwebs.proxool.Prototyper] 000001 (01/65/00) - Connection #65 created to achieve minimum of 100 = AVAILABLE
[2015-03-08 10:00:23:745][org.logicalcobwebs.proxool.Prototyper] 000001 (01/66/00) - Connection #66 created to achieve minimum of 100 = AVAILABLE
[2015-03-08 10:00:23:761][org.logicalcobwebs.proxool.Prototyper] 000001 (01/67/00) - Connection #67 created to achieve minimum of 100 = AVAILABLE
[2015-03-08 10:00:23:761][org.logicalcobwebs.proxool.Prototyper] 000001 (01/68/00) - Connection #68 created to achieve minimum of 100 = AVAILABLE
[2015-03-08 10:00:23:776][org.logicalcobwebs.proxool.Prototyper] 000001 (01/69/00) - Connection #69 created to achieve minimum of 100 = AVAILABLE
[2015-03-08 10:00:23:776][org.logicalcobwebs.proxool.Prototyper] 000001 (01/70/00) - Connection #70 created to achieve minimum of 100 = AVAILABLE
[2015-03-08 10:00:23:792][org.logicalcobwebs.proxool.Prototyper] 000001 (01/71/00) - Connection #71 created to achieve minimum of 100 = AVAILABLE
[2015-03-08 10:00:23:792][com.switek.netseed.server.ui.ServerForm] T10-Loading device type def from database...
[2015-03-08 10:00:23:792][org.logicalcobwebs.proxool.Prototyper] 000001 (01/72/00) - Connection #72 created to achieve minimum of 100 = AVAILABLE
[2015-03-08 10:00:23:807][org.logicalcobwebs.proxool.Prototyper] 000001 (01/73/00) - Connection #73 created to achieve minimum of 100 = AVAILABLE
[2015-03-08 10:00:23:807][org.logicalcobwebs.proxool.Prototyper] 000001 (01/74/00) - Connection #74 created to achieve minimum of 100 = AVAILABLE
[2015-03-08 10:00:23:807][com.switek.netseed.server.ui.ServerForm] T10-Done.
[2015-03-08 10:00:23:807][com.switek.netseed.server.ui.ServerForm] T10-Loading brand info list from database...
[2015-03-08 10:00:23:807][org.logicalcobwebs.proxool.Prototyper] 000001 (01/75/00) - Connection #75 created to achieve minimum of 100 = AVAILABLE
[2015-03-08 10:00:23:823][com.switek.netseed.server.ui.ServerForm] T10-Done
[2015-03-08 10:00:23:823][com.switek.netseed.server.ui.ServerForm] T10-Loading releationship of type and brand from database...
[2015-03-08 10:00:23:823][org.logicalcobwebs.proxool.Prototyper] 000001 (01/76/00) - Connection #76 created to achieve minimum of 100 = AVAILABLE
[2015-03-08 10:00:23:823][com.switek.netseed.server.ui.ServerForm] T10-Done
[2015-03-08 10:00:23:823][com.switek.netseed.server.ui.ServerForm] T10-Loading controller list from database...
[2015-03-08 10:00:23:823][org.logicalcobwebs.proxool.Prototyper] 000001 (01/77/00) - Connection #77 created to achieve minimum of 100 = AVAILABLE
[2015-03-08 10:00:23:839][org.logicalcobwebs.proxool.Prototyper] 000001 (01/78/00) - Connection #78 created to achieve minimum of 100 = AVAILABLE
[2015-03-08 10:00:23:839][org.logicalcobwebs.proxool.Prototyper] 000001 (01/79/00) - Connection #79 created to achieve minimum of 100 = AVAILABLE
[2015-03-08 10:00:23:839][org.logicalcobwebs.proxool.Prototyper] 000001 (01/80/00) - Connection #80 created to achieve minimum of 100 = AVAILABLE
[2015-03-08 10:00:23:854][org.logicalcobwebs.proxool.Prototyper] 000001 (01/81/00) - Connection #81 created to achieve minimum of 100 = AVAILABLE
[2015-03-08 10:00:23:854][com.switek.netseed.server.ui.ServerForm] T10-There are 1450 controller(s)
[2015-03-08 10:00:23:854][com.switek.netseed.server.ui.ServerForm] T10-Loading subcontroller list from database...
[2015-03-08 10:00:23:854][org.logicalcobwebs.proxool.Prototyper] 000001 (01/82/00) - Connection #82 created to achieve minimum of 100 = AVAILABLE
[2015-03-08 10:00:23:870][org.logicalcobwebs.proxool.Prototyper] 000001 (01/83/00) - Connection #83 created to achieve minimum of 100 = AVAILABLE
[2015-03-08 10:00:23:870][org.logicalcobwebs.proxool.Prototyper] 000001 (01/84/00) - Connection #84 created to achieve minimum of 100 = AVAILABLE
[2015-03-08 10:00:23:870][org.logicalcobwebs.proxool.Prototyper] 000001 (01/85/00) - Connection #85 created to achieve minimum of 100 = AVAILABLE
[2015-03-08 10:00:23:870][org.logicalcobwebs.proxool.Prototyper] 000001 (01/86/00) - Connection #86 created to achieve minimum of 100 = AVAILABLE
[2015-03-08 10:00:23:885][org.logicalcobwebs.proxool.Prototyper] 000001 (01/87/00) - Connection #87 created to achieve minimum of 100 = AVAILABLE
[2015-03-08 10:00:23:885][org.logicalcobwebs.proxool.Prototyper] 000001 (01/88/00) - Connection #88 created to achieve minimum of 100 = AVAILABLE
[2015-03-08 10:00:23:885][com.switek.netseed.server.ui.ServerForm] T10-There are 1570 subcontroler(s).
[2015-03-08 10:00:23:885][com.switek.netseed.server.ui.ServerForm] T10-Loading device list from database...
[2015-03-08 10:00:23:901][org.logicalcobwebs.proxool.Prototyper] 000001 (01/89/00) - Connection #89 created to achieve minimum of 100 = AVAILABLE
[2015-03-08 10:00:23:901][org.logicalcobwebs.proxool.Prototyper] 000001 (01/90/00) - Connection #90 created to achieve minimum of 100 = AVAILABLE
[2015-03-08 10:00:23:901][org.logicalcobwebs.proxool.Prototyper] 000001 (01/91/00) - Connection #91 created to achieve minimum of 100 = AVAILABLE
[2015-03-08 10:00:23:917][org.logicalcobwebs.proxool.Prototyper] 000001 (01/92/00) - Connection #92 created to achieve minimum of 100 = AVAILABLE
[2015-03-08 10:00:23:917][org.logicalcobwebs.proxool.Prototyper] 000001 (01/93/00) - Connection #93 created to achieve minimum of 100 = AVAILABLE
[2015-03-08 10:00:23:917][org.logicalcobwebs.proxool.Prototyper] 000001 (01/94/00) - Connection #94 created to achieve minimum of 100 = AVAILABLE
[2015-03-08 10:00:23:932][org.logicalcobwebs.proxool.Prototyper] 000001 (01/95/00) - Connection #95 created to achieve minimum of 100 = AVAILABLE
[2015-03-08 10:00:23:932][org.logicalcobwebs.proxool.Prototyper] 000001 (01/96/00) - Connection #96 created to achieve minimum of 100 = AVAILABLE
[2015-03-08 10:00:23:948][org.logicalcobwebs.proxool.Prototyper] 000001 (01/97/00) - Connection #97 created to achieve minimum of 100 = AVAILABLE
[2015-03-08 10:00:23:948][org.logicalcobwebs.proxool.Prototyper] 000001 (01/98/00) - Connection #98 created to achieve minimum of 100 = AVAILABLE
[2015-03-08 10:00:23:948][com.switek.netseed.server.ui.ServerForm] T10-There are 1786 device(s).
[2015-03-08 10:00:23:948][com.switek.netseed.server.ui.ServerForm] T10-Loading learned IR code from database...
[2015-03-08 10:00:23:948][org.logicalcobwebs.proxool.Prototyper] 000001 (01/99/00) - Connection #99 created to achieve minimum of 100 = AVAILABLE
[2015-03-08 10:00:23:963][org.logicalcobwebs.proxool.Prototyper] 000001 (01/100/00) - Connection #100 created to achieve minimum of 100 = AVAILABLE
[2015-03-08 10:00:24:119][com.switek.netseed.server.ui.ServerForm] T10-Learned IR code are loaded!
[2015-03-08 10:00:24:119][com.switek.netseed.server.ui.ServerForm] T10-Loading app list from database...
[2015-03-08 10:00:24:135][com.switek.netseed.server.ui.ServerForm] T10-Loading timers...
[2015-03-08 10:00:24:152][com.switek.netseed.server.ui.ServerForm] T10-There are 1 timer(s)
[2015-03-08 10:00:24:152][com.switek.netseed.server.ui.ServerForm] T10-Loading timer steps...
[2015-03-08 10:00:24:167][com.switek.netseed.server.ui.ServerForm] T10-Completed to load timers.
[2015-03-08 10:00:24:167][com.switek.netseed.server.ui.ServerForm] T10-Setup schedule job engine.
[2015-03-08 10:00:24:183][com.switek.netseed.server.ui.ServerForm] T10-MaxThread: 2048
[2015-03-08 10:00:24:183][com.switek.netseed.server.ui.ServerForm] T10-Starting the Netseed server...
[2015-03-08 10:00:24:698][com.switek.netseed.server.ui.ServerForm] T10-Netseed Server started, on LIN/192.168.169.107:38899
[2015-03-08 10:00:24:963][com.switek.netseed.server.ui.ServerForm] T1-Loading standard IR code list from database...
[2015-03-08 10:00:24:963][org.logicalcobwebs.proxool.ConnectionPool] 000001 (02/100/00) - Connection #1 tested: OK
[2015-03-08 10:00:25:010][com.switek.netseed.server.ui.ServerForm] T1-Loading device type def from database...
[2015-03-08 10:00:25:010][com.switek.netseed.server.ui.ServerForm] T1-Done.
[2015-03-08 10:00:25:010][com.switek.netseed.server.ui.ServerForm] T1-Loading brand info list from database...
[2015-03-08 10:00:25:010][com.switek.netseed.server.ui.ServerForm] T1-Done
[2015-03-08 10:00:25:025][com.switek.netseed.server.ui.ServerForm] T1-Loading releationship of type and brand from database...
[2015-03-08 10:00:25:025][com.switek.netseed.server.ui.ServerForm] T1-Done
[2015-03-08 10:00:25:025][com.switek.netseed.server.ui.ServerForm] T1-Loading controller list from database...
[2015-03-08 10:00:25:041][com.switek.netseed.server.ui.ServerForm] T1-There are 1450 controller(s)
[2015-03-08 10:00:25:041][com.switek.netseed.server.ui.ServerForm] T1-Loading subcontroller list from database...
[2015-03-08 10:00:25:056][com.switek.netseed.server.ui.ServerForm] T1-There are 1570 subcontroler(s).
[2015-03-08 10:00:25:056][com.switek.netseed.server.ui.ServerForm] T1-Loading device list from database...
[2015-03-08 10:00:25:072][com.switek.netseed.server.ui.ServerForm] T1-There are 1786 device(s).
[2015-03-08 10:00:25:072][com.switek.netseed.server.ui.ServerForm] T1-Loading learned IR code from database...
[2015-03-08 10:00:25:134][com.switek.netseed.server.ui.ServerForm] T1-Learned IR code are loaded!
[2015-03-08 10:00:25:150][com.switek.netseed.server.ui.ServerForm] T1-Loading app list from database...
[2015-03-08 10:00:25:150][com.switek.netseed.server.ui.ServerForm] T1-Loading timers...
[2015-03-08 10:00:25:150][com.switek.netseed.server.ui.ServerForm] T1-There are 1 timer(s)
[2015-03-08 10:00:25:150][com.switek.netseed.server.ui.ServerForm] T1-Loading timer steps...
[2015-03-08 10:00:25:150][com.switek.netseed.server.ui.ServerForm] T1-Completed to load timers.
[2015-03-08 10:00:25:167][com.switek.netseed.server.ui.ServerForm] T1-Setup schedule job engine.
[2015-03-08 10:01:22:703][com.switek.netseed.server.ui.ServerForm] T1-System run time: 0d 00:01
[2015-03-08 10:01:24:186][com.switek.netseed.server.ui.ServerForm] T14-Starting schedule job engine...
[2015-03-08 10:01:25:170][com.switek.netseed.server.ui.ServerForm] T16-Starting schedule job engine...
[2015-03-08 10:01:54:191][com.switek.netseed.server.ui.ServerForm] T14-Starting schedule job engine...
[2015-03-08 10:01:55:175][com.switek.netseed.server.ui.ServerForm] T16-Starting schedule job engine...
[2015-03-08 10:02:22:713][com.switek.netseed.server.ui.ServerForm] T1-System run time: 0d 00:02
[2015-03-08 10:02:24:196][com.switek.netseed.server.ui.ServerForm] T14-Starting schedule job engine...
[2015-03-08 10:02:25:180][com.switek.netseed.server.ui.ServerForm] T16-Starting schedule job engine...
[2015-03-08 10:02:47:987][org.apache.mina.core.filterchain.IoFilterEvent] Firing a SESSION_OPENED event for session 1
[2015-03-08 10:02:47:987][org.apache.mina.filter.codec.ProtocolCodecFilter] Processing a MESSAGE_RECEIVED for session 1
[2015-03-08 10:02:47:987][org.apache.mina.core.filterchain.IoFilterEvent] Event SESSION_OPENED has been fired for session 1
[2015-03-08 10:02:48:003][org.apache.mina.core.filterchain.IoFilterEvent] Firing a MESSAGE_RECEIVED event for session 1
[2015-03-08 10:02:48:003][org.apache.mina.core.filterchain.IoFilterEvent] Event MESSAGE_RECEIVED has been fired for session 1
[2015-03-08 10:02:48:003][com.switek.netseed.server.ui.ServerForm] T21-****************************Received 0xF39__UNKNOWN: AA AA 5C 00 DE 07 07 19 B0 39 00 39 0F 7B 22 41 50 49 56 65 72 22 3A 22 31 2E 30 22 2C 22 42 6F 64 79 22 3A 5B 7B 22 43 6F 6E 74 72 6F 6C 6C 65 72 49 64 22 3A 22 44 45 30 37 30 37 31 39 30 30 33 32 22 2C 22 53 75 62 43 6F 6E 74 72 6F 6C 6C 65 72 49 64 22 3A 22 30 22 7D 5D 7D 7A E2  from: (0x00000001: nio socket, server, /127.0.0.1:51877 => /127.0.0.1:38899)
[2015-03-08 10:02:48:003][com.switek.netseed.server.ui.ServerForm] T21-Data: {"APIVer":"1.0","Body":[{"ControllerId":"DE0707190032","SubControllerId":"0"}]}
[2015-03-08 10:02:48:082][com.switek.netseed.server.ui.ServerForm] T21-Sending msg [AA AA 47 00 00 00 DE 07 07 19 B0 39 00 39 0F 7B 22 42 6F 64 79 22 3A 5B 5D 2C 22 52 65 73 75 6C 74 43 6F 64 65 22 3A 30 2C 22 4F 70 74 43 6F 64 65 22 3A 33 38 39 37 2C 22 41 50 49 56 65 72 22 3A 22 31 2E 30 22 7D 66 FA ] to (0x00000001: nio socket, server, /127.0.0.1:51877 => /127.0.0.1:38899)
[2015-03-08 10:02:48:082][com.switek.netseed.server.ui.ServerForm] T21-Command data: {"Body":[],"ResultCode":0,"OptCode":3897,"APIVer":"1.0"}
[2015-03-08 10:02:48:082][com.switek.netseed.server.ui.ServerForm] T21-Msg has been sent
[2015-03-08 10:02:48:082][org.apache.mina.core.filterchain.IoFilterEvent] Firing a MESSAGE_SENT event for session 1
[2015-03-08 10:02:48:082][org.apache.mina.core.filterchain.IoFilterEvent] Event MESSAGE_SENT has been fired for session 1
[2015-03-08 10:02:48:082][org.apache.mina.core.filterchain.IoFilterEvent] Firing a SESSION_CLOSED event for session 1
[2015-03-08 10:02:48:082][org.apache.mina.core.filterchain.IoFilterEvent] Event SESSION_CLOSED has been fired for session 1
[2015-03-08 10:02:54:201][com.switek.netseed.server.ui.ServerForm] T14-Starting schedule job engine...
[2015-03-08 10:02:55:185][com.switek.netseed.server.ui.ServerForm] T16-Starting schedule job engine...
[2015-03-08 10:03:22:714][com.switek.netseed.server.ui.ServerForm] T1-System run time: 0d 00:03
[2015-03-08 10:03:24:202][com.switek.netseed.server.ui.ServerForm] T14-Starting schedule job engine...
[2015-03-08 10:03:25:186][com.switek.netseed.server.ui.ServerForm] T16-Starting schedule job engine...
[2015-03-08 10:03:54:202][com.switek.netseed.server.ui.ServerForm] T14-Starting schedule job engine...
[2015-03-08 10:03:55:186][com.switek.netseed.server.ui.ServerForm] T16-Starting schedule job engine...
[2015-03-08 10:04:22:714][com.switek.netseed.server.ui.ServerForm] T1-System run time: 0d 00:04
[2015-03-08 10:04:24:203][com.switek.netseed.server.ui.ServerForm] T14-Starting schedule job engine...
[2015-03-08 10:04:25:187][com.switek.netseed.server.ui.ServerForm] T16-Starting schedule job engine...
[2015-03-08 10:04:38:356][org.apache.mina.core.filterchain.IoFilterEvent] Firing a SESSION_OPENED event for session 2
[2015-03-08 10:04:38:356][org.apache.mina.core.filterchain.IoFilterEvent] Event SESSION_OPENED has been fired for session 2
[2015-03-08 10:04:38:367][org.apache.mina.filter.codec.ProtocolCodecFilter] Processing a MESSAGE_RECEIVED for session 2
[2015-03-08 10:04:38:368][org.apache.mina.core.filterchain.IoFilterEvent] Firing a MESSAGE_RECEIVED event for session 2
[2015-03-08 10:04:38:368][org.apache.mina.core.filterchain.IoFilterEvent] Event MESSAGE_RECEIVED has been fired for session 2
[2015-03-08 10:04:38:372][com.switek.netseed.server.ui.ServerForm] T28-****************************Received 0xF39__UNKNOWN: AA AA 5C 00 DE 07 07 19 B0 39 00 39 0F 7B 22 41 50 49 56 65 72 22 3A 22 31 2E 30 22 2C 22 42 6F 64 79 22 3A 5B 7B 22 43 6F 6E 74 72 6F 6C 6C 65 72 49 64 22 3A 22 44 45 30 37 30 37 31 39 30 30 33 32 22 2C 22 53 75 62 43 6F 6E 74 72 6F 6C 6C 65 72 49 64 22 3A 22 30 22 7D 5D 7D 7A E2  from: (0x00000002: nio socket, server, /127.0.0.1:51887 => /127.0.0.1:38899)
[2015-03-08 10:04:38:373][com.switek.netseed.server.ui.ServerForm] T28-Data: {"APIVer":"1.0","Body":[{"ControllerId":"DE0707190032","SubControllerId":"0"}]}
[2015-03-08 10:04:38:377][com.switek.netseed.server.ui.ServerForm] T28-Sending msg [AA AA 47 00 00 00 DE 07 07 19 B0 39 00 39 0F 7B 22 42 6F 64 79 22 3A 5B 5D 2C 22 52 65 73 75 6C 74 43 6F 64 65 22 3A 30 2C 22 4F 70 74 43 6F 64 65 22 3A 33 38 39 37 2C 22 41 50 49 56 65 72 22 3A 22 31 2E 30 22 7D 66 FA ] to (0x00000002: nio socket, server, /127.0.0.1:51887 => /127.0.0.1:38899)
[2015-03-08 10:04:38:377][com.switek.netseed.server.ui.ServerForm] T28-Command data: {"Body":[],"ResultCode":0,"OptCode":3897,"APIVer":"1.0"}
[2015-03-08 10:04:38:381][com.switek.netseed.server.ui.ServerForm] T28-Msg has been sent
[2015-03-08 10:04:38:381][org.apache.mina.core.filterchain.IoFilterEvent] Firing a MESSAGE_SENT event for session 2
[2015-03-08 10:04:38:382][org.apache.mina.core.filterchain.IoFilterEvent] Event MESSAGE_SENT has been fired for session 2
[2015-03-08 10:04:38:383][org.apache.mina.core.filterchain.IoFilterEvent] Firing a SESSION_CLOSED event for session 2
[2015-03-08 10:04:38:383][org.apache.mina.core.filterchain.IoFilterEvent] Event SESSION_CLOSED has been fired for session 2
[2015-03-08 10:04:52:256][com.switek.netseed.server.ui.ServerForm] T1-Loading standard IR code list from database...
[2015-03-08 10:04:52:289][com.switek.netseed.server.ui.ServerForm] T1-Loading device type def from database...
[2015-03-08 10:04:52:296][com.switek.netseed.server.ui.ServerForm] T1-Done.
[2015-03-08 10:04:52:301][com.switek.netseed.server.ui.ServerForm] T1-Loading brand info list from database...
[2015-03-08 10:04:52:305][com.switek.netseed.server.ui.ServerForm] T1-Done
[2015-03-08 10:04:52:310][com.switek.netseed.server.ui.ServerForm] T1-Loading releationship of type and brand from database...
[2015-03-08 10:04:52:314][com.switek.netseed.server.ui.ServerForm] T1-Done
[2015-03-08 10:04:52:318][com.switek.netseed.server.ui.ServerForm] T1-Loading controller list from database...
[2015-03-08 10:04:52:328][com.switek.netseed.server.ui.ServerForm] T1-There are 1450 controller(s)
[2015-03-08 10:04:52:332][com.switek.netseed.server.ui.ServerForm] T1-Loading subcontroller list from database...
[2015-03-08 10:04:52:341][com.switek.netseed.server.ui.ServerForm] T1-There are 1570 subcontroler(s).
[2015-03-08 10:04:52:345][com.switek.netseed.server.ui.ServerForm] T1-Loading device list from database...
[2015-03-08 10:04:52:361][com.switek.netseed.server.ui.ServerForm] T1-There are 1786 device(s).
[2015-03-08 10:04:52:364][com.switek.netseed.server.ui.ServerForm] T1-Loading learned IR code from database...
[2015-03-08 10:04:52:408][com.switek.netseed.server.ui.ServerForm] T1-Learned IR code are loaded!
[2015-03-08 10:04:52:411][com.switek.netseed.server.ui.ServerForm] T1-Loading app list from database...
[2015-03-08 10:04:52:416][com.switek.netseed.server.ui.ServerForm] T1-Loading timers...
[2015-03-08 10:04:52:419][com.switek.netseed.server.ui.ServerForm] T1-There are 1 timer(s)
[2015-03-08 10:04:52:421][com.switek.netseed.server.ui.ServerForm] T1-Loading timer steps...
[2015-03-08 10:04:52:425][com.switek.netseed.server.ui.ServerForm] T1-Completed to load timers.
[2015-03-08 10:04:52:427][com.switek.netseed.server.ui.ServerForm] T1-Setup schedule job engine.
[2015-03-08 10:04:54:204][com.switek.netseed.server.ui.ServerForm] T14-Starting schedule job engine...
[2015-03-08 10:04:55:188][com.switek.netseed.server.ui.ServerForm] T16-Starting schedule job engine...
[2015-03-08 10:05:09:349][org.apache.mina.core.filterchain.IoFilterEvent] Firing a SESSION_OPENED event for session 3
[2015-03-08 10:05:09:350][org.apache.mina.core.filterchain.IoFilterEvent] Event SESSION_OPENED has been fired for session 3
[2015-03-08 10:05:09:368][org.apache.mina.filter.codec.ProtocolCodecFilter] Processing a MESSAGE_RECEIVED for session 3
[2015-03-08 10:05:09:370][org.apache.mina.core.filterchain.IoFilterEvent] Firing a MESSAGE_RECEIVED event for session 3
[2015-03-08 10:05:09:371][org.apache.mina.core.filterchain.IoFilterEvent] Event MESSAGE_RECEIVED has been fired for session 3
[2015-03-08 10:05:09:375][com.switek.netseed.server.ui.ServerForm] T35-****************************Received 0xF39__UNKNOWN: AA AA 5C 00 DE 07 07 19 B0 39 00 39 0F 7B 22 41 50 49 56 65 72 22 3A 22 31 2E 30 22 2C 22 42 6F 64 79 22 3A 5B 7B 22 43 6F 6E 74 72 6F 6C 6C 65 72 49 64 22 3A 22 44 45 30 37 30 37 31 39 30 30 33 32 22 2C 22 53 75 62 43 6F 6E 74 72 6F 6C 6C 65 72 49 64 22 3A 22 30 22 7D 5D 7D 7A E2  from: (0x00000003: nio socket, server, /127.0.0.1:51890 => /127.0.0.1:38899)
[2015-03-08 10:05:09:375][com.switek.netseed.server.ui.ServerForm] T35-Data: {"APIVer":"1.0","Body":[{"ControllerId":"DE0707190032","SubControllerId":"0"}]}
[2015-03-08 10:05:09:386][com.switek.netseed.server.ui.ServerForm] T35-Sending msg [AA AA 60 01 00 00 DE 07 07 19 B0 39 00 39 0F 7B 22 42 6F 64 79 22 3A 5B 7B 22 43 6F 6E 74 72 6F 6C 6C 65 72 49 64 22 3A 22 44 45 30 37 30 37 31 39 30 30 33 32 22 2C 22 53 74 61 74 75 73 22 3A 22 30 30 22 2C 22 44 65 76 69 63 65 49 64 22 3A 22 44 44 30 37 30 43 30 31 30 34 30 30 22 2C 22 53 75 62 43 6F 6E 74 72 6F 6C 6C 65 72 49 64 22 3A 22 30 22 7D 2C 7B 22 43 6F 6E 74 72 6F 6C 6C 65 72 49 64 22 3A 22 44 45 30 37 30 37 31 39 30 30 33 32 22 2C 22 53 74 61 74 75 73 22 3A 22 30 30 22 2C 22 44 65 76 69 63 65 49 64 22 3A 22 44 44 30 37 30 43 30 31 30 36 30 30 22 2C 22 53 75 62 43 6F 6E 74 72 6F 6C 6C 65 72 49 64 22 3A 22 30 22 7D 2C 7B 22 43 6F 6E 74 72 6F 6C 6C 65 72 49 64 22 3A 22 44 45 30 37 30 37 31 39 30 30 33 32 22 2C 22 53 74 61 74 75 73 22 3A 22 46 46 22 2C 22 44 65 76 69 63 65 49 64 22 3A 22 44 45 30 37 30 35 30 37 33 30 32 42 22 2C 22 53 75 62 43 6F 6E 74 72 6F 6C 6C 65 72 49 64 22 3A 22 30 22 7D 5D 2C 22 52 65 73 75 6C 74 43 6F 64 65 22 3A 30 2C 22 4F 70 74 43 6F 64 65 22 3A 33 38 39 37 2C 22 41 50 49 56 65 72 22 3A 22 31 2E 30 22 7D 2E 0A ] to (0x00000003: nio socket, server, /127.0.0.1:51890 => /127.0.0.1:38899)
[2015-03-08 10:05:09:387][com.switek.netseed.server.ui.ServerForm] T35-Command data: {"Body":[{"ControllerId":"DE0707190032","Status":"00","DeviceId":"DD070C010400","SubControllerId":"0"},{"ControllerId":"DE0707190032","Status":"00","DeviceId":"DD070C010600","SubControllerId":"0"},{"ControllerId":"DE0707190032","Status":"FF","DeviceId":"DE070507302B","SubControllerId":"0"}],"ResultCode":0,"OptCode":3897,"APIVer":"1.0"}
[2015-03-08 10:05:09:397][com.switek.netseed.server.ui.ServerForm] T35-Msg has been sent
[2015-03-08 10:05:09:397][org.apache.mina.core.filterchain.IoFilterEvent] Firing a MESSAGE_SENT event for session 3
[2015-03-08 10:05:09:398][org.apache.mina.core.filterchain.IoFilterEvent] Event MESSAGE_SENT has been fired for session 3
[2015-03-08 10:05:09:398][org.apache.mina.core.filterchain.IoFilterEvent] Firing a SESSION_CLOSED event for session 3
[2015-03-08 10:05:09:398][org.apache.mina.core.filterchain.IoFilterEvent] Event SESSION_CLOSED has been fired for session 3
[2015-03-08 10:05:22:714][com.switek.netseed.server.ui.ServerForm] T1-System run time: 0d 00:05
[2015-03-08 10:05:24:204][com.switek.netseed.server.ui.ServerForm] T14-Starting schedule job engine...
[2015-03-08 10:05:25:189][com.switek.netseed.server.ui.ServerForm] T16-Starting schedule job engine...
[2015-03-08 10:05:52:430][com.switek.netseed.server.ui.ServerForm] T31-Starting schedule job engine...
[2015-03-08 10:05:54:205][com.switek.netseed.server.ui.ServerForm] T14-Starting schedule job engine...
[2015-03-08 10:05:55:189][com.switek.netseed.server.ui.ServerForm] T16-Starting schedule job engine...
[2015-03-08 10:06:22:431][com.switek.netseed.server.ui.ServerForm] T31-Starting schedule job engine...
[2015-03-08 10:06:22:715][com.switek.netseed.server.ui.ServerForm] T1-System run time: 0d 00:06
[2015-03-08 10:06:23:196][org.logicalcobwebs.proxool.ConnectionPool] 000002 (01/99/00) - #0002 removed because it has been active for too long.
[2015-03-08 10:06:23:197][org.logicalcobwebs.proxool.HouseKeeper] #0002 was active for 360199 milliseconds and has been removed automaticaly. The Thread responsible was named 'Thread-1', but the last SQL it performed is unknown because the trace property is not enabled.
[2015-03-08 10:06:23:200][org.logicalcobwebs.proxool.ConnectionPool] 000002 (00/98/00) - #0001 removed because it has been active for too long.
[2015-03-08 10:06:23:200][org.logicalcobwebs.proxool.HouseKeeper] #0001 was active for 358234 milliseconds and has been removed automaticaly. The Thread responsible was named 'main', but the last SQL it performed is unknown because the trace property is not enabled.
[2015-03-08 10:06:23:215][org.logicalcobwebs.proxool.Prototyper] 000002 (00/98/01) - Connection #101 created to achieve minimum of 100 = AVAILABLE
[2015-03-08 10:06:23:229][org.logicalcobwebs.proxool.Prototyper] 000002 (00/99/01) - Connection #102 created to achieve minimum of 100 = AVAILABLE
[2015-03-08 10:06:24:206][com.switek.netseed.server.ui.ServerForm] T14-Starting schedule job engine...
[2015-03-08 10:06:25:190][com.switek.netseed.server.ui.ServerForm] T16-Starting schedule job engine...
