[2015-03-08 14:42:39:485][org.logicalcobwebs.proxool.configuration.JAXPConfigurator] Configuring from reader: java.io.InputStreamReader@49660e34
[2015-03-08 14:42:39:494][org.logicalcobwebs.proxool.configuration.JAXPConfigurator] SAXParserFactory class: com.sun.org.apache.xerces.internal.jaxp.SAXParserFactoryImpl
[2015-03-08 14:42:39:504][org.logicalcobwebs.proxool.configuration.JAXPConfigurator] sax parser classcom.sun.org.apache.xerces.internal.jaxp.SAXParserImpl
[2015-03-08 14:42:39:504][org.logicalcobwebs.proxool.configuration.JAXPConfigurator] XML reader class: com.sun.org.apache.xerces.internal.jaxp.SAXParserImpl$JAXPSAXParser
[2015-03-08 14:42:39:505][org.logicalcobwebs.proxool.configuration.JAXPConfigurator] Setting sax feature: 'http://xml.org/sax/features/namespaces'. State: true.
[2015-03-08 14:42:39:506][org.logicalcobwebs.proxool.configuration.JAXPConfigurator] Setting sax feature: 'http://xml.org/sax/features/namespace-prefixes'. State: false.
[2015-03-08 14:42:39:510][org.logicalcobwebs.proxool.configuration.XMLConfigurator] Adding driver property: user=cziotappuser
[2015-03-08 14:42:39:511][org.logicalcobwebs.proxool.configuration.XMLConfigurator] Adding driver property: password=*******
[2015-03-08 14:42:39:512][org.logicalcobwebs.proxool.configuration.XMLConfigurator] Setting property 'proxool.simultaneous-build-throttle' to value '5000'.
[2015-03-08 14:42:39:512][org.logicalcobwebs.proxool.configuration.XMLConfigurator] Setting property 'proxool.maximum-connection-count' to value '2000'.
[2015-03-08 14:42:39:513][org.logicalcobwebs.proxool.configuration.XMLConfigurator] Setting property 'proxool.maximum-new-connections' to value '100'.
[2015-03-08 14:42:39:513][org.logicalcobwebs.proxool.configuration.XMLConfigurator] Setting property 'proxool.minimum-connection-count' to value '100'.
[2015-03-08 14:42:39:514][org.logicalcobwebs.proxool.configuration.XMLConfigurator] Setting property 'proxool.house-keeping-sleep-time' to value '120000'.
[2015-03-08 14:42:39:514][org.logicalcobwebs.proxool.configuration.XMLConfigurator] Setting property 'proxool.prototype-count' to value '50'.
[2015-03-08 14:42:39:515][org.logicalcobwebs.proxool.configuration.XMLConfigurator] Setting property 'proxool.test-before-use' to value 'true'.
[2015-03-08 14:42:39:515][org.logicalcobwebs.proxool.configuration.XMLConfigurator] Setting property 'proxool.house-keeping-test-sql' to value 'select 1'.
[2015-03-08 14:42:39:516][org.logicalcobwebs.proxool.configuration.XMLConfigurator] Created url: proxool.DBPool:com.mysql.jdbc.Driver:jdbc:mysql://localhost:13306/cziot
[2015-03-08 14:42:39:520][org.logicalcobwebs.proxool.ProxoolFacade] Proxool 0.9.1 (23-Aug-2008 11:10)
[2015-03-08 14:42:39:535][org.logicalcobwebs.proxool.ConnectionPoolDefinition] Recognised proxool property: proxool.driver=com.mysql.jdbc.Driver
[2015-03-08 14:42:39:535][org.logicalcobwebs.proxool.ConnectionPoolDefinition] Recognised proxool property: proxool.url=jdbc:mysql://localhost:13306/cziot
[2015-03-08 14:42:39:536][org.logicalcobwebs.proxool.ConnectionPoolDefinition] Recognised proxool property: proxool.minimum-connection-count=100
[2015-03-08 14:42:39:536][org.logicalcobwebs.proxool.ConnectionPoolDefinition] Recognised proxool property: proxool.simultaneous-build-throttle=5000
[2015-03-08 14:42:39:537][org.logicalcobwebs.proxool.ConnectionPoolDefinition] Recognised proxool property: proxool.test-before-use=true
[2015-03-08 14:42:39:537][org.logicalcobwebs.proxool.ConnectionPoolDefinition] Use of proxool.maximum-new-connections is deprecated. Use more descriptive proxool.simultaneous-build-throttle instead.
[2015-03-08 14:42:39:538][org.logicalcobwebs.proxool.ConnectionPoolDefinition] Recognised proxool property: proxool.maximum-new-connections=100
[2015-03-08 14:42:39:538][org.logicalcobwebs.proxool.ConnectionPoolDefinition] Delegating property to driver: user=cziotappuser
[2015-03-08 14:42:39:538][org.logicalcobwebs.proxool.ConnectionPoolDefinition] Recognised proxool property: proxool.house-keeping-sleep-time=120000
[2015-03-08 14:42:39:539][org.logicalcobwebs.proxool.ConnectionPoolDefinition] Recognised proxool property: proxool.prototype-count=50
[2015-03-08 14:42:39:539][org.logicalcobwebs.proxool.ConnectionPoolDefinition] Delegating property to driver: password=********
[2015-03-08 14:42:39:540][org.logicalcobwebs.proxool.ConnectionPoolDefinition] Recognised proxool property: proxool.maximum-connection-count=2000
[2015-03-08 14:42:39:540][org.logicalcobwebs.proxool.ConnectionPoolDefinition] Recognised proxool property: proxool.house-keeping-test-sql=select 1
[2015-03-08 14:42:39:552][org.logicalcobwebs.proxool.ShutdownHook] Registered shutdownHook
[2015-03-08 14:42:39:554][org.logicalcobwebs.proxool.HouseKeeperController] Registering 'DBPool' house keeper
[2015-03-08 14:42:39:556][org.logicalcobwebs.proxool.HouseKeeperController] Starting a house keeper thread
[2015-03-08 14:42:39:731][org.logicalcobwebs.proxool.ConnectionResetter] Remembering default value: getTransactionIsolation() = 4
[2015-03-08 14:42:39:732][org.logicalcobwebs.proxool.ConnectionResetter] Remembering default value: getHoldability() = 2
[2015-03-08 14:42:39:732][org.logicalcobwebs.proxool.ConnectionResetter] Remembering default value: getCatalog() = cziot
[2015-03-08 14:42:39:733][org.logicalcobwebs.proxool.ConnectionResetter] Remembering default value: isReadOnly() = false
[2015-03-08 14:42:39:733][org.logicalcobwebs.proxool.ConnectionResetter] Remembering default value: getTypeMap() = {}
[2015-03-08 14:42:39:733][org.logicalcobwebs.proxool.ConnectionPool] Proxool statistics legend: "s - r  (a/t/o)" > s=served, r=refused (only shown if non-zero), a=active, t=total, o=offline (being tested)
[2015-03-08 14:42:39:734][org.logicalcobwebs.proxool.ConnectionPool] Proxool statistics legend: "s - r  (a/t/o)" > s=served, r=refused (only shown if non-zero), a=active, t=total, o=offline (being tested)
[2015-03-08 14:42:39:734][org.logicalcobwebs.proxool.Prototyper] 000000 (01/02/00) - Connection #2 created on demand = ACTIVE
[2015-03-08 14:42:39:734][org.logicalcobwebs.proxool.Prototyper] 000000 (01/02/00) - Connection #1 created to achieve minimum of 100 = AVAILABLE
[2015-03-08 14:42:39:735][org.logicalcobwebs.proxool.ConnectionPool] 000000 (01/02/00) - Connection #2 tested: OK
[2015-03-08 14:42:39:753][org.logicalcobwebs.proxool.Prototyper] 000001 (01/03/00) - Connection #3 created to achieve minimum of 100 = AVAILABLE
[2015-03-08 14:42:39:771][org.logicalcobwebs.proxool.Prototyper] 000001 (01/04/00) - Connection #4 created to achieve minimum of 100 = AVAILABLE
[2015-03-08 14:42:39:777][org.logicalcobwebs.proxool.ProxyFactory] Implementing interface com.mysql.jdbc.ConnectionProperties
[2015-03-08 14:42:39:778][org.logicalcobwebs.proxool.ProxyFactory] Implementing interface java.sql.Connection
[2015-03-08 14:42:39:778][org.logicalcobwebs.proxool.ProxyFactory] Implementing interface com.mysql.jdbc.MySQLConnection
[2015-03-08 14:42:39:778][org.logicalcobwebs.proxool.ProxyFactory] Implementing interface com.mysql.jdbc.Connection
[2015-03-08 14:42:39:778][org.logicalcobwebs.proxool.ProxyFactory] Implementing interface java.sql.Wrapper
[2015-03-08 14:42:39:778][org.logicalcobwebs.proxool.ProxyFactory] Implementing interface java.io.Serializable
[2015-03-08 14:42:39:779][org.logicalcobwebs.proxool.ProxyFactory] Implementing interface java.lang.AutoCloseable
[2015-03-08 14:42:39:785][org.logicalcobwebs.proxool.Prototyper] 000001 (01/05/00) - Connection #5 created to achieve minimum of 100 = AVAILABLE
[2015-03-08 14:42:39:798][org.logicalcobwebs.proxool.Prototyper] 000001 (01/06/00) - Connection #6 created to achieve minimum of 100 = AVAILABLE
[2015-03-08 14:42:39:810][org.logicalcobwebs.proxool.Prototyper] 000001 (01/07/00) - Connection #7 created to achieve minimum of 100 = AVAILABLE
[2015-03-08 14:42:39:824][org.logicalcobwebs.proxool.Prototyper] 000001 (01/08/00) - Connection #8 created to achieve minimum of 100 = AVAILABLE
[2015-03-08 14:42:39:839][org.logicalcobwebs.proxool.Prototyper] 000001 (01/09/00) - Connection #9 created to achieve minimum of 100 = AVAILABLE
[2015-03-08 14:42:39:850][org.logicalcobwebs.proxool.Prototyper] 000001 (01/10/00) - Connection #10 created to achieve minimum of 100 = AVAILABLE
[2015-03-08 14:42:39:864][org.logicalcobwebs.proxool.Prototyper] 000001 (01/11/00) - Connection #11 created to achieve minimum of 100 = AVAILABLE
[2015-03-08 14:42:39:876][org.logicalcobwebs.proxool.Prototyper] 000001 (01/12/00) - Connection #12 created to achieve minimum of 100 = AVAILABLE
[2015-03-08 14:42:39:887][org.logicalcobwebs.proxool.Prototyper] 000001 (01/13/00) - Connection #13 created to achieve minimum of 100 = AVAILABLE
[2015-03-08 14:42:39:900][org.logicalcobwebs.proxool.Prototyper] 000001 (01/14/00) - Connection #14 created to achieve minimum of 100 = AVAILABLE
[2015-03-08 14:42:39:911][org.logicalcobwebs.proxool.Prototyper] 000001 (01/15/00) - Connection #15 created to achieve minimum of 100 = AVAILABLE
[2015-03-08 14:42:39:923][org.logicalcobwebs.proxool.Prototyper] 000001 (01/16/00) - Connection #16 created to achieve minimum of 100 = AVAILABLE
[2015-03-08 14:42:39:934][org.logicalcobwebs.proxool.Prototyper] 000001 (01/17/00) - Connection #17 created to achieve minimum of 100 = AVAILABLE
[2015-03-08 14:42:39:949][org.logicalcobwebs.proxool.Prototyper] 000001 (01/18/00) - Connection #18 created to achieve minimum of 100 = AVAILABLE
[2015-03-08 14:42:39:962][org.logicalcobwebs.proxool.Prototyper] 000001 (01/19/00) - Connection #19 created to achieve minimum of 100 = AVAILABLE
[2015-03-08 14:42:39:974][org.logicalcobwebs.proxool.Prototyper] 000001 (01/20/00) - Connection #20 created to achieve minimum of 100 = AVAILABLE
[2015-03-08 14:42:39:985][org.logicalcobwebs.proxool.Prototyper] 000001 (01/21/00) - Connection #21 created to achieve minimum of 100 = AVAILABLE
[2015-03-08 14:42:39:994][org.logicalcobwebs.proxool.Prototyper] 000001 (01/22/00) - Connection #22 created to achieve minimum of 100 = AVAILABLE
[2015-03-08 14:42:40:007][org.logicalcobwebs.proxool.Prototyper] 000001 (01/23/00) - Connection #23 created to achieve minimum of 100 = AVAILABLE
[2015-03-08 14:42:40:020][org.logicalcobwebs.proxool.Prototyper] 000001 (01/24/00) - Connection #24 created to achieve minimum of 100 = AVAILABLE
[2015-03-08 14:42:40:029][org.logicalcobwebs.proxool.Prototyper] 000001 (01/25/00) - Connection #25 created to achieve minimum of 100 = AVAILABLE
[2015-03-08 14:42:40:038][org.logicalcobwebs.proxool.Prototyper] 000001 (01/26/00) - Connection #26 created to achieve minimum of 100 = AVAILABLE
[2015-03-08 14:42:40:051][org.logicalcobwebs.proxool.Prototyper] 000001 (01/27/00) - Connection #27 created to achieve minimum of 100 = AVAILABLE
[2015-03-08 14:42:40:063][org.logicalcobwebs.proxool.Prototyper] 000001 (01/28/00) - Connection #28 created to achieve minimum of 100 = AVAILABLE
[2015-03-08 14:42:40:074][org.logicalcobwebs.proxool.Prototyper] 000001 (01/29/00) - Connection #29 created to achieve minimum of 100 = AVAILABLE
[2015-03-08 14:42:40:085][org.logicalcobwebs.proxool.Prototyper] 000001 (01/30/00) - Connection #30 created to achieve minimum of 100 = AVAILABLE
[2015-03-08 14:42:40:095][org.logicalcobwebs.proxool.Prototyper] 000001 (01/31/00) - Connection #31 created to achieve minimum of 100 = AVAILABLE
[2015-03-08 14:42:40:108][org.logicalcobwebs.proxool.Prototyper] 000001 (01/32/00) - Connection #32 created to achieve minimum of 100 = AVAILABLE
[2015-03-08 14:42:40:117][org.logicalcobwebs.proxool.Prototyper] 000001 (01/33/00) - Connection #33 created to achieve minimum of 100 = AVAILABLE
[2015-03-08 14:42:40:128][org.logicalcobwebs.proxool.Prototyper] 000001 (01/34/00) - Connection #34 created to achieve minimum of 100 = AVAILABLE
[2015-03-08 14:42:40:139][org.logicalcobwebs.proxool.Prototyper] 000001 (01/35/00) - Connection #35 created to achieve minimum of 100 = AVAILABLE
[2015-03-08 14:42:40:151][org.logicalcobwebs.proxool.Prototyper] 000001 (01/36/00) - Connection #36 created to achieve minimum of 100 = AVAILABLE
[2015-03-08 14:42:40:162][org.logicalcobwebs.proxool.Prototyper] 000001 (01/37/00) - Connection #37 created to achieve minimum of 100 = AVAILABLE
[2015-03-08 14:42:40:173][org.logicalcobwebs.proxool.Prototyper] 000001 (01/38/00) - Connection #38 created to achieve minimum of 100 = AVAILABLE
[2015-03-08 14:42:40:184][org.logicalcobwebs.proxool.Prototyper] 000001 (01/39/00) - Connection #39 created to achieve minimum of 100 = AVAILABLE
[2015-03-08 14:42:40:195][org.logicalcobwebs.proxool.Prototyper] 000001 (01/40/00) - Connection #40 created to achieve minimum of 100 = AVAILABLE
[2015-03-08 14:42:40:206][org.logicalcobwebs.proxool.Prototyper] 000001 (01/41/00) - Connection #41 created to achieve minimum of 100 = AVAILABLE
[2015-03-08 14:42:40:220][org.logicalcobwebs.proxool.Prototyper] 000001 (01/42/00) - Connection #42 created to achieve minimum of 100 = AVAILABLE
[2015-03-08 14:42:40:232][org.logicalcobwebs.proxool.Prototyper] 000001 (01/43/00) - Connection #43 created to achieve minimum of 100 = AVAILABLE
[2015-03-08 14:42:40:245][org.logicalcobwebs.proxool.Prototyper] 000001 (01/44/00) - Connection #44 created to achieve minimum of 100 = AVAILABLE
[2015-03-08 14:42:40:255][org.logicalcobwebs.proxool.Prototyper] 000001 (01/45/00) - Connection #45 created to achieve minimum of 100 = AVAILABLE
[2015-03-08 14:42:40:267][org.logicalcobwebs.proxool.Prototyper] 000001 (01/46/00) - Connection #46 created to achieve minimum of 100 = AVAILABLE
[2015-03-08 14:42:40:278][org.logicalcobwebs.proxool.Prototyper] 000001 (01/47/00) - Connection #47 created to achieve minimum of 100 = AVAILABLE
[2015-03-08 14:42:40:293][org.logicalcobwebs.proxool.Prototyper] 000001 (01/48/00) - Connection #48 created to achieve minimum of 100 = AVAILABLE
[2015-03-08 14:42:40:303][org.logicalcobwebs.proxool.Prototyper] 000001 (01/49/00) - Connection #49 created to achieve minimum of 100 = AVAILABLE
[2015-03-08 14:42:40:317][org.logicalcobwebs.proxool.Prototyper] 000001 (01/50/00) - Connection #50 created to achieve minimum of 100 = AVAILABLE
[2015-03-08 14:42:40:335][org.logicalcobwebs.proxool.Prototyper] 000001 (01/51/00) - Connection #51 created to achieve minimum of 100 = AVAILABLE
[2015-03-08 14:42:40:344][org.logicalcobwebs.proxool.Prototyper] 000001 (01/52/00) - Connection #52 created to achieve minimum of 100 = AVAILABLE
[2015-03-08 14:42:40:352][org.logicalcobwebs.proxool.Prototyper] 000001 (01/53/00) - Connection #53 created to achieve minimum of 100 = AVAILABLE
[2015-03-08 14:42:40:357][org.logicalcobwebs.proxool.ProxyFactory] Implementing interface com.mysql.jdbc.Statement
[2015-03-08 14:42:40:358][org.logicalcobwebs.proxool.ProxyFactory] Implementing interface java.sql.Wrapper
[2015-03-08 14:42:40:358][org.logicalcobwebs.proxool.ProxyFactory] Implementing interface java.sql.PreparedStatement
[2015-03-08 14:42:40:358][org.logicalcobwebs.proxool.ProxyFactory] Implementing interface java.sql.Statement
[2015-03-08 14:42:40:358][org.logicalcobwebs.proxool.ProxyFactory] Implementing interface java.lang.AutoCloseable
[2015-03-08 14:42:40:361][org.logicalcobwebs.proxool.Prototyper] 000001 (01/54/00) - Connection #54 created to achieve minimum of 100 = AVAILABLE
[2015-03-08 14:42:40:370][org.logicalcobwebs.proxool.Prototyper] 000001 (01/55/00) - Connection #55 created to achieve minimum of 100 = AVAILABLE
[2015-03-08 14:42:40:380][org.logicalcobwebs.proxool.Prototyper] 000001 (01/56/00) - Connection #56 created to achieve minimum of 100 = AVAILABLE
[2015-03-08 14:42:40:390][org.logicalcobwebs.proxool.Prototyper] 000001 (01/57/00) - Connection #57 created to achieve minimum of 100 = AVAILABLE
[2015-03-08 14:42:40:399][org.logicalcobwebs.proxool.Prototyper] 000001 (01/58/00) - Connection #58 created to achieve minimum of 100 = AVAILABLE
[2015-03-08 14:42:40:408][org.logicalcobwebs.proxool.Prototyper] 000001 (01/59/00) - Connection #59 created to achieve minimum of 100 = AVAILABLE
[2015-03-08 14:42:40:415][org.logicalcobwebs.proxool.Prototyper] 000001 (01/60/00) - Connection #60 created to achieve minimum of 100 = AVAILABLE
[2015-03-08 14:42:40:423][org.logicalcobwebs.proxool.Prototyper] 000001 (01/61/00) - Connection #61 created to achieve minimum of 100 = AVAILABLE
[2015-03-08 14:42:40:431][org.logicalcobwebs.proxool.Prototyper] 000001 (00/62/00) - Connection #62 created to achieve minimum of 100 = AVAILABLE
[2015-03-08 14:42:40:439][org.logicalcobwebs.proxool.Prototyper] 000001 (00/63/00) - Connection #63 created to achieve minimum of 100 = AVAILABLE
[2015-03-08 14:42:40:447][org.logicalcobwebs.proxool.Prototyper] 000001 (00/64/00) - Connection #64 created to achieve minimum of 100 = AVAILABLE
[2015-03-08 14:42:40:456][org.logicalcobwebs.proxool.Prototyper] 000001 (00/65/00) - Connection #65 created to achieve minimum of 100 = AVAILABLE
[2015-03-08 14:42:40:463][org.logicalcobwebs.proxool.Prototyper] 000001 (00/66/00) - Connection #66 created to achieve minimum of 100 = AVAILABLE
[2015-03-08 14:42:40:473][org.logicalcobwebs.proxool.Prototyper] 000001 (00/67/00) - Connection #67 created to achieve minimum of 100 = AVAILABLE
[2015-03-08 14:42:40:484][org.logicalcobwebs.proxool.Prototyper] 000001 (00/68/00) - Connection #68 created to achieve minimum of 100 = AVAILABLE
[2015-03-08 14:42:40:491][org.logicalcobwebs.proxool.Prototyper] 000001 (00/69/00) - Connection #69 created to achieve minimum of 100 = AVAILABLE
[2015-03-08 14:42:40:498][org.logicalcobwebs.proxool.Prototyper] 000001 (00/70/00) - Connection #70 created to achieve minimum of 100 = AVAILABLE
[2015-03-08 14:42:40:504][org.logicalcobwebs.proxool.Prototyper] 000001 (00/71/00) - Connection #71 created to achieve minimum of 100 = AVAILABLE
[2015-03-08 14:42:40:512][org.logicalcobwebs.proxool.Prototyper] 000001 (00/72/00) - Connection #72 created to achieve minimum of 100 = AVAILABLE
[2015-03-08 14:42:40:520][org.logicalcobwebs.proxool.Prototyper] 000001 (00/73/00) - Connection #73 created to achieve minimum of 100 = AVAILABLE
[2015-03-08 14:42:40:525][cn.jpush.api.common.connection.NativeHttpClient] Created instance with _maxRetryTimes = 3
[2015-03-08 14:42:40:525][org.logicalcobwebs.proxool.Prototyper] 000001 (00/74/00) - Connection #74 created to achieve minimum of 100 = AVAILABLE
[2015-03-08 14:42:40:532][org.logicalcobwebs.proxool.Prototyper] 000001 (00/75/00) - Connection #75 created to achieve minimum of 100 = AVAILABLE
[2015-03-08 14:42:40:541][org.logicalcobwebs.proxool.Prototyper] 000001 (00/76/00) - Connection #76 created to achieve minimum of 100 = AVAILABLE
[2015-03-08 14:42:40:548][org.logicalcobwebs.proxool.Prototyper] 000001 (00/77/00) - Connection #77 created to achieve minimum of 100 = AVAILABLE
[2015-03-08 14:42:40:554][org.logicalcobwebs.proxool.Prototyper] 000001 (00/78/00) - Connection #78 created to achieve minimum of 100 = AVAILABLE
[2015-03-08 14:42:40:563][org.logicalcobwebs.proxool.Prototyper] 000001 (00/79/00) - Connection #79 created to achieve minimum of 100 = AVAILABLE
[2015-03-08 14:42:40:568][org.logicalcobwebs.proxool.Prototyper] 000001 (00/80/00) - Connection #80 created to achieve minimum of 100 = AVAILABLE
[2015-03-08 14:42:40:574][org.logicalcobwebs.proxool.Prototyper] 000001 (00/81/00) - Connection #81 created to achieve minimum of 100 = AVAILABLE
[2015-03-08 14:42:40:581][org.logicalcobwebs.proxool.Prototyper] 000001 (00/82/00) - Connection #82 created to achieve minimum of 100 = AVAILABLE
[2015-03-08 14:42:40:588][org.logicalcobwebs.proxool.Prototyper] 000001 (00/83/00) - Connection #83 created to achieve minimum of 100 = AVAILABLE
[2015-03-08 14:42:40:598][org.logicalcobwebs.proxool.Prototyper] 000001 (00/84/00) - Connection #84 created to achieve minimum of 100 = AVAILABLE
[2015-03-08 14:42:40:607][org.logicalcobwebs.proxool.Prototyper] 000001 (00/85/00) - Connection #85 created to achieve minimum of 100 = AVAILABLE
[2015-03-08 14:42:40:615][org.logicalcobwebs.proxool.Prototyper] 000001 (00/86/00) - Connection #86 created to achieve minimum of 100 = AVAILABLE
[2015-03-08 14:42:40:623][org.logicalcobwebs.proxool.Prototyper] 000001 (00/87/00) - Connection #87 created to achieve minimum of 100 = AVAILABLE
[2015-03-08 14:42:40:631][org.logicalcobwebs.proxool.Prototyper] 000001 (00/88/00) - Connection #88 created to achieve minimum of 100 = AVAILABLE
[2015-03-08 14:42:40:637][org.logicalcobwebs.proxool.Prototyper] 000001 (00/89/00) - Connection #89 created to achieve minimum of 100 = AVAILABLE
[2015-03-08 14:42:40:644][org.logicalcobwebs.proxool.Prototyper] 000001 (00/90/00) - Connection #90 created to achieve minimum of 100 = AVAILABLE
[2015-03-08 14:42:40:650][org.logicalcobwebs.proxool.Prototyper] 000001 (00/91/00) - Connection #91 created to achieve minimum of 100 = AVAILABLE
[2015-03-08 14:42:40:656][org.logicalcobwebs.proxool.Prototyper] 000001 (00/92/00) - Connection #92 created to achieve minimum of 100 = AVAILABLE
[2015-03-08 14:42:40:660][org.logicalcobwebs.proxool.Prototyper] 000001 (00/93/00) - Connection #93 created to achieve minimum of 100 = AVAILABLE
[2015-03-08 14:42:40:666][org.logicalcobwebs.proxool.Prototyper] 000001 (00/94/00) - Connection #94 created to achieve minimum of 100 = AVAILABLE
[2015-03-08 14:42:40:671][org.logicalcobwebs.proxool.Prototyper] 000001 (00/95/00) - Connection #95 created to achieve minimum of 100 = AVAILABLE
[2015-03-08 14:42:40:678][org.logicalcobwebs.proxool.Prototyper] 000001 (00/96/00) - Connection #96 created to achieve minimum of 100 = AVAILABLE
[2015-03-08 14:42:40:683][org.logicalcobwebs.proxool.Prototyper] 000001 (00/97/00) - Connection #97 created to achieve minimum of 100 = AVAILABLE
[2015-03-08 14:42:40:690][org.logicalcobwebs.proxool.Prototyper] 000001 (00/98/00) - Connection #98 created to achieve minimum of 100 = AVAILABLE
[2015-03-08 14:42:40:697][org.logicalcobwebs.proxool.Prototyper] 000001 (00/99/00) - Connection #99 created to achieve minimum of 100 = AVAILABLE
[2015-03-08 14:42:40:698][cn.jpush.api.common.connection.NativeHttpClient] Created instance with _maxRetryTimes = 3
[2015-03-08 14:42:40:699][cn.jpush.api.common.connection.NativeHttpClient] Created instance with _maxRetryTimes = 3
[2015-03-08 14:42:40:704][org.logicalcobwebs.proxool.Prototyper] 000001 (00/100/00) - Connection #100 created to achieve minimum of 100 = AVAILABLE
[2015-03-08 14:42:40:707][cn.jpush.api.common.connection.NativeHttpClient] Send request - POST https://api.jpush.cn/v3/push
[2015-03-08 14:42:40:707][cn.jpush.api.common.connection.NativeHttpClient] Request Content - {"platform":"all","audience":{"registration_id":[]},"notification":{"ios":{"alert":"设备：门磁(大门)  \n2015-03-08 14:42:40","badge":"+1","sound":""},"android":{"alert":"设备：门磁(大门)  \n2015-03-08 14:42:40","title":"安防消息"}},"options":{"sendno":121403329,"apns_production":false}}
[2015-03-08 14:42:41:106][cn.jpush.api.common.resp.ResponseWrapper] JPush API Rate Limiting params - quota:600, remaining:599, reset:60
[2015-03-08 14:42:41:106][cn.jpush.api.common.connection.NativeHttpClient] Got error response - responseCode:400, responseContent:{"msg_id": 897476082, "error": {"message": "cannot find user by this audience", "code": 1011}}
[2015-03-08 14:42:41:107][cn.jpush.api.common.connection.NativeHttpClient] Your request params is invalid. Please check them according to error message.
[2015-03-08 14:42:41:122][org.logicalcobwebs.proxool.ShutdownHook] Running ShutdownHook
[2015-03-08 14:42:41:122][org.logicalcobwebs.proxool.ConnectionPool] Shutting down 'DBPool' pool immediately [Shutdown Hook]
[2015-03-08 14:42:41:124][org.logicalcobwebs.proxool.ConnectionPool] 000001 (00/99/00) - #0100 removed because of shutdown.
[2015-03-08 14:42:41:124][org.logicalcobwebs.proxool.ConnectionPool] Connection #100 closed
[2015-03-08 14:42:41:125][org.logicalcobwebs.proxool.ConnectionPool] 000001 (00/98/00) - #0099 removed because of shutdown.
[2015-03-08 14:42:41:125][org.logicalcobwebs.proxool.ConnectionPool] Connection #99 closed
[2015-03-08 14:42:41:126][org.logicalcobwebs.proxool.ConnectionPool] 000001 (00/97/00) - #0098 removed because of shutdown.
[2015-03-08 14:42:41:126][org.logicalcobwebs.proxool.ConnectionPool] Connection #98 closed
[2015-03-08 14:42:41:127][org.logicalcobwebs.proxool.ConnectionPool] 000001 (00/96/00) - #0097 removed because of shutdown.
[2015-03-08 14:42:41:127][org.logicalcobwebs.proxool.ConnectionPool] Connection #97 closed
[2015-03-08 14:42:41:127][org.logicalcobwebs.proxool.ConnectionPool] 000001 (00/95/00) - #0096 removed because of shutdown.
[2015-03-08 14:42:41:128][org.logicalcobwebs.proxool.ConnectionPool] Connection #96 closed
[2015-03-08 14:42:41:128][org.logicalcobwebs.proxool.ConnectionPool] 000001 (00/94/00) - #0095 removed because of shutdown.
[2015-03-08 14:42:41:128][org.logicalcobwebs.proxool.ConnectionPool] Connection #95 closed
[2015-03-08 14:42:41:129][org.logicalcobwebs.proxool.ConnectionPool] 000001 (00/93/00) - #0094 removed because of shutdown.
[2015-03-08 14:42:41:129][org.logicalcobwebs.proxool.ConnectionPool] Connection #94 closed
[2015-03-08 14:42:41:129][org.logicalcobwebs.proxool.ConnectionPool] 000001 (00/92/00) - #0093 removed because of shutdown.
[2015-03-08 14:42:41:129][org.logicalcobwebs.proxool.ConnectionPool] Connection #93 closed
[2015-03-08 14:42:41:130][org.logicalcobwebs.proxool.ConnectionPool] 000001 (00/91/00) - #0092 removed because of shutdown.
[2015-03-08 14:42:41:130][org.logicalcobwebs.proxool.ConnectionPool] Connection #92 closed
[2015-03-08 14:42:41:131][org.logicalcobwebs.proxool.ConnectionPool] 000001 (00/90/00) - #0091 removed because of shutdown.
[2015-03-08 14:42:41:131][org.logicalcobwebs.proxool.ConnectionPool] Connection #91 closed
[2015-03-08 14:42:41:132][org.logicalcobwebs.proxool.ConnectionPool] 000001 (00/89/00) - #0090 removed because of shutdown.
[2015-03-08 14:42:41:132][org.logicalcobwebs.proxool.ConnectionPool] Connection #90 closed
[2015-03-08 14:42:41:132][org.logicalcobwebs.proxool.ConnectionPool] 000001 (00/88/00) - #0089 removed because of shutdown.
[2015-03-08 14:42:41:132][org.logicalcobwebs.proxool.ConnectionPool] Connection #89 closed
[2015-03-08 14:42:41:133][org.logicalcobwebs.proxool.ConnectionPool] 000001 (00/87/00) - #0088 removed because of shutdown.
[2015-03-08 14:42:41:133][org.logicalcobwebs.proxool.ConnectionPool] Connection #88 closed
[2015-03-08 14:42:41:133][org.logicalcobwebs.proxool.ConnectionPool] 000001 (00/86/00) - #0087 removed because of shutdown.
[2015-03-08 14:42:41:134][org.logicalcobwebs.proxool.ConnectionPool] Connection #87 closed
[2015-03-08 14:42:41:134][org.logicalcobwebs.proxool.ConnectionPool] 000001 (00/85/00) - #0086 removed because of shutdown.
[2015-03-08 14:42:41:134][org.logicalcobwebs.proxool.ConnectionPool] Connection #86 closed
[2015-03-08 14:42:41:135][org.logicalcobwebs.proxool.ConnectionPool] 000001 (00/84/00) - #0085 removed because of shutdown.
[2015-03-08 14:42:41:135][org.logicalcobwebs.proxool.ConnectionPool] Connection #85 closed
[2015-03-08 14:42:41:136][org.logicalcobwebs.proxool.ConnectionPool] 000001 (00/83/00) - #0084 removed because of shutdown.
[2015-03-08 14:42:41:136][org.logicalcobwebs.proxool.ConnectionPool] Connection #84 closed
[2015-03-08 14:42:41:137][org.logicalcobwebs.proxool.ConnectionPool] 000001 (00/82/00) - #0083 removed because of shutdown.
[2015-03-08 14:42:41:137][org.logicalcobwebs.proxool.ConnectionPool] Connection #83 closed
[2015-03-08 14:42:41:138][org.logicalcobwebs.proxool.ConnectionPool] 000001 (00/81/00) - #0082 removed because of shutdown.
[2015-03-08 14:42:41:138][org.logicalcobwebs.proxool.ConnectionPool] Connection #82 closed
[2015-03-08 14:42:41:138][org.logicalcobwebs.proxool.ConnectionPool] 000001 (00/80/00) - #0081 removed because of shutdown.
[2015-03-08 14:42:41:138][org.logicalcobwebs.proxool.ConnectionPool] Connection #81 closed
[2015-03-08 14:42:41:139][org.logicalcobwebs.proxool.ConnectionPool] 000001 (00/79/00) - #0080 removed because of shutdown.
[2015-03-08 14:42:41:139][org.logicalcobwebs.proxool.ConnectionPool] Connection #80 closed
[2015-03-08 14:42:41:140][org.logicalcobwebs.proxool.ConnectionPool] 000001 (00/78/00) - #0079 removed because of shutdown.
[2015-03-08 14:42:41:140][org.logicalcobwebs.proxool.ConnectionPool] Connection #79 closed
[2015-03-08 14:42:41:140][org.logicalcobwebs.proxool.ConnectionPool] 000001 (00/77/00) - #0078 removed because of shutdown.
[2015-03-08 14:42:41:140][org.logicalcobwebs.proxool.ConnectionPool] Connection #78 closed
[2015-03-08 14:42:41:141][org.logicalcobwebs.proxool.ConnectionPool] 000001 (00/76/00) - #0077 removed because of shutdown.
[2015-03-08 14:42:41:141][org.logicalcobwebs.proxool.ConnectionPool] Connection #77 closed
[2015-03-08 14:42:41:142][org.logicalcobwebs.proxool.ConnectionPool] 000001 (00/75/00) - #0076 removed because of shutdown.
[2015-03-08 14:42:41:142][org.logicalcobwebs.proxool.ConnectionPool] Connection #76 closed
[2015-03-08 14:42:41:142][org.logicalcobwebs.proxool.ConnectionPool] 000001 (00/74/00) - #0075 removed because of shutdown.
[2015-03-08 14:42:41:142][org.logicalcobwebs.proxool.ConnectionPool] Connection #75 closed
[2015-03-08 14:42:41:143][org.logicalcobwebs.proxool.ConnectionPool] 000001 (00/73/00) - #0074 removed because of shutdown.
[2015-03-08 14:42:41:143][org.logicalcobwebs.proxool.ConnectionPool] Connection #74 closed
[2015-03-08 14:42:41:143][org.logicalcobwebs.proxool.ConnectionPool] 000001 (00/72/00) - #0073 removed because of shutdown.
[2015-03-08 14:42:41:144][org.logicalcobwebs.proxool.ConnectionPool] Connection #73 closed
[2015-03-08 14:42:41:144][org.logicalcobwebs.proxool.ConnectionPool] 000001 (00/71/00) - #0072 removed because of shutdown.
[2015-03-08 14:42:41:144][org.logicalcobwebs.proxool.ConnectionPool] Connection #72 closed
[2015-03-08 14:42:41:145][org.logicalcobwebs.proxool.ConnectionPool] 000001 (00/70/00) - #0071 removed because of shutdown.
[2015-03-08 14:42:41:145][org.logicalcobwebs.proxool.ConnectionPool] Connection #71 closed
[2015-03-08 14:42:41:145][org.logicalcobwebs.proxool.ConnectionPool] 000001 (00/69/00) - #0070 removed because of shutdown.
[2015-03-08 14:42:41:145][org.logicalcobwebs.proxool.ConnectionPool] Connection #70 closed
[2015-03-08 14:42:41:146][org.logicalcobwebs.proxool.ConnectionPool] 000001 (00/68/00) - #0069 removed because of shutdown.
[2015-03-08 14:42:41:146][org.logicalcobwebs.proxool.ConnectionPool] Connection #69 closed
[2015-03-08 14:42:41:146][org.logicalcobwebs.proxool.ConnectionPool] 000001 (00/67/00) - #0068 removed because of shutdown.
[2015-03-08 14:42:41:147][org.logicalcobwebs.proxool.ConnectionPool] Connection #68 closed
[2015-03-08 14:42:41:147][org.logicalcobwebs.proxool.ConnectionPool] 000001 (00/66/00) - #0067 removed because of shutdown.
[2015-03-08 14:42:41:147][org.logicalcobwebs.proxool.ConnectionPool] Connection #67 closed
[2015-03-08 14:42:41:148][org.logicalcobwebs.proxool.ConnectionPool] 000001 (00/65/00) - #0066 removed because of shutdown.
[2015-03-08 14:42:41:148][org.logicalcobwebs.proxool.ConnectionPool] Connection #66 closed
[2015-03-08 14:42:41:148][org.logicalcobwebs.proxool.ConnectionPool] 000001 (00/64/00) - #0065 removed because of shutdown.
[2015-03-08 14:42:41:148][org.logicalcobwebs.proxool.ConnectionPool] Connection #65 closed
[2015-03-08 14:42:41:149][org.logicalcobwebs.proxool.ConnectionPool] 000001 (00/63/00) - #0064 removed because of shutdown.
[2015-03-08 14:42:41:149][org.logicalcobwebs.proxool.ConnectionPool] Connection #64 closed
[2015-03-08 14:42:41:149][org.logicalcobwebs.proxool.ConnectionPool] 000001 (00/62/00) - #0063 removed because of shutdown.
[2015-03-08 14:42:41:149][org.logicalcobwebs.proxool.ConnectionPool] Connection #63 closed
[2015-03-08 14:42:41:150][org.logicalcobwebs.proxool.ConnectionPool] 000001 (00/61/00) - #0062 removed because of shutdown.
[2015-03-08 14:42:41:150][org.logicalcobwebs.proxool.ConnectionPool] Connection #62 closed
[2015-03-08 14:42:41:150][org.logicalcobwebs.proxool.ConnectionPool] 000001 (00/60/00) - #0061 removed because of shutdown.
[2015-03-08 14:42:41:150][org.logicalcobwebs.proxool.ConnectionPool] Connection #61 closed
[2015-03-08 14:42:41:151][org.logicalcobwebs.proxool.ConnectionPool] 000001 (00/59/00) - #0060 removed because of shutdown.
[2015-03-08 14:42:41:151][org.logicalcobwebs.proxool.ConnectionPool] Connection #60 closed
[2015-03-08 14:42:41:151][org.logicalcobwebs.proxool.ConnectionPool] 000001 (00/58/00) - #0059 removed because of shutdown.
[2015-03-08 14:42:41:151][org.logicalcobwebs.proxool.ConnectionPool] Connection #59 closed
[2015-03-08 14:42:41:152][org.logicalcobwebs.proxool.ConnectionPool] 000001 (00/57/00) - #0058 removed because of shutdown.
[2015-03-08 14:42:41:152][org.logicalcobwebs.proxool.ConnectionPool] Connection #58 closed
[2015-03-08 14:42:41:153][org.logicalcobwebs.proxool.ConnectionPool] 000001 (00/56/00) - #0057 removed because of shutdown.
[2015-03-08 14:42:41:153][org.logicalcobwebs.proxool.ConnectionPool] Connection #57 closed
[2015-03-08 14:42:41:153][org.logicalcobwebs.proxool.ConnectionPool] 000001 (00/55/00) - #0056 removed because of shutdown.
[2015-03-08 14:42:41:154][org.logicalcobwebs.proxool.ConnectionPool] Connection #56 closed
[2015-03-08 14:42:41:154][org.logicalcobwebs.proxool.ConnectionPool] 000001 (00/54/00) - #0055 removed because of shutdown.
[2015-03-08 14:42:41:154][org.logicalcobwebs.proxool.ConnectionPool] Connection #55 closed
[2015-03-08 14:42:41:155][org.logicalcobwebs.proxool.ConnectionPool] 000001 (00/53/00) - #0054 removed because of shutdown.
[2015-03-08 14:42:41:155][org.logicalcobwebs.proxool.ConnectionPool] Connection #54 closed
[2015-03-08 14:42:41:155][org.logicalcobwebs.proxool.ConnectionPool] 000001 (00/52/00) - #0053 removed because of shutdown.
[2015-03-08 14:42:41:155][org.logicalcobwebs.proxool.ConnectionPool] Connection #53 closed
[2015-03-08 14:42:41:156][org.logicalcobwebs.proxool.ConnectionPool] 000001 (00/51/00) - #0052 removed because of shutdown.
[2015-03-08 14:42:41:156][org.logicalcobwebs.proxool.ConnectionPool] Connection #52 closed
[2015-03-08 14:42:41:156][org.logicalcobwebs.proxool.ConnectionPool] 000001 (00/50/00) - #0051 removed because of shutdown.
[2015-03-08 14:42:41:156][org.logicalcobwebs.proxool.ConnectionPool] Connection #51 closed
[2015-03-08 14:42:41:157][org.logicalcobwebs.proxool.ConnectionPool] 000001 (00/49/00) - #0050 removed because of shutdown.
[2015-03-08 14:42:41:157][org.logicalcobwebs.proxool.ConnectionPool] Connection #50 closed
[2015-03-08 14:42:41:157][org.logicalcobwebs.proxool.ConnectionPool] 000001 (00/48/00) - #0049 removed because of shutdown.
[2015-03-08 14:42:41:157][org.logicalcobwebs.proxool.ConnectionPool] Connection #49 closed
[2015-03-08 14:42:41:158][org.logicalcobwebs.proxool.ConnectionPool] 000001 (00/47/00) - #0048 removed because of shutdown.
[2015-03-08 14:42:41:158][org.logicalcobwebs.proxool.ConnectionPool] Connection #48 closed
[2015-03-08 14:42:41:158][org.logicalcobwebs.proxool.ConnectionPool] 000001 (00/46/00) - #0047 removed because of shutdown.
[2015-03-08 14:42:41:158][org.logicalcobwebs.proxool.ConnectionPool] Connection #47 closed
[2015-03-08 14:42:41:159][org.logicalcobwebs.proxool.ConnectionPool] 000001 (00/45/00) - #0046 removed because of shutdown.
[2015-03-08 14:42:41:159][org.logicalcobwebs.proxool.ConnectionPool] Connection #46 closed
[2015-03-08 14:42:41:159][org.logicalcobwebs.proxool.ConnectionPool] 000001 (00/44/00) - #0045 removed because of shutdown.
[2015-03-08 14:42:41:160][org.logicalcobwebs.proxool.ConnectionPool] Connection #45 closed
[2015-03-08 14:42:41:160][org.logicalcobwebs.proxool.ConnectionPool] 000001 (00/43/00) - #0044 removed because of shutdown.
[2015-03-08 14:42:41:160][org.logicalcobwebs.proxool.ConnectionPool] Connection #44 closed
[2015-03-08 14:42:41:161][org.logicalcobwebs.proxool.ConnectionPool] 000001 (00/42/00) - #0043 removed because of shutdown.
[2015-03-08 14:42:41:161][org.logicalcobwebs.proxool.ConnectionPool] Connection #43 closed
[2015-03-08 14:42:41:161][org.logicalcobwebs.proxool.ConnectionPool] 000001 (00/41/00) - #0042 removed because of shutdown.
[2015-03-08 14:42:41:161][org.logicalcobwebs.proxool.ConnectionPool] Connection #42 closed
[2015-03-08 14:42:41:162][org.logicalcobwebs.proxool.ConnectionPool] 000001 (00/40/00) - #0041 removed because of shutdown.
[2015-03-08 14:42:41:162][org.logicalcobwebs.proxool.ConnectionPool] Connection #41 closed
[2015-03-08 14:42:41:162][org.logicalcobwebs.proxool.ConnectionPool] 000001 (00/39/00) - #0040 removed because of shutdown.
[2015-03-08 14:42:41:162][org.logicalcobwebs.proxool.ConnectionPool] Connection #40 closed
[2015-03-08 14:42:41:163][org.logicalcobwebs.proxool.ConnectionPool] 000001 (00/38/00) - #0039 removed because of shutdown.
[2015-03-08 14:42:41:163][org.logicalcobwebs.proxool.ConnectionPool] Connection #39 closed
[2015-03-08 14:42:41:163][org.logicalcobwebs.proxool.ConnectionPool] 000001 (00/37/00) - #0038 removed because of shutdown.
[2015-03-08 14:42:41:163][org.logicalcobwebs.proxool.ConnectionPool] Connection #38 closed
[2015-03-08 14:42:41:164][org.logicalcobwebs.proxool.ConnectionPool] 000001 (00/36/00) - #0037 removed because of shutdown.
[2015-03-08 14:42:41:164][org.logicalcobwebs.proxool.ConnectionPool] Connection #37 closed
[2015-03-08 14:42:41:164][org.logicalcobwebs.proxool.ConnectionPool] 000001 (00/35/00) - #0036 removed because of shutdown.
[2015-03-08 14:42:41:165][org.logicalcobwebs.proxool.ConnectionPool] Connection #36 closed
[2015-03-08 14:42:41:165][org.logicalcobwebs.proxool.ConnectionPool] 000001 (00/34/00) - #0035 removed because of shutdown.
[2015-03-08 14:42:41:165][org.logicalcobwebs.proxool.ConnectionPool] Connection #35 closed
[2015-03-08 14:42:41:166][org.logicalcobwebs.proxool.ConnectionPool] 000001 (00/33/00) - #0034 removed because of shutdown.
[2015-03-08 14:42:41:166][org.logicalcobwebs.proxool.ConnectionPool] Connection #34 closed
[2015-03-08 14:42:41:166][org.logicalcobwebs.proxool.ConnectionPool] 000001 (00/32/00) - #0033 removed because of shutdown.
[2015-03-08 14:42:41:166][org.logicalcobwebs.proxool.ConnectionPool] Connection #33 closed
[2015-03-08 14:42:41:167][org.logicalcobwebs.proxool.ConnectionPool] 000001 (00/31/00) - #0032 removed because of shutdown.
[2015-03-08 14:42:41:167][org.logicalcobwebs.proxool.ConnectionPool] Connection #32 closed
[2015-03-08 14:42:41:167][org.logicalcobwebs.proxool.ConnectionPool] 000001 (00/30/00) - #0031 removed because of shutdown.
[2015-03-08 14:42:41:167][org.logicalcobwebs.proxool.ConnectionPool] Connection #31 closed
[2015-03-08 14:42:41:168][org.logicalcobwebs.proxool.ConnectionPool] 000001 (00/29/00) - #0030 removed because of shutdown.
[2015-03-08 14:42:41:168][org.logicalcobwebs.proxool.ConnectionPool] Connection #30 closed
[2015-03-08 14:42:41:169][org.logicalcobwebs.proxool.ConnectionPool] 000001 (00/28/00) - #0029 removed because of shutdown.
[2015-03-08 14:42:41:169][org.logicalcobwebs.proxool.ConnectionPool] Connection #29 closed
[2015-03-08 14:42:41:169][org.logicalcobwebs.proxool.ConnectionPool] 000001 (00/27/00) - #0028 removed because of shutdown.
[2015-03-08 14:42:41:169][org.logicalcobwebs.proxool.ConnectionPool] Connection #28 closed
[2015-03-08 14:42:41:170][org.logicalcobwebs.proxool.ConnectionPool] 000001 (00/26/00) - #0027 removed because of shutdown.
[2015-03-08 14:42:41:170][org.logicalcobwebs.proxool.ConnectionPool] Connection #27 closed
[2015-03-08 14:42:41:170][org.logicalcobwebs.proxool.ConnectionPool] 000001 (00/25/00) - #0026 removed because of shutdown.
[2015-03-08 14:42:41:171][org.logicalcobwebs.proxool.ConnectionPool] Connection #26 closed
[2015-03-08 14:42:41:171][org.logicalcobwebs.proxool.ConnectionPool] 000001 (00/24/00) - #0025 removed because of shutdown.
[2015-03-08 14:42:41:171][org.logicalcobwebs.proxool.ConnectionPool] Connection #25 closed
[2015-03-08 14:42:41:172][org.logicalcobwebs.proxool.ConnectionPool] 000001 (00/23/00) - #0024 removed because of shutdown.
[2015-03-08 14:42:41:172][org.logicalcobwebs.proxool.ConnectionPool] Connection #24 closed
[2015-03-08 14:42:41:172][org.logicalcobwebs.proxool.ConnectionPool] 000001 (00/22/00) - #0023 removed because of shutdown.
[2015-03-08 14:42:41:174][org.logicalcobwebs.proxool.ConnectionPool] Connection #23 closed
[2015-03-08 14:42:41:175][org.logicalcobwebs.proxool.ConnectionPool] 000001 (00/21/00) - #0022 removed because of shutdown.
[2015-03-08 14:42:41:175][org.logicalcobwebs.proxool.ConnectionPool] Connection #22 closed
[2015-03-08 14:42:41:175][org.logicalcobwebs.proxool.ConnectionPool] 000001 (00/20/00) - #0021 removed because of shutdown.
[2015-03-08 14:42:41:175][org.logicalcobwebs.proxool.ConnectionPool] Connection #21 closed
[2015-03-08 14:42:41:176][org.logicalcobwebs.proxool.ConnectionPool] 000001 (00/19/00) - #0020 removed because of shutdown.
[2015-03-08 14:42:41:176][org.logicalcobwebs.proxool.ConnectionPool] Connection #20 closed
[2015-03-08 14:42:41:177][org.logicalcobwebs.proxool.ConnectionPool] 000001 (00/18/00) - #0019 removed because of shutdown.
[2015-03-08 14:42:41:177][org.logicalcobwebs.proxool.ConnectionPool] Connection #19 closed
[2015-03-08 14:42:41:177][org.logicalcobwebs.proxool.ConnectionPool] 000001 (00/17/00) - #0018 removed because of shutdown.
[2015-03-08 14:42:41:177][org.logicalcobwebs.proxool.ConnectionPool] Connection #18 closed
[2015-03-08 14:42:41:178][org.logicalcobwebs.proxool.ConnectionPool] 000001 (00/16/00) - #0017 removed because of shutdown.
[2015-03-08 14:42:41:178][org.logicalcobwebs.proxool.ConnectionPool] Connection #17 closed
[2015-03-08 14:42:41:178][org.logicalcobwebs.proxool.ConnectionPool] 000001 (00/15/00) - #0016 removed because of shutdown.
[2015-03-08 14:42:41:178][org.logicalcobwebs.proxool.ConnectionPool] Connection #16 closed
[2015-03-08 14:42:41:179][org.logicalcobwebs.proxool.ConnectionPool] 000001 (00/14/00) - #0015 removed because of shutdown.
[2015-03-08 14:42:41:179][org.logicalcobwebs.proxool.ConnectionPool] Connection #15 closed
[2015-03-08 14:42:41:179][org.logicalcobwebs.proxool.ConnectionPool] 000001 (00/13/00) - #0014 removed because of shutdown.
[2015-03-08 14:42:41:179][org.logicalcobwebs.proxool.ConnectionPool] Connection #14 closed
[2015-03-08 14:42:41:180][org.logicalcobwebs.proxool.ConnectionPool] 000001 (00/12/00) - #0013 removed because of shutdown.
[2015-03-08 14:42:41:180][org.logicalcobwebs.proxool.ConnectionPool] Connection #13 closed
[2015-03-08 14:42:41:180][org.logicalcobwebs.proxool.ConnectionPool] 000001 (00/11/00) - #0012 removed because of shutdown.
[2015-03-08 14:42:41:181][org.logicalcobwebs.proxool.ConnectionPool] Connection #12 closed
[2015-03-08 14:42:41:181][org.logicalcobwebs.proxool.ConnectionPool] 000001 (00/10/00) - #0011 removed because of shutdown.
[2015-03-08 14:42:41:181][org.logicalcobwebs.proxool.ConnectionPool] Connection #11 closed
[2015-03-08 14:42:41:181][org.logicalcobwebs.proxool.ConnectionPool] 000001 (00/09/00) - #0010 removed because of shutdown.
[2015-03-08 14:42:41:182][org.logicalcobwebs.proxool.ConnectionPool] Connection #10 closed
[2015-03-08 14:42:41:182][org.logicalcobwebs.proxool.ConnectionPool] 000001 (00/08/00) - #0009 removed because of shutdown.
[2015-03-08 14:42:41:182][org.logicalcobwebs.proxool.ConnectionPool] Connection #9 closed
[2015-03-08 14:42:41:183][org.logicalcobwebs.proxool.ConnectionPool] 000001 (00/07/00) - #0008 removed because of shutdown.
[2015-03-08 14:42:41:183][org.logicalcobwebs.proxool.ConnectionPool] Connection #8 closed
[2015-03-08 14:42:41:184][org.logicalcobwebs.proxool.ConnectionPool] 000001 (00/06/00) - #0007 removed because of shutdown.
[2015-03-08 14:42:41:184][org.logicalcobwebs.proxool.ConnectionPool] Connection #7 closed
[2015-03-08 14:42:41:184][org.logicalcobwebs.proxool.ConnectionPool] 000001 (00/05/00) - #0006 removed because of shutdown.
[2015-03-08 14:42:41:185][org.logicalcobwebs.proxool.ConnectionPool] Connection #6 closed
[2015-03-08 14:42:41:185][org.logicalcobwebs.proxool.ConnectionPool] 000001 (00/04/00) - #0005 removed because of shutdown.
[2015-03-08 14:42:41:185][org.logicalcobwebs.proxool.ConnectionPool] Connection #5 closed
[2015-03-08 14:42:41:186][org.logicalcobwebs.proxool.ConnectionPool] 000001 (00/03/00) - #0004 removed because of shutdown.
[2015-03-08 14:42:41:186][org.logicalcobwebs.proxool.ConnectionPool] Connection #4 closed
[2015-03-08 14:42:41:186][org.logicalcobwebs.proxool.ConnectionPool] 000001 (00/02/00) - #0003 removed because of shutdown.
[2015-03-08 14:42:41:186][org.logicalcobwebs.proxool.ConnectionPool] Connection #3 closed
[2015-03-08 14:42:41:187][org.logicalcobwebs.proxool.ConnectionPool] 000001 (00/01/00) - #0001 removed because of shutdown.
[2015-03-08 14:42:41:187][org.logicalcobwebs.proxool.ConnectionPool] Connection #1 closed
[2015-03-08 14:42:41:187][org.logicalcobwebs.proxool.ConnectionPool] 000001 (00/00/00) - #0002 removed because of shutdown.
[2015-03-08 14:42:41:188][org.logicalcobwebs.proxool.ConnectionPool] Connection #2 closed
[2015-03-08 14:42:41:188][org.logicalcobwebs.proxool.ConnectionPool] 'DBPool' pool has been closed down by Shutdown Hook in 66 milliseconds.
[2015-03-08 14:42:41:188][org.logicalcobwebs.proxool.PrototyperController] Stopping Prototyper thread
[2015-03-08 14:42:41:188][org.logicalcobwebs.proxool.HouseKeeperController] Stopping HouseKeeper thread
