[2014-11-29 18:01:48:784][com.switek.netseed.server.ui.ServerForm] test
[2014-11-29 18:01:48:791][com.switek.netseed.server.ui.ServerForm] T1-Starting the server...
[2014-11-29 18:01:48:793][com.switek.netseed.server.ui.ServerForm] T1-Socket IO Processor: 64
[2014-11-29 18:01:48:794][com.switek.netseed.server.ui.ServerForm] T1-Socket IO Pool: 64
[2014-11-29 18:01:48:798][com.switek.netseed.server.ui.ServerForm] T10-Loading standard IR code list from database...
[2014-11-29 18:01:48:814][org.logicalcobwebs.proxool.configuration.JAXPConfigurator] Configuring from reader: java.io.InputStreamReader@7fe5a19e
[2014-11-29 18:01:48:815][org.logicalcobwebs.proxool.configuration.JAXPConfigurator] SAXParserFactory class: com.sun.org.apache.xerces.internal.jaxp.SAXParserFactoryImpl
[2014-11-29 18:01:48:827][org.logicalcobwebs.proxool.configuration.JAXPConfigurator] sax parser classcom.sun.org.apache.xerces.internal.jaxp.SAXParserImpl
[2014-11-29 18:01:48:828][org.logicalcobwebs.proxool.configuration.JAXPConfigurator] XML reader class: com.sun.org.apache.xerces.internal.jaxp.SAXParserImpl$JAXPSAXParser
[2014-11-29 18:01:48:829][org.logicalcobwebs.proxool.configuration.JAXPConfigurator] Setting sax feature: 'http://xml.org/sax/features/namespaces'. State: true.
[2014-11-29 18:01:48:829][org.logicalcobwebs.proxool.configuration.JAXPConfigurator] Setting sax feature: 'http://xml.org/sax/features/namespace-prefixes'. State: false.
[2014-11-29 18:01:48:834][org.logicalcobwebs.proxool.configuration.XMLConfigurator] Adding driver property: user=cziotappuser
[2014-11-29 18:01:48:835][org.logicalcobwebs.proxool.configuration.XMLConfigurator] Adding driver property: password=*******
[2014-11-29 18:01:48:835][org.logicalcobwebs.proxool.configuration.XMLConfigurator] Setting property 'proxool.simultaneous-build-throttle' to value '10'.
[2014-11-29 18:01:48:836][org.logicalcobwebs.proxool.configuration.XMLConfigurator] Setting property 'proxool.maximum-connection-count' to value '5'.
[2014-11-29 18:01:48:836][org.logicalcobwebs.proxool.configuration.XMLConfigurator] Setting property 'proxool.minimum-connection-count' to value '2'.
[2014-11-29 18:01:48:837][org.logicalcobwebs.proxool.configuration.XMLConfigurator] Setting property 'proxool.house-keeping-sleep-time' to value '120000'.
[2014-11-29 18:01:48:837][org.logicalcobwebs.proxool.configuration.XMLConfigurator] Setting property 'proxool.prototype-count' to value '2'.
[2014-11-29 18:01:48:838][org.logicalcobwebs.proxool.configuration.XMLConfigurator] Setting property 'proxool.test-before-use' to value 'true'.
[2014-11-29 18:01:48:838][org.logicalcobwebs.proxool.configuration.XMLConfigurator] Setting property 'proxool.house-keeping-test-sql' to value 'select 1'.
[2014-11-29 18:01:48:839][org.logicalcobwebs.proxool.configuration.XMLConfigurator] Created url: proxool.DBPool:com.mysql.jdbc.Driver:jdbc:mysql://localhost:13306/cziot
[2014-11-29 18:01:48:844][org.logicalcobwebs.proxool.ProxoolFacade] Proxool 0.9.1 (23-Aug-2008 11:10)
[2014-11-29 18:01:48:854][org.logicalcobwebs.proxool.ConnectionPoolDefinition] Recognised proxool property: proxool.driver=com.mysql.jdbc.Driver
[2014-11-29 18:01:48:855][org.logicalcobwebs.proxool.ConnectionPoolDefinition] Recognised proxool property: proxool.url=jdbc:mysql://localhost:13306/cziot
[2014-11-29 18:01:48:856][org.logicalcobwebs.proxool.ConnectionPoolDefinition] Recognised proxool property: proxool.minimum-connection-count=2
[2014-11-29 18:01:48:856][org.logicalcobwebs.proxool.ConnectionPoolDefinition] Recognised proxool property: proxool.test-before-use=true
[2014-11-29 18:01:48:857][org.logicalcobwebs.proxool.ConnectionPoolDefinition] Delegating property to driver: user=cziotappuser
[2014-11-29 18:01:48:857][org.logicalcobwebs.proxool.ConnectionPoolDefinition] Recognised proxool property: proxool.house-keeping-sleep-time=120000
[2014-11-29 18:01:48:857][org.logicalcobwebs.proxool.ConnectionPoolDefinition] Recognised proxool property: proxool.prototype-count=2
[2014-11-29 18:01:48:858][org.logicalcobwebs.proxool.ConnectionPoolDefinition] Delegating property to driver: password=********
[2014-11-29 18:01:48:858][org.logicalcobwebs.proxool.ConnectionPoolDefinition] Recognised proxool property: proxool.maximum-connection-count=5
[2014-11-29 18:01:48:858][org.logicalcobwebs.proxool.ConnectionPoolDefinition] Recognised proxool property: proxool.house-keeping-test-sql=select 1
[2014-11-29 18:01:48:871][org.logicalcobwebs.proxool.ShutdownHook] Registered shutdownHook
[2014-11-29 18:01:48:873][org.logicalcobwebs.proxool.HouseKeeperController] Registering 'DBPool' house keeper
[2014-11-29 18:01:48:875][org.logicalcobwebs.proxool.HouseKeeperController] Starting a house keeper thread
[2014-11-29 18:01:49:035][org.logicalcobwebs.proxool.ConnectionResetter] Remembering default value: getTransactionIsolation() = 4
[2014-11-29 18:01:49:036][org.logicalcobwebs.proxool.ConnectionResetter] Remembering default value: getHoldability() = 2
[2014-11-29 18:01:49:036][org.logicalcobwebs.proxool.ConnectionResetter] Remembering default value: getCatalog() = cziot
[2014-11-29 18:01:49:037][org.logicalcobwebs.proxool.ConnectionResetter] Remembering default value: isReadOnly() = false
[2014-11-29 18:01:49:037][org.logicalcobwebs.proxool.ConnectionResetter] Remembering default value: getTypeMap() = {}
[2014-11-29 18:01:49:037][org.logicalcobwebs.proxool.ConnectionPool] Proxool statistics legend: "s - r  (a/t/o)" > s=served, r=refused (only shown if non-zero), a=active, t=total, o=offline (being tested)
[2014-11-29 18:01:49:037][org.logicalcobwebs.proxool.ConnectionPool] Proxool statistics legend: "s - r  (a/t/o)" > s=served, r=refused (only shown if non-zero), a=active, t=total, o=offline (being tested)
[2014-11-29 18:01:49:038][org.logicalcobwebs.proxool.Prototyper] 000000 (01/02/00) - Connection #1 created to achieve minimum of 2 = AVAILABLE
[2014-11-29 18:01:49:038][org.logicalcobwebs.proxool.Prototyper] 000000 (01/02/00) - Connection #2 created on demand = ACTIVE
[2014-11-29 18:01:49:040][org.logicalcobwebs.proxool.ConnectionPool] 000000 (01/02/00) - Connection #2 tested: OK
[2014-11-29 18:01:49:056][org.logicalcobwebs.proxool.Prototyper] 000001 (01/03/00) - Connection #3 created to keep 2 available = AVAILABLE
[2014-11-29 18:01:49:090][org.logicalcobwebs.proxool.ProxyFactory] Implementing interface com.mysql.jdbc.MySQLConnection
[2014-11-29 18:01:49:091][org.logicalcobwebs.proxool.ProxyFactory] Implementing interface java.lang.AutoCloseable
[2014-11-29 18:01:49:091][org.logicalcobwebs.proxool.ProxyFactory] Implementing interface com.mysql.jdbc.Connection
[2014-11-29 18:01:49:092][org.logicalcobwebs.proxool.ProxyFactory] Implementing interface com.mysql.jdbc.ConnectionProperties
[2014-11-29 18:01:49:092][org.logicalcobwebs.proxool.ProxyFactory] Implementing interface java.sql.Connection
[2014-11-29 18:01:49:093][org.logicalcobwebs.proxool.ProxyFactory] Implementing interface java.sql.Wrapper
[2014-11-29 18:01:49:093][org.logicalcobwebs.proxool.ProxyFactory] Implementing interface java.io.Serializable
[2014-11-29 18:01:49:553][org.logicalcobwebs.proxool.ProxyFactory] Implementing interface java.lang.AutoCloseable
[2014-11-29 18:01:49:554][org.logicalcobwebs.proxool.ProxyFactory] Implementing interface java.sql.Statement
[2014-11-29 18:01:49:554][org.logicalcobwebs.proxool.ProxyFactory] Implementing interface com.mysql.jdbc.Statement
[2014-11-29 18:01:49:554][org.logicalcobwebs.proxool.ProxyFactory] Implementing interface java.sql.Wrapper
[2014-11-29 18:01:49:669][com.switek.netseed.server.ui.ServerForm] T10-Loading device type def from database...
[2014-11-29 18:01:49:672][com.switek.netseed.server.ui.ServerForm] T10-Done.
[2014-11-29 18:01:49:672][com.switek.netseed.server.ui.ServerForm] T10-Loading brand info list from database...
[2014-11-29 18:01:49:677][com.switek.netseed.server.ui.ServerForm] T10-Done
[2014-11-29 18:01:49:678][com.switek.netseed.server.ui.ServerForm] T10-Loading releationship of type and brand from database...
[2014-11-29 18:01:49:681][com.switek.netseed.server.ui.ServerForm] T10-Done
[2014-11-29 18:01:49:682][com.switek.netseed.server.ui.ServerForm] T10-Loading controller list from database...
[2014-11-29 18:01:49:761][com.switek.netseed.server.ui.ServerForm] T10-There are 1450 controller(s)
[2014-11-29 18:01:49:761][com.switek.netseed.server.ui.ServerForm] T10-Loading subcontroller list from database...
[2014-11-29 18:01:49:798][com.switek.netseed.server.ui.ServerForm] T10-There are 1570 subcontroler(s).
[2014-11-29 18:01:49:798][com.switek.netseed.server.ui.ServerForm] T10-Loading device list from database...
[2014-11-29 18:01:49:847][com.switek.netseed.server.ui.ServerForm] T10-There are 1785 device(s).
[2014-11-29 18:01:49:847][com.switek.netseed.server.ui.ServerForm] T10-Loading learned IR code from database...
[2014-11-29 18:01:49:990][com.switek.netseed.server.ui.ServerForm] T10-Learned IR code are loaded!
[2014-11-29 18:01:49:991][com.switek.netseed.server.ui.ServerForm] T10-Loading app list from database...
[2014-11-29 18:01:49:992][com.switek.netseed.server.ui.ServerForm] T10-Loading timers...
[2014-11-29 18:01:49:993][com.switek.netseed.server.ui.ServerForm] T10-There are 0 timer(s)
[2014-11-29 18:01:49:993][com.switek.netseed.server.ui.ServerForm] T10-Loading timer steps...
[2014-11-29 18:01:49:994][com.switek.netseed.server.ui.ServerForm] T10-Completed to load timers.
[2014-11-29 18:01:49:995][com.switek.netseed.server.ui.ServerForm] T10-Setup schedule job engine.
[2014-11-29 18:01:50:001][com.switek.netseed.server.ui.ServerForm] T10-MaxThread: 100
[2014-11-29 18:01:50:002][com.switek.netseed.server.ui.ServerForm] T10-Starting the Netseed server...
[2014-11-29 18:01:50:140][com.switek.netseed.server.ui.ServerForm] T10-Netseed Server started, on QH-20141126YGNW/192.168.22.10:28899
[2014-11-29 18:02:22:627][com.switek.netseed.server.ui.ServerForm] T1-Loading standard IR code list from database...
[2014-11-29 18:02:22:631][org.logicalcobwebs.proxool.ConnectionPool] 000001 (02/03/00) - Connection #1 tested: OK
[2014-11-29 18:02:22:651][com.switek.netseed.server.ui.ServerForm] T1-Loading device type def from database...
[2014-11-29 18:02:22:655][com.switek.netseed.server.ui.ServerForm] T1-Done.
[2014-11-29 18:02:22:659][com.switek.netseed.server.ui.ServerForm] T1-Loading brand info list from database...
[2014-11-29 18:02:22:665][com.switek.netseed.server.ui.ServerForm] T1-Done
[2014-11-29 18:02:22:668][com.switek.netseed.server.ui.ServerForm] T1-Loading releationship of type and brand from database...
[2014-11-29 18:02:22:672][com.switek.netseed.server.ui.ServerForm] T1-Done
[2014-11-29 18:02:22:675][com.switek.netseed.server.ui.ServerForm] T1-Loading controller list from database...
[2014-11-29 18:02:22:715][com.switek.netseed.server.ui.ServerForm] T1-There are 1450 controller(s)
[2014-11-29 18:02:22:749][com.switek.netseed.server.ui.ServerForm] T1-Loading subcontroller list from database...
[2014-11-29 18:02:22:762][com.switek.netseed.server.ui.ServerForm] T1-There are 1570 subcontroler(s).
[2014-11-29 18:02:22:765][com.switek.netseed.server.ui.ServerForm] T1-Loading device list from database...
[2014-11-29 18:02:22:791][com.switek.netseed.server.ui.ServerForm] T1-There are 1785 device(s).
[2014-11-29 18:02:22:794][com.switek.netseed.server.ui.ServerForm] T1-Loading learned IR code from database...
[2014-11-29 18:02:22:886][com.switek.netseed.server.ui.ServerForm] T1-Learned IR code are loaded!
[2014-11-29 18:02:22:889][com.switek.netseed.server.ui.ServerForm] T1-Loading app list from database...
[2014-11-29 18:02:22:893][com.switek.netseed.server.ui.ServerForm] T1-Loading timers...
[2014-11-29 18:02:22:897][com.switek.netseed.server.ui.ServerForm] T1-There are 0 timer(s)
[2014-11-29 18:02:22:899][com.switek.netseed.server.ui.ServerForm] T1-Loading timer steps...
[2014-11-29 18:02:22:902][com.switek.netseed.server.ui.ServerForm] T1-Completed to load timers.
[2014-11-29 18:02:22:904][com.switek.netseed.server.ui.ServerForm] T1-Setup schedule job engine.
[2014-11-29 18:02:48:748][com.switek.netseed.server.ui.ServerForm] T1-System run time: 0d 00:01
[2014-11-29 18:02:50:000][com.switek.netseed.server.ui.ServerForm] T14-Starting schedule job engine...
[2014-11-29 18:03:20:000][com.switek.netseed.server.ui.ServerForm] T14-Starting schedule job engine...
[2014-11-29 18:03:22:907][com.switek.netseed.server.ui.ServerForm] T16-Starting schedule job engine...
[2014-11-29 18:03:48:902][org.logicalcobwebs.proxool.Prototyper] 000002 (02/04/00) - Connection #4 created to keep 2 available = AVAILABLE
[2014-11-29 18:03:50:001][com.switek.netseed.server.ui.ServerForm] T14-Starting schedule job engine...
[2014-11-29 18:03:52:907][com.switek.netseed.server.ui.ServerForm] T16-Starting schedule job engine...
[2014-11-29 18:04:20:002][com.switek.netseed.server.ui.ServerForm] T14-Starting schedule job engine...
[2014-11-29 18:04:22:908][com.switek.netseed.server.ui.ServerForm] T16-Starting schedule job engine...
[2014-11-29 18:04:48:746][com.switek.netseed.server.ui.ServerForm] T1-System run time: 0d 00:03
[2014-11-29 18:04:50:003][com.switek.netseed.server.ui.ServerForm] T14-Starting schedule job engine...
[2014-11-29 18:04:52:909][com.switek.netseed.server.ui.ServerForm] T16-Starting schedule job engine...
[2014-11-29 18:05:20:003][com.switek.netseed.server.ui.ServerForm] T14-Starting schedule job engine...
[2014-11-29 18:05:22:910][com.switek.netseed.server.ui.ServerForm] T16-Starting schedule job engine...
[2014-11-29 18:05:48:746][com.switek.netseed.server.ui.ServerForm] T1-System run time: 0d 00:04
[2014-11-29 18:05:50:004][com.switek.netseed.server.ui.ServerForm] T14-Starting schedule job engine...
[2014-11-29 18:05:52:910][com.switek.netseed.server.ui.ServerForm] T16-Starting schedule job engine...
[2014-11-29 18:06:20:005][com.switek.netseed.server.ui.ServerForm] T14-Starting schedule job engine...
[2014-11-29 18:06:22:911][com.switek.netseed.server.ui.ServerForm] T16-Starting schedule job engine...
[2014-11-29 18:06:48:746][com.switek.netseed.server.ui.ServerForm] T1-System run time: 0d 00:05
[2014-11-29 18:06:50:006][com.switek.netseed.server.ui.ServerForm] T14-Starting schedule job engine...
[2014-11-29 18:06:52:912][com.switek.netseed.server.ui.ServerForm] T16-Starting schedule job engine...
[2014-11-29 18:07:20:006][com.switek.netseed.server.ui.ServerForm] T14-Starting schedule job engine...
[2014-11-29 18:07:22:912][com.switek.netseed.server.ui.ServerForm] T16-Starting schedule job engine...
[2014-11-29 18:07:48:748][com.switek.netseed.server.ui.ServerForm] T1-System run time: 0d 00:06
[2014-11-29 18:07:48:904][org.logicalcobwebs.proxool.ConnectionPool] 000002 (01/03/00) - #0002 removed because it has been active for too long.
[2014-11-29 18:07:48:905][org.logicalcobwebs.proxool.HouseKeeper] #0002 was active for 359868 milliseconds and has been removed automaticaly. The Thread responsible was named 'Thread-1', but the last SQL it performed is unknown because the trace property is not enabled.
[2014-11-29 18:07:48:907][org.logicalcobwebs.proxool.ConnectionPool] 000002 (00/02/00) - #0001 removed because it has been active for too long.
[2014-11-29 18:07:48:907][org.logicalcobwebs.proxool.HouseKeeper] #0001 was active for 326274 milliseconds and has been removed automaticaly. The Thread responsible was named 'main', but the last SQL it performed is unknown because the trace property is not enabled.
[2014-11-29 18:07:50:007][com.switek.netseed.server.ui.ServerForm] T14-Starting schedule job engine...
[2014-11-29 18:07:52:913][com.switek.netseed.server.ui.ServerForm] T16-Starting schedule job engine...
[2014-11-29 18:08:20:008][com.switek.netseed.server.ui.ServerForm] T14-Starting schedule job engine...
[2014-11-29 18:08:22:914][com.switek.netseed.server.ui.ServerForm] T16-Starting schedule job engine...
[2014-11-29 18:08:50:008][com.switek.netseed.server.ui.ServerForm] T14-Starting schedule job engine...
[2014-11-29 18:08:52:915][com.switek.netseed.server.ui.ServerForm] T16-Starting schedule job engine...
[2014-11-29 18:09:20:009][com.switek.netseed.server.ui.ServerForm] T14-Starting schedule job engine...
[2014-11-29 18:09:22:915][com.switek.netseed.server.ui.ServerForm] T16-Starting schedule job engine...
[2014-11-29 18:09:48:749][com.switek.netseed.server.ui.ServerForm] T1-System run time: 0d 00:08
[2014-11-29 18:09:50:010][com.switek.netseed.server.ui.ServerForm] T14-Starting schedule job engine...
[2014-11-29 18:09:52:916][com.switek.netseed.server.ui.ServerForm] T16-Starting schedule job engine...
[2014-11-29 18:10:20:011][com.switek.netseed.server.ui.ServerForm] T14-Starting schedule job engine...
[2014-11-29 18:10:22:917][com.switek.netseed.server.ui.ServerForm] T16-Starting schedule job engine...
[2014-11-29 18:10:50:011][com.switek.netseed.server.ui.ServerForm] T14-Starting schedule job engine...
[2014-11-29 18:10:52:917][com.switek.netseed.server.ui.ServerForm] T16-Starting schedule job engine...
[2014-11-29 18:11:20:012][com.switek.netseed.server.ui.ServerForm] T14-Starting schedule job engine...
[2014-11-29 18:11:22:918][com.switek.netseed.server.ui.ServerForm] T16-Starting schedule job engine...
[2014-11-29 18:11:48:749][com.switek.netseed.server.ui.ServerForm] T1-System run time: 0d 00:10
[2014-11-29 18:11:50:013][com.switek.netseed.server.ui.ServerForm] T14-Starting schedule job engine...
[2014-11-29 18:11:52:919][com.switek.netseed.server.ui.ServerForm] T16-Starting schedule job engine...
[2014-11-29 18:12:20:013][com.switek.netseed.server.ui.ServerForm] T14-Starting schedule job engine...
[2014-11-29 18:12:22:920][com.switek.netseed.server.ui.ServerForm] T16-Starting schedule job engine...
[2014-11-29 18:12:48:749][com.switek.netseed.server.ui.ServerForm] T1-System run time: 0d 00:11
[2014-11-29 18:12:50:014][com.switek.netseed.server.ui.ServerForm] T14-Starting schedule job engine...
[2014-11-29 18:12:52:920][com.switek.netseed.server.ui.ServerForm] T16-Starting schedule job engine...
[2014-11-29 18:13:20:015][com.switek.netseed.server.ui.ServerForm] T14-Starting schedule job engine...
[2014-11-29 18:13:22:921][com.switek.netseed.server.ui.ServerForm] T16-Starting schedule job engine...
[2014-11-29 18:13:48:749][com.switek.netseed.server.ui.ServerForm] T1-System run time: 0d 00:12
[2014-11-29 18:13:50:016][com.switek.netseed.server.ui.ServerForm] T14-Starting schedule job engine...
[2014-11-29 18:13:52:922][com.switek.netseed.server.ui.ServerForm] T16-Starting schedule job engine...
[2014-11-29 18:14:20:016][com.switek.netseed.server.ui.ServerForm] T14-Starting schedule job engine...
[2014-11-29 18:14:22:922][com.switek.netseed.server.ui.ServerForm] T16-Starting schedule job engine...
[2014-11-29 18:14:48:751][com.switek.netseed.server.ui.ServerForm] T1-System run time: 0d 00:13
[2014-11-29 18:14:50:017][com.switek.netseed.server.ui.ServerForm] T14-Starting schedule job engine...
[2014-11-29 18:14:52:923][com.switek.netseed.server.ui.ServerForm] T16-Starting schedule job engine...
[2014-11-29 18:15:20:018][com.switek.netseed.server.ui.ServerForm] T14-Starting schedule job engine...
[2014-11-29 18:15:22:924][com.switek.netseed.server.ui.ServerForm] T16-Starting schedule job engine...
[2014-11-29 18:15:50:018][com.switek.netseed.server.ui.ServerForm] T14-Starting schedule job engine...
[2014-11-29 18:15:52:925][com.switek.netseed.server.ui.ServerForm] T16-Starting schedule job engine...
[2014-11-29 18:16:20:019][com.switek.netseed.server.ui.ServerForm] T14-Starting schedule job engine...
[2014-11-29 18:16:22:925][com.switek.netseed.server.ui.ServerForm] T16-Starting schedule job engine...
[2014-11-29 18:16:48:751][com.switek.netseed.server.ui.ServerForm] T1-System run time: 0d 00:15
[2014-11-29 18:16:50:020][com.switek.netseed.server.ui.ServerForm] T14-Starting schedule job engine...
[2014-11-29 18:16:52:926][com.switek.netseed.server.ui.ServerForm] T16-Starting schedule job engine...
[2014-11-29 18:17:20:021][com.switek.netseed.server.ui.ServerForm] T14-Starting schedule job engine...
[2014-11-29 18:17:22:927][com.switek.netseed.server.ui.ServerForm] T16-Starting schedule job engine...
[2014-11-29 18:17:48:751][com.switek.netseed.server.ui.ServerForm] T1-System run time: 0d 00:16
[2014-11-29 18:17:50:021][com.switek.netseed.server.ui.ServerForm] T14-Starting schedule job engine...
[2014-11-29 18:17:52:927][com.switek.netseed.server.ui.ServerForm] T16-Starting schedule job engine...
[2014-11-29 18:18:20:022][com.switek.netseed.server.ui.ServerForm] T14-Starting schedule job engine...
[2014-11-29 18:18:22:928][com.switek.netseed.server.ui.ServerForm] T16-Starting schedule job engine...
[2014-11-29 18:18:48:752][com.switek.netseed.server.ui.ServerForm] T1-System run time: 0d 00:17
[2014-11-29 18:18:50:023][com.switek.netseed.server.ui.ServerForm] T14-Starting schedule job engine...
[2014-11-29 18:18:52:929][com.switek.netseed.server.ui.ServerForm] T16-Starting schedule job engine...
[2014-11-29 18:19:20:023][com.switek.netseed.server.ui.ServerForm] T14-Starting schedule job engine...
[2014-11-29 18:19:22:930][com.switek.netseed.server.ui.ServerForm] T16-Starting schedule job engine...
[2014-11-29 18:19:48:752][com.switek.netseed.server.ui.ServerForm] T1-System run time: 0d 00:18
[2014-11-29 18:19:50:024][com.switek.netseed.server.ui.ServerForm] T14-Starting schedule job engine...
[2014-11-29 18:19:52:930][com.switek.netseed.server.ui.ServerForm] T16-Starting schedule job engine...
[2014-11-29 18:20:20:025][com.switek.netseed.server.ui.ServerForm] T14-Starting schedule job engine...
[2014-11-29 18:20:22:931][com.switek.netseed.server.ui.ServerForm] T16-Starting schedule job engine...
[2014-11-29 18:20:48:752][com.switek.netseed.server.ui.ServerForm] T1-System run time: 0d 00:19
[2014-11-29 18:20:50:026][com.switek.netseed.server.ui.ServerForm] T14-Starting schedule job engine...
[2014-11-29 18:20:52:932][com.switek.netseed.server.ui.ServerForm] T16-Starting schedule job engine...
[2014-11-29 18:21:20:026][com.switek.netseed.server.ui.ServerForm] T14-Starting schedule job engine...
[2014-11-29 18:21:22:932][com.switek.netseed.server.ui.ServerForm] T16-Starting schedule job engine...
[2014-11-29 18:21:48:753][com.switek.netseed.server.ui.ServerForm] T1-System run time: 0d 00:20
[2014-11-29 18:21:50:027][com.switek.netseed.server.ui.ServerForm] T14-Starting schedule job engine...
[2014-11-29 18:21:52:933][com.switek.netseed.server.ui.ServerForm] T16-Starting schedule job engine...
[2014-11-29 18:22:20:028][com.switek.netseed.server.ui.ServerForm] T14-Starting schedule job engine...
[2014-11-29 18:22:22:934][com.switek.netseed.server.ui.ServerForm] T16-Starting schedule job engine...
[2014-11-29 18:22:48:753][com.switek.netseed.server.ui.ServerForm] T1-System run time: 0d 00:21
[2014-11-29 18:22:50:028][com.switek.netseed.server.ui.ServerForm] T14-Starting schedule job engine...
[2014-11-29 18:22:52:935][com.switek.netseed.server.ui.ServerForm] T16-Starting schedule job engine...
[2014-11-29 18:23:20:029][com.switek.netseed.server.ui.ServerForm] T14-Starting schedule job engine...
[2014-11-29 18:23:22:935][com.switek.netseed.server.ui.ServerForm] T16-Starting schedule job engine...
[2014-11-29 18:23:48:754][com.switek.netseed.server.ui.ServerForm] T1-System run time: 0d 00:22
[2014-11-29 18:23:50:030][com.switek.netseed.server.ui.ServerForm] T14-Starting schedule job engine...
[2014-11-29 18:23:52:936][com.switek.netseed.server.ui.ServerForm] T16-Starting schedule job engine...
[2014-11-29 18:24:20:031][com.switek.netseed.server.ui.ServerForm] T14-Starting schedule job engine...
[2014-11-29 18:24:22:937][com.switek.netseed.server.ui.ServerForm] T16-Starting schedule job engine...
[2014-11-29 18:24:48:754][com.switek.netseed.server.ui.ServerForm] T1-System run time: 0d 00:23
[2014-11-29 18:24:50:031][com.switek.netseed.server.ui.ServerForm] T14-Starting schedule job engine...
[2014-11-29 18:24:52:937][com.switek.netseed.server.ui.ServerForm] T16-Starting schedule job engine...
[2014-11-29 18:25:20:032][com.switek.netseed.server.ui.ServerForm] T14-Starting schedule job engine...
[2014-11-29 18:25:22:938][com.switek.netseed.server.ui.ServerForm] T16-Starting schedule job engine...
[2014-11-29 18:25:48:755][com.switek.netseed.server.ui.ServerForm] T1-System run time: 0d 00:24
[2014-11-29 18:25:50:033][com.switek.netseed.server.ui.ServerForm] T14-Starting schedule job engine...
[2014-11-29 18:25:52:939][com.switek.netseed.server.ui.ServerForm] T16-Starting schedule job engine...
[2014-11-29 18:26:20:033][com.switek.netseed.server.ui.ServerForm] T14-Starting schedule job engine...
[2014-11-29 18:26:22:940][com.switek.netseed.server.ui.ServerForm] T16-Starting schedule job engine...
[2014-11-29 18:26:48:756][com.switek.netseed.server.ui.ServerForm] T1-System run time: 0d 00:25
[2014-11-29 18:26:50:034][com.switek.netseed.server.ui.ServerForm] T14-Starting schedule job engine...
[2014-11-29 18:26:52:940][com.switek.netseed.server.ui.ServerForm] T16-Starting schedule job engine...
[2014-11-29 18:27:20:036][com.switek.netseed.server.ui.ServerForm] T14-Starting schedule job engine...
[2014-11-29 18:27:22:941][com.switek.netseed.server.ui.ServerForm] T16-Starting schedule job engine...
[2014-11-29 18:27:48:756][com.switek.netseed.server.ui.ServerForm] T1-System run time: 0d 00:26
[2014-11-29 18:27:50:037][com.switek.netseed.server.ui.ServerForm] T14-Starting schedule job engine...
[2014-11-29 18:27:52:942][com.switek.netseed.server.ui.ServerForm] T16-Starting schedule job engine...
[2014-11-29 18:28:20:037][com.switek.netseed.server.ui.ServerForm] T14-Starting schedule job engine...
[2014-11-29 18:28:22:942][com.switek.netseed.server.ui.ServerForm] T16-Starting schedule job engine...
[2014-11-29 18:28:48:756][com.switek.netseed.server.ui.ServerForm] T1-System run time: 0d 00:27
[2014-11-29 18:28:50:038][com.switek.netseed.server.ui.ServerForm] T14-Starting schedule job engine...
[2014-11-29 18:28:52:943][com.switek.netseed.server.ui.ServerForm] T16-Starting schedule job engine...
[2014-11-29 18:29:20:039][com.switek.netseed.server.ui.ServerForm] T14-Starting schedule job engine...
[2014-11-29 18:29:22:944][com.switek.netseed.server.ui.ServerForm] T16-Starting schedule job engine...
[2014-11-29 18:29:48:756][com.switek.netseed.server.ui.ServerForm] T1-System run time: 0d 00:28
[2014-11-29 18:29:50:039][com.switek.netseed.server.ui.ServerForm] T14-Starting schedule job engine...
[2014-11-29 18:29:52:945][com.switek.netseed.server.ui.ServerForm] T16-Starting schedule job engine...
[2014-11-29 18:30:20:040][com.switek.netseed.server.ui.ServerForm] T14-Starting schedule job engine...
[2014-11-29 18:30:22:945][com.switek.netseed.server.ui.ServerForm] T16-Starting schedule job engine...
[2014-11-29 18:30:48:757][com.switek.netseed.server.ui.ServerForm] T1-System run time: 0d 00:29
[2014-11-29 18:30:50:041][com.switek.netseed.server.ui.ServerForm] T14-Starting schedule job engine...
[2014-11-29 18:30:52:946][com.switek.netseed.server.ui.ServerForm] T16-Starting schedule job engine...
[2014-11-29 18:31:20:042][com.switek.netseed.server.ui.ServerForm] T14-Starting schedule job engine...
[2014-11-29 18:31:22:947][com.switek.netseed.server.ui.ServerForm] T16-Starting schedule job engine...
[2014-11-29 18:31:48:757][com.switek.netseed.server.ui.ServerForm] T1-System run time: 0d 00:30
[2014-11-29 18:31:50:042][com.switek.netseed.server.ui.ServerForm] T14-Starting schedule job engine...
[2014-11-29 18:31:52:947][com.switek.netseed.server.ui.ServerForm] T16-Starting schedule job engine...
[2014-11-29 18:32:20:043][com.switek.netseed.server.ui.ServerForm] T14-Starting schedule job engine...
[2014-11-29 18:32:22:948][com.switek.netseed.server.ui.ServerForm] T16-Starting schedule job engine...
[2014-11-29 18:32:48:758][com.switek.netseed.server.ui.ServerForm] T1-System run time: 0d 00:31
[2014-11-29 18:32:50:044][com.switek.netseed.server.ui.ServerForm] T14-Starting schedule job engine...
[2014-11-29 18:32:52:949][com.switek.netseed.server.ui.ServerForm] T16-Starting schedule job engine...
[2014-11-29 18:33:20:044][com.switek.netseed.server.ui.ServerForm] T14-Starting schedule job engine...
[2014-11-29 18:33:22:950][com.switek.netseed.server.ui.ServerForm] T16-Starting schedule job engine...
[2014-11-29 18:33:48:758][com.switek.netseed.server.ui.ServerForm] T1-System run time: 0d 00:32
[2014-11-29 18:33:50:045][com.switek.netseed.server.ui.ServerForm] T14-Starting schedule job engine...
[2014-11-29 18:33:52:950][com.switek.netseed.server.ui.ServerForm] T16-Starting schedule job engine...
[2014-11-29 18:34:20:046][com.switek.netseed.server.ui.ServerForm] T14-Starting schedule job engine...
[2014-11-29 18:34:22:951][com.switek.netseed.server.ui.ServerForm] T16-Starting schedule job engine...
[2014-11-29 18:34:48:759][com.switek.netseed.server.ui.ServerForm] T1-System run time: 0d 00:33
[2014-11-29 18:34:50:047][com.switek.netseed.server.ui.ServerForm] T14-Starting schedule job engine...
[2014-11-29 18:34:52:952][com.switek.netseed.server.ui.ServerForm] T16-Starting schedule job engine...
[2014-11-29 18:35:20:047][com.switek.netseed.server.ui.ServerForm] T14-Starting schedule job engine...
[2014-11-29 18:35:22:952][com.switek.netseed.server.ui.ServerForm] T16-Starting schedule job engine...
[2014-11-29 18:35:48:759][com.switek.netseed.server.ui.ServerForm] T1-System run time: 0d 00:34
[2014-11-29 18:35:50:048][com.switek.netseed.server.ui.ServerForm] T14-Starting schedule job engine...
[2014-11-29 18:35:52:953][com.switek.netseed.server.ui.ServerForm] T16-Starting schedule job engine...
[2014-11-29 18:36:20:049][com.switek.netseed.server.ui.ServerForm] T14-Starting schedule job engine...
[2014-11-29 18:36:22:954][com.switek.netseed.server.ui.ServerForm] T16-Starting schedule job engine...
[2014-11-29 18:36:48:759][com.switek.netseed.server.ui.ServerForm] T1-System run time: 0d 00:35
[2014-11-29 18:36:50:049][com.switek.netseed.server.ui.ServerForm] T14-Starting schedule job engine...
[2014-11-29 18:36:52:955][com.switek.netseed.server.ui.ServerForm] T16-Starting schedule job engine...
[2014-11-29 18:37:20:050][com.switek.netseed.server.ui.ServerForm] T14-Starting schedule job engine...
[2014-11-29 18:37:22:955][com.switek.netseed.server.ui.ServerForm] T16-Starting schedule job engine...
[2014-11-29 18:37:48:760][com.switek.netseed.server.ui.ServerForm] T1-System run time: 0d 00:36
[2014-11-29 18:37:50:051][com.switek.netseed.server.ui.ServerForm] T14-Starting schedule job engine...
[2014-11-29 18:37:52:956][com.switek.netseed.server.ui.ServerForm] T16-Starting schedule job engine...
[2014-11-29 18:38:20:052][com.switek.netseed.server.ui.ServerForm] T14-Starting schedule job engine...
[2014-11-29 18:38:22:957][com.switek.netseed.server.ui.ServerForm] T16-Starting schedule job engine...
[2014-11-29 18:38:48:760][com.switek.netseed.server.ui.ServerForm] T1-System run time: 0d 00:37
[2014-11-29 18:38:50:052][com.switek.netseed.server.ui.ServerForm] T14-Starting schedule job engine...
[2014-11-29 18:38:52:957][com.switek.netseed.server.ui.ServerForm] T16-Starting schedule job engine...
[2014-11-29 18:39:20:053][com.switek.netseed.server.ui.ServerForm] T14-Starting schedule job engine...
[2014-11-29 18:39:22:958][com.switek.netseed.server.ui.ServerForm] T16-Starting schedule job engine...
[2014-11-29 18:39:48:761][com.switek.netseed.server.ui.ServerForm] T1-System run time: 0d 00:38
[2014-11-29 18:39:50:054][com.switek.netseed.server.ui.ServerForm] T14-Starting schedule job engine...
[2014-11-29 18:39:52:959][com.switek.netseed.server.ui.ServerForm] T16-Starting schedule job engine...
[2014-11-29 18:40:20:054][com.switek.netseed.server.ui.ServerForm] T14-Starting schedule job engine...
[2014-11-29 18:40:22:960][com.switek.netseed.server.ui.ServerForm] T16-Starting schedule job engine...
[2014-11-29 18:40:48:761][com.switek.netseed.server.ui.ServerForm] T1-System run time: 0d 00:39
[2014-11-29 18:40:50:055][com.switek.netseed.server.ui.ServerForm] T14-Starting schedule job engine...
[2014-11-29 18:40:52:960][com.switek.netseed.server.ui.ServerForm] T16-Starting schedule job engine...
[2014-11-29 18:41:20:056][com.switek.netseed.server.ui.ServerForm] T14-Starting schedule job engine...
[2014-11-29 18:41:22:961][com.switek.netseed.server.ui.ServerForm] T16-Starting schedule job engine...
[2014-11-29 18:41:48:762][com.switek.netseed.server.ui.ServerForm] T1-System run time: 0d 00:40
[2014-11-29 18:41:50:057][com.switek.netseed.server.ui.ServerForm] T14-Starting schedule job engine...
[2014-11-29 18:41:52:962][com.switek.netseed.server.ui.ServerForm] T16-Starting schedule job engine...
[2014-11-29 18:42:20:057][com.switek.netseed.server.ui.ServerForm] T14-Starting schedule job engine...
[2014-11-29 18:42:22:963][com.switek.netseed.server.ui.ServerForm] T16-Starting schedule job engine...
[2014-11-29 18:42:48:762][com.switek.netseed.server.ui.ServerForm] T1-System run time: 0d 00:41
[2014-11-29 18:42:50:058][com.switek.netseed.server.ui.ServerForm] T14-Starting schedule job engine...
[2014-11-29 18:42:52:963][com.switek.netseed.server.ui.ServerForm] T16-Starting schedule job engine...
[2014-11-29 18:43:20:059][com.switek.netseed.server.ui.ServerForm] T14-Starting schedule job engine...
[2014-11-29 18:43:22:964][com.switek.netseed.server.ui.ServerForm] T16-Starting schedule job engine...
[2014-11-29 18:43:48:762][com.switek.netseed.server.ui.ServerForm] T1-System run time: 0d 00:42
[2014-11-29 18:43:50:059][com.switek.netseed.server.ui.ServerForm] T14-Starting schedule job engine...
[2014-11-29 18:43:52:965][com.switek.netseed.server.ui.ServerForm] T16-Starting schedule job engine...
[2014-11-29 18:44:20:060][com.switek.netseed.server.ui.ServerForm] T14-Starting schedule job engine...
[2014-11-29 18:44:22:965][com.switek.netseed.server.ui.ServerForm] T16-Starting schedule job engine...
[2014-11-29 18:44:48:763][com.switek.netseed.server.ui.ServerForm] T1-System run time: 0d 00:43
[2014-11-29 18:44:50:061][com.switek.netseed.server.ui.ServerForm] T14-Starting schedule job engine...
[2014-11-29 18:44:52:966][com.switek.netseed.server.ui.ServerForm] T16-Starting schedule job engine...
[2014-11-29 18:45:20:062][com.switek.netseed.server.ui.ServerForm] T14-Starting schedule job engine...
[2014-11-29 18:45:22:967][com.switek.netseed.server.ui.ServerForm] T16-Starting schedule job engine...
[2014-11-29 18:45:48:763][com.switek.netseed.server.ui.ServerForm] T1-System run time: 0d 00:44
[2014-11-29 18:45:50:062][com.switek.netseed.server.ui.ServerForm] T14-Starting schedule job engine...
[2014-11-29 18:45:52:968][com.switek.netseed.server.ui.ServerForm] T16-Starting schedule job engine...
[2014-11-29 18:46:20:063][com.switek.netseed.server.ui.ServerForm] T14-Starting schedule job engine...
[2014-11-29 18:46:22:968][com.switek.netseed.server.ui.ServerForm] T16-Starting schedule job engine...
[2014-11-29 18:46:48:764][com.switek.netseed.server.ui.ServerForm] T1-System run time: 0d 00:45
[2014-11-29 18:46:50:064][com.switek.netseed.server.ui.ServerForm] T14-Starting schedule job engine...
[2014-11-29 18:46:52:969][com.switek.netseed.server.ui.ServerForm] T16-Starting schedule job engine...
[2014-11-29 18:47:20:064][com.switek.netseed.server.ui.ServerForm] T14-Starting schedule job engine...
[2014-11-29 18:47:22:970][com.switek.netseed.server.ui.ServerForm] T16-Starting schedule job engine...
[2014-11-29 18:47:48:764][com.switek.netseed.server.ui.ServerForm] T1-System run time: 0d 00:46
[2014-11-29 18:47:50:065][com.switek.netseed.server.ui.ServerForm] T14-Starting schedule job engine...
[2014-11-29 18:47:52:970][com.switek.netseed.server.ui.ServerForm] T16-Starting schedule job engine...
[2014-11-29 18:48:20:066][com.switek.netseed.server.ui.ServerForm] T14-Starting schedule job engine...
[2014-11-29 18:48:22:971][com.switek.netseed.server.ui.ServerForm] T16-Starting schedule job engine...
[2014-11-29 18:48:48:765][com.switek.netseed.server.ui.ServerForm] T1-System run time: 0d 00:47
[2014-11-29 18:48:50:067][com.switek.netseed.server.ui.ServerForm] T14-Starting schedule job engine...
[2014-11-29 18:48:52:972][com.switek.netseed.server.ui.ServerForm] T16-Starting schedule job engine...
[2014-11-29 18:49:20:067][com.switek.netseed.server.ui.ServerForm] T14-Starting schedule job engine...
[2014-11-29 18:49:22:973][com.switek.netseed.server.ui.ServerForm] T16-Starting schedule job engine...
[2014-11-29 18:49:48:765][com.switek.netseed.server.ui.ServerForm] T1-System run time: 0d 00:48
[2014-11-29 18:49:50:068][com.switek.netseed.server.ui.ServerForm] T14-Starting schedule job engine...
[2014-11-29 18:49:52:973][com.switek.netseed.server.ui.ServerForm] T16-Starting schedule job engine...
[2014-11-29 18:50:20:069][com.switek.netseed.server.ui.ServerForm] T14-Starting schedule job engine...
[2014-11-29 18:50:22:974][com.switek.netseed.server.ui.ServerForm] T16-Starting schedule job engine...
[2014-11-29 18:50:48:765][com.switek.netseed.server.ui.ServerForm] T1-System run time: 0d 00:49
[2014-11-29 18:50:50:070][com.switek.netseed.server.ui.ServerForm] T14-Starting schedule job engine...
[2014-11-29 18:50:52:975][com.switek.netseed.server.ui.ServerForm] T16-Starting schedule job engine...
[2014-11-29 18:51:20:070][com.switek.netseed.server.ui.ServerForm] T14-Starting schedule job engine...
[2014-11-29 18:51:22:975][com.switek.netseed.server.ui.ServerForm] T16-Starting schedule job engine...
[2014-11-29 18:51:48:766][com.switek.netseed.server.ui.ServerForm] T1-System run time: 0d 00:50
[2014-11-29 18:51:50:071][com.switek.netseed.server.ui.ServerForm] T14-Starting schedule job engine...
[2014-11-29 18:51:52:976][com.switek.netseed.server.ui.ServerForm] T16-Starting schedule job engine...
[2014-11-29 18:52:20:072][com.switek.netseed.server.ui.ServerForm] T14-Starting schedule job engine...
[2014-11-29 18:52:22:977][com.switek.netseed.server.ui.ServerForm] T16-Starting schedule job engine...
[2014-11-29 18:52:48:766][com.switek.netseed.server.ui.ServerForm] T1-System run time: 0d 00:51
[2014-11-29 18:52:50:072][com.switek.netseed.server.ui.ServerForm] T14-Starting schedule job engine...
[2014-11-29 18:52:52:978][com.switek.netseed.server.ui.ServerForm] T16-Starting schedule job engine...
[2014-11-29 18:53:20:073][com.switek.netseed.server.ui.ServerForm] T14-Starting schedule job engine...
[2014-11-29 18:53:22:978][com.switek.netseed.server.ui.ServerForm] T16-Starting schedule job engine...
[2014-11-29 18:53:48:768][com.switek.netseed.server.ui.ServerForm] T1-System run time: 0d 00:52
[2014-11-29 18:53:50:074][com.switek.netseed.server.ui.ServerForm] T14-Starting schedule job engine...
[2014-11-29 18:53:52:979][com.switek.netseed.server.ui.ServerForm] T16-Starting schedule job engine...
[2014-11-29 18:54:20:075][com.switek.netseed.server.ui.ServerForm] T14-Starting schedule job engine...
[2014-11-29 18:54:22:980][com.switek.netseed.server.ui.ServerForm] T16-Starting schedule job engine...
[2014-11-29 18:54:50:075][com.switek.netseed.server.ui.ServerForm] T14-Starting schedule job engine...
[2014-11-29 18:54:52:980][com.switek.netseed.server.ui.ServerForm] T16-Starting schedule job engine...
[2014-11-29 18:55:20:076][com.switek.netseed.server.ui.ServerForm] T14-Starting schedule job engine...
[2014-11-29 18:55:22:981][com.switek.netseed.server.ui.ServerForm] T16-Starting schedule job engine...
[2014-11-29 18:55:48:768][com.switek.netseed.server.ui.ServerForm] T1-System run time: 0d 00:54
[2014-11-29 18:55:50:077][com.switek.netseed.server.ui.ServerForm] T14-Starting schedule job engine...
[2014-11-29 18:55:52:982][com.switek.netseed.server.ui.ServerForm] T16-Starting schedule job engine...
[2014-11-29 18:56:20:077][com.switek.netseed.server.ui.ServerForm] T14-Starting schedule job engine...
[2014-11-29 18:56:22:983][com.switek.netseed.server.ui.ServerForm] T16-Starting schedule job engine...
[2014-11-29 18:56:48:768][com.switek.netseed.server.ui.ServerForm] T1-System run time: 0d 00:55
[2014-11-29 18:56:50:078][com.switek.netseed.server.ui.ServerForm] T14-Starting schedule job engine...
[2014-11-29 18:56:52:983][com.switek.netseed.server.ui.ServerForm] T16-Starting schedule job engine...
[2014-11-29 18:57:20:079][com.switek.netseed.server.ui.ServerForm] T14-Starting schedule job engine...
[2014-11-29 18:57:22:984][com.switek.netseed.server.ui.ServerForm] T16-Starting schedule job engine...
[2014-11-29 18:57:48:768][com.switek.netseed.server.ui.ServerForm] T1-System run time: 0d 00:56
[2014-11-29 18:57:50:080][com.switek.netseed.server.ui.ServerForm] T14-Starting schedule job engine...
[2014-11-29 18:57:52:986][com.switek.netseed.server.ui.ServerForm] T16-Starting schedule job engine...
[2014-11-29 18:58:20:080][com.switek.netseed.server.ui.ServerForm] T14-Starting schedule job engine...
[2014-11-29 18:58:22:986][com.switek.netseed.server.ui.ServerForm] T16-Starting schedule job engine...
[2014-11-29 18:58:48:769][com.switek.netseed.server.ui.ServerForm] T1-System run time: 0d 00:57
[2014-11-29 18:58:50:081][com.switek.netseed.server.ui.ServerForm] T14-Starting schedule job engine...
[2014-11-29 18:58:52:987][com.switek.netseed.server.ui.ServerForm] T16-Starting schedule job engine...
[2014-11-29 18:59:20:082][com.switek.netseed.server.ui.ServerForm] T14-Starting schedule job engine...
[2014-11-29 18:59:22:988][com.switek.netseed.server.ui.ServerForm] T16-Starting schedule job engine...
[2014-11-29 18:59:48:769][com.switek.netseed.server.ui.ServerForm] T1-System run time: 0d 00:58
[2014-11-29 18:59:50:082][com.switek.netseed.server.ui.ServerForm] T14-Starting schedule job engine...
[2014-11-29 18:59:52:990][com.switek.netseed.server.ui.ServerForm] T16-Starting schedule job engine...
