[2014-11-29 17:46:36:728][com.switek.netseed.server.ui.ServerForm] test
[2014-11-29 17:46:36:728][com.switek.netseed.server.ui.ServerForm] T1-Starting the server...
[2014-11-29 17:46:36:728][com.switek.netseed.server.ui.ServerForm] T1-Socket IO Processor: 64
[2014-11-29 17:46:36:728][com.switek.netseed.server.ui.ServerForm] T1-Socket IO Pool: 64
[2014-11-29 17:46:36:744][com.switek.netseed.server.ui.ServerForm] T10-Loading standard IR code list from database...
[2014-11-29 17:46:36:744][org.logicalcobwebs.proxool.configuration.JAXPConfigurator] Configuring from reader: java.io.InputStreamReader@5ad1e727
[2014-11-29 17:46:36:744][org.logicalcobwebs.proxool.configuration.JAXPConfigurator] SAXParserFactory class: com.sun.org.apache.xerces.internal.jaxp.SAXParserFactoryImpl
[2014-11-29 17:46:36:759][org.logicalcobwebs.proxool.configuration.JAXPConfigurator] sax parser classcom.sun.org.apache.xerces.internal.jaxp.SAXParserImpl
[2014-11-29 17:46:36:759][org.logicalcobwebs.proxool.configuration.JAXPConfigurator] XML reader class: com.sun.org.apache.xerces.internal.jaxp.SAXParserImpl$JAXPSAXParser
[2014-11-29 17:46:36:759][org.logicalcobwebs.proxool.configuration.JAXPConfigurator] Setting sax feature: 'http://xml.org/sax/features/namespaces'. State: true.
[2014-11-29 17:46:36:759][org.logicalcobwebs.proxool.configuration.JAXPConfigurator] Setting sax feature: 'http://xml.org/sax/features/namespace-prefixes'. State: false.
[2014-11-29 17:46:36:775][org.logicalcobwebs.proxool.configuration.XMLConfigurator] Adding driver property: user=cziotappuser
[2014-11-29 17:46:36:775][org.logicalcobwebs.proxool.configuration.XMLConfigurator] Adding driver property: password=*******
[2014-11-29 17:46:36:775][org.logicalcobwebs.proxool.configuration.XMLConfigurator] Setting property 'proxool.simultaneous-build-throttle' to value '10'.
[2014-11-29 17:46:36:775][org.logicalcobwebs.proxool.configuration.XMLConfigurator] Setting property 'proxool.maximum-connection-count' to value '5'.
[2014-11-29 17:46:36:775][org.logicalcobwebs.proxool.configuration.XMLConfigurator] Setting property 'proxool.minimum-connection-count' to value '2'.
[2014-11-29 17:46:36:775][org.logicalcobwebs.proxool.configuration.XMLConfigurator] Setting property 'proxool.house-keeping-sleep-time' to value '120000'.
[2014-11-29 17:46:36:775][org.logicalcobwebs.proxool.configuration.XMLConfigurator] Setting property 'proxool.prototype-count' to value '2'.
[2014-11-29 17:46:36:775][org.logicalcobwebs.proxool.configuration.XMLConfigurator] Setting property 'proxool.test-before-use' to value 'true'.
[2014-11-29 17:46:36:775][org.logicalcobwebs.proxool.configuration.XMLConfigurator] Setting property 'proxool.house-keeping-test-sql' to value 'select 1'.
[2014-11-29 17:46:36:775][org.logicalcobwebs.proxool.configuration.XMLConfigurator] Created url: proxool.DBPool:com.mysql.jdbc.Driver:jdbc:mysql://localhost:13306/cziot
[2014-11-29 17:46:36:775][org.logicalcobwebs.proxool.ProxoolFacade] Proxool 0.9.1 (23-Aug-2008 11:10)
[2014-11-29 17:46:36:791][org.logicalcobwebs.proxool.ConnectionPoolDefinition] Recognised proxool property: proxool.driver=com.mysql.jdbc.Driver
[2014-11-29 17:46:36:791][org.logicalcobwebs.proxool.ConnectionPoolDefinition] Recognised proxool property: proxool.url=jdbc:mysql://localhost:13306/cziot
[2014-11-29 17:46:36:791][org.logicalcobwebs.proxool.ConnectionPoolDefinition] Recognised proxool property: proxool.minimum-connection-count=2
[2014-11-29 17:46:36:791][org.logicalcobwebs.proxool.ConnectionPoolDefinition] Recognised proxool property: proxool.test-before-use=true
[2014-11-29 17:46:36:791][org.logicalcobwebs.proxool.ConnectionPoolDefinition] Delegating property to driver: user=cziotappuser
[2014-11-29 17:46:36:791][org.logicalcobwebs.proxool.ConnectionPoolDefinition] Recognised proxool property: proxool.house-keeping-sleep-time=120000
[2014-11-29 17:46:36:791][org.logicalcobwebs.proxool.ConnectionPoolDefinition] Recognised proxool property: proxool.prototype-count=2
[2014-11-29 17:46:36:791][org.logicalcobwebs.proxool.ConnectionPoolDefinition] Delegating property to driver: password=********
[2014-11-29 17:46:36:791][org.logicalcobwebs.proxool.ConnectionPoolDefinition] Recognised proxool property: proxool.maximum-connection-count=5
[2014-11-29 17:46:36:791][org.logicalcobwebs.proxool.ConnectionPoolDefinition] Recognised proxool property: proxool.house-keeping-test-sql=select 1
[2014-11-29 17:46:36:806][org.logicalcobwebs.proxool.ShutdownHook] Registered shutdownHook
[2014-11-29 17:46:36:806][org.logicalcobwebs.proxool.HouseKeeperController] Registering 'DBPool' house keeper
[2014-11-29 17:46:36:822][org.logicalcobwebs.proxool.HouseKeeperController] Starting a house keeper thread
[2014-11-29 17:46:37:103][org.logicalcobwebs.proxool.ConnectionResetter] Remembering default value: getTransactionIsolation() = 4
[2014-11-29 17:46:37:103][org.logicalcobwebs.proxool.ConnectionResetter] Remembering default value: getHoldability() = 2
[2014-11-29 17:46:37:103][org.logicalcobwebs.proxool.ConnectionResetter] Remembering default value: getCatalog() = cziot
[2014-11-29 17:46:37:103][org.logicalcobwebs.proxool.ConnectionResetter] Remembering default value: isReadOnly() = false
[2014-11-29 17:46:37:103][org.logicalcobwebs.proxool.ConnectionResetter] Remembering default value: getTypeMap() = {}
[2014-11-29 17:46:37:103][org.logicalcobwebs.proxool.ConnectionPool] Proxool statistics legend: "s - r  (a/t/o)" > s=served, r=refused (only shown if non-zero), a=active, t=total, o=offline (being tested)
[2014-11-29 17:46:37:103][org.logicalcobwebs.proxool.ConnectionPool] Proxool statistics legend: "s - r  (a/t/o)" > s=served, r=refused (only shown if non-zero), a=active, t=total, o=offline (being tested)
[2014-11-29 17:46:37:103][org.logicalcobwebs.proxool.Prototyper] 000000 (01/02/00) - Connection #2 created on demand = ACTIVE
[2014-11-29 17:46:37:103][org.logicalcobwebs.proxool.Prototyper] 000000 (01/02/00) - Connection #1 created to achieve minimum of 2 = AVAILABLE
[2014-11-29 17:46:37:103][org.logicalcobwebs.proxool.ConnectionPool] 000000 (01/02/00) - Connection #2 tested: OK
[2014-11-29 17:46:37:118][org.logicalcobwebs.proxool.Prototyper] 000001 (01/03/00) - Connection #3 created to keep 2 available = AVAILABLE
[2014-11-29 17:46:37:149][org.logicalcobwebs.proxool.ProxyFactory] Implementing interface java.lang.AutoCloseable
[2014-11-29 17:46:37:149][org.logicalcobwebs.proxool.ProxyFactory] Implementing interface java.io.Serializable
[2014-11-29 17:46:37:149][org.logicalcobwebs.proxool.ProxyFactory] Implementing interface java.sql.Wrapper
[2014-11-29 17:46:37:149][org.logicalcobwebs.proxool.ProxyFactory] Implementing interface com.mysql.jdbc.Connection
[2014-11-29 17:46:37:149][org.logicalcobwebs.proxool.ProxyFactory] Implementing interface com.mysql.jdbc.MySQLConnection
[2014-11-29 17:46:37:149][org.logicalcobwebs.proxool.ProxyFactory] Implementing interface com.mysql.jdbc.ConnectionProperties
[2014-11-29 17:46:37:149][org.logicalcobwebs.proxool.ProxyFactory] Implementing interface java.sql.Connection
[2014-11-29 17:46:37:571][org.logicalcobwebs.proxool.ProxyFactory] Implementing interface java.lang.AutoCloseable
[2014-11-29 17:46:37:571][org.logicalcobwebs.proxool.ProxyFactory] Implementing interface java.sql.Wrapper
[2014-11-29 17:46:37:571][org.logicalcobwebs.proxool.ProxyFactory] Implementing interface com.mysql.jdbc.Statement
[2014-11-29 17:46:37:571][org.logicalcobwebs.proxool.ProxyFactory] Implementing interface java.sql.Statement
[2014-11-29 17:46:37:727][com.switek.netseed.server.ui.ServerForm] T10-Loading device type def from database...
[2014-11-29 17:46:37:742][com.switek.netseed.server.ui.ServerForm] T10-Done.
[2014-11-29 17:46:37:742][com.switek.netseed.server.ui.ServerForm] T10-Loading brand info list from database...
[2014-11-29 17:46:37:773][com.switek.netseed.server.ui.ServerForm] T10-Done
[2014-11-29 17:46:37:773][com.switek.netseed.server.ui.ServerForm] T10-Loading releationship of type and brand from database...
[2014-11-29 17:46:37:789][com.switek.netseed.server.ui.ServerForm] T10-Done
[2014-11-29 17:46:37:789][com.switek.netseed.server.ui.ServerForm] T10-Loading controller list from database...
[2014-11-29 17:46:37:914][com.switek.netseed.server.ui.ServerForm] T10-There are 1450 controller(s)
[2014-11-29 17:46:37:914][com.switek.netseed.server.ui.ServerForm] T10-Loading subcontroller list from database...
[2014-11-29 17:46:37:961][com.switek.netseed.server.ui.ServerForm] T10-There are 1570 subcontroler(s).
[2014-11-29 17:46:37:961][com.switek.netseed.server.ui.ServerForm] T10-Loading device list from database...
[2014-11-29 17:46:38:023][com.switek.netseed.server.ui.ServerForm] T10-There are 1785 device(s).
[2014-11-29 17:46:38:023][com.switek.netseed.server.ui.ServerForm] T10-Loading learned IR code from database...
[2014-11-29 17:46:38:226][com.switek.netseed.server.ui.ServerForm] T10-Learned IR code are loaded!
[2014-11-29 17:46:38:226][com.switek.netseed.server.ui.ServerForm] T10-Loading app list from database...
[2014-11-29 17:46:38:241][com.switek.netseed.server.ui.ServerForm] T10-Loading timers...
[2014-11-29 17:46:38:288][com.switek.netseed.server.ui.ServerForm] T10-There are 297 timer(s)
[2014-11-29 17:46:38:288][com.switek.netseed.server.ui.ServerForm] T10-Loading timer steps...
[2014-11-29 17:46:38:335][com.switek.netseed.server.ui.ServerForm] T10-Completed to load timers.
[2014-11-29 17:46:38:335][com.switek.netseed.server.ui.ServerForm] T10-Setup schedule job engine.
[2014-11-29 17:46:38:335][com.switek.netseed.server.ui.ServerForm] T10-MaxThread: 100
[2014-11-29 17:46:38:335][com.switek.netseed.server.ui.ServerForm] T10-Starting the Netseed server...
[2014-11-29 17:46:38:475][com.switek.netseed.server.ui.ServerForm] T10-Netseed Server started, on QH-20141126YGNW/192.168.22.10:28899
[2014-11-29 17:47:05:401][com.switek.netseed.server.ui.ServerForm] T1-Stoping the server...
[2014-11-29 17:47:05:417][com.switek.netseed.server.ui.ServerForm] T1-Stoped!
[2014-11-29 17:47:05:417][org.logicalcobwebs.proxool.ShutdownHook] Running ShutdownHook
[2014-11-29 17:47:05:417][org.logicalcobwebs.proxool.ConnectionPool] Shutting down 'DBPool' pool immediately [Shutdown Hook]
[2014-11-29 17:47:05:417][org.logicalcobwebs.proxool.ConnectionPool] Waiting until Sat Nov 29 17:47:05 CST 2014 for all connections to become inactive (active count is 1).
[2014-11-29 17:47:05:417][org.logicalcobwebs.proxool.ConnectionPool] Shutdown waited for 0 milliseconds for all the connections to become inactive but the active count is still 1. Shutting down anyway.
[2014-11-29 17:47:05:417][org.logicalcobwebs.proxool.ConnectionPool] 000001 (01/02/00) - #0003 removed because of shutdown.
[2014-11-29 17:47:05:417][org.logicalcobwebs.proxool.ConnectionPool] Connection #3 closed
[2014-11-29 17:47:05:417][org.logicalcobwebs.proxool.ConnectionPool] 000001 (00/01/00) - #0002 removed because of shutdown.
[2014-11-29 17:47:05:417][org.logicalcobwebs.proxool.ConnectionPool] Connection #2 closed
[2014-11-29 17:47:05:417][org.logicalcobwebs.proxool.ConnectionPool] 000001 (00/00/00) - #0001 removed because of shutdown.
[2014-11-29 17:47:05:417][org.logicalcobwebs.proxool.ConnectionPool] Connection #1 closed
[2014-11-29 17:47:05:417][org.logicalcobwebs.proxool.ConnectionPool] 'DBPool' pool has been closed down by Shutdown Hook in 0 milliseconds.
[2014-11-29 17:47:05:417][org.logicalcobwebs.proxool.PrototyperController] Stopping Prototyper thread
[2014-11-29 17:47:05:432][org.logicalcobwebs.proxool.HouseKeeperController] Stopping HouseKeeper thread
[2014-11-29 17:50:20:800][com.switek.netseed.server.ui.ServerForm] test
[2014-11-29 17:50:20:806][com.switek.netseed.server.ui.ServerForm] T1-Starting the server...
[2014-11-29 17:50:20:808][com.switek.netseed.server.ui.ServerForm] T1-Socket IO Processor: 64
[2014-11-29 17:50:20:809][com.switek.netseed.server.ui.ServerForm] T1-Socket IO Pool: 64
[2014-11-29 17:50:20:813][com.switek.netseed.server.ui.ServerForm] T10-Loading standard IR code list from database...
[2014-11-29 17:50:20:827][org.logicalcobwebs.proxool.configuration.JAXPConfigurator] Configuring from reader: java.io.InputStreamReader@3cd5cdab
[2014-11-29 17:50:20:829][org.logicalcobwebs.proxool.configuration.JAXPConfigurator] SAXParserFactory class: com.sun.org.apache.xerces.internal.jaxp.SAXParserFactoryImpl
[2014-11-29 17:50:20:839][org.logicalcobwebs.proxool.configuration.JAXPConfigurator] sax parser classcom.sun.org.apache.xerces.internal.jaxp.SAXParserImpl
[2014-11-29 17:50:20:839][org.logicalcobwebs.proxool.configuration.JAXPConfigurator] XML reader class: com.sun.org.apache.xerces.internal.jaxp.SAXParserImpl$JAXPSAXParser
[2014-11-29 17:50:20:840][org.logicalcobwebs.proxool.configuration.JAXPConfigurator] Setting sax feature: 'http://xml.org/sax/features/namespaces'. State: true.
[2014-11-29 17:50:20:840][org.logicalcobwebs.proxool.configuration.JAXPConfigurator] Setting sax feature: 'http://xml.org/sax/features/namespace-prefixes'. State: false.
[2014-11-29 17:50:20:845][org.logicalcobwebs.proxool.configuration.XMLConfigurator] Adding driver property: user=cziotappuser
[2014-11-29 17:50:20:846][org.logicalcobwebs.proxool.configuration.XMLConfigurator] Adding driver property: password=*******
[2014-11-29 17:50:20:846][org.logicalcobwebs.proxool.configuration.XMLConfigurator] Setting property 'proxool.simultaneous-build-throttle' to value '10'.
[2014-11-29 17:50:20:846][org.logicalcobwebs.proxool.configuration.XMLConfigurator] Setting property 'proxool.maximum-connection-count' to value '5'.
[2014-11-29 17:50:20:847][org.logicalcobwebs.proxool.configuration.XMLConfigurator] Setting property 'proxool.minimum-connection-count' to value '2'.
[2014-11-29 17:50:20:847][org.logicalcobwebs.proxool.configuration.XMLConfigurator] Setting property 'proxool.house-keeping-sleep-time' to value '120000'.
[2014-11-29 17:50:20:847][org.logicalcobwebs.proxool.configuration.XMLConfigurator] Setting property 'proxool.prototype-count' to value '2'.
[2014-11-29 17:50:20:847][org.logicalcobwebs.proxool.configuration.XMLConfigurator] Setting property 'proxool.test-before-use' to value 'true'.
[2014-11-29 17:50:20:848][org.logicalcobwebs.proxool.configuration.XMLConfigurator] Setting property 'proxool.house-keeping-test-sql' to value 'select 1'.
[2014-11-29 17:50:20:848][org.logicalcobwebs.proxool.configuration.XMLConfigurator] Created url: proxool.DBPool:com.mysql.jdbc.Driver:jdbc:mysql://localhost:13306/cziot
[2014-11-29 17:50:20:852][org.logicalcobwebs.proxool.ProxoolFacade] Proxool 0.9.1 (23-Aug-2008 11:10)
[2014-11-29 17:50:20:862][org.logicalcobwebs.proxool.ConnectionPoolDefinition] Recognised proxool property: proxool.driver=com.mysql.jdbc.Driver
[2014-11-29 17:50:20:862][org.logicalcobwebs.proxool.ConnectionPoolDefinition] Recognised proxool property: proxool.url=jdbc:mysql://localhost:13306/cziot
[2014-11-29 17:50:20:862][org.logicalcobwebs.proxool.ConnectionPoolDefinition] Recognised proxool property: proxool.minimum-connection-count=2
[2014-11-29 17:50:20:863][org.logicalcobwebs.proxool.ConnectionPoolDefinition] Recognised proxool property: proxool.test-before-use=true
[2014-11-29 17:50:20:863][org.logicalcobwebs.proxool.ConnectionPoolDefinition] Delegating property to driver: user=cziotappuser
[2014-11-29 17:50:20:864][org.logicalcobwebs.proxool.ConnectionPoolDefinition] Recognised proxool property: proxool.house-keeping-sleep-time=120000
[2014-11-29 17:50:20:864][org.logicalcobwebs.proxool.ConnectionPoolDefinition] Recognised proxool property: proxool.prototype-count=2
[2014-11-29 17:50:20:864][org.logicalcobwebs.proxool.ConnectionPoolDefinition] Delegating property to driver: password=********
[2014-11-29 17:50:20:865][org.logicalcobwebs.proxool.ConnectionPoolDefinition] Recognised proxool property: proxool.maximum-connection-count=5
[2014-11-29 17:50:20:865][org.logicalcobwebs.proxool.ConnectionPoolDefinition] Recognised proxool property: proxool.house-keeping-test-sql=select 1
[2014-11-29 17:50:20:876][org.logicalcobwebs.proxool.ShutdownHook] Registered shutdownHook
[2014-11-29 17:50:20:879][org.logicalcobwebs.proxool.HouseKeeperController] Registering 'DBPool' house keeper
[2014-11-29 17:50:20:881][org.logicalcobwebs.proxool.HouseKeeperController] Starting a house keeper thread
[2014-11-29 17:50:21:038][org.logicalcobwebs.proxool.ConnectionResetter] Remembering default value: getTransactionIsolation() = 4
[2014-11-29 17:50:21:038][org.logicalcobwebs.proxool.ConnectionResetter] Remembering default value: getHoldability() = 2
[2014-11-29 17:50:21:039][org.logicalcobwebs.proxool.ConnectionResetter] Remembering default value: getCatalog() = cziot
[2014-11-29 17:50:21:039][org.logicalcobwebs.proxool.ConnectionResetter] Remembering default value: isReadOnly() = false
[2014-11-29 17:50:21:040][org.logicalcobwebs.proxool.ConnectionResetter] Remembering default value: getTypeMap() = {}
[2014-11-29 17:50:21:040][org.logicalcobwebs.proxool.ConnectionPool] Proxool statistics legend: "s - r  (a/t/o)" > s=served, r=refused (only shown if non-zero), a=active, t=total, o=offline (being tested)
[2014-11-29 17:50:21:040][org.logicalcobwebs.proxool.ConnectionPool] Proxool statistics legend: "s - r  (a/t/o)" > s=served, r=refused (only shown if non-zero), a=active, t=total, o=offline (being tested)
[2014-11-29 17:50:21:041][org.logicalcobwebs.proxool.Prototyper] 000000 (01/02/00) - Connection #1 created to achieve minimum of 2 = AVAILABLE
[2014-11-29 17:50:21:041][org.logicalcobwebs.proxool.Prototyper] 000000 (01/02/00) - Connection #2 created on demand = ACTIVE
[2014-11-29 17:50:21:042][org.logicalcobwebs.proxool.ConnectionPool] 000000 (01/02/00) - Connection #2 tested: OK
[2014-11-29 17:50:21:055][org.logicalcobwebs.proxool.Prototyper] 000001 (01/03/00) - Connection #3 created to keep 2 available = AVAILABLE
[2014-11-29 17:50:21:086][org.logicalcobwebs.proxool.ProxyFactory] Implementing interface com.mysql.jdbc.Connection
[2014-11-29 17:50:21:086][org.logicalcobwebs.proxool.ProxyFactory] Implementing interface java.sql.Wrapper
[2014-11-29 17:50:21:086][org.logicalcobwebs.proxool.ProxyFactory] Implementing interface com.mysql.jdbc.ConnectionProperties
[2014-11-29 17:50:21:087][org.logicalcobwebs.proxool.ProxyFactory] Implementing interface com.mysql.jdbc.MySQLConnection
[2014-11-29 17:50:21:087][org.logicalcobwebs.proxool.ProxyFactory] Implementing interface java.io.Serializable
[2014-11-29 17:50:21:087][org.logicalcobwebs.proxool.ProxyFactory] Implementing interface java.sql.Connection
[2014-11-29 17:50:21:087][org.logicalcobwebs.proxool.ProxyFactory] Implementing interface java.lang.AutoCloseable
[2014-11-29 17:50:21:492][org.logicalcobwebs.proxool.ProxyFactory] Implementing interface com.mysql.jdbc.Statement
[2014-11-29 17:50:21:492][org.logicalcobwebs.proxool.ProxyFactory] Implementing interface java.sql.Wrapper
[2014-11-29 17:50:21:493][org.logicalcobwebs.proxool.ProxyFactory] Implementing interface java.sql.Statement
[2014-11-29 17:50:21:493][org.logicalcobwebs.proxool.ProxyFactory] Implementing interface java.lang.AutoCloseable
[2014-11-29 17:50:21:596][com.switek.netseed.server.ui.ServerForm] T10-Loading device type def from database...
[2014-11-29 17:50:21:599][com.switek.netseed.server.ui.ServerForm] T10-Done.
[2014-11-29 17:50:21:599][com.switek.netseed.server.ui.ServerForm] T10-Loading brand info list from database...
[2014-11-29 17:50:21:605][com.switek.netseed.server.ui.ServerForm] T10-Done
[2014-11-29 17:50:21:605][com.switek.netseed.server.ui.ServerForm] T10-Loading releationship of type and brand from database...
[2014-11-29 17:50:21:609][com.switek.netseed.server.ui.ServerForm] T10-Done
[2014-11-29 17:50:21:609][com.switek.netseed.server.ui.ServerForm] T10-Loading controller list from database...
[2014-11-29 17:50:21:671][com.switek.netseed.server.ui.ServerForm] T10-There are 1450 controller(s)
[2014-11-29 17:50:21:672][com.switek.netseed.server.ui.ServerForm] T10-Loading subcontroller list from database...
[2014-11-29 17:50:21:708][com.switek.netseed.server.ui.ServerForm] T10-There are 1570 subcontroler(s).
[2014-11-29 17:50:21:708][com.switek.netseed.server.ui.ServerForm] T10-Loading device list from database...
[2014-11-29 17:50:21:757][com.switek.netseed.server.ui.ServerForm] T10-There are 1785 device(s).
[2014-11-29 17:50:21:758][com.switek.netseed.server.ui.ServerForm] T10-Loading learned IR code from database...
[2014-11-29 17:50:21:897][com.switek.netseed.server.ui.ServerForm] T10-Learned IR code are loaded!
[2014-11-29 17:50:21:898][com.switek.netseed.server.ui.ServerForm] T10-Loading app list from database...
[2014-11-29 17:50:21:899][com.switek.netseed.server.ui.ServerForm] T10-Loading timers...
[2014-11-29 17:50:21:900][com.switek.netseed.server.ui.ServerForm] T10-There are 0 timer(s)
[2014-11-29 17:50:21:901][com.switek.netseed.server.ui.ServerForm] T10-Loading timer steps...
[2014-11-29 17:50:21:901][com.switek.netseed.server.ui.ServerForm] T10-Completed to load timers.
[2014-11-29 17:50:21:902][com.switek.netseed.server.ui.ServerForm] T10-Setup schedule job engine.
[2014-11-29 17:50:21:908][com.switek.netseed.server.ui.ServerForm] T10-MaxThread: 100
[2014-11-29 17:50:21:908][com.switek.netseed.server.ui.ServerForm] T10-Starting the Netseed server...
[2014-11-29 17:50:22:041][com.switek.netseed.server.ui.ServerForm] T10-Netseed Server started, on QH-20141126YGNW/192.168.22.10:28899
[2014-11-29 17:50:41:197][com.switek.netseed.server.ui.ServerForm] T1-Stoping the server...
[2014-11-29 17:50:41:200][com.switek.netseed.server.ui.ServerForm] T1-Stoped!
[2014-11-29 17:50:41:201][org.logicalcobwebs.proxool.ShutdownHook] Running ShutdownHook
[2014-11-29 17:50:41:202][org.logicalcobwebs.proxool.ConnectionPool] Shutting down 'DBPool' pool immediately [Shutdown Hook]
[2014-11-29 17:50:41:207][org.logicalcobwebs.proxool.ConnectionPool] Waiting until Sat Nov 29 17:50:41 CST 2014 for all connections to become inactive (active count is 1).
[2014-11-29 17:50:41:208][org.logicalcobwebs.proxool.ConnectionPool] Shutdown waited for 6 milliseconds for all the connections to become inactive but the active count is still 1. Shutting down anyway.
[2014-11-29 17:50:41:210][org.logicalcobwebs.proxool.ConnectionPool] 000001 (01/02/00) - #0003 removed because of shutdown.
[2014-11-29 17:50:41:211][org.logicalcobwebs.proxool.ConnectionPool] Connection #3 closed
[2014-11-29 17:50:41:212][org.logicalcobwebs.proxool.ConnectionPool] 000001 (00/01/00) - #0002 removed because of shutdown.
[2014-11-29 17:50:41:212][org.logicalcobwebs.proxool.ConnectionPool] Connection #2 closed
[2014-11-29 17:50:41:213][org.logicalcobwebs.proxool.ConnectionPool] 000001 (00/00/00) - #0001 removed because of shutdown.
[2014-11-29 17:50:41:213][org.logicalcobwebs.proxool.ConnectionPool] Connection #1 closed
[2014-11-29 17:50:41:213][org.logicalcobwebs.proxool.ConnectionPool] 'DBPool' pool has been closed down by Shutdown Hook in 11 milliseconds.
[2014-11-29 17:50:41:214][org.logicalcobwebs.proxool.PrototyperController] Stopping Prototyper thread
[2014-11-29 17:50:41:215][org.logicalcobwebs.proxool.HouseKeeperController] Stopping HouseKeeper thread
[2014-11-29 17:53:08:420][com.switek.netseed.server.ui.ServerForm] test
[2014-11-29 17:53:08:426][com.switek.netseed.server.ui.ServerForm] T1-Starting the server...
[2014-11-29 17:53:08:428][com.switek.netseed.server.ui.ServerForm] T1-Socket IO Processor: 64
[2014-11-29 17:53:08:429][com.switek.netseed.server.ui.ServerForm] T1-Socket IO Pool: 64
[2014-11-29 17:53:08:433][com.switek.netseed.server.ui.ServerForm] T10-Loading standard IR code list from database...
[2014-11-29 17:53:08:447][org.logicalcobwebs.proxool.configuration.JAXPConfigurator] Configuring from reader: java.io.InputStreamReader@7fe5a19e
[2014-11-29 17:53:08:449][org.logicalcobwebs.proxool.configuration.JAXPConfigurator] SAXParserFactory class: com.sun.org.apache.xerces.internal.jaxp.SAXParserFactoryImpl
[2014-11-29 17:53:08:460][org.logicalcobwebs.proxool.configuration.JAXPConfigurator] sax parser classcom.sun.org.apache.xerces.internal.jaxp.SAXParserImpl
[2014-11-29 17:53:08:460][org.logicalcobwebs.proxool.configuration.JAXPConfigurator] XML reader class: com.sun.org.apache.xerces.internal.jaxp.SAXParserImpl$JAXPSAXParser
[2014-11-29 17:53:08:461][org.logicalcobwebs.proxool.configuration.JAXPConfigurator] Setting sax feature: 'http://xml.org/sax/features/namespaces'. State: true.
[2014-11-29 17:53:08:461][org.logicalcobwebs.proxool.configuration.JAXPConfigurator] Setting sax feature: 'http://xml.org/sax/features/namespace-prefixes'. State: false.
[2014-11-29 17:53:08:466][org.logicalcobwebs.proxool.configuration.XMLConfigurator] Adding driver property: user=cziotappuser
[2014-11-29 17:53:08:467][org.logicalcobwebs.proxool.configuration.XMLConfigurator] Adding driver property: password=*******
[2014-11-29 17:53:08:467][org.logicalcobwebs.proxool.configuration.XMLConfigurator] Setting property 'proxool.simultaneous-build-throttle' to value '10'.
[2014-11-29 17:53:08:467][org.logicalcobwebs.proxool.configuration.XMLConfigurator] Setting property 'proxool.maximum-connection-count' to value '5'.
[2014-11-29 17:53:08:468][org.logicalcobwebs.proxool.configuration.XMLConfigurator] Setting property 'proxool.minimum-connection-count' to value '2'.
[2014-11-29 17:53:08:468][org.logicalcobwebs.proxool.configuration.XMLConfigurator] Setting property 'proxool.house-keeping-sleep-time' to value '120000'.
[2014-11-29 17:53:08:468][org.logicalcobwebs.proxool.configuration.XMLConfigurator] Setting property 'proxool.prototype-count' to value '2'.
[2014-11-29 17:53:08:468][org.logicalcobwebs.proxool.configuration.XMLConfigurator] Setting property 'proxool.test-before-use' to value 'true'.
[2014-11-29 17:53:08:469][org.logicalcobwebs.proxool.configuration.XMLConfigurator] Setting property 'proxool.house-keeping-test-sql' to value 'select 1'.
[2014-11-29 17:53:08:469][org.logicalcobwebs.proxool.configuration.XMLConfigurator] Created url: proxool.DBPool:com.mysql.jdbc.Driver:jdbc:mysql://localhost:13306/cziot
[2014-11-29 17:53:08:473][org.logicalcobwebs.proxool.ProxoolFacade] Proxool 0.9.1 (23-Aug-2008 11:10)
[2014-11-29 17:53:08:484][org.logicalcobwebs.proxool.ConnectionPoolDefinition] Recognised proxool property: proxool.driver=com.mysql.jdbc.Driver
[2014-11-29 17:53:08:485][org.logicalcobwebs.proxool.ConnectionPoolDefinition] Recognised proxool property: proxool.url=jdbc:mysql://localhost:13306/cziot
[2014-11-29 17:53:08:485][org.logicalcobwebs.proxool.ConnectionPoolDefinition] Recognised proxool property: proxool.minimum-connection-count=2
[2014-11-29 17:53:08:486][org.logicalcobwebs.proxool.ConnectionPoolDefinition] Recognised proxool property: proxool.test-before-use=true
[2014-11-29 17:53:08:486][org.logicalcobwebs.proxool.ConnectionPoolDefinition] Delegating property to driver: user=cziotappuser
[2014-11-29 17:53:08:487][org.logicalcobwebs.proxool.ConnectionPoolDefinition] Recognised proxool property: proxool.house-keeping-sleep-time=120000
[2014-11-29 17:53:08:487][org.logicalcobwebs.proxool.ConnectionPoolDefinition] Recognised proxool property: proxool.prototype-count=2
[2014-11-29 17:53:08:488][org.logicalcobwebs.proxool.ConnectionPoolDefinition] Delegating property to driver: password=********
[2014-11-29 17:53:08:488][org.logicalcobwebs.proxool.ConnectionPoolDefinition] Recognised proxool property: proxool.maximum-connection-count=5
[2014-11-29 17:53:08:489][org.logicalcobwebs.proxool.ConnectionPoolDefinition] Recognised proxool property: proxool.house-keeping-test-sql=select 1
[2014-11-29 17:53:08:501][org.logicalcobwebs.proxool.ShutdownHook] Registered shutdownHook
[2014-11-29 17:53:08:504][org.logicalcobwebs.proxool.HouseKeeperController] Registering 'DBPool' house keeper
[2014-11-29 17:53:08:505][org.logicalcobwebs.proxool.HouseKeeperController] Starting a house keeper thread
[2014-11-29 17:53:08:668][org.logicalcobwebs.proxool.ConnectionResetter] Remembering default value: getTransactionIsolation() = 4
[2014-11-29 17:53:08:669][org.logicalcobwebs.proxool.ConnectionResetter] Remembering default value: getHoldability() = 2
[2014-11-29 17:53:08:670][org.logicalcobwebs.proxool.ConnectionResetter] Remembering default value: getCatalog() = cziot
[2014-11-29 17:53:08:670][org.logicalcobwebs.proxool.ConnectionResetter] Remembering default value: isReadOnly() = false
[2014-11-29 17:53:08:671][org.logicalcobwebs.proxool.ConnectionResetter] Remembering default value: getTypeMap() = {}
[2014-11-29 17:53:08:671][org.logicalcobwebs.proxool.ConnectionPool] Proxool statistics legend: "s - r  (a/t/o)" > s=served, r=refused (only shown if non-zero), a=active, t=total, o=offline (being tested)
[2014-11-29 17:53:08:671][org.logicalcobwebs.proxool.ConnectionPool] Proxool statistics legend: "s - r  (a/t/o)" > s=served, r=refused (only shown if non-zero), a=active, t=total, o=offline (being tested)
[2014-11-29 17:53:08:672][org.logicalcobwebs.proxool.Prototyper] 000000 (01/02/00) - Connection #1 created to achieve minimum of 2 = AVAILABLE
[2014-11-29 17:53:08:672][org.logicalcobwebs.proxool.Prototyper] 000000 (01/02/00) - Connection #2 created on demand = ACTIVE
[2014-11-29 17:53:08:673][org.logicalcobwebs.proxool.ConnectionPool] 000000 (01/02/00) - Connection #2 tested: OK
[2014-11-29 17:53:08:686][org.logicalcobwebs.proxool.Prototyper] 000001 (01/03/00) - Connection #3 created to keep 2 available = AVAILABLE
[2014-11-29 17:53:08:719][org.logicalcobwebs.proxool.ProxyFactory] Implementing interface com.mysql.jdbc.MySQLConnection
[2014-11-29 17:53:08:719][org.logicalcobwebs.proxool.ProxyFactory] Implementing interface java.lang.AutoCloseable
[2014-11-29 17:53:08:720][org.logicalcobwebs.proxool.ProxyFactory] Implementing interface com.mysql.jdbc.Connection
[2014-11-29 17:53:08:720][org.logicalcobwebs.proxool.ProxyFactory] Implementing interface com.mysql.jdbc.ConnectionProperties
[2014-11-29 17:53:08:720][org.logicalcobwebs.proxool.ProxyFactory] Implementing interface java.sql.Connection
[2014-11-29 17:53:08:720][org.logicalcobwebs.proxool.ProxyFactory] Implementing interface java.sql.Wrapper
[2014-11-29 17:53:08:721][org.logicalcobwebs.proxool.ProxyFactory] Implementing interface java.io.Serializable
[2014-11-29 17:53:09:161][org.logicalcobwebs.proxool.ProxyFactory] Implementing interface com.mysql.jdbc.Statement
[2014-11-29 17:53:09:162][org.logicalcobwebs.proxool.ProxyFactory] Implementing interface java.lang.AutoCloseable
[2014-11-29 17:53:09:162][org.logicalcobwebs.proxool.ProxyFactory] Implementing interface java.sql.Statement
[2014-11-29 17:53:09:162][org.logicalcobwebs.proxool.ProxyFactory] Implementing interface java.sql.Wrapper
[2014-11-29 17:53:09:276][com.switek.netseed.server.ui.ServerForm] T10-Loading device type def from database...
[2014-11-29 17:53:09:279][com.switek.netseed.server.ui.ServerForm] T10-Done.
[2014-11-29 17:53:09:280][com.switek.netseed.server.ui.ServerForm] T10-Loading brand info list from database...
[2014-11-29 17:53:09:285][com.switek.netseed.server.ui.ServerForm] T10-Done
[2014-11-29 17:53:09:285][com.switek.netseed.server.ui.ServerForm] T10-Loading releationship of type and brand from database...
[2014-11-29 17:53:09:288][com.switek.netseed.server.ui.ServerForm] T10-Done
[2014-11-29 17:53:09:289][com.switek.netseed.server.ui.ServerForm] T10-Loading controller list from database...
[2014-11-29 17:53:09:351][com.switek.netseed.server.ui.ServerForm] T10-There are 1450 controller(s)
[2014-11-29 17:53:09:352][com.switek.netseed.server.ui.ServerForm] T10-Loading subcontroller list from database...
[2014-11-29 17:53:09:388][com.switek.netseed.server.ui.ServerForm] T10-There are 1570 subcontroler(s).
[2014-11-29 17:53:09:389][com.switek.netseed.server.ui.ServerForm] T10-Loading device list from database...
[2014-11-29 17:53:09:440][com.switek.netseed.server.ui.ServerForm] T10-There are 1785 device(s).
[2014-11-29 17:53:09:440][com.switek.netseed.server.ui.ServerForm] T10-Loading learned IR code from database...
[2014-11-29 17:53:09:586][com.switek.netseed.server.ui.ServerForm] T10-Learned IR code are loaded!
[2014-11-29 17:53:09:587][com.switek.netseed.server.ui.ServerForm] T10-Loading app list from database...
[2014-11-29 17:53:09:588][com.switek.netseed.server.ui.ServerForm] T10-Loading timers...
[2014-11-29 17:53:09:589][com.switek.netseed.server.ui.ServerForm] T10-There are 0 timer(s)
[2014-11-29 17:53:09:589][com.switek.netseed.server.ui.ServerForm] T10-Loading timer steps...
[2014-11-29 17:53:09:590][com.switek.netseed.server.ui.ServerForm] T10-Completed to load timers.
[2014-11-29 17:53:09:591][com.switek.netseed.server.ui.ServerForm] T10-Setup schedule job engine.
[2014-11-29 17:53:09:597][com.switek.netseed.server.ui.ServerForm] T10-MaxThread: 100
[2014-11-29 17:53:09:597][com.switek.netseed.server.ui.ServerForm] T10-Starting the Netseed server...
[2014-11-29 17:53:09:733][com.switek.netseed.server.ui.ServerForm] T10-Netseed Server started, on QH-20141126YGNW/192.168.22.10:28899
[2014-11-29 17:53:35:350][com.switek.netseed.server.ui.ServerForm] T1-Stoping the server...
[2014-11-29 17:53:35:353][com.switek.netseed.server.ui.ServerForm] T1-Stoped!
[2014-11-29 17:53:35:354][org.logicalcobwebs.proxool.ShutdownHook] Running ShutdownHook
[2014-11-29 17:53:35:355][org.logicalcobwebs.proxool.ConnectionPool] Shutting down 'DBPool' pool immediately [Shutdown Hook]
[2014-11-29 17:53:35:360][org.logicalcobwebs.proxool.ConnectionPool] Waiting until Sat Nov 29 17:53:35 CST 2014 for all connections to become inactive (active count is 1).
[2014-11-29 17:53:35:361][org.logicalcobwebs.proxool.ConnectionPool] Shutdown waited for 6 milliseconds for all the connections to become inactive but the active count is still 1. Shutting down anyway.
[2014-11-29 17:53:35:363][org.logicalcobwebs.proxool.ConnectionPool] 000001 (01/02/00) - #0003 removed because of shutdown.
[2014-11-29 17:53:35:364][org.logicalcobwebs.proxool.ConnectionPool] Connection #3 closed
[2014-11-29 17:53:35:364][org.logicalcobwebs.proxool.ConnectionPool] 000001 (00/01/00) - #0002 removed because of shutdown.
[2014-11-29 17:53:35:364][org.logicalcobwebs.proxool.ConnectionPool] Connection #2 closed
[2014-11-29 17:53:35:365][org.logicalcobwebs.proxool.ConnectionPool] 000001 (00/00/00) - #0001 removed because of shutdown.
[2014-11-29 17:53:35:365][org.logicalcobwebs.proxool.ConnectionPool] Connection #1 closed
[2014-11-29 17:53:35:366][org.logicalcobwebs.proxool.ConnectionPool] 'DBPool' pool has been closed down by Shutdown Hook in 11 milliseconds.
[2014-11-29 17:53:35:366][org.logicalcobwebs.proxool.PrototyperController] Stopping Prototyper thread
[2014-11-29 17:53:35:366][org.logicalcobwebs.proxool.HouseKeeperController] Stopping HouseKeeper thread
