[2015-03-07 18:54:39:556][com.switek.netseed.server.ui.ServerForm] test
[2015-03-07 18:54:39:563][com.switek.netseed.server.ui.ServerForm] T1-Starting the server...
[2015-03-07 18:54:39:565][com.switek.netseed.server.ui.ServerForm] T1-Socket IO Processor: 64
[2015-03-07 18:54:39:566][com.switek.netseed.server.ui.ServerForm] T1-Socket IO Pool: 64
[2015-03-07 18:54:39:571][com.switek.netseed.server.ui.ServerForm] T10-Loading standard IR code list from database...
[2015-03-07 18:54:39:587][org.logicalcobwebs.proxool.configuration.JAXPConfigurator] Configuring from reader: java.io.InputStreamReader@a9ee006
[2015-03-07 18:54:39:589][org.logicalcobwebs.proxool.configuration.JAXPConfigurator] SAXParserFactory class: com.sun.org.apache.xerces.internal.jaxp.SAXParserFactoryImpl
[2015-03-07 18:54:39:599][org.logicalcobwebs.proxool.configuration.JAXPConfigurator] sax parser classcom.sun.org.apache.xerces.internal.jaxp.SAXParserImpl
[2015-03-07 18:54:39:599][org.logicalcobwebs.proxool.configuration.JAXPConfigurator] XML reader class: com.sun.org.apache.xerces.internal.jaxp.SAXParserImpl$JAXPSAXParser
[2015-03-07 18:54:39:600][org.logicalcobwebs.proxool.configuration.JAXPConfigurator] Setting sax feature: 'http://xml.org/sax/features/namespaces'. State: true.
[2015-03-07 18:54:39:600][org.logicalcobwebs.proxool.configuration.JAXPConfigurator] Setting sax feature: 'http://xml.org/sax/features/namespace-prefixes'. State: false.
[2015-03-07 18:54:39:605][org.logicalcobwebs.proxool.configuration.XMLConfigurator] Adding driver property: user=cziotappuser
[2015-03-07 18:54:39:605][org.logicalcobwebs.proxool.configuration.XMLConfigurator] Adding driver property: password=*******
[2015-03-07 18:54:39:605][org.logicalcobwebs.proxool.configuration.XMLConfigurator] Setting property 'proxool.simultaneous-build-throttle' to value '5000'.
[2015-03-07 18:54:39:606][org.logicalcobwebs.proxool.configuration.XMLConfigurator] Setting property 'proxool.maximum-connection-count' to value '2000'.
[2015-03-07 18:54:39:606][org.logicalcobwebs.proxool.configuration.XMLConfigurator] Setting property 'proxool.maximum-new-connections' to value '100'.
[2015-03-07 18:54:39:607][org.logicalcobwebs.proxool.configuration.XMLConfigurator] Setting property 'proxool.minimum-connection-count' to value '100'.
[2015-03-07 18:54:39:607][org.logicalcobwebs.proxool.configuration.XMLConfigurator] Setting property 'proxool.house-keeping-sleep-time' to value '120000'.
[2015-03-07 18:54:39:607][org.logicalcobwebs.proxool.configuration.XMLConfigurator] Setting property 'proxool.prototype-count' to value '50'.
[2015-03-07 18:54:39:608][org.logicalcobwebs.proxool.configuration.XMLConfigurator] Setting property 'proxool.test-before-use' to value 'true'.
[2015-03-07 18:54:39:608][org.logicalcobwebs.proxool.configuration.XMLConfigurator] Setting property 'proxool.house-keeping-test-sql' to value 'select 1'.
[2015-03-07 18:54:39:608][org.logicalcobwebs.proxool.configuration.XMLConfigurator] Created url: proxool.DBPool:com.mysql.jdbc.Driver:jdbc:mysql://localhost:13306/cziot
[2015-03-07 18:54:39:612][org.logicalcobwebs.proxool.ProxoolFacade] Proxool 0.9.1 (23-Aug-2008 11:10)
[2015-03-07 18:54:39:622][org.logicalcobwebs.proxool.ConnectionPoolDefinition] Recognised proxool property: proxool.driver=com.mysql.jdbc.Driver
[2015-03-07 18:54:39:623][org.logicalcobwebs.proxool.ConnectionPoolDefinition] Recognised proxool property: proxool.url=jdbc:mysql://localhost:13306/cziot
[2015-03-07 18:54:39:623][org.logicalcobwebs.proxool.ConnectionPoolDefinition] Recognised proxool property: proxool.minimum-connection-count=100
[2015-03-07 18:54:39:624][org.logicalcobwebs.proxool.ConnectionPoolDefinition] Recognised proxool property: proxool.simultaneous-build-throttle=5000
[2015-03-07 18:54:39:624][org.logicalcobwebs.proxool.ConnectionPoolDefinition] Recognised proxool property: proxool.test-before-use=true
[2015-03-07 18:54:39:624][org.logicalcobwebs.proxool.ConnectionPoolDefinition] Use of proxool.maximum-new-connections is deprecated. Use more descriptive proxool.simultaneous-build-throttle instead.
[2015-03-07 18:54:39:625][org.logicalcobwebs.proxool.ConnectionPoolDefinition] Recognised proxool property: proxool.maximum-new-connections=100
[2015-03-07 18:54:39:625][org.logicalcobwebs.proxool.ConnectionPoolDefinition] Delegating property to driver: user=cziotappuser
[2015-03-07 18:54:39:625][org.logicalcobwebs.proxool.ConnectionPoolDefinition] Recognised proxool property: proxool.house-keeping-sleep-time=120000
[2015-03-07 18:54:39:626][org.logicalcobwebs.proxool.ConnectionPoolDefinition] Recognised proxool property: proxool.prototype-count=50
[2015-03-07 18:54:39:626][org.logicalcobwebs.proxool.ConnectionPoolDefinition] Delegating property to driver: password=********
[2015-03-07 18:54:39:626][org.logicalcobwebs.proxool.ConnectionPoolDefinition] Recognised proxool property: proxool.maximum-connection-count=2000
[2015-03-07 18:54:39:627][org.logicalcobwebs.proxool.ConnectionPoolDefinition] Recognised proxool property: proxool.house-keeping-test-sql=select 1
[2015-03-07 18:54:39:638][org.logicalcobwebs.proxool.ShutdownHook] Registered shutdownHook
[2015-03-07 18:54:39:641][org.logicalcobwebs.proxool.HouseKeeperController] Registering 'DBPool' house keeper
[2015-03-07 18:54:39:642][org.logicalcobwebs.proxool.HouseKeeperController] Starting a house keeper thread
[2015-03-07 18:54:39:804][org.logicalcobwebs.proxool.ConnectionResetter] Remembering default value: getTransactionIsolation() = 4
[2015-03-07 18:54:39:805][org.logicalcobwebs.proxool.ConnectionResetter] Remembering default value: getHoldability() = 2
[2015-03-07 18:54:39:805][org.logicalcobwebs.proxool.ConnectionResetter] Remembering default value: getCatalog() = cziot
[2015-03-07 18:54:39:806][org.logicalcobwebs.proxool.ConnectionResetter] Remembering default value: isReadOnly() = false
[2015-03-07 18:54:39:806][org.logicalcobwebs.proxool.ConnectionResetter] Remembering default value: getTypeMap() = {}
[2015-03-07 18:54:39:806][org.logicalcobwebs.proxool.ConnectionPool] Proxool statistics legend: "s - r  (a/t/o)" > s=served, r=refused (only shown if non-zero), a=active, t=total, o=offline (being tested)
[2015-03-07 18:54:39:806][org.logicalcobwebs.proxool.ConnectionPool] Proxool statistics legend: "s - r  (a/t/o)" > s=served, r=refused (only shown if non-zero), a=active, t=total, o=offline (being tested)
[2015-03-07 18:54:39:807][org.logicalcobwebs.proxool.Prototyper] 000000 (01/02/00) - Connection #1 created to achieve minimum of 100 = AVAILABLE
[2015-03-07 18:54:39:807][org.logicalcobwebs.proxool.Prototyper] 000000 (01/02/00) - Connection #2 created on demand = ACTIVE
[2015-03-07 18:54:39:808][org.logicalcobwebs.proxool.ConnectionPool] 000000 (01/02/00) - Connection #2 tested: OK
[2015-03-07 18:54:39:822][org.logicalcobwebs.proxool.Prototyper] 000001 (01/03/00) - Connection #3 created to achieve minimum of 100 = AVAILABLE
[2015-03-07 18:54:39:838][org.logicalcobwebs.proxool.Prototyper] 000001 (01/04/00) - Connection #4 created to achieve minimum of 100 = AVAILABLE
[2015-03-07 18:54:39:849][org.logicalcobwebs.proxool.ProxyFactory] Implementing interface com.mysql.jdbc.Connection
[2015-03-07 18:54:39:849][org.logicalcobwebs.proxool.ProxyFactory] Implementing interface java.sql.Connection
[2015-03-07 18:54:39:849][org.logicalcobwebs.proxool.ProxyFactory] Implementing interface java.io.Serializable
[2015-03-07 18:54:39:849][org.logicalcobwebs.proxool.ProxyFactory] Implementing interface com.mysql.jdbc.ConnectionProperties
[2015-03-07 18:54:39:850][org.logicalcobwebs.proxool.ProxyFactory] Implementing interface java.sql.Wrapper
[2015-03-07 18:54:39:850][org.logicalcobwebs.proxool.ProxyFactory] Implementing interface java.lang.AutoCloseable
[2015-03-07 18:54:39:850][org.logicalcobwebs.proxool.Prototyper] 000001 (01/05/00) - Connection #5 created to achieve minimum of 100 = AVAILABLE
[2015-03-07 18:54:39:850][org.logicalcobwebs.proxool.ProxyFactory] Implementing interface com.mysql.jdbc.MySQLConnection
[2015-03-07 18:54:39:863][org.logicalcobwebs.proxool.Prototyper] 000001 (01/06/00) - Connection #6 created to achieve minimum of 100 = AVAILABLE
[2015-03-07 18:54:39:876][org.logicalcobwebs.proxool.Prototyper] 000001 (01/07/00) - Connection #7 created to achieve minimum of 100 = AVAILABLE
[2015-03-07 18:54:39:888][org.logicalcobwebs.proxool.Prototyper] 000001 (01/08/00) - Connection #8 created to achieve minimum of 100 = AVAILABLE
[2015-03-07 18:54:39:901][org.logicalcobwebs.proxool.Prototyper] 000001 (01/09/00) - Connection #9 created to achieve minimum of 100 = AVAILABLE
[2015-03-07 18:54:39:913][org.logicalcobwebs.proxool.Prototyper] 000001 (01/10/00) - Connection #10 created to achieve minimum of 100 = AVAILABLE
[2015-03-07 18:54:39:924][org.logicalcobwebs.proxool.Prototyper] 000001 (01/11/00) - Connection #11 created to achieve minimum of 100 = AVAILABLE
[2015-03-07 18:54:39:936][org.logicalcobwebs.proxool.Prototyper] 000001 (01/12/00) - Connection #12 created to achieve minimum of 100 = AVAILABLE
[2015-03-07 18:54:39:961][org.logicalcobwebs.proxool.Prototyper] 000001 (01/13/00) - Connection #13 created to achieve minimum of 100 = AVAILABLE
[2015-03-07 18:54:39:973][org.logicalcobwebs.proxool.Prototyper] 000001 (01/14/00) - Connection #14 created to achieve minimum of 100 = AVAILABLE
[2015-03-07 18:54:39:985][org.logicalcobwebs.proxool.Prototyper] 000001 (01/15/00) - Connection #15 created to achieve minimum of 100 = AVAILABLE
[2015-03-07 18:54:39:997][org.logicalcobwebs.proxool.Prototyper] 000001 (01/16/00) - Connection #16 created to achieve minimum of 100 = AVAILABLE
[2015-03-07 18:54:40:012][org.logicalcobwebs.proxool.Prototyper] 000001 (01/17/00) - Connection #17 created to achieve minimum of 100 = AVAILABLE
[2015-03-07 18:54:40:026][org.logicalcobwebs.proxool.Prototyper] 000001 (01/18/00) - Connection #18 created to achieve minimum of 100 = AVAILABLE
[2015-03-07 18:54:40:037][org.logicalcobwebs.proxool.Prototyper] 000001 (01/19/00) - Connection #19 created to achieve minimum of 100 = AVAILABLE
[2015-03-07 18:54:40:048][org.logicalcobwebs.proxool.Prototyper] 000001 (01/20/00) - Connection #20 created to achieve minimum of 100 = AVAILABLE
[2015-03-07 18:54:40:059][org.logicalcobwebs.proxool.Prototyper] 000001 (01/21/00) - Connection #21 created to achieve minimum of 100 = AVAILABLE
[2015-03-07 18:54:40:070][org.logicalcobwebs.proxool.Prototyper] 000001 (01/22/00) - Connection #22 created to achieve minimum of 100 = AVAILABLE
[2015-03-07 18:54:40:082][org.logicalcobwebs.proxool.Prototyper] 000001 (01/23/00) - Connection #23 created to achieve minimum of 100 = AVAILABLE
[2015-03-07 18:54:40:092][org.logicalcobwebs.proxool.Prototyper] 000001 (01/24/00) - Connection #24 created to achieve minimum of 100 = AVAILABLE
[2015-03-07 18:54:40:103][org.logicalcobwebs.proxool.Prototyper] 000001 (01/25/00) - Connection #25 created to achieve minimum of 100 = AVAILABLE
[2015-03-07 18:54:40:112][org.logicalcobwebs.proxool.Prototyper] 000001 (01/26/00) - Connection #26 created to achieve minimum of 100 = AVAILABLE
[2015-03-07 18:54:40:121][org.logicalcobwebs.proxool.Prototyper] 000001 (01/27/00) - Connection #27 created to achieve minimum of 100 = AVAILABLE
[2015-03-07 18:54:40:131][org.logicalcobwebs.proxool.Prototyper] 000001 (01/28/00) - Connection #28 created to achieve minimum of 100 = AVAILABLE
[2015-03-07 18:54:40:141][org.logicalcobwebs.proxool.Prototyper] 000001 (01/29/00) - Connection #29 created to achieve minimum of 100 = AVAILABLE
[2015-03-07 18:54:40:150][org.logicalcobwebs.proxool.Prototyper] 000001 (01/30/00) - Connection #30 created to achieve minimum of 100 = AVAILABLE
[2015-03-07 18:54:40:160][org.logicalcobwebs.proxool.Prototyper] 000001 (01/31/00) - Connection #31 created to achieve minimum of 100 = AVAILABLE
[2015-03-07 18:54:40:170][org.logicalcobwebs.proxool.Prototyper] 000001 (01/32/00) - Connection #32 created to achieve minimum of 100 = AVAILABLE
[2015-03-07 18:54:40:183][org.logicalcobwebs.proxool.Prototyper] 000001 (01/33/00) - Connection #33 created to achieve minimum of 100 = AVAILABLE
[2015-03-07 18:54:40:194][org.logicalcobwebs.proxool.Prototyper] 000001 (01/34/00) - Connection #34 created to achieve minimum of 100 = AVAILABLE
[2015-03-07 18:54:40:207][org.logicalcobwebs.proxool.Prototyper] 000001 (01/35/00) - Connection #35 created to achieve minimum of 100 = AVAILABLE
[2015-03-07 18:54:40:218][org.logicalcobwebs.proxool.Prototyper] 000001 (01/36/00) - Connection #36 created to achieve minimum of 100 = AVAILABLE
[2015-03-07 18:54:40:230][org.logicalcobwebs.proxool.Prototyper] 000001 (01/37/00) - Connection #37 created to achieve minimum of 100 = AVAILABLE
[2015-03-07 18:54:40:242][org.logicalcobwebs.proxool.Prototyper] 000001 (01/38/00) - Connection #38 created to achieve minimum of 100 = AVAILABLE
[2015-03-07 18:54:40:253][org.logicalcobwebs.proxool.Prototyper] 000001 (01/39/00) - Connection #39 created to achieve minimum of 100 = AVAILABLE
[2015-03-07 18:54:40:264][org.logicalcobwebs.proxool.Prototyper] 000001 (01/40/00) - Connection #40 created to achieve minimum of 100 = AVAILABLE
[2015-03-07 18:54:40:275][org.logicalcobwebs.proxool.Prototyper] 000001 (01/41/00) - Connection #41 created to achieve minimum of 100 = AVAILABLE
[2015-03-07 18:54:40:286][org.logicalcobwebs.proxool.Prototyper] 000001 (01/42/00) - Connection #42 created to achieve minimum of 100 = AVAILABLE
[2015-03-07 18:54:40:300][org.logicalcobwebs.proxool.Prototyper] 000001 (01/43/00) - Connection #43 created to achieve minimum of 100 = AVAILABLE
[2015-03-07 18:54:40:310][org.logicalcobwebs.proxool.Prototyper] 000001 (01/44/00) - Connection #44 created to achieve minimum of 100 = AVAILABLE
[2015-03-07 18:54:40:324][org.logicalcobwebs.proxool.Prototyper] 000001 (01/45/00) - Connection #45 created to achieve minimum of 100 = AVAILABLE
[2015-03-07 18:54:40:335][org.logicalcobwebs.proxool.Prototyper] 000001 (01/46/00) - Connection #46 created to achieve minimum of 100 = AVAILABLE
[2015-03-07 18:54:40:348][org.logicalcobwebs.proxool.Prototyper] 000001 (01/47/00) - Connection #47 created to achieve minimum of 100 = AVAILABLE
[2015-03-07 18:54:40:357][org.logicalcobwebs.proxool.Prototyper] 000001 (01/48/00) - Connection #48 created to achieve minimum of 100 = AVAILABLE
[2015-03-07 18:54:40:367][org.logicalcobwebs.proxool.Prototyper] 000001 (01/49/00) - Connection #49 created to achieve minimum of 100 = AVAILABLE
[2015-03-07 18:54:40:375][org.logicalcobwebs.proxool.Prototyper] 000001 (01/50/00) - Connection #50 created to achieve minimum of 100 = AVAILABLE
[2015-03-07 18:54:40:385][org.logicalcobwebs.proxool.Prototyper] 000001 (01/51/00) - Connection #51 created to achieve minimum of 100 = AVAILABLE
[2015-03-07 18:54:40:395][org.logicalcobwebs.proxool.Prototyper] 000001 (01/52/00) - Connection #52 created to achieve minimum of 100 = AVAILABLE
[2015-03-07 18:54:40:405][org.logicalcobwebs.proxool.Prototyper] 000001 (01/53/00) - Connection #53 created to achieve minimum of 100 = AVAILABLE
[2015-03-07 18:54:40:414][org.logicalcobwebs.proxool.Prototyper] 000001 (01/54/00) - Connection #54 created to achieve minimum of 100 = AVAILABLE
[2015-03-07 18:54:40:424][org.logicalcobwebs.proxool.Prototyper] 000001 (01/55/00) - Connection #55 created to achieve minimum of 100 = AVAILABLE
[2015-03-07 18:54:40:433][org.logicalcobwebs.proxool.Prototyper] 000001 (01/56/00) - Connection #56 created to achieve minimum of 100 = AVAILABLE
[2015-03-07 18:54:40:440][org.logicalcobwebs.proxool.Prototyper] 000001 (01/57/00) - Connection #57 created to achieve minimum of 100 = AVAILABLE
[2015-03-07 18:54:40:448][org.logicalcobwebs.proxool.Prototyper] 000001 (01/58/00) - Connection #58 created to achieve minimum of 100 = AVAILABLE
[2015-03-07 18:54:40:456][org.logicalcobwebs.proxool.Prototyper] 000001 (01/59/00) - Connection #59 created to achieve minimum of 100 = AVAILABLE
[2015-03-07 18:54:40:466][org.logicalcobwebs.proxool.Prototyper] 000001 (01/60/00) - Connection #60 created to achieve minimum of 100 = AVAILABLE
[2015-03-07 18:54:40:469][org.logicalcobwebs.proxool.ProxyFactory] Implementing interface java.sql.Statement
[2015-03-07 18:54:40:470][org.logicalcobwebs.proxool.ProxyFactory] Implementing interface java.sql.Wrapper
[2015-03-07 18:54:40:470][org.logicalcobwebs.proxool.ProxyFactory] Implementing interface java.lang.AutoCloseable
[2015-03-07 18:54:40:470][org.logicalcobwebs.proxool.ProxyFactory] Implementing interface com.mysql.jdbc.Statement
[2015-03-07 18:54:40:476][org.logicalcobwebs.proxool.Prototyper] 000001 (01/61/00) - Connection #61 created to achieve minimum of 100 = AVAILABLE
[2015-03-07 18:54:40:484][org.logicalcobwebs.proxool.Prototyper] 000001 (01/62/00) - Connection #62 created to achieve minimum of 100 = AVAILABLE
[2015-03-07 18:54:40:494][org.logicalcobwebs.proxool.Prototyper] 000001 (01/63/00) - Connection #63 created to achieve minimum of 100 = AVAILABLE
[2015-03-07 18:54:40:500][org.logicalcobwebs.proxool.Prototyper] 000001 (01/64/00) - Connection #64 created to achieve minimum of 100 = AVAILABLE
[2015-03-07 18:54:40:507][org.logicalcobwebs.proxool.Prototyper] 000001 (01/65/00) - Connection #65 created to achieve minimum of 100 = AVAILABLE
[2015-03-07 18:54:40:516][org.logicalcobwebs.proxool.Prototyper] 000001 (01/66/00) - Connection #66 created to achieve minimum of 100 = AVAILABLE
[2015-03-07 18:54:40:525][org.logicalcobwebs.proxool.Prototyper] 000001 (01/67/00) - Connection #67 created to achieve minimum of 100 = AVAILABLE
[2015-03-07 18:54:40:534][org.logicalcobwebs.proxool.Prototyper] 000001 (01/68/00) - Connection #68 created to achieve minimum of 100 = AVAILABLE
[2015-03-07 18:54:40:542][org.logicalcobwebs.proxool.Prototyper] 000001 (01/69/00) - Connection #69 created to achieve minimum of 100 = AVAILABLE
[2015-03-07 18:54:40:549][org.logicalcobwebs.proxool.Prototyper] 000001 (01/70/00) - Connection #70 created to achieve minimum of 100 = AVAILABLE
[2015-03-07 18:54:40:557][org.logicalcobwebs.proxool.Prototyper] 000001 (01/71/00) - Connection #71 created to achieve minimum of 100 = AVAILABLE
[2015-03-07 18:54:40:564][org.logicalcobwebs.proxool.Prototyper] 000001 (01/72/00) - Connection #72 created to achieve minimum of 100 = AVAILABLE
[2015-03-07 18:54:40:573][org.logicalcobwebs.proxool.Prototyper] 000001 (01/73/00) - Connection #73 created to achieve minimum of 100 = AVAILABLE
[2015-03-07 18:54:40:580][org.logicalcobwebs.proxool.Prototyper] 000001 (01/74/00) - Connection #74 created to achieve minimum of 100 = AVAILABLE
[2015-03-07 18:54:40:587][org.logicalcobwebs.proxool.Prototyper] 000001 (01/75/00) - Connection #75 created to achieve minimum of 100 = AVAILABLE
[2015-03-07 18:54:40:588][com.switek.netseed.server.ui.ServerForm] T10-Loading device type def from database...
[2015-03-07 18:54:40:590][com.switek.netseed.server.ui.ServerForm] T10-Done.
[2015-03-07 18:54:40:590][com.switek.netseed.server.ui.ServerForm] T10-Loading brand info list from database...
[2015-03-07 18:54:40:593][com.switek.netseed.server.ui.ServerForm] T10-Done
[2015-03-07 18:54:40:593][com.switek.netseed.server.ui.ServerForm] T10-Loading releationship of type and brand from database...
[2015-03-07 18:54:40:594][org.logicalcobwebs.proxool.Prototyper] 000001 (01/76/00) - Connection #76 created to achieve minimum of 100 = AVAILABLE
[2015-03-07 18:54:40:595][com.switek.netseed.server.ui.ServerForm] T10-Done
[2015-03-07 18:54:40:595][com.switek.netseed.server.ui.ServerForm] T10-Loading controller list from database...
[2015-03-07 18:54:40:604][org.logicalcobwebs.proxool.Prototyper] 000001 (01/77/00) - Connection #77 created to achieve minimum of 100 = AVAILABLE
[2015-03-07 18:54:40:614][org.logicalcobwebs.proxool.Prototyper] 000001 (01/78/00) - Connection #78 created to achieve minimum of 100 = AVAILABLE
[2015-03-07 18:54:40:614][com.switek.netseed.server.ui.ServerForm] T10-There are 1450 controller(s)
[2015-03-07 18:54:40:615][com.switek.netseed.server.ui.ServerForm] T10-Loading subcontroller list from database...
[2015-03-07 18:54:40:623][org.logicalcobwebs.proxool.Prototyper] 000001 (01/79/00) - Connection #79 created to achieve minimum of 100 = AVAILABLE
[2015-03-07 18:54:40:630][com.switek.netseed.server.ui.ServerForm] T10-There are 1570 subcontroler(s).
[2015-03-07 18:54:40:630][com.switek.netseed.server.ui.ServerForm] T10-Loading device list from database...
[2015-03-07 18:54:40:632][org.logicalcobwebs.proxool.Prototyper] 000001 (01/80/00) - Connection #80 created to achieve minimum of 100 = AVAILABLE
[2015-03-07 18:54:40:640][org.logicalcobwebs.proxool.Prototyper] 000001 (01/81/00) - Connection #81 created to achieve minimum of 100 = AVAILABLE
[2015-03-07 18:54:40:648][org.logicalcobwebs.proxool.Prototyper] 000001 (01/82/00) - Connection #82 created to achieve minimum of 100 = AVAILABLE
[2015-03-07 18:54:40:654][org.logicalcobwebs.proxool.Prototyper] 000001 (01/83/00) - Connection #83 created to achieve minimum of 100 = AVAILABLE
[2015-03-07 18:54:40:660][org.logicalcobwebs.proxool.Prototyper] 000001 (01/84/00) - Connection #84 created to achieve minimum of 100 = AVAILABLE
[2015-03-07 18:54:40:667][org.logicalcobwebs.proxool.Prototyper] 000001 (01/85/00) - Connection #85 created to achieve minimum of 100 = AVAILABLE
[2015-03-07 18:54:40:673][org.logicalcobwebs.proxool.Prototyper] 000001 (01/86/00) - Connection #86 created to achieve minimum of 100 = AVAILABLE
[2015-03-07 18:54:40:677][com.switek.netseed.server.ui.ServerForm] T10-There are 1786 device(s).
[2015-03-07 18:54:40:677][com.switek.netseed.server.ui.ServerForm] T10-Loading learned IR code from database...
[2015-03-07 18:54:40:681][org.logicalcobwebs.proxool.Prototyper] 000001 (01/87/00) - Connection #87 created to achieve minimum of 100 = AVAILABLE
[2015-03-07 18:54:40:689][org.logicalcobwebs.proxool.Prototyper] 000001 (01/88/00) - Connection #88 created to achieve minimum of 100 = AVAILABLE
[2015-03-07 18:54:40:695][org.logicalcobwebs.proxool.Prototyper] 000001 (01/89/00) - Connection #89 created to achieve minimum of 100 = AVAILABLE
[2015-03-07 18:54:40:702][org.logicalcobwebs.proxool.Prototyper] 000001 (01/90/00) - Connection #90 created to achieve minimum of 100 = AVAILABLE
[2015-03-07 18:54:40:721][org.logicalcobwebs.proxool.Prototyper] 000001 (01/91/00) - Connection #91 created to achieve minimum of 100 = AVAILABLE
[2015-03-07 18:54:40:727][org.logicalcobwebs.proxool.Prototyper] 000001 (01/92/00) - Connection #92 created to achieve minimum of 100 = AVAILABLE
[2015-03-07 18:54:40:733][org.logicalcobwebs.proxool.Prototyper] 000001 (01/93/00) - Connection #93 created to achieve minimum of 100 = AVAILABLE
[2015-03-07 18:54:40:739][org.logicalcobwebs.proxool.Prototyper] 000001 (01/94/00) - Connection #94 created to achieve minimum of 100 = AVAILABLE
[2015-03-07 18:54:40:746][org.logicalcobwebs.proxool.Prototyper] 000001 (01/95/00) - Connection #95 created to achieve minimum of 100 = AVAILABLE
[2015-03-07 18:54:40:753][org.logicalcobwebs.proxool.Prototyper] 000001 (01/96/00) - Connection #96 created to achieve minimum of 100 = AVAILABLE
[2015-03-07 18:54:40:759][org.logicalcobwebs.proxool.Prototyper] 000001 (01/97/00) - Connection #97 created to achieve minimum of 100 = AVAILABLE
[2015-03-07 18:54:40:765][org.logicalcobwebs.proxool.Prototyper] 000001 (01/98/00) - Connection #98 created to achieve minimum of 100 = AVAILABLE
[2015-03-07 18:54:40:771][org.logicalcobwebs.proxool.Prototyper] 000001 (01/99/00) - Connection #99 created to achieve minimum of 100 = AVAILABLE
[2015-03-07 18:54:40:776][org.logicalcobwebs.proxool.Prototyper] 000001 (01/100/00) - Connection #100 created to achieve minimum of 100 = AVAILABLE
[2015-03-07 18:54:40:816][com.switek.netseed.server.ui.ServerForm] T10-Learned IR code are loaded!
[2015-03-07 18:54:40:817][com.switek.netseed.server.ui.ServerForm] T10-Loading app list from database...
[2015-03-07 18:54:40:819][com.switek.netseed.server.ui.ServerForm] T10-Loading timers...
[2015-03-07 18:54:40:820][com.switek.netseed.server.ui.ServerForm] T10-There are 1 timer(s)
[2015-03-07 18:54:40:821][com.switek.netseed.server.ui.ServerForm] T10-Loading timer steps...
[2015-03-07 18:54:40:823][com.switek.netseed.server.ui.ServerForm] T10-Completed to load timers.
[2015-03-07 18:54:40:823][com.switek.netseed.server.ui.ServerForm] T10-Setup schedule job engine.
[2015-03-07 18:54:40:831][com.switek.netseed.server.ui.ServerForm] T10-MaxThread: 2048
[2015-03-07 18:54:40:831][com.switek.netseed.server.ui.ServerForm] T10-Starting the Netseed server...
[2015-03-07 18:54:41:405][com.switek.netseed.server.ui.ServerForm] T10-Netseed Server started, on LIN/192.168.169.107:38899
[2015-03-07 18:55:39:528][com.switek.netseed.server.ui.ServerForm] T1-System run time: 0d 00:01
[2015-03-07 18:55:40:828][com.switek.netseed.server.ui.ServerForm] T14-Starting schedule job engine...
[2015-03-07 18:56:01:576][org.apache.mina.core.filterchain.IoFilterEvent] Firing a SESSION_OPENED event for session 1
[2015-03-07 18:56:01:576][org.apache.mina.core.filterchain.IoFilterEvent] Event SESSION_OPENED has been fired for session 1
[2015-03-07 18:56:01:584][org.apache.mina.filter.codec.ProtocolCodecFilter] Processing a MESSAGE_RECEIVED for session 1
[2015-03-07 18:56:01:594][com.switek.netseed.server.ui.ServerForm] T16-Incomplete packet will wait for next clip. 256 / 280. AA AA 16 01 DE 07 07 19 B0 39 00 39 0F 7B 22 41 50 49 56 65 72 22 3A 22 31 2E 30 22 2C 22 42 6F 64 79 22 3A 5B 7B 22 43 6F 6E 74 72 6F 6C 6C 65 72 49 64 22 3A 22 44 45 30 37 30 37 31 39 30 30 33 32 22 2C 22 53 75 62 43 6F 6E 74 72 6F 6C 6C 65 72 49 64 22 3A 22 30 22 2C 22 44 65 76 69 63 65 49 64 22 3A 22 44 44 30 37 30 43 30 31 30 34 30 30 22 7D 2C 7B 22 43 6F 6E 74 72 6F 6C 6C 65 72 49 64 22 3A 22 44 45 30 37 30 37 31 39 30 30 33 32 22 2C 22 53 75 62 43 6F 6E 74 72 6F 6C 6C 65 72 49 64 22 3A 22 30 22 2C 22 44 65 76 69 63 65 49 64 22 3A 22 44 44 30 37 30 43 30 31 30 36 30 30 22 7D 2C 7B 22 43 6F 6E 74 72 6F 6C 6C 65 72 49 64 22 3A 22 44 45 30 37 30 37 31 39 30 30 33 32 22 2C 22 53 75 62 43 6F 6E 74 72 6F 6C 6C 65 72 49 64 22 3A 22 30 22 2C 22 44 65 76 69 63 
[2015-03-07 18:56:01:595][org.apache.mina.filter.codec.ProtocolCodecFilter] Processing a MESSAGE_RECEIVED for session 1
[2015-03-07 18:56:01:603][com.switek.netseed.server.ui.ServerForm] T16-Resume read from: AA AA 16 01 DE 07 07 19 B0 39 00 39 0F 7B 22 41 50 49 56 65 72 22 3A 22 31 2E 30 22 2C 22 42 6F 64 79 22 3A 5B 7B 22 43 6F 6E 74 72 6F 6C 6C 65 72 49 64 22 3A 22 44 45 30 37 30 37 31 39 30 30 33 32 22 2C 22 53 75 62 43 6F 6E 74 72 6F 6C 6C 65 72 49 64 22 3A 22 30 22 2C 22 44 65 76 69 63 65 49 64 22 3A 22 44 44 30 37 30 43 30 31 30 34 30 30 22 7D 2C 7B 22 43 6F 6E 74 72 6F 6C 6C 65 72 49 64 22 3A 22 44 45 30 37 30 37 31 39 30 30 33 32 22 2C 22 53 75 62 43 6F 6E 74 72 6F 6C 6C 65 72 49 64 22 3A 22 30 22 2C 22 44 65 76 69 63 65 49 64 22 3A 22 44 44 30 37 30 43 30 31 30 36 30 30 22 7D 2C 7B 22 43 6F 6E 74 72 6F 6C 6C 65 72 49 64 22 3A 22 44 45 30 37 30 37 31 39 30 30 33 32 22 2C 22 53 75 62 43 6F 6E 74 72 6F 6C 6C 65 72 49 64 22 3A 22 30 22 2C 22 44 65 76 69 63 
[2015-03-07 18:56:01:607][org.apache.mina.core.filterchain.IoFilterEvent] Firing a MESSAGE_RECEIVED event for session 1
[2015-03-07 18:56:01:607][org.apache.mina.core.filterchain.IoFilterEvent] Event MESSAGE_RECEIVED has been fired for session 1
[2015-03-07 18:56:01:617][com.switek.netseed.server.ui.ServerForm] T20-****************************Received 0xF39__UNKNOWN: AA AA 16 01 DE 07 07 19 B0 39 00 39 0F 7B 22 41 50 49 56 65 72 22 3A 22 31 2E 30 22 2C 22 42 6F 64 79 22 3A 5B 7B 22 43 6F 6E 74 72 6F 6C 6C 65 72 49 64 22 3A 22 44 45 30 37 30 37 31 39 30 30 33 32 22 2C 22 53 75 62 43 6F 6E 74 72 6F 6C 6C 65 72 49 64 22 3A 22 30 22 2C 22 44 65 76 69 63 65 49 64 22 3A 22 44 44 30 37 30 43 30 31 30 34 30 30 22 7D 2C 7B 22 43 6F 6E 74 72 6F 6C 6C 65 72 49 64 22 3A 22 44 45 30 37 30 37 31 39 30 30 33 32 22 2C 22 53 75 62 43 6F 6E 74 72 6F 6C 6C 65 72 49 64 22 3A 22 30 22 2C 22 44 65 76 69 63 65 49 64 22 3A 22 44 44 30 37 30 43 30 31 30 36 30 30 22 7D 2C 7B 22 43 6F 6E 74 72 6F 6C 6C 65 72 49 64 22 3A 22 44 45 30 37 30 37 31 39 30 30 33 32 22 2C 22 53 75 62 43 6F 6E 74 72 6F 6C 6C 65 72 49 64 22 3A 22 30 22 2C 22 44 65 76 69 63 65 49 64 22 3A 22 44 45 30 37 30 35 30 37 33 30 32 42 22 7D 5D 7D 42 6F  from: (0x00000001: nio socket, server, /127.0.0.1:50112 => /127.0.0.1:38899)
[2015-03-07 18:56:01:617][com.switek.netseed.server.ui.ServerForm] T20-Data: {"APIVer":"1.0","Body":[{"ControllerId":"DE0707190032","SubControllerId":"0","DeviceId":"DD070C010400"},{"ControllerId":"DE0707190032","SubControllerId":"0","DeviceId":"DD070C010600"},{"ControllerId":"DE0707190032","SubControllerId":"0","DeviceId":"DE070507302B"}]}
[2015-03-07 18:56:01:685][com.switek.netseed.server.ui.ServerForm] T20-Sending msg [AA AA 36 01 00 00 DE 07 07 19 B0 39 00 39 0F 7B 22 42 6F 64 79 22 3A 5B 7B 22 43 6F 6E 74 72 6F 6C 6C 65 72 49 64 22 3A 22 44 45 30 37 30 37 31 39 30 30 33 32 22 2C 22 44 65 76 69 63 65 49 64 22 3A 22 44 44 30 37 30 43 30 31 30 34 30 30 22 2C 22 53 75 62 43 6F 6E 74 72 6F 6C 6C 65 72 49 64 22 3A 22 30 22 7D 2C 7B 22 43 6F 6E 74 72 6F 6C 6C 65 72 49 64 22 3A 22 44 45 30 37 30 37 31 39 30 30 33 32 22 2C 22 44 65 76 69 63 65 49 64 22 3A 22 44 44 30 37 30 43 30 31 30 36 30 30 22 2C 22 53 75 62 43 6F 6E 74 72 6F 6C 6C 65 72 49 64 22 3A 22 30 22 7D 2C 7B 22 43 6F 6E 74 72 6F 6C 6C 65 72 49 64 22 3A 22 44 45 30 37 30 37 31 39 30 30 33 32 22 2C 22 44 65 76 69 63 65 49 64 22 3A 22 44 45 30 37 30 35 30 37 33 30 32 42 22 2C 22 53 75 62 43 6F 6E 74 72 6F 6C 6C 65 72 49 64 22 3A 22 30 22 7D 5D 2C 22 52 65 73 75 6C 74 43 6F 64 65 22 3A 30 2C 22 4F 70 74 43 6F 64 65 22 3A 33 38 39 37 2C 22 41 50 49 56 65 72 22 3A 22 31 2E 30 22 7D AF E4 ] to (0x00000001: nio socket, server, /127.0.0.1:50112 => /127.0.0.1:38899)
[2015-03-07 18:56:01:686][com.switek.netseed.server.ui.ServerForm] T20-Command data: {"Body":[{"ControllerId":"DE0707190032","DeviceId":"DD070C010400","SubControllerId":"0"},{"ControllerId":"DE0707190032","DeviceId":"DD070C010600","SubControllerId":"0"},{"ControllerId":"DE0707190032","DeviceId":"DE070507302B","SubControllerId":"0"}],"ResultCode":0,"OptCode":3897,"APIVer":"1.0"}
[2015-03-07 18:56:01:699][com.switek.netseed.server.ui.ServerForm] T20-Msg has been sent
[2015-03-07 18:56:01:699][org.apache.mina.core.filterchain.IoFilterEvent] Firing a MESSAGE_SENT event for session 1
[2015-03-07 18:56:01:699][org.apache.mina.core.filterchain.IoFilterEvent] Event MESSAGE_SENT has been fired for session 1
[2015-03-07 18:56:01:700][org.apache.mina.core.filterchain.IoFilterEvent] Firing a SESSION_CLOSED event for session 1
[2015-03-07 18:56:01:700][org.apache.mina.core.filterchain.IoFilterEvent] Event SESSION_CLOSED has been fired for session 1
[2015-03-07 18:56:10:829][com.switek.netseed.server.ui.ServerForm] T14-Starting schedule job engine...
[2015-03-07 18:56:40:830][com.switek.netseed.server.ui.ServerForm] T14-Starting schedule job engine...
[2015-03-07 18:57:17:070][com.switek.netseed.server.ui.ServerForm] test
[2015-03-07 18:57:17:077][com.switek.netseed.server.ui.ServerForm] T1-Starting the server...
[2015-03-07 18:57:17:079][com.switek.netseed.server.ui.ServerForm] T1-Socket IO Processor: 64
[2015-03-07 18:57:17:080][com.switek.netseed.server.ui.ServerForm] T1-Socket IO Pool: 64
[2015-03-07 18:57:17:090][com.switek.netseed.server.ui.ServerForm] T10-Loading standard IR code list from database...
[2015-03-07 18:57:17:104][org.logicalcobwebs.proxool.configuration.JAXPConfigurator] Configuring from reader: java.io.InputStreamReader@a9ee006
[2015-03-07 18:57:17:106][org.logicalcobwebs.proxool.configuration.JAXPConfigurator] SAXParserFactory class: com.sun.org.apache.xerces.internal.jaxp.SAXParserFactoryImpl
[2015-03-07 18:57:17:117][org.logicalcobwebs.proxool.configuration.JAXPConfigurator] sax parser classcom.sun.org.apache.xerces.internal.jaxp.SAXParserImpl
[2015-03-07 18:57:17:117][org.logicalcobwebs.proxool.configuration.JAXPConfigurator] XML reader class: com.sun.org.apache.xerces.internal.jaxp.SAXParserImpl$JAXPSAXParser
[2015-03-07 18:57:17:118][org.logicalcobwebs.proxool.configuration.JAXPConfigurator] Setting sax feature: 'http://xml.org/sax/features/namespaces'. State: true.
[2015-03-07 18:57:17:119][org.logicalcobwebs.proxool.configuration.JAXPConfigurator] Setting sax feature: 'http://xml.org/sax/features/namespace-prefixes'. State: false.
[2015-03-07 18:57:17:123][org.logicalcobwebs.proxool.configuration.XMLConfigurator] Adding driver property: user=cziotappuser
[2015-03-07 18:57:17:124][org.logicalcobwebs.proxool.configuration.XMLConfigurator] Adding driver property: password=*******
[2015-03-07 18:57:17:124][org.logicalcobwebs.proxool.configuration.XMLConfigurator] Setting property 'proxool.simultaneous-build-throttle' to value '5000'.
[2015-03-07 18:57:17:125][org.logicalcobwebs.proxool.configuration.XMLConfigurator] Setting property 'proxool.maximum-connection-count' to value '2000'.
[2015-03-07 18:57:17:125][org.logicalcobwebs.proxool.configuration.XMLConfigurator] Setting property 'proxool.maximum-new-connections' to value '100'.
[2015-03-07 18:57:17:126][org.logicalcobwebs.proxool.configuration.XMLConfigurator] Setting property 'proxool.minimum-connection-count' to value '100'.
[2015-03-07 18:57:17:126][org.logicalcobwebs.proxool.configuration.XMLConfigurator] Setting property 'proxool.house-keeping-sleep-time' to value '120000'.
[2015-03-07 18:57:17:126][org.logicalcobwebs.proxool.configuration.XMLConfigurator] Setting property 'proxool.prototype-count' to value '50'.
[2015-03-07 18:57:17:127][org.logicalcobwebs.proxool.configuration.XMLConfigurator] Setting property 'proxool.test-before-use' to value 'true'.
[2015-03-07 18:57:17:127][org.logicalcobwebs.proxool.configuration.XMLConfigurator] Setting property 'proxool.house-keeping-test-sql' to value 'select 1'.
[2015-03-07 18:57:17:127][org.logicalcobwebs.proxool.configuration.XMLConfigurator] Created url: proxool.DBPool:com.mysql.jdbc.Driver:jdbc:mysql://localhost:13306/cziot
[2015-03-07 18:57:17:131][org.logicalcobwebs.proxool.ProxoolFacade] Proxool 0.9.1 (23-Aug-2008 11:10)
[2015-03-07 18:57:17:142][org.logicalcobwebs.proxool.ConnectionPoolDefinition] Recognised proxool property: proxool.driver=com.mysql.jdbc.Driver
[2015-03-07 18:57:17:142][org.logicalcobwebs.proxool.ConnectionPoolDefinition] Recognised proxool property: proxool.url=jdbc:mysql://localhost:13306/cziot
[2015-03-07 18:57:17:143][org.logicalcobwebs.proxool.ConnectionPoolDefinition] Recognised proxool property: proxool.minimum-connection-count=100
[2015-03-07 18:57:17:143][org.logicalcobwebs.proxool.ConnectionPoolDefinition] Recognised proxool property: proxool.simultaneous-build-throttle=5000
[2015-03-07 18:57:17:144][org.logicalcobwebs.proxool.ConnectionPoolDefinition] Recognised proxool property: proxool.test-before-use=true
[2015-03-07 18:57:17:144][org.logicalcobwebs.proxool.ConnectionPoolDefinition] Use of proxool.maximum-new-connections is deprecated. Use more descriptive proxool.simultaneous-build-throttle instead.
[2015-03-07 18:57:17:144][org.logicalcobwebs.proxool.ConnectionPoolDefinition] Recognised proxool property: proxool.maximum-new-connections=100
[2015-03-07 18:57:17:145][org.logicalcobwebs.proxool.ConnectionPoolDefinition] Delegating property to driver: user=cziotappuser
[2015-03-07 18:57:17:145][org.logicalcobwebs.proxool.ConnectionPoolDefinition] Recognised proxool property: proxool.house-keeping-sleep-time=120000
[2015-03-07 18:57:17:145][org.logicalcobwebs.proxool.ConnectionPoolDefinition] Recognised proxool property: proxool.prototype-count=50
[2015-03-07 18:57:17:145][org.logicalcobwebs.proxool.ConnectionPoolDefinition] Delegating property to driver: password=********
[2015-03-07 18:57:17:146][org.logicalcobwebs.proxool.ConnectionPoolDefinition] Recognised proxool property: proxool.maximum-connection-count=2000
[2015-03-07 18:57:17:146][org.logicalcobwebs.proxool.ConnectionPoolDefinition] Recognised proxool property: proxool.house-keeping-test-sql=select 1
[2015-03-07 18:57:17:158][org.logicalcobwebs.proxool.ShutdownHook] Registered shutdownHook
[2015-03-07 18:57:17:160][org.logicalcobwebs.proxool.HouseKeeperController] Registering 'DBPool' house keeper
[2015-03-07 18:57:17:162][org.logicalcobwebs.proxool.HouseKeeperController] Starting a house keeper thread
[2015-03-07 18:57:17:330][org.logicalcobwebs.proxool.ConnectionResetter] Remembering default value: getTransactionIsolation() = 4
[2015-03-07 18:57:17:330][org.logicalcobwebs.proxool.ConnectionResetter] Remembering default value: getHoldability() = 2
[2015-03-07 18:57:17:331][org.logicalcobwebs.proxool.ConnectionResetter] Remembering default value: getCatalog() = cziot
[2015-03-07 18:57:17:331][org.logicalcobwebs.proxool.ConnectionResetter] Remembering default value: isReadOnly() = false
[2015-03-07 18:57:17:332][org.logicalcobwebs.proxool.ConnectionResetter] Remembering default value: getTypeMap() = {}
[2015-03-07 18:57:17:332][org.logicalcobwebs.proxool.ConnectionPool] Proxool statistics legend: "s - r  (a/t/o)" > s=served, r=refused (only shown if non-zero), a=active, t=total, o=offline (being tested)
[2015-03-07 18:57:17:332][org.logicalcobwebs.proxool.ConnectionPool] Proxool statistics legend: "s - r  (a/t/o)" > s=served, r=refused (only shown if non-zero), a=active, t=total, o=offline (being tested)
[2015-03-07 18:57:17:333][org.logicalcobwebs.proxool.Prototyper] 000000 (01/02/00) - Connection #2 created on demand = ACTIVE
[2015-03-07 18:57:17:333][org.logicalcobwebs.proxool.Prototyper] 000000 (01/02/00) - Connection #1 created to achieve minimum of 100 = AVAILABLE
[2015-03-07 18:57:17:334][org.logicalcobwebs.proxool.ConnectionPool] 000000 (01/02/00) - Connection #2 tested: OK
[2015-03-07 18:57:17:348][org.logicalcobwebs.proxool.Prototyper] 000001 (01/03/00) - Connection #3 created to achieve minimum of 100 = AVAILABLE
[2015-03-07 18:57:17:367][org.logicalcobwebs.proxool.Prototyper] 000001 (01/04/00) - Connection #4 created to achieve minimum of 100 = AVAILABLE
[2015-03-07 18:57:17:378][org.logicalcobwebs.proxool.ProxyFactory] Implementing interface java.sql.Connection
[2015-03-07 18:57:17:378][org.logicalcobwebs.proxool.ProxyFactory] Implementing interface java.io.Serializable
[2015-03-07 18:57:17:379][org.logicalcobwebs.proxool.ProxyFactory] Implementing interface com.mysql.jdbc.MySQLConnection
[2015-03-07 18:57:17:379][org.logicalcobwebs.proxool.ProxyFactory] Implementing interface com.mysql.jdbc.ConnectionProperties
[2015-03-07 18:57:17:379][org.logicalcobwebs.proxool.ProxyFactory] Implementing interface java.sql.Wrapper
[2015-03-07 18:57:17:380][org.logicalcobwebs.proxool.ProxyFactory] Implementing interface java.lang.AutoCloseable
[2015-03-07 18:57:17:380][org.logicalcobwebs.proxool.ProxyFactory] Implementing interface com.mysql.jdbc.Connection
[2015-03-07 18:57:17:383][org.logicalcobwebs.proxool.Prototyper] 000001 (01/05/00) - Connection #5 created to achieve minimum of 100 = AVAILABLE
[2015-03-07 18:57:17:399][org.logicalcobwebs.proxool.Prototyper] 000001 (01/06/00) - Connection #6 created to achieve minimum of 100 = AVAILABLE
[2015-03-07 18:57:17:412][org.logicalcobwebs.proxool.Prototyper] 000001 (01/07/00) - Connection #7 created to achieve minimum of 100 = AVAILABLE
[2015-03-07 18:57:17:427][org.logicalcobwebs.proxool.Prototyper] 000001 (01/08/00) - Connection #8 created to achieve minimum of 100 = AVAILABLE
[2015-03-07 18:57:17:441][org.logicalcobwebs.proxool.Prototyper] 000001 (01/09/00) - Connection #9 created to achieve minimum of 100 = AVAILABLE
[2015-03-07 18:57:17:454][org.logicalcobwebs.proxool.Prototyper] 000001 (01/10/00) - Connection #10 created to achieve minimum of 100 = AVAILABLE
[2015-03-07 18:57:17:470][org.logicalcobwebs.proxool.Prototyper] 000001 (01/11/00) - Connection #11 created to achieve minimum of 100 = AVAILABLE
[2015-03-07 18:57:17:484][org.logicalcobwebs.proxool.Prototyper] 000001 (01/12/00) - Connection #12 created to achieve minimum of 100 = AVAILABLE
[2015-03-07 18:57:17:513][org.logicalcobwebs.proxool.Prototyper] 000001 (01/13/00) - Connection #13 created to achieve minimum of 100 = AVAILABLE
[2015-03-07 18:57:17:527][org.logicalcobwebs.proxool.Prototyper] 000001 (01/14/00) - Connection #14 created to achieve minimum of 100 = AVAILABLE
[2015-03-07 18:57:17:541][org.logicalcobwebs.proxool.Prototyper] 000001 (01/15/00) - Connection #15 created to achieve minimum of 100 = AVAILABLE
[2015-03-07 18:57:17:555][org.logicalcobwebs.proxool.Prototyper] 000001 (01/16/00) - Connection #16 created to achieve minimum of 100 = AVAILABLE
[2015-03-07 18:57:17:571][org.logicalcobwebs.proxool.Prototyper] 000001 (01/17/00) - Connection #17 created to achieve minimum of 100 = AVAILABLE
[2015-03-07 18:57:17:588][org.logicalcobwebs.proxool.Prototyper] 000001 (01/18/00) - Connection #18 created to achieve minimum of 100 = AVAILABLE
[2015-03-07 18:57:17:601][org.logicalcobwebs.proxool.Prototyper] 000001 (01/19/00) - Connection #19 created to achieve minimum of 100 = AVAILABLE
[2015-03-07 18:57:17:614][org.logicalcobwebs.proxool.Prototyper] 000001 (01/20/00) - Connection #20 created to achieve minimum of 100 = AVAILABLE
[2015-03-07 18:57:17:627][org.logicalcobwebs.proxool.Prototyper] 000001 (01/21/00) - Connection #21 created to achieve minimum of 100 = AVAILABLE
[2015-03-07 18:57:17:640][org.logicalcobwebs.proxool.Prototyper] 000001 (01/22/00) - Connection #22 created to achieve minimum of 100 = AVAILABLE
[2015-03-07 18:57:17:651][org.logicalcobwebs.proxool.Prototyper] 000001 (01/23/00) - Connection #23 created to achieve minimum of 100 = AVAILABLE
[2015-03-07 18:57:17:662][org.logicalcobwebs.proxool.Prototyper] 000001 (01/24/00) - Connection #24 created to achieve minimum of 100 = AVAILABLE
[2015-03-07 18:57:17:675][org.logicalcobwebs.proxool.Prototyper] 000001 (01/25/00) - Connection #25 created to achieve minimum of 100 = AVAILABLE
[2015-03-07 18:57:17:685][org.logicalcobwebs.proxool.Prototyper] 000001 (01/26/00) - Connection #26 created to achieve minimum of 100 = AVAILABLE
[2015-03-07 18:57:17:696][org.logicalcobwebs.proxool.Prototyper] 000001 (01/27/00) - Connection #27 created to achieve minimum of 100 = AVAILABLE
[2015-03-07 18:57:17:705][org.logicalcobwebs.proxool.Prototyper] 000001 (01/28/00) - Connection #28 created to achieve minimum of 100 = AVAILABLE
[2015-03-07 18:57:17:714][org.logicalcobwebs.proxool.Prototyper] 000001 (01/29/00) - Connection #29 created to achieve minimum of 100 = AVAILABLE
[2015-03-07 18:57:17:722][org.logicalcobwebs.proxool.Prototyper] 000001 (01/30/00) - Connection #30 created to achieve minimum of 100 = AVAILABLE
[2015-03-07 18:57:17:733][org.logicalcobwebs.proxool.Prototyper] 000001 (01/31/00) - Connection #31 created to achieve minimum of 100 = AVAILABLE
[2015-03-07 18:57:17:746][org.logicalcobwebs.proxool.Prototyper] 000001 (01/32/00) - Connection #32 created to achieve minimum of 100 = AVAILABLE
[2015-03-07 18:57:17:758][org.logicalcobwebs.proxool.Prototyper] 000001 (01/33/00) - Connection #33 created to achieve minimum of 100 = AVAILABLE
[2015-03-07 18:57:17:766][org.logicalcobwebs.proxool.Prototyper] 000001 (01/34/00) - Connection #34 created to achieve minimum of 100 = AVAILABLE
[2015-03-07 18:57:17:778][org.logicalcobwebs.proxool.Prototyper] 000001 (01/35/00) - Connection #35 created to achieve minimum of 100 = AVAILABLE
[2015-03-07 18:57:17:790][org.logicalcobwebs.proxool.Prototyper] 000001 (01/36/00) - Connection #36 created to achieve minimum of 100 = AVAILABLE
[2015-03-07 18:57:17:801][org.logicalcobwebs.proxool.Prototyper] 000001 (01/37/00) - Connection #37 created to achieve minimum of 100 = AVAILABLE
[2015-03-07 18:57:17:810][org.logicalcobwebs.proxool.Prototyper] 000001 (01/38/00) - Connection #38 created to achieve minimum of 100 = AVAILABLE
[2015-03-07 18:57:17:819][org.logicalcobwebs.proxool.Prototyper] 000001 (01/39/00) - Connection #39 created to achieve minimum of 100 = AVAILABLE
[2015-03-07 18:57:17:831][org.logicalcobwebs.proxool.Prototyper] 000001 (01/40/00) - Connection #40 created to achieve minimum of 100 = AVAILABLE
[2015-03-07 18:57:17:842][org.logicalcobwebs.proxool.Prototyper] 000001 (01/41/00) - Connection #41 created to achieve minimum of 100 = AVAILABLE
[2015-03-07 18:57:17:856][org.logicalcobwebs.proxool.Prototyper] 000001 (01/42/00) - Connection #42 created to achieve minimum of 100 = AVAILABLE
[2015-03-07 18:57:17:867][org.logicalcobwebs.proxool.Prototyper] 000001 (01/43/00) - Connection #43 created to achieve minimum of 100 = AVAILABLE
[2015-03-07 18:57:17:879][org.logicalcobwebs.proxool.Prototyper] 000001 (01/44/00) - Connection #44 created to achieve minimum of 100 = AVAILABLE
[2015-03-07 18:57:17:891][org.logicalcobwebs.proxool.Prototyper] 000001 (01/45/00) - Connection #45 created to achieve minimum of 100 = AVAILABLE
[2015-03-07 18:57:17:904][org.logicalcobwebs.proxool.Prototyper] 000001 (01/46/00) - Connection #46 created to achieve minimum of 100 = AVAILABLE
[2015-03-07 18:57:17:915][org.logicalcobwebs.proxool.Prototyper] 000001 (01/47/00) - Connection #47 created to achieve minimum of 100 = AVAILABLE
[2015-03-07 18:57:17:923][org.logicalcobwebs.proxool.Prototyper] 000001 (01/48/00) - Connection #48 created to achieve minimum of 100 = AVAILABLE
[2015-03-07 18:57:17:932][org.logicalcobwebs.proxool.Prototyper] 000001 (01/49/00) - Connection #49 created to achieve minimum of 100 = AVAILABLE
[2015-03-07 18:57:17:942][org.logicalcobwebs.proxool.Prototyper] 000001 (01/50/00) - Connection #50 created to achieve minimum of 100 = AVAILABLE
[2015-03-07 18:57:17:951][org.logicalcobwebs.proxool.Prototyper] 000001 (01/51/00) - Connection #51 created to achieve minimum of 100 = AVAILABLE
[2015-03-07 18:57:17:963][org.logicalcobwebs.proxool.Prototyper] 000001 (01/52/00) - Connection #52 created to achieve minimum of 100 = AVAILABLE
[2015-03-07 18:57:17:971][org.logicalcobwebs.proxool.Prototyper] 000001 (01/53/00) - Connection #53 created to achieve minimum of 100 = AVAILABLE
[2015-03-07 18:57:17:981][org.logicalcobwebs.proxool.Prototyper] 000001 (01/54/00) - Connection #54 created to achieve minimum of 100 = AVAILABLE
[2015-03-07 18:57:17:990][org.logicalcobwebs.proxool.Prototyper] 000001 (01/55/00) - Connection #55 created to achieve minimum of 100 = AVAILABLE
[2015-03-07 18:57:18:000][org.logicalcobwebs.proxool.Prototyper] 000001 (01/56/00) - Connection #56 created to achieve minimum of 100 = AVAILABLE
[2015-03-07 18:57:18:008][org.logicalcobwebs.proxool.Prototyper] 000001 (01/57/00) - Connection #57 created to achieve minimum of 100 = AVAILABLE
[2015-03-07 18:57:18:017][org.logicalcobwebs.proxool.Prototyper] 000001 (01/58/00) - Connection #58 created to achieve minimum of 100 = AVAILABLE
[2015-03-07 18:57:18:023][org.logicalcobwebs.proxool.ProxyFactory] Implementing interface java.sql.Wrapper
[2015-03-07 18:57:18:023][org.logicalcobwebs.proxool.ProxyFactory] Implementing interface java.lang.AutoCloseable
[2015-03-07 18:57:18:024][org.logicalcobwebs.proxool.ProxyFactory] Implementing interface com.mysql.jdbc.Statement
[2015-03-07 18:57:18:024][org.logicalcobwebs.proxool.ProxyFactory] Implementing interface java.sql.Statement
[2015-03-07 18:57:18:026][org.logicalcobwebs.proxool.Prototyper] 000001 (01/59/00) - Connection #59 created to achieve minimum of 100 = AVAILABLE
[2015-03-07 18:57:18:035][org.logicalcobwebs.proxool.Prototyper] 000001 (01/60/00) - Connection #60 created to achieve minimum of 100 = AVAILABLE
[2015-03-07 18:57:18:043][org.logicalcobwebs.proxool.Prototyper] 000001 (01/61/00) - Connection #61 created to achieve minimum of 100 = AVAILABLE
[2015-03-07 18:57:18:054][org.logicalcobwebs.proxool.Prototyper] 000001 (01/62/00) - Connection #62 created to achieve minimum of 100 = AVAILABLE
[2015-03-07 18:57:18:064][org.logicalcobwebs.proxool.Prototyper] 000001 (01/63/00) - Connection #63 created to achieve minimum of 100 = AVAILABLE
[2015-03-07 18:57:18:074][org.logicalcobwebs.proxool.Prototyper] 000001 (01/64/00) - Connection #64 created to achieve minimum of 100 = AVAILABLE
[2015-03-07 18:57:18:082][org.logicalcobwebs.proxool.Prototyper] 000001 (01/65/00) - Connection #65 created to achieve minimum of 100 = AVAILABLE
[2015-03-07 18:57:18:093][org.logicalcobwebs.proxool.Prototyper] 000001 (01/66/00) - Connection #66 created to achieve minimum of 100 = AVAILABLE
[2015-03-07 18:57:18:104][org.logicalcobwebs.proxool.Prototyper] 000001 (01/67/00) - Connection #67 created to achieve minimum of 100 = AVAILABLE
[2015-03-07 18:57:18:114][org.logicalcobwebs.proxool.Prototyper] 000001 (01/68/00) - Connection #68 created to achieve minimum of 100 = AVAILABLE
[2015-03-07 18:57:18:122][org.logicalcobwebs.proxool.Prototyper] 000001 (01/69/00) - Connection #69 created to achieve minimum of 100 = AVAILABLE
[2015-03-07 18:57:18:132][org.logicalcobwebs.proxool.Prototyper] 000001 (01/70/00) - Connection #70 created to achieve minimum of 100 = AVAILABLE
[2015-03-07 18:57:18:141][org.logicalcobwebs.proxool.Prototyper] 000001 (01/71/00) - Connection #71 created to achieve minimum of 100 = AVAILABLE
[2015-03-07 18:57:18:149][org.logicalcobwebs.proxool.Prototyper] 000001 (01/72/00) - Connection #72 created to achieve minimum of 100 = AVAILABLE
[2015-03-07 18:57:18:156][org.logicalcobwebs.proxool.Prototyper] 000001 (01/73/00) - Connection #73 created to achieve minimum of 100 = AVAILABLE
[2015-03-07 18:57:18:164][org.logicalcobwebs.proxool.Prototyper] 000001 (01/74/00) - Connection #74 created to achieve minimum of 100 = AVAILABLE
[2015-03-07 18:57:18:172][org.logicalcobwebs.proxool.Prototyper] 000001 (01/75/00) - Connection #75 created to achieve minimum of 100 = AVAILABLE
[2015-03-07 18:57:18:179][org.logicalcobwebs.proxool.Prototyper] 000001 (01/76/00) - Connection #76 created to achieve minimum of 100 = AVAILABLE
[2015-03-07 18:57:18:181][com.switek.netseed.server.ui.ServerForm] T10-Loading device type def from database...
[2015-03-07 18:57:18:182][com.switek.netseed.server.ui.ServerForm] T10-Done.
[2015-03-07 18:57:18:183][com.switek.netseed.server.ui.ServerForm] T10-Loading brand info list from database...
[2015-03-07 18:57:18:185][com.switek.netseed.server.ui.ServerForm] T10-Done
[2015-03-07 18:57:18:185][com.switek.netseed.server.ui.ServerForm] T10-Loading releationship of type and brand from database...
[2015-03-07 18:57:18:186][org.logicalcobwebs.proxool.Prototyper] 000001 (01/77/00) - Connection #77 created to achieve minimum of 100 = AVAILABLE
[2015-03-07 18:57:18:187][com.switek.netseed.server.ui.ServerForm] T10-Done
[2015-03-07 18:57:18:187][com.switek.netseed.server.ui.ServerForm] T10-Loading controller list from database...
[2015-03-07 18:57:18:195][org.logicalcobwebs.proxool.Prototyper] 000001 (01/78/00) - Connection #78 created to achieve minimum of 100 = AVAILABLE
[2015-03-07 18:57:18:204][org.logicalcobwebs.proxool.Prototyper] 000001 (01/79/00) - Connection #79 created to achieve minimum of 100 = AVAILABLE
[2015-03-07 18:57:18:205][com.switek.netseed.server.ui.ServerForm] T10-There are 1450 controller(s)
[2015-03-07 18:57:18:205][com.switek.netseed.server.ui.ServerForm] T10-Loading subcontroller list from database...
[2015-03-07 18:57:18:212][org.logicalcobwebs.proxool.Prototyper] 000001 (01/80/00) - Connection #80 created to achieve minimum of 100 = AVAILABLE
[2015-03-07 18:57:18:222][com.switek.netseed.server.ui.ServerForm] T10-There are 1570 subcontroler(s).
[2015-03-07 18:57:18:223][com.switek.netseed.server.ui.ServerForm] T10-Loading device list from database...
[2015-03-07 18:57:18:223][org.logicalcobwebs.proxool.Prototyper] 000001 (01/81/00) - Connection #81 created to achieve minimum of 100 = AVAILABLE
[2015-03-07 18:57:18:232][org.logicalcobwebs.proxool.Prototyper] 000001 (01/82/00) - Connection #82 created to achieve minimum of 100 = AVAILABLE
[2015-03-07 18:57:18:239][org.logicalcobwebs.proxool.Prototyper] 000001 (01/83/00) - Connection #83 created to achieve minimum of 100 = AVAILABLE
[2015-03-07 18:57:18:246][org.logicalcobwebs.proxool.Prototyper] 000001 (01/84/00) - Connection #84 created to achieve minimum of 100 = AVAILABLE
[2015-03-07 18:57:18:254][org.logicalcobwebs.proxool.Prototyper] 000001 (01/85/00) - Connection #85 created to achieve minimum of 100 = AVAILABLE
[2015-03-07 18:57:18:262][org.logicalcobwebs.proxool.Prototyper] 000001 (01/86/00) - Connection #86 created to achieve minimum of 100 = AVAILABLE
[2015-03-07 18:57:18:268][org.logicalcobwebs.proxool.Prototyper] 000001 (01/87/00) - Connection #87 created to achieve minimum of 100 = AVAILABLE
[2015-03-07 18:57:18:276][org.logicalcobwebs.proxool.Prototyper] 000001 (01/88/00) - Connection #88 created to achieve minimum of 100 = AVAILABLE
[2015-03-07 18:57:18:277][com.switek.netseed.server.ui.ServerForm] T10-There are 1786 device(s).
[2015-03-07 18:57:18:278][com.switek.netseed.server.ui.ServerForm] T10-Loading learned IR code from database...
[2015-03-07 18:57:18:283][org.logicalcobwebs.proxool.Prototyper] 000001 (01/89/00) - Connection #89 created to achieve minimum of 100 = AVAILABLE
[2015-03-07 18:57:18:289][org.logicalcobwebs.proxool.Prototyper] 000001 (01/90/00) - Connection #90 created to achieve minimum of 100 = AVAILABLE
[2015-03-07 18:57:18:296][org.logicalcobwebs.proxool.Prototyper] 000001 (01/91/00) - Connection #91 created to achieve minimum of 100 = AVAILABLE
[2015-03-07 18:57:18:315][org.logicalcobwebs.proxool.Prototyper] 000001 (01/92/00) - Connection #92 created to achieve minimum of 100 = AVAILABLE
[2015-03-07 18:57:18:322][org.logicalcobwebs.proxool.Prototyper] 000001 (01/93/00) - Connection #93 created to achieve minimum of 100 = AVAILABLE
[2015-03-07 18:57:18:327][org.logicalcobwebs.proxool.Prototyper] 000001 (01/94/00) - Connection #94 created to achieve minimum of 100 = AVAILABLE
[2015-03-07 18:57:18:333][org.logicalcobwebs.proxool.Prototyper] 000001 (01/95/00) - Connection #95 created to achieve minimum of 100 = AVAILABLE
[2015-03-07 18:57:18:341][org.logicalcobwebs.proxool.Prototyper] 000001 (01/96/00) - Connection #96 created to achieve minimum of 100 = AVAILABLE
[2015-03-07 18:57:18:347][org.logicalcobwebs.proxool.Prototyper] 000001 (01/97/00) - Connection #97 created to achieve minimum of 100 = AVAILABLE
[2015-03-07 18:57:18:354][org.logicalcobwebs.proxool.Prototyper] 000001 (01/98/00) - Connection #98 created to achieve minimum of 100 = AVAILABLE
[2015-03-07 18:57:18:360][org.logicalcobwebs.proxool.Prototyper] 000001 (01/99/00) - Connection #99 created to achieve minimum of 100 = AVAILABLE
[2015-03-07 18:57:18:366][org.logicalcobwebs.proxool.Prototyper] 000001 (01/100/00) - Connection #100 created to achieve minimum of 100 = AVAILABLE
[2015-03-07 18:57:18:416][com.switek.netseed.server.ui.ServerForm] T10-Learned IR code are loaded!
[2015-03-07 18:57:18:417][com.switek.netseed.server.ui.ServerForm] T10-Loading app list from database...
[2015-03-07 18:57:18:418][com.switek.netseed.server.ui.ServerForm] T10-Loading timers...
[2015-03-07 18:57:18:420][com.switek.netseed.server.ui.ServerForm] T10-There are 1 timer(s)
[2015-03-07 18:57:18:421][com.switek.netseed.server.ui.ServerForm] T10-Loading timer steps...
[2015-03-07 18:57:18:423][com.switek.netseed.server.ui.ServerForm] T10-Completed to load timers.
[2015-03-07 18:57:18:424][com.switek.netseed.server.ui.ServerForm] T10-Setup schedule job engine.
[2015-03-07 18:57:18:431][com.switek.netseed.server.ui.ServerForm] T10-MaxThread: 2048
[2015-03-07 18:57:18:431][com.switek.netseed.server.ui.ServerForm] T10-Starting the Netseed server...
[2015-03-07 18:57:18:982][com.switek.netseed.server.ui.ServerForm] T10-Netseed Server started, on LIN/192.168.169.107:38899
[2015-03-07 18:57:35:803][org.apache.mina.core.filterchain.IoFilterEvent] Firing a SESSION_OPENED event for session 1
[2015-03-07 18:57:35:804][org.apache.mina.core.filterchain.IoFilterEvent] Event SESSION_OPENED has been fired for session 1
[2015-03-07 18:57:35:813][org.apache.mina.filter.codec.ProtocolCodecFilter] Processing a MESSAGE_RECEIVED for session 1
[2015-03-07 18:57:35:826][com.switek.netseed.server.ui.ServerForm] T16-Incomplete packet will wait for next clip. 256 / 280. AA AA 16 01 DE 07 07 19 B0 39 00 39 0F 7B 22 41 50 49 56 65 72 22 3A 22 31 2E 30 22 2C 22 42 6F 64 79 22 3A 5B 7B 22 43 6F 6E 74 72 6F 6C 6C 65 72 49 64 22 3A 22 44 45 30 37 30 37 31 39 30 30 33 32 22 2C 22 53 75 62 43 6F 6E 74 72 6F 6C 6C 65 72 49 64 22 3A 22 30 22 2C 22 44 65 76 69 63 65 49 64 22 3A 22 44 44 30 37 30 43 30 31 30 34 30 30 22 7D 2C 7B 22 43 6F 6E 74 72 6F 6C 6C 65 72 49 64 22 3A 22 44 45 30 37 30 37 31 39 30 30 33 32 22 2C 22 53 75 62 43 6F 6E 74 72 6F 6C 6C 65 72 49 64 22 3A 22 30 22 2C 22 44 65 76 69 63 65 49 64 22 3A 22 44 44 30 37 30 43 30 31 30 36 30 30 22 7D 2C 7B 22 43 6F 6E 74 72 6F 6C 6C 65 72 49 64 22 3A 22 44 45 30 37 30 37 31 39 30 30 33 32 22 2C 22 53 75 62 43 6F 6E 74 72 6F 6C 6C 65 72 49 64 22 3A 22 30 22 2C 22 44 65 76 69 63 
[2015-03-07 18:57:35:826][org.apache.mina.filter.codec.ProtocolCodecFilter] Processing a MESSAGE_RECEIVED for session 1
[2015-03-07 18:57:35:835][com.switek.netseed.server.ui.ServerForm] T16-Resume read from: AA AA 16 01 DE 07 07 19 B0 39 00 39 0F 7B 22 41 50 49 56 65 72 22 3A 22 31 2E 30 22 2C 22 42 6F 64 79 22 3A 5B 7B 22 43 6F 6E 74 72 6F 6C 6C 65 72 49 64 22 3A 22 44 45 30 37 30 37 31 39 30 30 33 32 22 2C 22 53 75 62 43 6F 6E 74 72 6F 6C 6C 65 72 49 64 22 3A 22 30 22 2C 22 44 65 76 69 63 65 49 64 22 3A 22 44 44 30 37 30 43 30 31 30 34 30 30 22 7D 2C 7B 22 43 6F 6E 74 72 6F 6C 6C 65 72 49 64 22 3A 22 44 45 30 37 30 37 31 39 30 30 33 32 22 2C 22 53 75 62 43 6F 6E 74 72 6F 6C 6C 65 72 49 64 22 3A 22 30 22 2C 22 44 65 76 69 63 65 49 64 22 3A 22 44 44 30 37 30 43 30 31 30 36 30 30 22 7D 2C 7B 22 43 6F 6E 74 72 6F 6C 6C 65 72 49 64 22 3A 22 44 45 30 37 30 37 31 39 30 30 33 32 22 2C 22 53 75 62 43 6F 6E 74 72 6F 6C 6C 65 72 49 64 22 3A 22 30 22 2C 22 44 65 76 69 63 
[2015-03-07 18:57:35:838][org.apache.mina.core.filterchain.IoFilterEvent] Firing a MESSAGE_RECEIVED event for session 1
[2015-03-07 18:57:35:839][org.apache.mina.core.filterchain.IoFilterEvent] Event MESSAGE_RECEIVED has been fired for session 1
[2015-03-07 18:57:35:848][com.switek.netseed.server.ui.ServerForm] T20-****************************Received 0xF39__UNKNOWN: AA AA 16 01 DE 07 07 19 B0 39 00 39 0F 7B 22 41 50 49 56 65 72 22 3A 22 31 2E 30 22 2C 22 42 6F 64 79 22 3A 5B 7B 22 43 6F 6E 74 72 6F 6C 6C 65 72 49 64 22 3A 22 44 45 30 37 30 37 31 39 30 30 33 32 22 2C 22 53 75 62 43 6F 6E 74 72 6F 6C 6C 65 72 49 64 22 3A 22 30 22 2C 22 44 65 76 69 63 65 49 64 22 3A 22 44 44 30 37 30 43 30 31 30 34 30 30 22 7D 2C 7B 22 43 6F 6E 74 72 6F 6C 6C 65 72 49 64 22 3A 22 44 45 30 37 30 37 31 39 30 30 33 32 22 2C 22 53 75 62 43 6F 6E 74 72 6F 6C 6C 65 72 49 64 22 3A 22 30 22 2C 22 44 65 76 69 63 65 49 64 22 3A 22 44 44 30 37 30 43 30 31 30 36 30 30 22 7D 2C 7B 22 43 6F 6E 74 72 6F 6C 6C 65 72 49 64 22 3A 22 44 45 30 37 30 37 31 39 30 30 33 32 22 2C 22 53 75 62 43 6F 6E 74 72 6F 6C 6C 65 72 49 64 22 3A 22 30 22 2C 22 44 65 76 69 63 65 49 64 22 3A 22 44 45 30 37 30 35 30 37 33 30 32 42 22 7D 5D 7D 42 6F  from: (0x00000001: nio socket, server, /127.0.0.1:50353 => /127.0.0.1:38899)
[2015-03-07 18:57:35:850][com.switek.netseed.server.ui.ServerForm] T20-Data: {"APIVer":"1.0","Body":[{"ControllerId":"DE0707190032","SubControllerId":"0","DeviceId":"DD070C010400"},{"ControllerId":"DE0707190032","SubControllerId":"0","DeviceId":"DD070C010600"},{"ControllerId":"DE0707190032","SubControllerId":"0","DeviceId":"DE070507302B"}]}
[2015-03-07 18:57:35:915][com.switek.netseed.server.ui.ServerForm] T20-Sending msg [AA AA 60 01 00 00 DE 07 07 19 B0 39 00 39 0F 7B 22 42 6F 64 79 22 3A 5B 7B 22 43 6F 6E 74 72 6F 6C 6C 65 72 49 64 22 3A 22 44 45 30 37 30 37 31 39 30 30 33 32 22 2C 22 53 74 61 74 75 73 22 3A 22 30 30 22 2C 22 44 65 76 69 63 65 49 64 22 3A 22 44 44 30 37 30 43 30 31 30 34 30 30 22 2C 22 53 75 62 43 6F 6E 74 72 6F 6C 6C 65 72 49 64 22 3A 22 30 22 7D 2C 7B 22 43 6F 6E 74 72 6F 6C 6C 65 72 49 64 22 3A 22 44 45 30 37 30 37 31 39 30 30 33 32 22 2C 22 53 74 61 74 75 73 22 3A 22 30 30 22 2C 22 44 65 76 69 63 65 49 64 22 3A 22 44 44 30 37 30 43 30 31 30 36 30 30 22 2C 22 53 75 62 43 6F 6E 74 72 6F 6C 6C 65 72 49 64 22 3A 22 30 22 7D 2C 7B 22 43 6F 6E 74 72 6F 6C 6C 65 72 49 64 22 3A 22 44 45 30 37 30 37 31 39 30 30 33 32 22 2C 22 53 74 61 74 75 73 22 3A 22 46 46 22 2C 22 44 65 76 69 63 65 49 64 22 3A 22 44 45 30 37 30 35 30 37 33 30 32 42 22 2C 22 53 75 62 43 6F 6E 74 72 6F 6C 6C 65 72 49 64 22 3A 22 30 22 7D 5D 2C 22 52 65 73 75 6C 74 43 6F 64 65 22 3A 30 2C 22 4F 70 74 43 6F 64 65 22 3A 33 38 39 37 2C 22 41 50 49 56 65 72 22 3A 22 31 2E 30 22 7D 2E 0A ] to (0x00000001: nio socket, server, /127.0.0.1:50353 => /127.0.0.1:38899)
[2015-03-07 18:57:35:915][com.switek.netseed.server.ui.ServerForm] T20-Command data: {"Body":[{"ControllerId":"DE0707190032","Status":"00","DeviceId":"DD070C010400","SubControllerId":"0"},{"ControllerId":"DE0707190032","Status":"00","DeviceId":"DD070C010600","SubControllerId":"0"},{"ControllerId":"DE0707190032","Status":"FF","DeviceId":"DE070507302B","SubControllerId":"0"}],"ResultCode":0,"OptCode":3897,"APIVer":"1.0"}
[2015-03-07 18:57:35:930][com.switek.netseed.server.ui.ServerForm] T20-Msg has been sent
[2015-03-07 18:57:35:930][org.apache.mina.core.filterchain.IoFilterEvent] Firing a MESSAGE_SENT event for session 1
[2015-03-07 18:57:35:930][org.apache.mina.core.filterchain.IoFilterEvent] Event MESSAGE_SENT has been fired for session 1
[2015-03-07 18:57:35:931][org.apache.mina.core.filterchain.IoFilterEvent] Firing a SESSION_CLOSED event for session 1
[2015-03-07 18:57:35:931][org.apache.mina.core.filterchain.IoFilterEvent] Event SESSION_CLOSED has been fired for session 1
[2015-03-07 18:58:17:039][com.switek.netseed.server.ui.ServerForm] T1-System run time: 0d 00:01
[2015-03-07 18:58:18:428][com.switek.netseed.server.ui.ServerForm] T14-Starting schedule job engine...
[2015-03-07 18:58:48:429][com.switek.netseed.server.ui.ServerForm] T14-Starting schedule job engine...
[2015-03-07 18:59:18:430][com.switek.netseed.server.ui.ServerForm] T14-Starting schedule job engine...
[2015-03-07 18:59:48:430][com.switek.netseed.server.ui.ServerForm] T14-Starting schedule job engine...
