[2015-02-09 16:36:38:833][org.slf4j.impl.Log4jLoggerAdapter] Already delete [2014-12-23_14.log] file in [2014-12-23] folder.
[2015-02-09 16:36:38:834][org.slf4j.impl.Log4jLoggerAdapter] Already delete [2014-12-23] file folder.
[2015-02-09 16:36:38:816][cn.jpush.api.common.connection.NativeHttpClient] Created instance with _maxRetryTimes = 3
[2015-02-09 16:36:39:001][cn.jpush.api.common.connection.NativeHttpClient] Created instance with _maxRetryTimes = 3
[2015-02-09 16:36:39:003][cn.jpush.api.common.connection.NativeHttpClient] Created instance with _maxRetryTimes = 3
[2015-02-09 16:36:39:062][cn.jpush.api.push.model.notification.AndroidNotification$Builder] Null extras param. Throw away it.
[2015-02-09 16:36:39:080][cn.jpush.api.common.connection.NativeHttpClient] Send request - POST https://api.jpush.cn/v3/push
[2015-02-09 16:36:39:080][cn.jpush.api.common.connection.NativeHttpClient] Request Content - {"platform":"all","audience":{"alias":["BB"]},"notification":{"android":{"alert":"Hello world!","title":"NetSeed!"}},"options":{"sendno":1465988661,"apns_production":false}}
[2015-02-09 16:36:39:557][cn.jpush.api.common.resp.ResponseWrapper] JPush API Rate Limiting params - quota:600, remaining:599, reset:60
[2015-02-09 16:36:39:557][cn.jpush.api.common.connection.NativeHttpClient] Got error response - responseCode:400, responseContent:{"msg_id": 410441285, "error": {"message": "app_key does not exist", "code": 1008}}
[2015-02-09 16:36:39:557][cn.jpush.api.common.connection.NativeHttpClient] Your request params is invalid. Please check them according to error message.
[2015-02-09 16:39:18:342][cn.jpush.api.common.connection.NativeHttpClient] Created instance with _maxRetryTimes = 3
[2015-02-09 16:39:18:505][cn.jpush.api.common.connection.NativeHttpClient] Created instance with _maxRetryTimes = 3
[2015-02-09 16:39:18:507][cn.jpush.api.common.connection.NativeHttpClient] Created instance with _maxRetryTimes = 3
[2015-02-09 16:39:18:550][cn.jpush.api.push.model.notification.AndroidNotification$Builder] Null extras param. Throw away it.
[2015-02-09 16:39:18:560][cn.jpush.api.common.connection.NativeHttpClient] Send request - POST https://api.jpush.cn/v3/push
[2015-02-09 16:39:18:560][cn.jpush.api.common.connection.NativeHttpClient] Request Content - {"platform":"all","audience":{"alias":["BB"]},"notification":{"android":{"alert":"Hello world!","title":"NetSeed!"}},"options":{"sendno":1873644623,"apns_production":false}}
[2015-02-09 16:39:18:850][cn.jpush.api.common.resp.ResponseWrapper] JPush API Rate Limiting params - quota:600, remaining:599, reset:60
[2015-02-09 16:39:18:850][cn.jpush.api.common.connection.NativeHttpClient] Got error response - responseCode:400, responseContent:{"msg_id": 410454717, "error": {"message": "app_key does not exist", "code": 1008}}
[2015-02-09 16:39:18:850][cn.jpush.api.common.connection.NativeHttpClient] Your request params is invalid. Please check them according to error message.
