[2015-02-03 17:00:09:969][com.switek.netseed.server.ui.ServerForm] test
[2015-02-03 17:00:09:977][com.switek.netseed.server.ui.ServerForm] T1-Starting the server...
[2015-02-03 17:00:09:979][com.switek.netseed.server.ui.ServerForm] T1-Socket IO Processor: 64
[2015-02-03 17:00:09:980][com.switek.netseed.server.ui.ServerForm] T1-Socket IO Pool: 64
[2015-02-03 17:00:09:984][com.switek.netseed.server.ui.ServerForm] T10-Loading standard IR code list from database...
[2015-02-03 17:00:09:999][org.logicalcobwebs.proxool.configuration.JAXPConfigurator] Configuring from reader: java.io.InputStreamReader@a9ee006
[2015-02-03 17:00:10:001][org.logicalcobwebs.proxool.configuration.JAXPConfigurator] SAXParserFactory class: com.sun.org.apache.xerces.internal.jaxp.SAXParserFactoryImpl
[2015-02-03 17:00:10:012][org.logicalcobwebs.proxool.configuration.JAXPConfigurator] sax parser classcom.sun.org.apache.xerces.internal.jaxp.SAXParserImpl
[2015-02-03 17:00:10:012][org.logicalcobwebs.proxool.configuration.JAXPConfigurator] XML reader class: com.sun.org.apache.xerces.internal.jaxp.SAXParserImpl$JAXPSAXParser
[2015-02-03 17:00:10:013][org.logicalcobwebs.proxool.configuration.JAXPConfigurator] Setting sax feature: 'http://xml.org/sax/features/namespaces'. State: true.
[2015-02-03 17:00:10:013][org.logicalcobwebs.proxool.configuration.JAXPConfigurator] Setting sax feature: 'http://xml.org/sax/features/namespace-prefixes'. State: false.
[2015-02-03 17:00:10:017][org.logicalcobwebs.proxool.configuration.XMLConfigurator] Adding driver property: user=cziotappuser
[2015-02-03 17:00:10:018][org.logicalcobwebs.proxool.configuration.XMLConfigurator] Adding driver property: password=*******
[2015-02-03 17:00:10:018][org.logicalcobwebs.proxool.configuration.XMLConfigurator] Setting property 'proxool.simultaneous-build-throttle' to value '5000'.
[2015-02-03 17:00:10:018][org.logicalcobwebs.proxool.configuration.XMLConfigurator] Setting property 'proxool.maximum-connection-count' to value '2000'.
[2015-02-03 17:00:10:019][org.logicalcobwebs.proxool.configuration.XMLConfigurator] Setting property 'proxool.maximum-new-connections' to value '100'.
[2015-02-03 17:00:10:019][org.logicalcobwebs.proxool.configuration.XMLConfigurator] Setting property 'proxool.minimum-connection-count' to value '100'.
[2015-02-03 17:00:10:019][org.logicalcobwebs.proxool.configuration.XMLConfigurator] Setting property 'proxool.house-keeping-sleep-time' to value '120000'.
[2015-02-03 17:00:10:020][org.logicalcobwebs.proxool.configuration.XMLConfigurator] Setting property 'proxool.prototype-count' to value '50'.
[2015-02-03 17:00:10:020][org.logicalcobwebs.proxool.configuration.XMLConfigurator] Setting property 'proxool.test-before-use' to value 'true'.
[2015-02-03 17:00:10:020][org.logicalcobwebs.proxool.configuration.XMLConfigurator] Setting property 'proxool.house-keeping-test-sql' to value 'select 1'.
[2015-02-03 17:00:10:020][org.logicalcobwebs.proxool.configuration.XMLConfigurator] Created url: proxool.DBPool:com.mysql.jdbc.Driver:jdbc:mysql://localhost:13306/cziot
[2015-02-03 17:00:10:025][org.logicalcobwebs.proxool.ProxoolFacade] Proxool 0.9.1 (23-Aug-2008 11:10)
[2015-02-03 17:00:10:034][org.logicalcobwebs.proxool.ConnectionPoolDefinition] Recognised proxool property: proxool.driver=com.mysql.jdbc.Driver
[2015-02-03 17:00:10:035][org.logicalcobwebs.proxool.ConnectionPoolDefinition] Recognised proxool property: proxool.url=jdbc:mysql://localhost:13306/cziot
[2015-02-03 17:00:10:035][org.logicalcobwebs.proxool.ConnectionPoolDefinition] Recognised proxool property: proxool.minimum-connection-count=100
[2015-02-03 17:00:10:035][org.logicalcobwebs.proxool.ConnectionPoolDefinition] Recognised proxool property: proxool.simultaneous-build-throttle=5000
[2015-02-03 17:00:10:036][org.logicalcobwebs.proxool.ConnectionPoolDefinition] Recognised proxool property: proxool.test-before-use=true
[2015-02-03 17:00:10:036][org.logicalcobwebs.proxool.ConnectionPoolDefinition] Use of proxool.maximum-new-connections is deprecated. Use more descriptive proxool.simultaneous-build-throttle instead.
[2015-02-03 17:00:10:037][org.logicalcobwebs.proxool.ConnectionPoolDefinition] Recognised proxool property: proxool.maximum-new-connections=100
[2015-02-03 17:00:10:037][org.logicalcobwebs.proxool.ConnectionPoolDefinition] Delegating property to driver: user=cziotappuser
[2015-02-03 17:00:10:037][org.logicalcobwebs.proxool.ConnectionPoolDefinition] Recognised proxool property: proxool.house-keeping-sleep-time=120000
[2015-02-03 17:00:10:038][org.logicalcobwebs.proxool.ConnectionPoolDefinition] Recognised proxool property: proxool.prototype-count=50
[2015-02-03 17:00:10:038][org.logicalcobwebs.proxool.ConnectionPoolDefinition] Delegating property to driver: password=********
[2015-02-03 17:00:10:038][org.logicalcobwebs.proxool.ConnectionPoolDefinition] Recognised proxool property: proxool.maximum-connection-count=2000
[2015-02-03 17:00:10:039][org.logicalcobwebs.proxool.ConnectionPoolDefinition] Recognised proxool property: proxool.house-keeping-test-sql=select 1
[2015-02-03 17:00:10:049][org.logicalcobwebs.proxool.ShutdownHook] Registered shutdownHook
[2015-02-03 17:00:10:052][org.logicalcobwebs.proxool.HouseKeeperController] Registering 'DBPool' house keeper
[2015-02-03 17:00:10:054][org.logicalcobwebs.proxool.HouseKeeperController] Starting a house keeper thread
[2015-02-03 17:00:10:215][org.logicalcobwebs.proxool.ConnectionResetter] Remembering default value: getTransactionIsolation() = 4
[2015-02-03 17:00:10:216][org.logicalcobwebs.proxool.ConnectionResetter] Remembering default value: getHoldability() = 2
[2015-02-03 17:00:10:216][org.logicalcobwebs.proxool.ConnectionResetter] Remembering default value: getCatalog() = cziot
[2015-02-03 17:00:10:216][org.logicalcobwebs.proxool.ConnectionResetter] Remembering default value: isReadOnly() = false
[2015-02-03 17:00:10:217][org.logicalcobwebs.proxool.ConnectionResetter] Remembering default value: getTypeMap() = {}
[2015-02-03 17:00:10:217][org.logicalcobwebs.proxool.ConnectionPool] Proxool statistics legend: "s - r  (a/t/o)" > s=served, r=refused (only shown if non-zero), a=active, t=total, o=offline (being tested)
[2015-02-03 17:00:10:217][org.logicalcobwebs.proxool.ConnectionPool] Proxool statistics legend: "s - r  (a/t/o)" > s=served, r=refused (only shown if non-zero), a=active, t=total, o=offline (being tested)
[2015-02-03 17:00:10:218][org.logicalcobwebs.proxool.Prototyper] 000000 (01/02/00) - Connection #1 created to achieve minimum of 100 = AVAILABLE
[2015-02-03 17:00:10:218][org.logicalcobwebs.proxool.Prototyper] 000000 (01/02/00) - Connection #2 created on demand = ACTIVE
[2015-02-03 17:00:10:219][org.logicalcobwebs.proxool.ConnectionPool] 000000 (01/02/00) - Connection #2 tested: OK
[2015-02-03 17:00:10:231][org.logicalcobwebs.proxool.Prototyper] 000001 (01/03/00) - Connection #3 created to achieve minimum of 100 = AVAILABLE
[2015-02-03 17:00:10:247][org.logicalcobwebs.proxool.Prototyper] 000001 (01/04/00) - Connection #4 created to achieve minimum of 100 = AVAILABLE
[2015-02-03 17:00:10:258][org.logicalcobwebs.proxool.ProxyFactory] Implementing interface com.mysql.jdbc.Connection
[2015-02-03 17:00:10:258][org.logicalcobwebs.proxool.ProxyFactory] Implementing interface java.sql.Connection
[2015-02-03 17:00:10:258][org.logicalcobwebs.proxool.ProxyFactory] Implementing interface java.io.Serializable
[2015-02-03 17:00:10:258][org.logicalcobwebs.proxool.ProxyFactory] Implementing interface com.mysql.jdbc.ConnectionProperties
[2015-02-03 17:00:10:259][org.logicalcobwebs.proxool.ProxyFactory] Implementing interface java.sql.Wrapper
[2015-02-03 17:00:10:259][org.logicalcobwebs.proxool.ProxyFactory] Implementing interface java.lang.AutoCloseable
[2015-02-03 17:00:10:259][org.logicalcobwebs.proxool.ProxyFactory] Implementing interface com.mysql.jdbc.MySQLConnection
[2015-02-03 17:00:10:260][org.logicalcobwebs.proxool.Prototyper] 000001 (01/05/00) - Connection #5 created to achieve minimum of 100 = AVAILABLE
[2015-02-03 17:00:10:272][org.logicalcobwebs.proxool.Prototyper] 000001 (01/06/00) - Connection #6 created to achieve minimum of 100 = AVAILABLE
[2015-02-03 17:00:10:286][org.logicalcobwebs.proxool.Prototyper] 000001 (01/07/00) - Connection #7 created to achieve minimum of 100 = AVAILABLE
[2015-02-03 17:00:10:303][org.logicalcobwebs.proxool.Prototyper] 000001 (01/08/00) - Connection #8 created to achieve minimum of 100 = AVAILABLE
[2015-02-03 17:00:10:319][org.logicalcobwebs.proxool.Prototyper] 000001 (01/09/00) - Connection #9 created to achieve minimum of 100 = AVAILABLE
[2015-02-03 17:00:10:330][org.logicalcobwebs.proxool.Prototyper] 000001 (01/10/00) - Connection #10 created to achieve minimum of 100 = AVAILABLE
[2015-02-03 17:00:10:354][org.logicalcobwebs.proxool.Prototyper] 000001 (01/11/00) - Connection #11 created to achieve minimum of 100 = AVAILABLE
[2015-02-03 17:00:10:365][org.logicalcobwebs.proxool.Prototyper] 000001 (01/12/00) - Connection #12 created to achieve minimum of 100 = AVAILABLE
[2015-02-03 17:00:10:377][org.logicalcobwebs.proxool.Prototyper] 000001 (01/13/00) - Connection #13 created to achieve minimum of 100 = AVAILABLE
[2015-02-03 17:00:10:391][org.logicalcobwebs.proxool.Prototyper] 000001 (01/14/00) - Connection #14 created to achieve minimum of 100 = AVAILABLE
[2015-02-03 17:00:10:403][org.logicalcobwebs.proxool.Prototyper] 000001 (01/15/00) - Connection #15 created to achieve minimum of 100 = AVAILABLE
[2015-02-03 17:00:10:415][org.logicalcobwebs.proxool.Prototyper] 000001 (01/16/00) - Connection #16 created to achieve minimum of 100 = AVAILABLE
[2015-02-03 17:00:10:433][org.logicalcobwebs.proxool.Prototyper] 000001 (01/17/00) - Connection #17 created to achieve minimum of 100 = AVAILABLE
[2015-02-03 17:00:10:446][org.logicalcobwebs.proxool.Prototyper] 000001 (01/18/00) - Connection #18 created to achieve minimum of 100 = AVAILABLE
[2015-02-03 17:00:10:457][org.logicalcobwebs.proxool.Prototyper] 000001 (01/19/00) - Connection #19 created to achieve minimum of 100 = AVAILABLE
[2015-02-03 17:00:10:467][org.logicalcobwebs.proxool.Prototyper] 000001 (01/20/00) - Connection #20 created to achieve minimum of 100 = AVAILABLE
[2015-02-03 17:00:10:478][org.logicalcobwebs.proxool.Prototyper] 000001 (01/21/00) - Connection #21 created to achieve minimum of 100 = AVAILABLE
[2015-02-03 17:00:10:490][org.logicalcobwebs.proxool.Prototyper] 000001 (01/22/00) - Connection #22 created to achieve minimum of 100 = AVAILABLE
[2015-02-03 17:00:10:500][org.logicalcobwebs.proxool.Prototyper] 000001 (01/23/00) - Connection #23 created to achieve minimum of 100 = AVAILABLE
[2015-02-03 17:00:10:509][org.logicalcobwebs.proxool.Prototyper] 000001 (01/24/00) - Connection #24 created to achieve minimum of 100 = AVAILABLE
[2015-02-03 17:00:10:518][org.logicalcobwebs.proxool.Prototyper] 000001 (01/25/00) - Connection #25 created to achieve minimum of 100 = AVAILABLE
[2015-02-03 17:00:10:528][org.logicalcobwebs.proxool.Prototyper] 000001 (01/26/00) - Connection #26 created to achieve minimum of 100 = AVAILABLE
[2015-02-03 17:00:10:539][org.logicalcobwebs.proxool.Prototyper] 000001 (01/27/00) - Connection #27 created to achieve minimum of 100 = AVAILABLE
[2015-02-03 17:00:10:551][org.logicalcobwebs.proxool.Prototyper] 000001 (01/28/00) - Connection #28 created to achieve minimum of 100 = AVAILABLE
[2015-02-03 17:00:10:563][org.logicalcobwebs.proxool.Prototyper] 000001 (01/29/00) - Connection #29 created to achieve minimum of 100 = AVAILABLE
[2015-02-03 17:00:10:575][org.logicalcobwebs.proxool.Prototyper] 000001 (01/30/00) - Connection #30 created to achieve minimum of 100 = AVAILABLE
[2015-02-03 17:00:10:588][org.logicalcobwebs.proxool.Prototyper] 000001 (01/31/00) - Connection #31 created to achieve minimum of 100 = AVAILABLE
[2015-02-03 17:00:10:601][org.logicalcobwebs.proxool.Prototyper] 000001 (01/32/00) - Connection #32 created to achieve minimum of 100 = AVAILABLE
[2015-02-03 17:00:10:611][org.logicalcobwebs.proxool.Prototyper] 000001 (01/33/00) - Connection #33 created to achieve minimum of 100 = AVAILABLE
[2015-02-03 17:00:10:621][org.logicalcobwebs.proxool.Prototyper] 000001 (01/34/00) - Connection #34 created to achieve minimum of 100 = AVAILABLE
[2015-02-03 17:00:10:632][org.logicalcobwebs.proxool.Prototyper] 000001 (01/35/00) - Connection #35 created to achieve minimum of 100 = AVAILABLE
[2015-02-03 17:00:10:643][org.logicalcobwebs.proxool.Prototyper] 000001 (01/36/00) - Connection #36 created to achieve minimum of 100 = AVAILABLE
[2015-02-03 17:00:10:655][org.logicalcobwebs.proxool.Prototyper] 000001 (01/37/00) - Connection #37 created to achieve minimum of 100 = AVAILABLE
[2015-02-03 17:00:10:666][org.logicalcobwebs.proxool.Prototyper] 000001 (01/38/00) - Connection #38 created to achieve minimum of 100 = AVAILABLE
[2015-02-03 17:00:10:674][org.logicalcobwebs.proxool.Prototyper] 000001 (01/39/00) - Connection #39 created to achieve minimum of 100 = AVAILABLE
[2015-02-03 17:00:10:685][org.logicalcobwebs.proxool.Prototyper] 000001 (01/40/00) - Connection #40 created to achieve minimum of 100 = AVAILABLE
[2015-02-03 17:00:10:699][org.logicalcobwebs.proxool.Prototyper] 000001 (01/41/00) - Connection #41 created to achieve minimum of 100 = AVAILABLE
[2015-02-03 17:00:10:708][org.logicalcobwebs.proxool.Prototyper] 000001 (01/42/00) - Connection #42 created to achieve minimum of 100 = AVAILABLE
[2015-02-03 17:00:10:718][org.logicalcobwebs.proxool.Prototyper] 000001 (01/43/00) - Connection #43 created to achieve minimum of 100 = AVAILABLE
[2015-02-03 17:00:10:729][org.logicalcobwebs.proxool.Prototyper] 000001 (01/44/00) - Connection #44 created to achieve minimum of 100 = AVAILABLE
[2015-02-03 17:00:10:738][org.logicalcobwebs.proxool.Prototyper] 000001 (01/45/00) - Connection #45 created to achieve minimum of 100 = AVAILABLE
[2015-02-03 17:00:10:749][org.logicalcobwebs.proxool.Prototyper] 000001 (01/46/00) - Connection #46 created to achieve minimum of 100 = AVAILABLE
[2015-02-03 17:00:10:758][org.logicalcobwebs.proxool.Prototyper] 000001 (01/47/00) - Connection #47 created to achieve minimum of 100 = AVAILABLE
[2015-02-03 17:00:10:768][org.logicalcobwebs.proxool.Prototyper] 000001 (01/48/00) - Connection #48 created to achieve minimum of 100 = AVAILABLE
[2015-02-03 17:00:10:774][org.logicalcobwebs.proxool.ProxyFactory] Implementing interface com.mysql.jdbc.Statement
[2015-02-03 17:00:10:775][org.logicalcobwebs.proxool.ProxyFactory] Implementing interface java.sql.Wrapper
[2015-02-03 17:00:10:775][org.logicalcobwebs.proxool.ProxyFactory] Implementing interface java.lang.AutoCloseable
[2015-02-03 17:00:10:775][org.logicalcobwebs.proxool.ProxyFactory] Implementing interface java.sql.Statement
[2015-02-03 17:00:10:778][org.logicalcobwebs.proxool.Prototyper] 000001 (01/49/00) - Connection #49 created to achieve minimum of 100 = AVAILABLE
[2015-02-03 17:00:10:789][org.logicalcobwebs.proxool.Prototyper] 000001 (01/50/00) - Connection #50 created to achieve minimum of 100 = AVAILABLE
[2015-02-03 17:00:10:800][org.logicalcobwebs.proxool.Prototyper] 000001 (01/51/00) - Connection #51 created to achieve minimum of 100 = AVAILABLE
[2015-02-03 17:00:10:811][org.logicalcobwebs.proxool.Prototyper] 000001 (01/52/00) - Connection #52 created to achieve minimum of 100 = AVAILABLE
[2015-02-03 17:00:10:822][org.logicalcobwebs.proxool.Prototyper] 000001 (01/53/00) - Connection #53 created to achieve minimum of 100 = AVAILABLE
[2015-02-03 17:00:10:832][org.logicalcobwebs.proxool.Prototyper] 000001 (01/54/00) - Connection #54 created to achieve minimum of 100 = AVAILABLE
[2015-02-03 17:00:10:844][org.logicalcobwebs.proxool.Prototyper] 000001 (01/55/00) - Connection #55 created to achieve minimum of 100 = AVAILABLE
[2015-02-03 17:00:10:856][org.logicalcobwebs.proxool.Prototyper] 000001 (01/56/00) - Connection #56 created to achieve minimum of 100 = AVAILABLE
[2015-02-03 17:00:10:867][org.logicalcobwebs.proxool.Prototyper] 000001 (01/57/00) - Connection #57 created to achieve minimum of 100 = AVAILABLE
[2015-02-03 17:00:10:877][org.logicalcobwebs.proxool.Prototyper] 000001 (01/58/00) - Connection #58 created to achieve minimum of 100 = AVAILABLE
[2015-02-03 17:00:10:889][org.logicalcobwebs.proxool.Prototyper] 000001 (01/59/00) - Connection #59 created to achieve minimum of 100 = AVAILABLE
[2015-02-03 17:00:10:897][org.logicalcobwebs.proxool.Prototyper] 000001 (01/60/00) - Connection #60 created to achieve minimum of 100 = AVAILABLE
[2015-02-03 17:00:10:906][org.logicalcobwebs.proxool.Prototyper] 000001 (01/61/00) - Connection #61 created to achieve minimum of 100 = AVAILABLE
[2015-02-03 17:00:10:915][org.logicalcobwebs.proxool.Prototyper] 000001 (01/62/00) - Connection #62 created to achieve minimum of 100 = AVAILABLE
[2015-02-03 17:00:10:920][com.switek.netseed.server.ui.ServerForm] T10-Loading device type def from database...
[2015-02-03 17:00:10:923][com.switek.netseed.server.ui.ServerForm] T10-Done.
[2015-02-03 17:00:10:923][com.switek.netseed.server.ui.ServerForm] T10-Loading brand info list from database...
[2015-02-03 17:00:10:925][com.switek.netseed.server.ui.ServerForm] T10-Done
[2015-02-03 17:00:10:926][org.logicalcobwebs.proxool.Prototyper] 000001 (01/63/00) - Connection #63 created to achieve minimum of 100 = AVAILABLE
[2015-02-03 17:00:10:926][com.switek.netseed.server.ui.ServerForm] T10-Loading releationship of type and brand from database...
[2015-02-03 17:00:10:928][com.switek.netseed.server.ui.ServerForm] T10-Done
[2015-02-03 17:00:10:929][com.switek.netseed.server.ui.ServerForm] T10-Loading controller list from database...
[2015-02-03 17:00:10:935][org.logicalcobwebs.proxool.Prototyper] 000001 (01/64/00) - Connection #64 created to achieve minimum of 100 = AVAILABLE
[2015-02-03 17:00:10:941][com.switek.netseed.server.ui.ServerForm] T10-There are 1450 controller(s)
[2015-02-03 17:00:10:942][com.switek.netseed.server.ui.ServerForm] T10-Loading subcontroller list from database...
[2015-02-03 17:00:10:944][org.logicalcobwebs.proxool.Prototyper] 000001 (01/65/00) - Connection #65 created to achieve minimum of 100 = AVAILABLE
[2015-02-03 17:00:10:953][org.logicalcobwebs.proxool.Prototyper] 000001 (01/66/00) - Connection #66 created to achieve minimum of 100 = AVAILABLE
[2015-02-03 17:00:10:955][com.switek.netseed.server.ui.ServerForm] T10-There are 1570 subcontroler(s).
[2015-02-03 17:00:10:956][com.switek.netseed.server.ui.ServerForm] T10-Loading device list from database...
[2015-02-03 17:00:10:961][org.logicalcobwebs.proxool.Prototyper] 000001 (01/67/00) - Connection #67 created to achieve minimum of 100 = AVAILABLE
[2015-02-03 17:00:10:968][org.logicalcobwebs.proxool.Prototyper] 000001 (01/68/00) - Connection #68 created to achieve minimum of 100 = AVAILABLE
[2015-02-03 17:00:10:975][org.logicalcobwebs.proxool.Prototyper] 000001 (01/69/00) - Connection #69 created to achieve minimum of 100 = AVAILABLE
[2015-02-03 17:00:10:981][org.logicalcobwebs.proxool.Prototyper] 000001 (01/70/00) - Connection #70 created to achieve minimum of 100 = AVAILABLE
[2015-02-03 17:00:10:987][org.logicalcobwebs.proxool.Prototyper] 000001 (01/71/00) - Connection #71 created to achieve minimum of 100 = AVAILABLE
[2015-02-03 17:00:10:994][org.logicalcobwebs.proxool.Prototyper] 000001 (01/72/00) - Connection #72 created to achieve minimum of 100 = AVAILABLE
[2015-02-03 17:00:11:002][org.logicalcobwebs.proxool.Prototyper] 000001 (01/73/00) - Connection #73 created to achieve minimum of 100 = AVAILABLE
[2015-02-03 17:00:11:010][org.logicalcobwebs.proxool.Prototyper] 000001 (01/74/00) - Connection #74 created to achieve minimum of 100 = AVAILABLE
[2015-02-03 17:00:11:017][org.logicalcobwebs.proxool.Prototyper] 000001 (01/75/00) - Connection #75 created to achieve minimum of 100 = AVAILABLE
[2015-02-03 17:00:11:026][org.logicalcobwebs.proxool.Prototyper] 000001 (01/76/00) - Connection #76 created to achieve minimum of 100 = AVAILABLE
[2015-02-03 17:00:11:029][com.switek.netseed.server.ui.ServerForm] T10-There are 1785 device(s).
[2015-02-03 17:00:11:030][com.switek.netseed.server.ui.ServerForm] T10-Loading learned IR code from database...
[2015-02-03 17:00:11:036][org.logicalcobwebs.proxool.Prototyper] 000001 (01/77/00) - Connection #77 created to achieve minimum of 100 = AVAILABLE
[2015-02-03 17:00:11:043][org.logicalcobwebs.proxool.Prototyper] 000001 (01/78/00) - Connection #78 created to achieve minimum of 100 = AVAILABLE
[2015-02-03 17:00:11:049][org.logicalcobwebs.proxool.Prototyper] 000001 (01/79/00) - Connection #79 created to achieve minimum of 100 = AVAILABLE
[2015-02-03 17:00:11:057][org.logicalcobwebs.proxool.Prototyper] 000001 (01/80/00) - Connection #80 created to achieve minimum of 100 = AVAILABLE
[2015-02-03 17:00:11:061][org.logicalcobwebs.proxool.Prototyper] 000001 (01/81/00) - Connection #81 created to achieve minimum of 100 = AVAILABLE
[2015-02-03 17:00:11:067][org.logicalcobwebs.proxool.Prototyper] 000001 (01/82/00) - Connection #82 created to achieve minimum of 100 = AVAILABLE
[2015-02-03 17:00:11:074][org.logicalcobwebs.proxool.Prototyper] 000001 (01/83/00) - Connection #83 created to achieve minimum of 100 = AVAILABLE
[2015-02-03 17:00:11:090][org.logicalcobwebs.proxool.Prototyper] 000001 (01/84/00) - Connection #84 created to achieve minimum of 100 = AVAILABLE
[2015-02-03 17:00:11:095][org.logicalcobwebs.proxool.Prototyper] 000001 (01/85/00) - Connection #85 created to achieve minimum of 100 = AVAILABLE
[2015-02-03 17:00:11:101][org.logicalcobwebs.proxool.Prototyper] 000001 (01/86/00) - Connection #86 created to achieve minimum of 100 = AVAILABLE
[2015-02-03 17:00:11:108][org.logicalcobwebs.proxool.Prototyper] 000001 (01/87/00) - Connection #87 created to achieve minimum of 100 = AVAILABLE
[2015-02-03 17:00:11:114][org.logicalcobwebs.proxool.Prototyper] 000001 (01/88/00) - Connection #88 created to achieve minimum of 100 = AVAILABLE
[2015-02-03 17:00:11:118][org.logicalcobwebs.proxool.Prototyper] 000001 (01/89/00) - Connection #89 created to achieve minimum of 100 = AVAILABLE
[2015-02-03 17:00:11:125][org.logicalcobwebs.proxool.Prototyper] 000001 (01/90/00) - Connection #90 created to achieve minimum of 100 = AVAILABLE
[2015-02-03 17:00:11:131][org.logicalcobwebs.proxool.Prototyper] 000001 (01/91/00) - Connection #91 created to achieve minimum of 100 = AVAILABLE
[2015-02-03 17:00:11:136][org.logicalcobwebs.proxool.Prototyper] 000001 (01/92/00) - Connection #92 created to achieve minimum of 100 = AVAILABLE
[2015-02-03 17:00:11:143][org.logicalcobwebs.proxool.Prototyper] 000001 (01/93/00) - Connection #93 created to achieve minimum of 100 = AVAILABLE
[2015-02-03 17:00:11:148][org.logicalcobwebs.proxool.Prototyper] 000001 (01/94/00) - Connection #94 created to achieve minimum of 100 = AVAILABLE
[2015-02-03 17:00:11:154][org.logicalcobwebs.proxool.Prototyper] 000001 (01/95/00) - Connection #95 created to achieve minimum of 100 = AVAILABLE
[2015-02-03 17:00:11:161][org.logicalcobwebs.proxool.Prototyper] 000001 (01/96/00) - Connection #96 created to achieve minimum of 100 = AVAILABLE
[2015-02-03 17:00:11:167][org.logicalcobwebs.proxool.Prototyper] 000001 (01/97/00) - Connection #97 created to achieve minimum of 100 = AVAILABLE
[2015-02-03 17:00:11:169][com.switek.netseed.server.ui.ServerForm] T10-Learned IR code are loaded!
[2015-02-03 17:00:11:169][com.switek.netseed.server.ui.ServerForm] T10-Loading app list from database...
[2015-02-03 17:00:11:171][com.switek.netseed.server.ui.ServerForm] T10-Loading timers...
[2015-02-03 17:00:11:172][com.switek.netseed.server.ui.ServerForm] T10-There are 1 timer(s)
[2015-02-03 17:00:11:173][com.switek.netseed.server.ui.ServerForm] T10-Loading timer steps...
[2015-02-03 17:00:11:173][org.logicalcobwebs.proxool.Prototyper] 000001 (01/98/00) - Connection #98 created to achieve minimum of 100 = AVAILABLE
[2015-02-03 17:00:11:174][com.switek.netseed.server.ui.ServerForm] T10-Completed to load timers.
[2015-02-03 17:00:11:175][com.switek.netseed.server.ui.ServerForm] T10-Setup schedule job engine.
[2015-02-03 17:00:11:183][com.switek.netseed.server.ui.ServerForm] T10-MaxThread: 2048
[2015-02-03 17:00:11:183][com.switek.netseed.server.ui.ServerForm] T10-Starting the Netseed server...
[2015-02-03 17:00:11:184][org.logicalcobwebs.proxool.Prototyper] 000001 (01/99/00) - Connection #99 created to achieve minimum of 100 = AVAILABLE
[2015-02-03 17:00:11:194][org.logicalcobwebs.proxool.Prototyper] 000001 (01/100/00) - Connection #100 created to achieve minimum of 100 = AVAILABLE
[2015-02-03 17:00:11:743][com.switek.netseed.server.ui.ServerForm] T10-Netseed Server started, on LIN/192.168.169.100:38899
[2015-02-03 17:00:30:396][org.apache.mina.core.filterchain.IoFilterEvent] Firing a SESSION_OPENED event for session 1
[2015-02-03 17:00:30:397][org.apache.mina.core.filterchain.IoFilterEvent] Event SESSION_OPENED has been fired for session 1
[2015-02-03 17:00:30:397][org.apache.mina.filter.codec.ProtocolCodecFilter] Processing a MESSAGE_RECEIVED for session 1
[2015-02-03 17:00:30:404][org.apache.mina.core.filterchain.IoFilterEvent] Firing a MESSAGE_RECEIVED event for session 1
[2015-02-03 17:00:30:404][org.apache.mina.core.filterchain.IoFilterEvent] Event MESSAGE_RECEIVED has been fired for session 1
[2015-02-03 17:00:30:409][com.switek.netseed.server.ui.ServerForm] T20-****************************Received 0xF20_COMMAND_ID_CHECK_MOBILEAPP_VERSION: AA AA 7A 00 00 00 00 00 00 01 01 20 0F 7B 22 4F 70 74 43 6F 64 65 22 3A 33 38 37 32 2C 22 41 50 49 56 65 72 22 3A 22 31 2E 31 22 2C 22 42 6F 64 79 22 3A 7B 22 50 6C 61 74 66 6F 72 6D 22 3A 22 41 6E 64 72 6F 69 64 22 2C 22 43 75 72 72 65 6E 74 56 65 72 73 69 6F 6E 22 3A 22 32 2E 35 22 2C 22 4C 61 6E 67 75 61 67 65 22 3A 22 7A 68 22 2C 22 54 79 70 65 22 3A 31 7D 7D 9A 38  from: (0x00000001: nio socket, server, /127.0.0.1:64844 => /127.0.0.1:38899)
[2015-02-03 17:00:30:410][com.switek.netseed.server.ui.ServerForm] T20-Data: {"OptCode":3872,"APIVer":"1.1","Body":{"Platform":"Android","CurrentVersion":"2.5","Language":"zh","Type":1}}
[2015-02-03 17:00:30:469][com.switek.netseed.server.ui.ServerForm] T20-Sending msg [AA AA EC 00 00 00 00 00 00 00 00 01 01 20 0F 7B 22 42 6F 64 79 22 3A 7B 22 52 65 6C 65 61 73 65 4E 6F 74 65 73 22 3A 22 31 2E 20 E4 BF AE E5 A4 8D 42 55 47 2E 20 32 2E 20 E5 A2 9E E5 8A A0 E4 BC A0 E6 84 9F E5 99 A8 E7 95 8C E9 9D A2 E3 80 82 22 2C 22 44 6F 77 6E 50 61 74 68 22 3A 22 68 74 74 70 3A 2F 2F 77 77 77 2E 6E 65 74 73 65 65 64 63 6E 2E 63 6F 6D 2F 61 70 70 2F 6E 65 74 73 65 65 64 2F 61 6E 64 72 6F 69 64 2F 6E 65 74 73 65 65 64 2E 61 70 6B 22 2C 22 56 65 72 73 69 6F 6E 22 3A 22 32 2E 36 22 2C 22 68 61 73 4E 65 77 56 65 72 73 69 6F 6E 22 3A 74 72 75 65 7D 2C 22 52 65 73 75 6C 74 43 6F 64 65 22 3A 30 2C 22 4F 70 74 43 6F 64 65 22 3A 33 38 37 32 2C 22 41 50 49 56 65 72 22 3A 22 31 2E 30 22 7D 29 5A ] to (0x00000001: nio socket, server, /127.0.0.1:64844 => /127.0.0.1:38899)
[2015-02-03 17:00:30:469][com.switek.netseed.server.ui.ServerForm] T20-Command data: {"Body":{"ReleaseNotes":"1. 修复BUG. 2. 增加传感器界面。","DownPath":"http://www.netseedcn.com/app/netseed/android/netseed.apk","Version":"2.6","hasNewVersion":true},"ResultCode":0,"OptCode":3872,"APIVer":"1.0"}
[2015-02-03 17:00:30:481][com.switek.netseed.server.ui.ServerForm] T20-Msg has been sent
[2015-02-03 17:00:30:481][org.apache.mina.core.filterchain.IoFilterEvent] Firing a MESSAGE_SENT event for session 1
[2015-02-03 17:00:30:482][org.apache.mina.core.filterchain.IoFilterEvent] Event MESSAGE_SENT has been fired for session 1
[2015-02-03 17:00:30:482][org.apache.mina.core.filterchain.IoFilterEvent] Firing a SESSION_CLOSED event for session 1
[2015-02-03 17:00:30:483][org.apache.mina.core.filterchain.IoFilterEvent] Event SESSION_CLOSED has been fired for session 1
[2015-02-03 17:01:09:936][com.switek.netseed.server.ui.ServerForm] T1-System run time: 0d 00:01
[2015-02-03 17:01:11:181][com.switek.netseed.server.ui.ServerForm] T14-Starting schedule job engine...
[2015-02-03 17:01:29:723][org.apache.mina.core.filterchain.IoFilterEvent] Firing a SESSION_OPENED event for session 2
[2015-02-03 17:01:29:723][org.apache.mina.core.filterchain.IoFilterEvent] Event SESSION_OPENED has been fired for session 2
[2015-02-03 17:01:29:739][org.apache.mina.filter.codec.ProtocolCodecFilter] Processing a MESSAGE_RECEIVED for session 2
[2015-02-03 17:01:29:739][org.apache.mina.core.filterchain.IoFilterEvent] Firing a MESSAGE_RECEIVED event for session 2
[2015-02-03 17:01:29:740][org.apache.mina.core.filterchain.IoFilterEvent] Event MESSAGE_RECEIVED has been fired for session 2
[2015-02-03 17:01:29:743][com.switek.netseed.server.ui.ServerForm] T26-****************************Received 0xF20_COMMAND_ID_CHECK_MOBILEAPP_VERSION: AA AA 7A 00 00 00 00 00 00 01 01 20 0F 7B 22 4F 70 74 43 6F 64 65 22 3A 33 38 37 32 2C 22 41 50 49 56 65 72 22 3A 22 31 2E 31 22 2C 22 42 6F 64 79 22 3A 7B 22 50 6C 61 74 66 6F 72 6D 22 3A 22 41 6E 64 72 6F 69 64 22 2C 22 43 75 72 72 65 6E 74 56 65 72 73 69 6F 6E 22 3A 22 32 2E 36 22 2C 22 4C 61 6E 67 75 61 67 65 22 3A 22 7A 68 22 2C 22 54 79 70 65 22 3A 31 7D 7D 91 39  from: (0x00000002: nio socket, server, /127.0.0.1:64862 => /127.0.0.1:38899)
[2015-02-03 17:01:29:744][com.switek.netseed.server.ui.ServerForm] T26-Data: {"OptCode":3872,"APIVer":"1.1","Body":{"Platform":"Android","CurrentVersion":"2.6","Language":"zh","Type":1}}
[2015-02-03 17:01:29:749][com.switek.netseed.server.ui.ServerForm] T26-Sending msg [AA AA 8C 00 00 00 00 00 00 00 00 01 01 20 0F 7B 22 42 6F 64 79 22 3A 7B 22 52 65 6C 65 61 73 65 4E 6F 74 65 73 22 3A 22 22 2C 22 44 6F 77 6E 50 61 74 68 22 3A 22 22 2C 22 56 65 72 73 69 6F 6E 22 3A 22 32 2E 36 22 2C 22 68 61 73 4E 65 77 56 65 72 73 69 6F 6E 22 3A 66 61 6C 73 65 7D 2C 22 52 65 73 75 6C 74 43 6F 64 65 22 3A 30 2C 22 4F 70 74 43 6F 64 65 22 3A 33 38 37 32 2C 22 41 50 49 56 65 72 22 3A 22 31 2E 30 22 7D 23 14 ] to (0x00000002: nio socket, server, /127.0.0.1:64862 => /127.0.0.1:38899)
[2015-02-03 17:01:29:749][com.switek.netseed.server.ui.ServerForm] T26-Command data: {"Body":{"ReleaseNotes":"","DownPath":"","Version":"2.6","hasNewVersion":false},"ResultCode":0,"OptCode":3872,"APIVer":"1.0"}
[2015-02-03 17:01:29:754][com.switek.netseed.server.ui.ServerForm] T26-Msg has been sent
[2015-02-03 17:01:29:755][org.apache.mina.core.filterchain.IoFilterEvent] Firing a MESSAGE_SENT event for session 2
[2015-02-03 17:01:29:755][org.apache.mina.core.filterchain.IoFilterEvent] Event MESSAGE_SENT has been fired for session 2
[2015-02-03 17:01:29:756][org.apache.mina.core.filterchain.IoFilterEvent] Firing a SESSION_CLOSED event for session 2
[2015-02-03 17:01:29:756][org.apache.mina.core.filterchain.IoFilterEvent] Event SESSION_CLOSED has been fired for session 2
[2015-02-03 17:01:41:181][com.switek.netseed.server.ui.ServerForm] T14-Starting schedule job engine...
[2015-02-03 17:02:09:576][org.apache.mina.core.filterchain.IoFilterEvent] Firing a SESSION_OPENED event for session 3
[2015-02-03 17:02:09:577][org.apache.mina.core.filterchain.IoFilterEvent] Event SESSION_OPENED has been fired for session 3
[2015-02-03 17:02:09:590][org.apache.mina.filter.codec.ProtocolCodecFilter] Processing a MESSAGE_RECEIVED for session 3
[2015-02-03 17:02:09:591][org.apache.mina.core.filterchain.IoFilterEvent] Firing a MESSAGE_RECEIVED event for session 3
[2015-02-03 17:02:09:591][org.apache.mina.core.filterchain.IoFilterEvent] Event MESSAGE_RECEIVED has been fired for session 3
[2015-02-03 17:02:09:596][com.switek.netseed.server.ui.ServerForm] T32-****************************Received 0xF20_COMMAND_ID_CHECK_MOBILEAPP_VERSION: AA AA 7A 00 00 00 00 00 00 01 01 20 0F 7B 22 4F 70 74 43 6F 64 65 22 3A 33 38 37 32 2C 22 41 50 49 56 65 72 22 3A 22 31 2E 31 22 2C 22 42 6F 64 79 22 3A 7B 22 50 6C 61 74 66 6F 72 6D 22 3A 22 41 6E 64 72 6F 69 64 22 2C 22 43 75 72 72 65 6E 74 56 65 72 73 69 6F 6E 22 3A 22 32 2E 35 22 2C 22 4C 61 6E 67 75 61 67 65 22 3A 22 7A 68 22 2C 22 54 79 70 65 22 3A 32 7D 7D CA 61  from: (0x00000003: nio socket, server, /127.0.0.1:64874 => /127.0.0.1:38899)
[2015-02-03 17:02:09:596][com.switek.netseed.server.ui.ServerForm] T32-Data: {"OptCode":3872,"APIVer":"1.1","Body":{"Platform":"Android","CurrentVersion":"2.5","Language":"zh","Type":2}}
[2015-02-03 17:02:09:603][com.switek.netseed.server.ui.ServerForm] T32-Sending msg [AA AA B5 00 00 00 00 00 00 00 00 01 01 20 0F 7B 22 42 6F 64 79 22 3A 7B 22 52 65 6C 65 61 73 65 4E 6F 74 65 73 22 3A 22 31 2E 20 E4 BF AE E5 A4 8D 42 55 47 2E 20 32 2E 20 E5 A2 9E E5 8A A0 E4 BC A0 E6 84 9F E5 99 A8 E7 95 8C E9 9D A2 E3 80 82 22 2C 22 44 6F 77 6E 50 61 74 68 22 3A 22 22 2C 22 56 65 72 73 69 6F 6E 22 3A 22 32 2E 36 22 2C 22 68 61 73 4E 65 77 56 65 72 73 69 6F 6E 22 3A 66 61 6C 73 65 7D 2C 22 52 65 73 75 6C 74 43 6F 64 65 22 3A 30 2C 22 4F 70 74 43 6F 64 65 22 3A 33 38 37 32 2C 22 41 50 49 56 65 72 22 3A 22 31 2E 30 22 7D 0B 03 ] to (0x00000003: nio socket, server, /127.0.0.1:64874 => /127.0.0.1:38899)
[2015-02-03 17:02:09:604][com.switek.netseed.server.ui.ServerForm] T32-Command data: {"Body":{"ReleaseNotes":"1. 修复BUG. 2. 增加传感器界面。","DownPath":"","Version":"2.6","hasNewVersion":false},"ResultCode":0,"OptCode":3872,"APIVer":"1.0"}
[2015-02-03 17:02:09:611][com.switek.netseed.server.ui.ServerForm] T32-Msg has been sent
[2015-02-03 17:02:09:611][org.apache.mina.core.filterchain.IoFilterEvent] Firing a MESSAGE_SENT event for session 3
[2015-02-03 17:02:09:612][org.apache.mina.core.filterchain.IoFilterEvent] Event MESSAGE_SENT has been fired for session 3
[2015-02-03 17:02:09:612][org.apache.mina.core.filterchain.IoFilterEvent] Firing a SESSION_CLOSED event for session 3
[2015-02-03 17:02:09:613][org.apache.mina.core.filterchain.IoFilterEvent] Event SESSION_CLOSED has been fired for session 3
[2015-02-03 17:02:11:182][com.switek.netseed.server.ui.ServerForm] T14-Starting schedule job engine...
[2015-02-03 17:02:41:183][com.switek.netseed.server.ui.ServerForm] T14-Starting schedule job engine...
[2015-02-03 17:03:09:936][com.switek.netseed.server.ui.ServerForm] T1-System run time: 0d 00:03
[2015-02-03 17:03:11:184][com.switek.netseed.server.ui.ServerForm] T14-Starting schedule job engine...
[2015-02-03 17:03:41:184][com.switek.netseed.server.ui.ServerForm] T14-Starting schedule job engine...
[2015-02-03 17:04:09:936][com.switek.netseed.server.ui.ServerForm] T1-System run time: 0d 00:04
[2015-02-03 17:04:11:185][com.switek.netseed.server.ui.ServerForm] T14-Starting schedule job engine...
[2015-02-03 17:04:41:186][com.switek.netseed.server.ui.ServerForm] T14-Starting schedule job engine...
[2015-02-03 17:05:09:936][com.switek.netseed.server.ui.ServerForm] T1-System run time: 0d 00:05
[2015-02-03 17:05:11:186][com.switek.netseed.server.ui.ServerForm] T14-Starting schedule job engine...
[2015-02-03 17:05:31:839][org.apache.mina.core.filterchain.IoFilterEvent] Firing a SESSION_OPENED event for session 4
[2015-02-03 17:05:31:840][org.apache.mina.core.filterchain.IoFilterEvent] Event SESSION_OPENED has been fired for session 4
[2015-02-03 17:05:31:856][org.apache.mina.filter.codec.ProtocolCodecFilter] Processing a MESSAGE_RECEIVED for session 4
[2015-02-03 17:05:31:857][org.apache.mina.core.filterchain.IoFilterEvent] Firing a MESSAGE_RECEIVED event for session 4
[2015-02-03 17:05:31:857][org.apache.mina.core.filterchain.IoFilterEvent] Event MESSAGE_RECEIVED has been fired for session 4
[2015-02-03 17:05:31:863][com.switek.netseed.server.ui.ServerForm] T39-****************************Received 0xF20_COMMAND_ID_CHECK_MOBILEAPP_VERSION: AA AA 93 00 00 00 00 00 00 01 01 20 0F 7B 22 4F 70 74 43 6F 64 65 22 3A 33 38 37 32 2C 22 41 50 49 56 65 72 22 3A 22 31 2E 31 22 2C 22 42 6F 64 79 22 3A 7B 22 50 6C 61 74 66 6F 72 6D 22 3A 22 69 4F 53 22 2C 22 43 75 72 72 65 6E 74 56 65 72 73 69 6F 6E 22 3A 22 32 2E 31 2E 30 2E 36 39 33 33 22 7D 7D 75 72 72 65 6E 74 56 65 72 73 69 6F 6E 22 3A 22 32 2E 35 22 2C 22 4C 61 6E 67 75 61 67 65 22 3A 22 7A 68 22 2C 22 54 79 70 65 22 3A 31 7D 7D BA F8  from: (0x00000004: nio socket, server, /127.0.0.1:64932 => /127.0.0.1:38899)
[2015-02-03 17:05:31:863][com.switek.netseed.server.ui.ServerForm] T39-Data: {"OptCode":3872,"APIVer":"1.1","Body":{"Platform":"iOS","CurrentVersion":"2.1.0.6933"}}urrentVersion":"2.5","Language":"zh","Type":1}}
[2015-02-03 17:05:31:868][com.switek.netseed.server.ui.ServerForm] T39-Sending msg [AA AA 85 00 00 00 00 00 00 00 00 01 01 20 0F 7B 22 42 6F 64 79 22 3A 7B 22 52 65 6C 65 61 73 65 4E 6F 74 65 73 22 3A 22 22 2C 22 56 65 72 73 69 6F 6E 22 3A 22 32 2E 31 2E 30 2E 36 39 33 33 22 2C 22 68 61 73 4E 65 77 56 65 72 73 69 6F 6E 22 3A 66 61 6C 73 65 7D 2C 22 52 65 73 75 6C 74 43 6F 64 65 22 3A 30 2C 22 4F 70 74 43 6F 64 65 22 3A 33 38 37 32 2C 22 41 50 49 56 65 72 22 3A 22 31 2E 30 22 7D A2 34 ] to (0x00000004: nio socket, server, /127.0.0.1:64932 => /127.0.0.1:38899)
[2015-02-03 17:05:31:868][com.switek.netseed.server.ui.ServerForm] T39-Command data: {"Body":{"ReleaseNotes":"","Version":"2.1.0.6933","hasNewVersion":false},"ResultCode":0,"OptCode":3872,"APIVer":"1.0"}
[2015-02-03 17:05:31:872][com.switek.netseed.server.ui.ServerForm] T39-Msg has been sent
[2015-02-03 17:05:31:872][org.apache.mina.core.filterchain.IoFilterEvent] Firing a MESSAGE_SENT event for session 4
[2015-02-03 17:05:31:873][org.apache.mina.core.filterchain.IoFilterEvent] Event MESSAGE_SENT has been fired for session 4
[2015-02-03 17:05:31:873][org.apache.mina.core.filterchain.IoFilterEvent] Firing a SESSION_CLOSED event for session 4
[2015-02-03 17:05:31:873][org.apache.mina.core.filterchain.IoFilterEvent] Event SESSION_CLOSED has been fired for session 4
[2015-02-03 17:05:41:187][com.switek.netseed.server.ui.ServerForm] T14-Starting schedule job engine...
[2015-02-03 17:06:09:937][com.switek.netseed.server.ui.ServerForm] T1-System run time: 0d 00:06
[2015-02-03 17:06:10:178][org.logicalcobwebs.proxool.ConnectionPool] 000001 (00/99/00) - #0002 removed because it has been active for too long.
[2015-02-03 17:06:10:178][org.logicalcobwebs.proxool.HouseKeeper] #0002 was active for 359963 milliseconds and has been removed automaticaly. The Thread responsible was named 'Thread-1', but the last SQL it performed is unknown because the trace property is not enabled.
[2015-02-03 17:06:10:190][org.logicalcobwebs.proxool.Prototyper] 000001 (00/99/01) - Connection #101 created to achieve minimum of 100 = AVAILABLE
[2015-02-03 17:06:11:188][com.switek.netseed.server.ui.ServerForm] T14-Starting schedule job engine...
[2015-02-03 17:06:41:189][com.switek.netseed.server.ui.ServerForm] T14-Starting schedule job engine...
[2015-02-03 17:06:41:979][com.switek.netseed.server.ui.ServerForm] T1-Loading standard IR code list from database...
[2015-02-03 17:06:41:985][org.logicalcobwebs.proxool.ConnectionPool] 000001 (01/100/00) - Connection #1 tested: OK
[2015-02-03 17:06:42:025][com.switek.netseed.server.ui.ServerForm] T1-Loading device type def from database...
[2015-02-03 17:06:42:029][com.switek.netseed.server.ui.ServerForm] T1-Done.
[2015-02-03 17:06:42:032][com.switek.netseed.server.ui.ServerForm] T1-Loading brand info list from database...
[2015-02-03 17:06:42:038][com.switek.netseed.server.ui.ServerForm] T1-Done
[2015-02-03 17:06:42:040][com.switek.netseed.server.ui.ServerForm] T1-Loading releationship of type and brand from database...
[2015-02-03 17:06:42:044][com.switek.netseed.server.ui.ServerForm] T1-Done
[2015-02-03 17:06:42:046][com.switek.netseed.server.ui.ServerForm] T1-Loading controller list from database...
[2015-02-03 17:06:42:058][com.switek.netseed.server.ui.ServerForm] T1-There are 1450 controller(s)
[2015-02-03 17:06:42:060][com.switek.netseed.server.ui.ServerForm] T1-Loading subcontroller list from database...
[2015-02-03 17:06:42:070][com.switek.netseed.server.ui.ServerForm] T1-There are 1570 subcontroler(s).
[2015-02-03 17:06:42:072][com.switek.netseed.server.ui.ServerForm] T1-Loading device list from database...
[2015-02-03 17:06:42:095][com.switek.netseed.server.ui.ServerForm] T1-There are 1785 device(s).
[2015-02-03 17:06:42:097][com.switek.netseed.server.ui.ServerForm] T1-Loading learned IR code from database...
[2015-02-03 17:06:42:170][com.switek.netseed.server.ui.ServerForm] T1-Learned IR code are loaded!
[2015-02-03 17:06:42:173][com.switek.netseed.server.ui.ServerForm] T1-Loading app list from database...
[2015-02-03 17:06:42:177][com.switek.netseed.server.ui.ServerForm] T1-Loading timers...
[2015-02-03 17:06:42:182][com.switek.netseed.server.ui.ServerForm] T1-There are 1 timer(s)
[2015-02-03 17:06:42:185][com.switek.netseed.server.ui.ServerForm] T1-Loading timer steps...
[2015-02-03 17:06:42:189][com.switek.netseed.server.ui.ServerForm] T1-Completed to load timers.
[2015-02-03 17:06:42:192][com.switek.netseed.server.ui.ServerForm] T1-Setup schedule job engine.
[2015-02-03 17:06:58:562][org.apache.mina.core.filterchain.IoFilterEvent] Firing a SESSION_OPENED event for session 5
[2015-02-03 17:06:58:562][org.apache.mina.core.filterchain.IoFilterEvent] Event SESSION_OPENED has been fired for session 5
[2015-02-03 17:06:58:573][org.apache.mina.filter.codec.ProtocolCodecFilter] Processing a MESSAGE_RECEIVED for session 5
[2015-02-03 17:06:58:574][org.apache.mina.core.filterchain.IoFilterEvent] Firing a MESSAGE_RECEIVED event for session 5
[2015-02-03 17:06:58:575][org.apache.mina.core.filterchain.IoFilterEvent] Event MESSAGE_RECEIVED has been fired for session 5
[2015-02-03 17:06:58:578][com.switek.netseed.server.ui.ServerForm] T47-****************************Received 0xF20_COMMAND_ID_CHECK_MOBILEAPP_VERSION: AA AA 64 00 00 00 00 00 00 01 01 20 0F 7B 22 4F 70 74 43 6F 64 65 22 3A 33 38 37 32 2C 22 41 50 49 56 65 72 22 3A 22 31 2E 31 22 2C 22 42 6F 64 79 22 3A 7B 22 50 6C 61 74 66 6F 72 6D 22 3A 22 69 4F 53 22 2C 22 43 75 72 72 65 6E 74 56 65 72 73 69 6F 6E 22 3A 22 32 2E 31 2E 30 2E 36 39 33 33 22 7D 7D E0 DD  from: (0x00000005: nio socket, server, /127.0.0.1:64955 => /127.0.0.1:38899)
[2015-02-03 17:06:58:578][com.switek.netseed.server.ui.ServerForm] T47-Data: {"OptCode":3872,"APIVer":"1.1","Body":{"Platform":"iOS","CurrentVersion":"2.1.0.6933"}}
[2015-02-03 17:06:58:588][com.switek.netseed.server.ui.ServerForm] T47-Sending msg [AA AA 60 01 00 00 00 00 00 00 00 01 01 20 0F 7B 22 42 6F 64 79 22 3A 7B 22 52 65 6C 65 61 73 65 4E 6F 74 65 73 22 3A 22 EF BC 81 EF BC 81 EF BC 81 E6 B3 A8 E6 84 8F EF BC 9A E7 AC AC E4 B8 80 E4 BB A3 E6 9C BA E5 99 A8 E7 9A 84 E7 94 A8 E6 88 B7 E8 AF B7 E5 8B BF E6 9B B4 E6 96 B0 E6 AD A4 E7 89 88 E6 9C AC EF BC 81 EF BC 81 EF BC 81 5C 72 5C 6E 31 20 E4 BC 98 E5 8C 96 E7 BD 91 E7 BB 9C E5 88 A4 E6 96 AD 5C 72 5C 6E 32 20 E6 B7 BB E5 8A A0 4E 65 74 73 65 65 64 20 20 E5 91 A8 E8 BE B9 E4 BA A7 E5 93 81 5C 72 5C 6E 33 20 E4 BF AE E5 A4 8D E5 B7 B2 E7 9F A5 20 62 75 67 5C 72 5C 6E EF BC 81 EF BC 81 EF BC 81 E6 B3 A8 E6 84 8F EF BC 9A E7 AC AC E4 B8 80 E4 BB A3 E6 9C BA E5 99 A8 E7 9A 84 E7 94 A8 E6 88 B7 E8 AF B7 E5 8B BF E6 9B B4 E6 96 B0 E6 AD A4 E7 89 88 E6 9C AC EF BC 81 EF BC 81 EF BC 81 22 2C 22 56 65 72 73 69 6F 6E 22 3A 22 32 2E 33 22 2C 22 68 61 73 4E 65 77 56 65 72 73 69 6F 6E 22 3A 74 72 75 65 7D 2C 22 52 65 73 75 6C 74 43 6F 64 65 22 3A 30 2C 22 4F 70 74 43 6F 64 65 22 3A 33 38 37 32 2C 22 41 50 49 56 65 72 22 3A 22 31 2E 30 22 7D A0 C2 ] to (0x00000005: nio socket, server, /127.0.0.1:64955 => /127.0.0.1:38899)
[2015-02-03 17:06:58:588][com.switek.netseed.server.ui.ServerForm] T47-Command data: {"Body":{"ReleaseNotes":"！！！注意：第一代机器的用户请勿更新此版本！！！\r\n1 优化网络判断\r\n2 添加Netseed  周边产品\r\n3 修复已知 bug\r\n！！！注意：第一代机器的用户请勿更新此版本！！！","Version":"2.3","hasNewVersion":true},"ResultCode":0,"OptCode":3872,"APIVer":"1.0"}
[2015-02-03 17:06:58:598][com.switek.netseed.server.ui.ServerForm] T47-Msg has been sent
[2015-02-03 17:06:58:598][org.apache.mina.core.filterchain.IoFilterEvent] Firing a MESSAGE_SENT event for session 5
[2015-02-03 17:06:58:599][org.apache.mina.core.filterchain.IoFilterEvent] Event MESSAGE_SENT has been fired for session 5
[2015-02-03 17:06:58:599][org.apache.mina.core.filterchain.IoFilterEvent] Firing a SESSION_CLOSED event for session 5
[2015-02-03 17:06:58:599][org.apache.mina.core.filterchain.IoFilterEvent] Event SESSION_CLOSED has been fired for session 5
[2015-02-03 17:07:09:937][com.switek.netseed.server.ui.ServerForm] T1-System run time: 0d 00:07
[2015-02-03 17:07:11:189][com.switek.netseed.server.ui.ServerForm] T14-Starting schedule job engine...
[2015-02-03 17:07:39:043][com.switek.netseed.server.ui.ServerForm] T1-Stoping the server...
[2015-02-03 17:07:39:045][com.switek.netseed.server.ui.ServerForm] T1-Stoped!
[2015-02-03 17:07:39:051][org.logicalcobwebs.proxool.ShutdownHook] Running ShutdownHook
[2015-02-03 17:07:39:051][org.logicalcobwebs.proxool.ConnectionPool] Shutting down 'DBPool' pool immediately [Shutdown Hook]
[2015-02-03 17:07:39:057][org.logicalcobwebs.proxool.ConnectionPool] Waiting until Tue Feb 03 17:07:39 CST 2015 for all connections to become inactive (active count is 1).
[2015-02-03 17:07:39:058][org.logicalcobwebs.proxool.ConnectionPool] Shutdown waited for 7 milliseconds for all the connections to become inactive but the active count is still 1. Shutting down anyway.
[2015-02-03 17:07:39:060][org.logicalcobwebs.proxool.ConnectionPool] 000002 (01/99/00) - #0101 removed because of shutdown.
[2015-02-03 17:07:39:061][org.logicalcobwebs.proxool.ConnectionPool] Connection #101 closed
[2015-02-03 17:07:39:062][org.logicalcobwebs.proxool.ConnectionPool] 000002 (01/98/00) - #0100 removed because of shutdown.
[2015-02-03 17:07:39:062][org.logicalcobwebs.proxool.ConnectionPool] Connection #100 closed
[2015-02-03 17:07:39:063][org.logicalcobwebs.proxool.ConnectionPool] 000002 (01/97/00) - #0099 removed because of shutdown.
[2015-02-03 17:07:39:063][org.logicalcobwebs.proxool.ConnectionPool] Connection #99 closed
[2015-02-03 17:07:39:064][org.logicalcobwebs.proxool.ConnectionPool] 000002 (01/96/00) - #0098 removed because of shutdown.
[2015-02-03 17:07:39:064][org.logicalcobwebs.proxool.ConnectionPool] Connection #98 closed
[2015-02-03 17:07:39:065][org.logicalcobwebs.proxool.ConnectionPool] 000002 (01/95/00) - #0097 removed because of shutdown.
[2015-02-03 17:07:39:065][org.logicalcobwebs.proxool.ConnectionPool] Connection #97 closed
[2015-02-03 17:07:39:066][org.logicalcobwebs.proxool.ConnectionPool] 000002 (01/94/00) - #0096 removed because of shutdown.
[2015-02-03 17:07:39:066][org.logicalcobwebs.proxool.ConnectionPool] Connection #96 closed
[2015-02-03 17:07:39:067][org.logicalcobwebs.proxool.ConnectionPool] 000002 (01/93/00) - #0095 removed because of shutdown.
[2015-02-03 17:07:39:067][org.logicalcobwebs.proxool.ConnectionPool] Connection #95 closed
[2015-02-03 17:07:39:068][org.logicalcobwebs.proxool.ConnectionPool] 000002 (01/92/00) - #0094 removed because of shutdown.
[2015-02-03 17:07:39:068][org.logicalcobwebs.proxool.ConnectionPool] Connection #94 closed
[2015-02-03 17:07:39:069][org.logicalcobwebs.proxool.ConnectionPool] 000002 (01/91/00) - #0093 removed because of shutdown.
[2015-02-03 17:07:39:069][org.logicalcobwebs.proxool.ConnectionPool] Connection #93 closed
[2015-02-03 17:07:39:070][org.logicalcobwebs.proxool.ConnectionPool] 000002 (01/90/00) - #0092 removed because of shutdown.
[2015-02-03 17:07:39:070][org.logicalcobwebs.proxool.ConnectionPool] Connection #92 closed
[2015-02-03 17:07:39:070][org.logicalcobwebs.proxool.ConnectionPool] 000002 (01/89/00) - #0091 removed because of shutdown.
[2015-02-03 17:07:39:071][org.logicalcobwebs.proxool.ConnectionPool] Connection #91 closed
[2015-02-03 17:07:39:071][org.logicalcobwebs.proxool.ConnectionPool] 000002 (01/88/00) - #0090 removed because of shutdown.
[2015-02-03 17:07:39:072][org.logicalcobwebs.proxool.ConnectionPool] Connection #90 closed
[2015-02-03 17:07:39:072][org.logicalcobwebs.proxool.ConnectionPool] 000002 (01/87/00) - #0089 removed because of shutdown.
[2015-02-03 17:07:39:072][org.logicalcobwebs.proxool.ConnectionPool] Connection #89 closed
[2015-02-03 17:07:39:073][org.logicalcobwebs.proxool.ConnectionPool] 000002 (01/86/00) - #0088 removed because of shutdown.
[2015-02-03 17:07:39:073][org.logicalcobwebs.proxool.ConnectionPool] Connection #88 closed
[2015-02-03 17:07:39:074][org.logicalcobwebs.proxool.ConnectionPool] 000002 (01/85/00) - #0087 removed because of shutdown.
[2015-02-03 17:07:39:074][org.logicalcobwebs.proxool.ConnectionPool] Connection #87 closed
[2015-02-03 17:07:39:075][org.logicalcobwebs.proxool.ConnectionPool] 000002 (01/84/00) - #0086 removed because of shutdown.
[2015-02-03 17:07:39:075][org.logicalcobwebs.proxool.ConnectionPool] Connection #86 closed
[2015-02-03 17:07:39:076][org.logicalcobwebs.proxool.ConnectionPool] 000002 (01/83/00) - #0085 removed because of shutdown.
[2015-02-03 17:07:39:076][org.logicalcobwebs.proxool.ConnectionPool] Connection #85 closed
[2015-02-03 17:07:39:077][org.logicalcobwebs.proxool.ConnectionPool] 000002 (01/82/00) - #0084 removed because of shutdown.
[2015-02-03 17:07:39:077][org.logicalcobwebs.proxool.ConnectionPool] Connection #84 closed
[2015-02-03 17:07:39:078][org.logicalcobwebs.proxool.ConnectionPool] 000002 (01/81/00) - #0083 removed because of shutdown.
[2015-02-03 17:07:39:078][org.logicalcobwebs.proxool.ConnectionPool] Connection #83 closed
[2015-02-03 17:07:39:078][org.logicalcobwebs.proxool.ConnectionPool] 000002 (01/80/00) - #0082 removed because of shutdown.
[2015-02-03 17:07:39:079][org.logicalcobwebs.proxool.ConnectionPool] Connection #82 closed
[2015-02-03 17:07:39:079][org.logicalcobwebs.proxool.ConnectionPool] 000002 (01/79/00) - #0081 removed because of shutdown.
[2015-02-03 17:07:39:079][org.logicalcobwebs.proxool.ConnectionPool] Connection #81 closed
[2015-02-03 17:07:39:080][org.logicalcobwebs.proxool.ConnectionPool] 000002 (01/78/00) - #0080 removed because of shutdown.
[2015-02-03 17:07:39:080][org.logicalcobwebs.proxool.ConnectionPool] Connection #80 closed
[2015-02-03 17:07:39:081][org.logicalcobwebs.proxool.ConnectionPool] 000002 (01/77/00) - #0079 removed because of shutdown.
[2015-02-03 17:07:39:081][org.logicalcobwebs.proxool.ConnectionPool] Connection #79 closed
[2015-02-03 17:07:39:081][org.logicalcobwebs.proxool.ConnectionPool] 000002 (01/76/00) - #0078 removed because of shutdown.
[2015-02-03 17:07:39:081][org.logicalcobwebs.proxool.ConnectionPool] Connection #78 closed
[2015-02-03 17:07:39:082][org.logicalcobwebs.proxool.ConnectionPool] 000002 (01/75/00) - #0077 removed because of shutdown.
[2015-02-03 17:07:39:082][org.logicalcobwebs.proxool.ConnectionPool] Connection #77 closed
[2015-02-03 17:07:39:082][org.logicalcobwebs.proxool.ConnectionPool] 000002 (01/74/00) - #0076 removed because of shutdown.
[2015-02-03 17:07:39:083][org.logicalcobwebs.proxool.ConnectionPool] Connection #76 closed
[2015-02-03 17:07:39:083][org.logicalcobwebs.proxool.ConnectionPool] 000002 (01/73/00) - #0075 removed because of shutdown.
[2015-02-03 17:07:39:083][org.logicalcobwebs.proxool.ConnectionPool] Connection #75 closed
[2015-02-03 17:07:39:084][org.logicalcobwebs.proxool.ConnectionPool] 000002 (01/72/00) - #0074 removed because of shutdown.
[2015-02-03 17:07:39:084][org.logicalcobwebs.proxool.ConnectionPool] Connection #74 closed
[2015-02-03 17:07:39:084][org.logicalcobwebs.proxool.ConnectionPool] 000002 (01/71/00) - #0073 removed because of shutdown.
[2015-02-03 17:07:39:085][org.logicalcobwebs.proxool.ConnectionPool] Connection #73 closed
[2015-02-03 17:07:39:085][org.logicalcobwebs.proxool.ConnectionPool] 000002 (01/70/00) - #0072 removed because of shutdown.
[2015-02-03 17:07:39:085][org.logicalcobwebs.proxool.ConnectionPool] Connection #72 closed
[2015-02-03 17:07:39:086][org.logicalcobwebs.proxool.ConnectionPool] 000002 (01/69/00) - #0071 removed because of shutdown.
[2015-02-03 17:07:39:086][org.logicalcobwebs.proxool.ConnectionPool] Connection #71 closed
[2015-02-03 17:07:39:086][org.logicalcobwebs.proxool.ConnectionPool] 000002 (01/68/00) - #0070 removed because of shutdown.
[2015-02-03 17:07:39:086][org.logicalcobwebs.proxool.ConnectionPool] Connection #70 closed
[2015-02-03 17:07:39:087][org.logicalcobwebs.proxool.ConnectionPool] 000002 (01/67/00) - #0069 removed because of shutdown.
[2015-02-03 17:07:39:087][org.logicalcobwebs.proxool.ConnectionPool] Connection #69 closed
[2015-02-03 17:07:39:087][org.logicalcobwebs.proxool.ConnectionPool] 000002 (01/66/00) - #0068 removed because of shutdown.
[2015-02-03 17:07:39:088][org.logicalcobwebs.proxool.ConnectionPool] Connection #68 closed
[2015-02-03 17:07:39:088][org.logicalcobwebs.proxool.ConnectionPool] 000002 (01/65/00) - #0067 removed because of shutdown.
[2015-02-03 17:07:39:088][org.logicalcobwebs.proxool.ConnectionPool] Connection #67 closed
[2015-02-03 17:07:39:089][org.logicalcobwebs.proxool.ConnectionPool] 000002 (01/64/00) - #0066 removed because of shutdown.
[2015-02-03 17:07:39:089][org.logicalcobwebs.proxool.ConnectionPool] Connection #66 closed
[2015-02-03 17:07:39:090][org.logicalcobwebs.proxool.ConnectionPool] 000002 (01/63/00) - #0065 removed because of shutdown.
[2015-02-03 17:07:39:090][org.logicalcobwebs.proxool.ConnectionPool] Connection #65 closed
[2015-02-03 17:07:39:091][org.logicalcobwebs.proxool.ConnectionPool] 000002 (01/62/00) - #0064 removed because of shutdown.
[2015-02-03 17:07:39:091][org.logicalcobwebs.proxool.ConnectionPool] Connection #64 closed
[2015-02-03 17:07:39:092][org.logicalcobwebs.proxool.ConnectionPool] 000002 (01/61/00) - #0063 removed because of shutdown.
[2015-02-03 17:07:39:092][org.logicalcobwebs.proxool.ConnectionPool] Connection #63 closed
[2015-02-03 17:07:39:092][org.logicalcobwebs.proxool.ConnectionPool] 000002 (01/60/00) - #0062 removed because of shutdown.
[2015-02-03 17:07:39:092][org.logicalcobwebs.proxool.ConnectionPool] Connection #62 closed
[2015-02-03 17:07:39:093][org.logicalcobwebs.proxool.ConnectionPool] 000002 (01/59/00) - #0061 removed because of shutdown.
[2015-02-03 17:07:39:093][org.logicalcobwebs.proxool.ConnectionPool] Connection #61 closed
[2015-02-03 17:07:39:093][org.logicalcobwebs.proxool.ConnectionPool] 000002 (01/58/00) - #0060 removed because of shutdown.
[2015-02-03 17:07:39:093][org.logicalcobwebs.proxool.ConnectionPool] Connection #60 closed
[2015-02-03 17:07:39:094][org.logicalcobwebs.proxool.ConnectionPool] 000002 (01/57/00) - #0059 removed because of shutdown.
[2015-02-03 17:07:39:094][org.logicalcobwebs.proxool.ConnectionPool] Connection #59 closed
[2015-02-03 17:07:39:095][org.logicalcobwebs.proxool.ConnectionPool] 000002 (01/56/00) - #0058 removed because of shutdown.
[2015-02-03 17:07:39:095][org.logicalcobwebs.proxool.ConnectionPool] Connection #58 closed
[2015-02-03 17:07:39:095][org.logicalcobwebs.proxool.ConnectionPool] 000002 (01/55/00) - #0057 removed because of shutdown.
[2015-02-03 17:07:39:095][org.logicalcobwebs.proxool.ConnectionPool] Connection #57 closed
[2015-02-03 17:07:39:096][org.logicalcobwebs.proxool.ConnectionPool] 000002 (01/54/00) - #0056 removed because of shutdown.
[2015-02-03 17:07:39:096][org.logicalcobwebs.proxool.ConnectionPool] Connection #56 closed
[2015-02-03 17:07:39:096][org.logicalcobwebs.proxool.ConnectionPool] 000002 (01/53/00) - #0055 removed because of shutdown.
[2015-02-03 17:07:39:097][org.logicalcobwebs.proxool.ConnectionPool] Connection #55 closed
[2015-02-03 17:07:39:097][org.logicalcobwebs.proxool.ConnectionPool] 000002 (01/52/00) - #0054 removed because of shutdown.
[2015-02-03 17:07:39:097][org.logicalcobwebs.proxool.ConnectionPool] Connection #54 closed
[2015-02-03 17:07:39:098][org.logicalcobwebs.proxool.ConnectionPool] 000002 (01/51/00) - #0053 removed because of shutdown.
[2015-02-03 17:07:39:098][org.logicalcobwebs.proxool.ConnectionPool] Connection #53 closed
[2015-02-03 17:07:39:098][org.logicalcobwebs.proxool.ConnectionPool] 000002 (01/50/00) - #0052 removed because of shutdown.
[2015-02-03 17:07:39:098][org.logicalcobwebs.proxool.ConnectionPool] Connection #52 closed
[2015-02-03 17:07:39:099][org.logicalcobwebs.proxool.ConnectionPool] 000002 (01/49/00) - #0051 removed because of shutdown.
[2015-02-03 17:07:39:099][org.logicalcobwebs.proxool.ConnectionPool] Connection #51 closed
[2015-02-03 17:07:39:100][org.logicalcobwebs.proxool.ConnectionPool] 000002 (01/48/00) - #0050 removed because of shutdown.
[2015-02-03 17:07:39:100][org.logicalcobwebs.proxool.ConnectionPool] Connection #50 closed
[2015-02-03 17:07:39:100][org.logicalcobwebs.proxool.ConnectionPool] 000002 (01/47/00) - #0049 removed because of shutdown.
[2015-02-03 17:07:39:101][org.logicalcobwebs.proxool.ConnectionPool] Connection #49 closed
[2015-02-03 17:07:39:101][org.logicalcobwebs.proxool.ConnectionPool] 000002 (01/46/00) - #0048 removed because of shutdown.
[2015-02-03 17:07:39:101][org.logicalcobwebs.proxool.ConnectionPool] Connection #48 closed
[2015-02-03 17:07:39:102][org.logicalcobwebs.proxool.ConnectionPool] 000002 (01/45/00) - #0047 removed because of shutdown.
[2015-02-03 17:07:39:102][org.logicalcobwebs.proxool.ConnectionPool] Connection #47 closed
[2015-02-03 17:07:39:102][org.logicalcobwebs.proxool.ConnectionPool] 000002 (01/44/00) - #0046 removed because of shutdown.
[2015-02-03 17:07:39:102][org.logicalcobwebs.proxool.ConnectionPool] Connection #46 closed
[2015-02-03 17:07:39:103][org.logicalcobwebs.proxool.ConnectionPool] 000002 (01/43/00) - #0045 removed because of shutdown.
[2015-02-03 17:07:39:103][org.logicalcobwebs.proxool.ConnectionPool] Connection #45 closed
[2015-02-03 17:07:39:103][org.logicalcobwebs.proxool.ConnectionPool] 000002 (01/42/00) - #0044 removed because of shutdown.
[2015-02-03 17:07:39:104][org.logicalcobwebs.proxool.ConnectionPool] Connection #44 closed
[2015-02-03 17:07:39:104][org.logicalcobwebs.proxool.ConnectionPool] 000002 (01/41/00) - #0043 removed because of shutdown.
[2015-02-03 17:07:39:104][org.logicalcobwebs.proxool.ConnectionPool] Connection #43 closed
[2015-02-03 17:07:39:105][org.logicalcobwebs.proxool.ConnectionPool] 000002 (01/40/00) - #0042 removed because of shutdown.
[2015-02-03 17:07:39:105][org.logicalcobwebs.proxool.ConnectionPool] Connection #42 closed
[2015-02-03 17:07:39:105][org.logicalcobwebs.proxool.ConnectionPool] 000002 (01/39/00) - #0041 removed because of shutdown.
[2015-02-03 17:07:39:106][org.logicalcobwebs.proxool.ConnectionPool] Connection #41 closed
[2015-02-03 17:07:39:106][org.logicalcobwebs.proxool.ConnectionPool] 000002 (01/38/00) - #0040 removed because of shutdown.
[2015-02-03 17:07:39:106][org.logicalcobwebs.proxool.ConnectionPool] Connection #40 closed
[2015-02-03 17:07:39:107][org.logicalcobwebs.proxool.ConnectionPool] 000002 (01/37/00) - #0039 removed because of shutdown.
[2015-02-03 17:07:39:107][org.logicalcobwebs.proxool.ConnectionPool] Connection #39 closed
[2015-02-03 17:07:39:108][org.logicalcobwebs.proxool.ConnectionPool] 000002 (01/36/00) - #0038 removed because of shutdown.
[2015-02-03 17:07:39:108][org.logicalcobwebs.proxool.ConnectionPool] Connection #38 closed
[2015-02-03 17:07:39:109][org.logicalcobwebs.proxool.ConnectionPool] 000002 (01/35/00) - #0037 removed because of shutdown.
[2015-02-03 17:07:39:109][org.logicalcobwebs.proxool.ConnectionPool] Connection #37 closed
[2015-02-03 17:07:39:109][org.logicalcobwebs.proxool.ConnectionPool] 000002 (01/34/00) - #0036 removed because of shutdown.
[2015-02-03 17:07:39:110][org.logicalcobwebs.proxool.ConnectionPool] Connection #36 closed
[2015-02-03 17:07:39:110][org.logicalcobwebs.proxool.ConnectionPool] 000002 (01/33/00) - #0035 removed because of shutdown.
[2015-02-03 17:07:39:110][org.logicalcobwebs.proxool.ConnectionPool] Connection #35 closed
[2015-02-03 17:07:39:111][org.logicalcobwebs.proxool.ConnectionPool] 000002 (01/32/00) - #0034 removed because of shutdown.
[2015-02-03 17:07:39:111][org.logicalcobwebs.proxool.ConnectionPool] Connection #34 closed
[2015-02-03 17:07:39:111][org.logicalcobwebs.proxool.ConnectionPool] 000002 (01/31/00) - #0033 removed because of shutdown.
[2015-02-03 17:07:39:112][org.logicalcobwebs.proxool.ConnectionPool] Connection #33 closed
[2015-02-03 17:07:39:112][org.logicalcobwebs.proxool.ConnectionPool] 000002 (01/30/00) - #0032 removed because of shutdown.
[2015-02-03 17:07:39:112][org.logicalcobwebs.proxool.ConnectionPool] Connection #32 closed
[2015-02-03 17:07:39:113][org.logicalcobwebs.proxool.ConnectionPool] 000002 (01/29/00) - #0031 removed because of shutdown.
[2015-02-03 17:07:39:113][org.logicalcobwebs.proxool.ConnectionPool] Connection #31 closed
[2015-02-03 17:07:39:113][org.logicalcobwebs.proxool.ConnectionPool] 000002 (01/28/00) - #0030 removed because of shutdown.
[2015-02-03 17:07:39:114][org.logicalcobwebs.proxool.ConnectionPool] Connection #30 closed
[2015-02-03 17:07:39:114][org.logicalcobwebs.proxool.ConnectionPool] 000002 (01/27/00) - #0029 removed because of shutdown.
[2015-02-03 17:07:39:114][org.logicalcobwebs.proxool.ConnectionPool] Connection #29 closed
[2015-02-03 17:07:39:115][org.logicalcobwebs.proxool.ConnectionPool] 000002 (01/26/00) - #0028 removed because of shutdown.
[2015-02-03 17:07:39:115][org.logicalcobwebs.proxool.ConnectionPool] Connection #28 closed
[2015-02-03 17:07:39:115][org.logicalcobwebs.proxool.ConnectionPool] 000002 (01/25/00) - #0027 removed because of shutdown.
[2015-02-03 17:07:39:116][org.logicalcobwebs.proxool.ConnectionPool] Connection #27 closed
[2015-02-03 17:07:39:116][org.logicalcobwebs.proxool.ConnectionPool] 000002 (01/24/00) - #0026 removed because of shutdown.
[2015-02-03 17:07:39:116][org.logicalcobwebs.proxool.ConnectionPool] Connection #26 closed
[2015-02-03 17:07:39:117][org.logicalcobwebs.proxool.ConnectionPool] 000002 (01/23/00) - #0025 removed because of shutdown.
[2015-02-03 17:07:39:117][org.logicalcobwebs.proxool.ConnectionPool] Connection #25 closed
[2015-02-03 17:07:39:117][org.logicalcobwebs.proxool.ConnectionPool] 000002 (01/22/00) - #0024 removed because of shutdown.
[2015-02-03 17:07:39:117][org.logicalcobwebs.proxool.ConnectionPool] Connection #24 closed
[2015-02-03 17:07:39:118][org.logicalcobwebs.proxool.ConnectionPool] 000002 (01/21/00) - #0023 removed because of shutdown.
[2015-02-03 17:07:39:118][org.logicalcobwebs.proxool.ConnectionPool] Connection #23 closed
[2015-02-03 17:07:39:119][org.logicalcobwebs.proxool.ConnectionPool] 000002 (01/20/00) - #0022 removed because of shutdown.
[2015-02-03 17:07:39:119][org.logicalcobwebs.proxool.ConnectionPool] Connection #22 closed
[2015-02-03 17:07:39:120][org.logicalcobwebs.proxool.ConnectionPool] 000002 (01/19/00) - #0021 removed because of shutdown.
[2015-02-03 17:07:39:120][org.logicalcobwebs.proxool.ConnectionPool] Connection #21 closed
[2015-02-03 17:07:39:120][org.logicalcobwebs.proxool.ConnectionPool] 000002 (01/18/00) - #0020 removed because of shutdown.
[2015-02-03 17:07:39:120][org.logicalcobwebs.proxool.ConnectionPool] Connection #20 closed
[2015-02-03 17:07:39:121][org.logicalcobwebs.proxool.ConnectionPool] 000002 (01/17/00) - #0019 removed because of shutdown.
[2015-02-03 17:07:39:121][org.logicalcobwebs.proxool.ConnectionPool] Connection #19 closed
[2015-02-03 17:07:39:122][org.logicalcobwebs.proxool.ConnectionPool] 000002 (01/16/00) - #0018 removed because of shutdown.
[2015-02-03 17:07:39:122][org.logicalcobwebs.proxool.ConnectionPool] Connection #18 closed
[2015-02-03 17:07:39:122][org.logicalcobwebs.proxool.ConnectionPool] 000002 (01/15/00) - #0017 removed because of shutdown.
[2015-02-03 17:07:39:123][org.logicalcobwebs.proxool.ConnectionPool] Connection #17 closed
[2015-02-03 17:07:39:123][org.logicalcobwebs.proxool.ConnectionPool] 000002 (01/14/00) - #0016 removed because of shutdown.
[2015-02-03 17:07:39:123][org.logicalcobwebs.proxool.ConnectionPool] Connection #16 closed
[2015-02-03 17:07:39:124][org.logicalcobwebs.proxool.ConnectionPool] 000002 (01/13/00) - #0015 removed because of shutdown.
[2015-02-03 17:07:39:124][org.logicalcobwebs.proxool.ConnectionPool] Connection #15 closed
[2015-02-03 17:07:39:124][org.logicalcobwebs.proxool.ConnectionPool] 000002 (01/12/00) - #0014 removed because of shutdown.
[2015-02-03 17:07:39:124][org.logicalcobwebs.proxool.ConnectionPool] Connection #14 closed
[2015-02-03 17:07:39:125][org.logicalcobwebs.proxool.ConnectionPool] 000002 (01/11/00) - #0013 removed because of shutdown.
[2015-02-03 17:07:39:125][org.logicalcobwebs.proxool.ConnectionPool] Connection #13 closed
[2015-02-03 17:07:39:126][org.logicalcobwebs.proxool.ConnectionPool] 000002 (01/10/00) - #0012 removed because of shutdown.
[2015-02-03 17:07:39:126][org.logicalcobwebs.proxool.ConnectionPool] Connection #12 closed
[2015-02-03 17:07:39:142][org.logicalcobwebs.proxool.ConnectionPool] 000002 (01/09/00) - #0011 removed because of shutdown.
[2015-02-03 17:07:39:142][org.logicalcobwebs.proxool.ConnectionPool] Connection #11 closed
[2015-02-03 17:07:39:144][org.logicalcobwebs.proxool.ConnectionPool] 000002 (01/08/00) - #0010 removed because of shutdown.
[2015-02-03 17:07:39:147][org.logicalcobwebs.proxool.ConnectionPool] Connection #10 closed
[2015-02-03 17:07:39:148][org.logicalcobwebs.proxool.ConnectionPool] 000002 (01/07/00) - #0009 removed because of shutdown.
[2015-02-03 17:07:39:148][org.logicalcobwebs.proxool.ConnectionPool] Connection #9 closed
[2015-02-03 17:07:39:149][org.logicalcobwebs.proxool.ConnectionPool] 000002 (01/06/00) - #0008 removed because of shutdown.
[2015-02-03 17:07:39:149][org.logicalcobwebs.proxool.ConnectionPool] Connection #8 closed
[2015-02-03 17:07:39:149][org.logicalcobwebs.proxool.ConnectionPool] 000002 (01/05/00) - #0007 removed because of shutdown.
[2015-02-03 17:07:39:150][org.logicalcobwebs.proxool.ConnectionPool] Connection #7 closed
[2015-02-03 17:07:39:150][org.logicalcobwebs.proxool.ConnectionPool] 000002 (01/04/00) - #0006 removed because of shutdown.
[2015-02-03 17:07:39:150][org.logicalcobwebs.proxool.ConnectionPool] Connection #6 closed
[2015-02-03 17:07:39:151][org.logicalcobwebs.proxool.ConnectionPool] 000002 (01/03/00) - #0005 removed because of shutdown.
[2015-02-03 17:07:39:151][org.logicalcobwebs.proxool.ConnectionPool] Connection #5 closed
[2015-02-03 17:07:39:151][org.logicalcobwebs.proxool.ConnectionPool] 000002 (01/02/00) - #0004 removed because of shutdown.
[2015-02-03 17:07:39:151][org.logicalcobwebs.proxool.ConnectionPool] Connection #4 closed
[2015-02-03 17:07:39:152][org.logicalcobwebs.proxool.ConnectionPool] 000002 (01/01/00) - #0003 removed because of shutdown.
[2015-02-03 17:07:39:152][org.logicalcobwebs.proxool.ConnectionPool] Connection #3 closed
[2015-02-03 17:07:39:153][org.logicalcobwebs.proxool.ConnectionPool] 000002 (00/00/00) - #0001 removed because of shutdown.
[2015-02-03 17:07:39:153][org.logicalcobwebs.proxool.ConnectionPool] Connection #1 closed
[2015-02-03 17:07:39:153][org.logicalcobwebs.proxool.ConnectionPool] 'DBPool' pool has been closed down by Shutdown Hook in 102 milliseconds.
[2015-02-03 17:07:39:153][org.logicalcobwebs.proxool.PrototyperController] Stopping Prototyper thread
[2015-02-03 17:07:39:154][org.logicalcobwebs.proxool.HouseKeeperController] Stopping HouseKeeper thread
