[2015-02-10 18:15:00:028][cn.jpush.api.common.connection.NativeHttpClient] Created instance with _maxRetryTimes = 3
[2015-02-10 18:15:00:214][cn.jpush.api.common.connection.NativeHttpClient] Created instance with _maxRetryTimes = 3
[2015-02-10 18:15:00:216][cn.jpush.api.common.connection.NativeHttpClient] Created instance with _maxRetryTimes = 3
[2015-02-10 18:15:00:265][cn.jpush.api.push.model.notification.AndroidNotification$Builder] Null extras param. Throw away it.
[2015-02-10 18:15:00:276][cn.jpush.api.common.connection.NativeHttpClient] Send request - POST https://api.jpush.cn/v3/push
[2015-02-10 18:15:00:276][cn.jpush.api.common.connection.NativeHttpClient] Request Content - {"platform":"all","audience":"all","notification":{"android":{"alert":"1423563300217 门磁  报警了！","title":"通知!"}},"options":{"sendno":1040153678,"apns_production":false}}
[2015-02-10 18:15:00:669][cn.jpush.api.common.resp.ResponseWrapper] JPush API Rate Limiting params - quota:600, remaining:599, reset:60
[2015-02-10 18:15:00:669][cn.jpush.api.common.connection.NativeHttpClient] Succeed to get response - 200 OK
[2015-02-10 18:15:00:669][cn.jpush.api.common.connection.NativeHttpClient] Response Content - {"sendno":"1040153678","msg_id":"1688097024"}
[2015-02-10 18:15:00:689][com.lin.test.JpushTest] Got result{"msg_id":1688097024,"sendno":1040153678}
[2015-02-10 18:16:26:442][cn.jpush.api.common.connection.NativeHttpClient] Created instance with _maxRetryTimes = 3
[2015-02-10 18:16:26:624][cn.jpush.api.common.connection.NativeHttpClient] Created instance with _maxRetryTimes = 3
[2015-02-10 18:16:26:627][cn.jpush.api.common.connection.NativeHttpClient] Created instance with _maxRetryTimes = 3
[2015-02-10 18:16:26:674][cn.jpush.api.push.model.notification.AndroidNotification$Builder] Null extras param. Throw away it.
[2015-02-10 18:16:26:686][cn.jpush.api.common.connection.NativeHttpClient] Send request - POST https://api.jpush.cn/v3/push
[2015-02-10 18:16:26:687][cn.jpush.api.common.connection.NativeHttpClient] Request Content - {"platform":"all","audience":"all","notification":{"android":{"alert":"Tue Feb 10 18:16:26 CST 2015 门磁  报警了！","title":"通知"}},"options":{"sendno":1569352804,"apns_production":false}}
[2015-02-10 18:16:27:664][cn.jpush.api.common.resp.ResponseWrapper] JPush API Rate Limiting params - quota:600, remaining:599, reset:60
[2015-02-10 18:16:27:665][cn.jpush.api.common.connection.NativeHttpClient] Succeed to get response - 200 OK
[2015-02-10 18:16:27:665][cn.jpush.api.common.connection.NativeHttpClient] Response Content - {"sendno":"1569352804","msg_id":"417056424"}
[2015-02-10 18:16:27:685][com.lin.test.JpushTest] Got result{"msg_id":417056424,"sendno":1569352804}
[2015-02-10 18:16:57:100][cn.jpush.api.common.connection.NativeHttpClient] Created instance with _maxRetryTimes = 3
[2015-02-10 18:16:57:286][cn.jpush.api.common.connection.NativeHttpClient] Created instance with _maxRetryTimes = 3
[2015-02-10 18:16:57:288][cn.jpush.api.common.connection.NativeHttpClient] Created instance with _maxRetryTimes = 3
[2015-02-10 18:16:57:336][cn.jpush.api.push.model.notification.AndroidNotification$Builder] Null extras param. Throw away it.
[2015-02-10 18:16:57:346][cn.jpush.api.common.connection.NativeHttpClient] Send request - POST https://api.jpush.cn/v3/push
[2015-02-10 18:16:57:346][cn.jpush.api.common.connection.NativeHttpClient] Request Content - {"platform":"all","audience":"all","notification":{"android":{"alert":"10 Feb 2015 10:16:57 GMT 门磁  报警了！","title":"通知"}},"options":{"sendno":1474150437,"apns_production":false}}
[2015-02-10 18:16:57:763][cn.jpush.api.common.resp.ResponseWrapper] JPush API Rate Limiting params - quota:600, remaining:598, reset:30
[2015-02-10 18:16:57:763][cn.jpush.api.common.connection.NativeHttpClient] Succeed to get response - 200 OK
[2015-02-10 18:16:57:763][cn.jpush.api.common.connection.NativeHttpClient] Response Content - {"sendno":"1474150437","msg_id":"1688107739"}
[2015-02-10 18:16:57:784][com.lin.test.JpushTest] Got result{"msg_id":1688107739,"sendno":1474150437}
[2015-02-10 18:17:14:170][cn.jpush.api.common.connection.NativeHttpClient] Created instance with _maxRetryTimes = 3
[2015-02-10 18:17:14:362][cn.jpush.api.common.connection.NativeHttpClient] Created instance with _maxRetryTimes = 3
[2015-02-10 18:17:14:364][cn.jpush.api.common.connection.NativeHttpClient] Created instance with _maxRetryTimes = 3
[2015-02-10 18:17:14:412][cn.jpush.api.push.model.notification.AndroidNotification$Builder] Null extras param. Throw away it.
[2015-02-10 18:17:14:423][cn.jpush.api.common.connection.NativeHttpClient] Send request - POST https://api.jpush.cn/v3/push
[2015-02-10 18:17:14:423][cn.jpush.api.common.connection.NativeHttpClient] Request Content - {"platform":"all","audience":"all","notification":{"android":{"alert":"2015-2-10 18:17:14 门磁  报警了！","title":"通知"}},"options":{"sendno":465446913,"apns_production":false}}
[2015-02-10 18:17:15:664][cn.jpush.api.common.resp.ResponseWrapper] JPush API Rate Limiting params - quota:600, remaining:597, reset:13
[2015-02-10 18:17:15:664][cn.jpush.api.common.connection.NativeHttpClient] Succeed to get response - 200 OK
[2015-02-10 18:17:15:664][cn.jpush.api.common.connection.NativeHttpClient] Response Content - {"sendno":"465446913","msg_id":"1688109150"}
[2015-02-10 18:17:15:684][com.lin.test.JpushTest] Got result{"msg_id":1688109150,"sendno":465446913}
