[2014-12-18 10:16:04:811][com.switek.netseed.server.ui.ServerForm] test
[2014-12-18 10:16:04:811][com.switek.netseed.server.ui.ServerForm] T1-Starting the server...
[2014-12-18 10:16:04:811][com.switek.netseed.server.ui.ServerForm] T1-Socket IO Processor: 64
[2014-12-18 10:16:04:826][com.switek.netseed.server.ui.ServerForm] T1-Socket IO Pool: 64
[2014-12-18 10:16:04:826][com.switek.netseed.server.ui.ServerForm] T10-Loading standard IR code list from database...
[2014-12-18 10:16:04:842][org.logicalcobwebs.proxool.configuration.JAXPConfigurator] Configuring from reader: java.io.InputStreamReader@7fe5a19e
[2014-12-18 10:16:04:842][org.logicalcobwebs.proxool.configuration.JAXPConfigurator] SAXParserFactory class: com.sun.org.apache.xerces.internal.jaxp.SAXParserFactoryImpl
[2014-12-18 10:16:04:857][org.logicalcobwebs.proxool.configuration.JAXPConfigurator] sax parser classcom.sun.org.apache.xerces.internal.jaxp.SAXParserImpl
[2014-12-18 10:16:04:857][org.logicalcobwebs.proxool.configuration.JAXPConfigurator] XML reader class: com.sun.org.apache.xerces.internal.jaxp.SAXParserImpl$JAXPSAXParser
[2014-12-18 10:16:04:857][org.logicalcobwebs.proxool.configuration.JAXPConfigurator] Setting sax feature: 'http://xml.org/sax/features/namespaces'. State: true.
[2014-12-18 10:16:04:857][org.logicalcobwebs.proxool.configuration.JAXPConfigurator] Setting sax feature: 'http://xml.org/sax/features/namespace-prefixes'. State: false.
[2014-12-18 10:16:04:857][org.logicalcobwebs.proxool.configuration.XMLConfigurator] Adding driver property: user=cziotappuser
[2014-12-18 10:16:04:857][org.logicalcobwebs.proxool.configuration.XMLConfigurator] Adding driver property: password=*******
[2014-12-18 10:16:04:857][org.logicalcobwebs.proxool.configuration.XMLConfigurator] Setting property 'proxool.simultaneous-build-throttle' to value '10'.
[2014-12-18 10:16:04:857][org.logicalcobwebs.proxool.configuration.XMLConfigurator] Setting property 'proxool.maximum-connection-count' to value '5'.
[2014-12-18 10:16:04:857][org.logicalcobwebs.proxool.configuration.XMLConfigurator] Setting property 'proxool.minimum-connection-count' to value '2'.
[2014-12-18 10:16:04:857][org.logicalcobwebs.proxool.configuration.XMLConfigurator] Setting property 'proxool.house-keeping-sleep-time' to value '120000'.
[2014-12-18 10:16:04:857][org.logicalcobwebs.proxool.configuration.XMLConfigurator] Setting property 'proxool.prototype-count' to value '2'.
[2014-12-18 10:16:04:857][org.logicalcobwebs.proxool.configuration.XMLConfigurator] Setting property 'proxool.test-before-use' to value 'true'.
[2014-12-18 10:16:04:857][org.logicalcobwebs.proxool.configuration.XMLConfigurator] Setting property 'proxool.house-keeping-test-sql' to value 'select 1'.
[2014-12-18 10:16:04:857][org.logicalcobwebs.proxool.configuration.XMLConfigurator] Created url: proxool.DBPool:com.mysql.jdbc.Driver:jdbc:mysql://localhost:13306/cziot
[2014-12-18 10:16:04:873][org.logicalcobwebs.proxool.ProxoolFacade] Proxool 0.9.1 (23-Aug-2008 11:10)
[2014-12-18 10:16:04:889][org.logicalcobwebs.proxool.ConnectionPoolDefinition] Recognised proxool property: proxool.driver=com.mysql.jdbc.Driver
[2014-12-18 10:16:04:889][org.logicalcobwebs.proxool.ConnectionPoolDefinition] Recognised proxool property: proxool.url=jdbc:mysql://localhost:13306/cziot
[2014-12-18 10:16:04:889][org.logicalcobwebs.proxool.ConnectionPoolDefinition] Recognised proxool property: proxool.minimum-connection-count=2
[2014-12-18 10:16:04:889][org.logicalcobwebs.proxool.ConnectionPoolDefinition] Recognised proxool property: proxool.test-before-use=true
[2014-12-18 10:16:04:889][org.logicalcobwebs.proxool.ConnectionPoolDefinition] Delegating property to driver: user=cziotappuser
[2014-12-18 10:16:04:889][org.logicalcobwebs.proxool.ConnectionPoolDefinition] Recognised proxool property: proxool.house-keeping-sleep-time=120000
[2014-12-18 10:16:04:889][org.logicalcobwebs.proxool.ConnectionPoolDefinition] Recognised proxool property: proxool.prototype-count=2
[2014-12-18 10:16:04:889][org.logicalcobwebs.proxool.ConnectionPoolDefinition] Delegating property to driver: password=********
[2014-12-18 10:16:04:889][org.logicalcobwebs.proxool.ConnectionPoolDefinition] Recognised proxool property: proxool.maximum-connection-count=5
[2014-12-18 10:16:04:889][org.logicalcobwebs.proxool.ConnectionPoolDefinition] Recognised proxool property: proxool.house-keeping-test-sql=select 1
[2014-12-18 10:16:04:904][org.logicalcobwebs.proxool.ShutdownHook] Registered shutdownHook
[2014-12-18 10:16:04:904][org.logicalcobwebs.proxool.HouseKeeperController] Registering 'DBPool' house keeper
[2014-12-18 10:16:04:904][org.logicalcobwebs.proxool.HouseKeeperController] Starting a house keeper thread
[2014-12-18 10:16:05:091][org.logicalcobwebs.proxool.ConnectionResetter] Remembering default value: getTransactionIsolation() = 4
[2014-12-18 10:16:05:091][org.logicalcobwebs.proxool.ConnectionResetter] Remembering default value: getHoldability() = 2
[2014-12-18 10:16:05:091][org.logicalcobwebs.proxool.ConnectionResetter] Remembering default value: getCatalog() = cziot
[2014-12-18 10:16:05:107][org.logicalcobwebs.proxool.ConnectionResetter] Remembering default value: isReadOnly() = false
[2014-12-18 10:16:05:107][org.logicalcobwebs.proxool.ConnectionResetter] Remembering default value: getTypeMap() = {}
[2014-12-18 10:16:05:107][org.logicalcobwebs.proxool.ConnectionPool] Proxool statistics legend: "s - r  (a/t/o)" > s=served, r=refused (only shown if non-zero), a=active, t=total, o=offline (being tested)
[2014-12-18 10:16:05:107][org.logicalcobwebs.proxool.ConnectionPool] Proxool statistics legend: "s - r  (a/t/o)" > s=served, r=refused (only shown if non-zero), a=active, t=total, o=offline (being tested)
[2014-12-18 10:16:05:107][org.logicalcobwebs.proxool.Prototyper] 000000 (01/02/00) - Connection #1 created to achieve minimum of 2 = AVAILABLE
[2014-12-18 10:16:05:107][org.logicalcobwebs.proxool.Prototyper] 000000 (01/02/00) - Connection #2 created on demand = ACTIVE
[2014-12-18 10:16:05:107][org.logicalcobwebs.proxool.ConnectionPool] 000000 (01/02/00) - Connection #2 tested: OK
[2014-12-18 10:16:05:123][org.logicalcobwebs.proxool.Prototyper] 000001 (01/03/00) - Connection #3 created to keep 2 available = AVAILABLE
[2014-12-18 10:16:05:154][org.logicalcobwebs.proxool.ProxyFactory] Implementing interface com.mysql.jdbc.Connection
[2014-12-18 10:16:05:154][org.logicalcobwebs.proxool.ProxyFactory] Implementing interface java.lang.AutoCloseable
[2014-12-18 10:16:05:154][org.logicalcobwebs.proxool.ProxyFactory] Implementing interface com.mysql.jdbc.ConnectionProperties
[2014-12-18 10:16:05:154][org.logicalcobwebs.proxool.ProxyFactory] Implementing interface java.sql.Connection
[2014-12-18 10:16:05:154][org.logicalcobwebs.proxool.ProxyFactory] Implementing interface com.mysql.jdbc.MySQLConnection
[2014-12-18 10:16:05:154][org.logicalcobwebs.proxool.ProxyFactory] Implementing interface java.sql.Wrapper
[2014-12-18 10:16:05:154][org.logicalcobwebs.proxool.ProxyFactory] Implementing interface java.io.Serializable
[2014-12-18 10:16:05:559][org.logicalcobwebs.proxool.ProxyFactory] Implementing interface java.lang.AutoCloseable
[2014-12-18 10:16:05:559][org.logicalcobwebs.proxool.ProxyFactory] Implementing interface java.sql.Statement
[2014-12-18 10:16:05:559][org.logicalcobwebs.proxool.ProxyFactory] Implementing interface java.sql.Wrapper
[2014-12-18 10:16:05:559][org.logicalcobwebs.proxool.ProxyFactory] Implementing interface com.mysql.jdbc.Statement
[2014-12-18 10:16:05:669][com.switek.netseed.server.ui.ServerForm] T10-Loading device type def from database...
[2014-12-18 10:16:05:684][com.switek.netseed.server.ui.ServerForm] T10-Done.
[2014-12-18 10:16:05:684][com.switek.netseed.server.ui.ServerForm] T10-Loading brand info list from database...
[2014-12-18 10:16:05:684][com.switek.netseed.server.ui.ServerForm] T10-Done
[2014-12-18 10:16:05:684][com.switek.netseed.server.ui.ServerForm] T10-Loading releationship of type and brand from database...
[2014-12-18 10:16:05:700][com.switek.netseed.server.ui.ServerForm] T10-Couldn't find brand: FRIGIDAIRE
[2014-12-18 10:16:05:700][com.switek.netseed.server.ui.ServerForm] T10-Done
[2014-12-18 10:16:05:700][com.switek.netseed.server.ui.ServerForm] T10-Loading controller list from database...
[2014-12-18 10:16:05:762][com.switek.netseed.server.ui.ServerForm] T10-There are 1450 controller(s)
[2014-12-18 10:16:05:762][com.switek.netseed.server.ui.ServerForm] T10-Loading subcontroller list from database...
[2014-12-18 10:16:05:793][com.switek.netseed.server.ui.ServerForm] T10-There are 1570 subcontroler(s).
[2014-12-18 10:16:05:793][com.switek.netseed.server.ui.ServerForm] T10-Loading device list from database...
[2014-12-18 10:16:05:840][com.switek.netseed.server.ui.ServerForm] T10-There are 1785 device(s).
[2014-12-18 10:16:05:840][com.switek.netseed.server.ui.ServerForm] T10-Loading learned IR code from database...
[2014-12-18 10:16:05:981][com.switek.netseed.server.ui.ServerForm] T10-Learned IR code are loaded!
[2014-12-18 10:16:05:981][com.switek.netseed.server.ui.ServerForm] T10-Loading app list from database...
[2014-12-18 10:16:05:996][com.switek.netseed.server.ui.ServerForm] T10-Loading timers...
[2014-12-18 10:16:05:996][com.switek.netseed.server.ui.ServerForm] T10-There are 1 timer(s)
[2014-12-18 10:16:05:996][com.switek.netseed.server.ui.ServerForm] T10-Loading timer steps...
[2014-12-18 10:16:05:996][com.switek.netseed.server.ui.ServerForm] T10-Completed to load timers.
[2014-12-18 10:16:05:996][com.switek.netseed.server.ui.ServerForm] T10-Setup schedule job engine.
[2014-12-18 10:16:06:012][com.switek.netseed.server.ui.ServerForm] T10-MaxThread: 100
[2014-12-18 10:16:06:012][com.switek.netseed.server.ui.ServerForm] T10-Starting the Netseed server...
[2014-12-18 10:16:06:168][com.switek.netseed.server.ui.ServerForm] T10-Netseed Server started, on QH-20141126YGNW/192.168.33.126:28899
[2014-12-18 10:17:13:341][com.switek.netseed.server.ui.ImportIRCodeForm$3$1] shell.isVisible(): true1418869033341
[2014-12-18 10:17:18:349][com.switek.netseed.server.ui.ImportIRCodeForm$3$1] shell.isVisible(): true1418869038349
[2014-12-18 10:18:10:812][com.switek.netseed.server.ui.ImportIRCodeForm$3$1] shell.isVisible(): true1418869090812
