[2014-12-02 17:19:36:282][com.switek.netseed.server.ui.ServerForm] test
[2014-12-02 17:19:36:288][com.switek.netseed.server.ui.ServerForm] T1-Starting the server...
[2014-12-02 17:19:36:290][com.switek.netseed.server.ui.ServerForm] T1-Socket IO Processor: 64
[2014-12-02 17:19:36:292][com.switek.netseed.server.ui.ServerForm] T1-Socket IO Pool: 64
[2014-12-02 17:19:36:295][com.switek.netseed.server.ui.ServerForm] T10-Loading standard IR code list from database...
[2014-12-02 17:19:36:311][org.logicalcobwebs.proxool.configuration.JAXPConfigurator] Configuring from reader: java.io.InputStreamReader@3cd5cdab
[2014-12-02 17:19:36:313][org.logicalcobwebs.proxool.configuration.JAXPConfigurator] SAXParserFactory class: com.sun.org.apache.xerces.internal.jaxp.SAXParserFactoryImpl
[2014-12-02 17:19:36:327][org.logicalcobwebs.proxool.configuration.JAXPConfigurator] sax parser classcom.sun.org.apache.xerces.internal.jaxp.SAXParserImpl
[2014-12-02 17:19:36:327][org.logicalcobwebs.proxool.configuration.JAXPConfigurator] XML reader class: com.sun.org.apache.xerces.internal.jaxp.SAXParserImpl$JAXPSAXParser
[2014-12-02 17:19:36:328][org.logicalcobwebs.proxool.configuration.JAXPConfigurator] Setting sax feature: 'http://xml.org/sax/features/namespaces'. State: true.
[2014-12-02 17:19:36:329][org.logicalcobwebs.proxool.configuration.JAXPConfigurator] Setting sax feature: 'http://xml.org/sax/features/namespace-prefixes'. State: false.
[2014-12-02 17:19:36:334][org.logicalcobwebs.proxool.configuration.XMLConfigurator] Adding driver property: user=cziotappuser
[2014-12-02 17:19:36:335][org.logicalcobwebs.proxool.configuration.XMLConfigurator] Adding driver property: password=*******
[2014-12-02 17:19:36:335][org.logicalcobwebs.proxool.configuration.XMLConfigurator] Setting property 'proxool.simultaneous-build-throttle' to value '10'.
[2014-12-02 17:19:36:336][org.logicalcobwebs.proxool.configuration.XMLConfigurator] Setting property 'proxool.maximum-connection-count' to value '5'.
[2014-12-02 17:19:36:336][org.logicalcobwebs.proxool.configuration.XMLConfigurator] Setting property 'proxool.minimum-connection-count' to value '2'.
[2014-12-02 17:19:36:336][org.logicalcobwebs.proxool.configuration.XMLConfigurator] Setting property 'proxool.house-keeping-sleep-time' to value '120000'.
[2014-12-02 17:19:36:337][org.logicalcobwebs.proxool.configuration.XMLConfigurator] Setting property 'proxool.prototype-count' to value '2'.
[2014-12-02 17:19:36:337][org.logicalcobwebs.proxool.configuration.XMLConfigurator] Setting property 'proxool.test-before-use' to value 'true'.
[2014-12-02 17:19:36:338][org.logicalcobwebs.proxool.configuration.XMLConfigurator] Setting property 'proxool.house-keeping-test-sql' to value 'select 1'.
[2014-12-02 17:19:36:338][org.logicalcobwebs.proxool.configuration.XMLConfigurator] Created url: proxool.DBPool:com.mysql.jdbc.Driver:jdbc:mysql://localhost:13306/cziot
[2014-12-02 17:19:36:342][org.logicalcobwebs.proxool.ProxoolFacade] Proxool 0.9.1 (23-Aug-2008 11:10)
[2014-12-02 17:19:36:355][org.logicalcobwebs.proxool.ConnectionPoolDefinition] Recognised proxool property: proxool.driver=com.mysql.jdbc.Driver
[2014-12-02 17:19:36:355][org.logicalcobwebs.proxool.ConnectionPoolDefinition] Recognised proxool property: proxool.url=jdbc:mysql://localhost:13306/cziot
[2014-12-02 17:19:36:356][org.logicalcobwebs.proxool.ConnectionPoolDefinition] Recognised proxool property: proxool.minimum-connection-count=2
[2014-12-02 17:19:36:356][org.logicalcobwebs.proxool.ConnectionPoolDefinition] Recognised proxool property: proxool.test-before-use=true
[2014-12-02 17:19:36:357][org.logicalcobwebs.proxool.ConnectionPoolDefinition] Delegating property to driver: user=cziotappuser
[2014-12-02 17:19:36:357][org.logicalcobwebs.proxool.ConnectionPoolDefinition] Recognised proxool property: proxool.house-keeping-sleep-time=120000
[2014-12-02 17:19:36:357][org.logicalcobwebs.proxool.ConnectionPoolDefinition] Recognised proxool property: proxool.prototype-count=2
[2014-12-02 17:19:36:358][org.logicalcobwebs.proxool.ConnectionPoolDefinition] Delegating property to driver: password=********
[2014-12-02 17:19:36:358][org.logicalcobwebs.proxool.ConnectionPoolDefinition] Recognised proxool property: proxool.maximum-connection-count=5
[2014-12-02 17:19:36:359][org.logicalcobwebs.proxool.ConnectionPoolDefinition] Recognised proxool property: proxool.house-keeping-test-sql=select 1
[2014-12-02 17:19:36:371][org.logicalcobwebs.proxool.ShutdownHook] Registered shutdownHook
[2014-12-02 17:19:36:375][org.logicalcobwebs.proxool.HouseKeeperController] Registering 'DBPool' house keeper
[2014-12-02 17:19:36:378][org.logicalcobwebs.proxool.HouseKeeperController] Starting a house keeper thread
[2014-12-02 17:19:36:547][org.logicalcobwebs.proxool.ConnectionResetter] Remembering default value: getTransactionIsolation() = 4
[2014-12-02 17:19:36:547][org.logicalcobwebs.proxool.ConnectionResetter] Remembering default value: getHoldability() = 2
[2014-12-02 17:19:36:547][org.logicalcobwebs.proxool.ConnectionResetter] Remembering default value: getCatalog() = cziot
[2014-12-02 17:19:36:547][org.logicalcobwebs.proxool.ConnectionResetter] Remembering default value: isReadOnly() = false
[2014-12-02 17:19:36:549][org.logicalcobwebs.proxool.ConnectionResetter] Remembering default value: getTypeMap() = {}
[2014-12-02 17:19:36:549][org.logicalcobwebs.proxool.ConnectionPool] Proxool statistics legend: "s - r  (a/t/o)" > s=served, r=refused (only shown if non-zero), a=active, t=total, o=offline (being tested)
[2014-12-02 17:19:36:549][org.logicalcobwebs.proxool.Prototyper] 000000 (00/01/00) - Connection #1 created to achieve minimum of 2 = AVAILABLE
[2014-12-02 17:19:36:552][org.logicalcobwebs.proxool.Prototyper] 000000 (01/02/00) - Connection #2 created on demand = ACTIVE
[2014-12-02 17:19:36:552][org.logicalcobwebs.proxool.ConnectionPool] 000000 (01/02/00) - Connection #2 tested: OK
[2014-12-02 17:19:36:564][org.logicalcobwebs.proxool.Prototyper] 000001 (01/03/00) - Connection #3 created to keep 2 available = AVAILABLE
[2014-12-02 17:19:36:602][org.logicalcobwebs.proxool.ProxyFactory] Implementing interface com.mysql.jdbc.Connection
[2014-12-02 17:19:36:602][org.logicalcobwebs.proxool.ProxyFactory] Implementing interface java.sql.Wrapper
[2014-12-02 17:19:36:602][org.logicalcobwebs.proxool.ProxyFactory] Implementing interface com.mysql.jdbc.ConnectionProperties
[2014-12-02 17:19:36:603][org.logicalcobwebs.proxool.ProxyFactory] Implementing interface com.mysql.jdbc.MySQLConnection
[2014-12-02 17:19:36:603][org.logicalcobwebs.proxool.ProxyFactory] Implementing interface java.io.Serializable
[2014-12-02 17:19:36:604][org.logicalcobwebs.proxool.ProxyFactory] Implementing interface java.sql.Connection
[2014-12-02 17:19:36:604][org.logicalcobwebs.proxool.ProxyFactory] Implementing interface java.lang.AutoCloseable
[2014-12-02 17:19:37:058][org.logicalcobwebs.proxool.ProxyFactory] Implementing interface com.mysql.jdbc.Statement
[2014-12-02 17:19:37:058][org.logicalcobwebs.proxool.ProxyFactory] Implementing interface java.sql.Wrapper
[2014-12-02 17:19:37:059][org.logicalcobwebs.proxool.ProxyFactory] Implementing interface java.sql.Statement
[2014-12-02 17:19:37:059][org.logicalcobwebs.proxool.ProxyFactory] Implementing interface java.lang.AutoCloseable
[2014-12-02 17:19:37:168][com.switek.netseed.server.ui.ServerForm] T10-Loading device type def from database...
[2014-12-02 17:19:37:171][com.switek.netseed.server.ui.ServerForm] T10-Done.
[2014-12-02 17:19:37:171][com.switek.netseed.server.ui.ServerForm] T10-Loading brand info list from database...
[2014-12-02 17:19:37:176][com.switek.netseed.server.ui.ServerForm] T10-Done
[2014-12-02 17:19:37:177][com.switek.netseed.server.ui.ServerForm] T10-Loading releationship of type and brand from database...
[2014-12-02 17:19:37:180][com.switek.netseed.server.ui.ServerForm] T10-Done
[2014-12-02 17:19:37:181][com.switek.netseed.server.ui.ServerForm] T10-Loading controller list from database...
[2014-12-02 17:19:37:250][com.switek.netseed.server.ui.ServerForm] T10-There are 1450 controller(s)
[2014-12-02 17:19:37:250][com.switek.netseed.server.ui.ServerForm] T10-Loading subcontroller list from database...
[2014-12-02 17:19:37:292][com.switek.netseed.server.ui.ServerForm] T10-There are 1570 subcontroler(s).
[2014-12-02 17:19:37:292][com.switek.netseed.server.ui.ServerForm] T10-Loading device list from database...
[2014-12-02 17:19:37:344][com.switek.netseed.server.ui.ServerForm] T10-There are 1785 device(s).
[2014-12-02 17:19:37:344][com.switek.netseed.server.ui.ServerForm] T10-Loading learned IR code from database...
[2014-12-02 17:19:37:491][com.switek.netseed.server.ui.ServerForm] T10-Learned IR code are loaded!
[2014-12-02 17:19:37:492][com.switek.netseed.server.ui.ServerForm] T10-Loading app list from database...
[2014-12-02 17:19:37:494][com.switek.netseed.server.ui.ServerForm] T10-Loading timers...
[2014-12-02 17:19:37:494][com.switek.netseed.server.ui.ServerForm] T10-There are 0 timer(s)
[2014-12-02 17:19:37:495][com.switek.netseed.server.ui.ServerForm] T10-Loading timer steps...
[2014-12-02 17:19:37:495][com.switek.netseed.server.ui.ServerForm] T10-Completed to load timers.
[2014-12-02 17:19:37:496][com.switek.netseed.server.ui.ServerForm] T10-Setup schedule job engine.
[2014-12-02 17:19:37:502][com.switek.netseed.server.ui.ServerForm] T10-MaxThread: 100
[2014-12-02 17:19:37:503][com.switek.netseed.server.ui.ServerForm] T10-Starting the Netseed server...
[2014-12-02 17:19:37:637][com.switek.netseed.server.ui.ServerForm] T10-Netseed Server started, on QH-20141126YGNW/192.168.33.126:28899
[2014-12-02 17:19:41:127][com.switek.netseed.server.ui.ServerForm] T1-Stoping the server...
[2014-12-02 17:19:41:130][com.switek.netseed.server.ui.ServerForm] T1-Stoped!
[2014-12-02 17:19:41:131][org.logicalcobwebs.proxool.ShutdownHook] Running ShutdownHook
[2014-12-02 17:19:41:131][org.logicalcobwebs.proxool.ConnectionPool] Shutting down 'DBPool' pool immediately [Shutdown Hook]
[2014-12-02 17:19:41:136][org.logicalcobwebs.proxool.ConnectionPool] Waiting until Tue Dec 02 17:19:41 CST 2014 for all connections to become inactive (active count is 1).
[2014-12-02 17:19:41:136][org.logicalcobwebs.proxool.ConnectionPool] Shutdown waited for 5 milliseconds for all the connections to become inactive but the active count is still 1. Shutting down anyway.
[2014-12-02 17:19:41:139][org.logicalcobwebs.proxool.ConnectionPool] 000001 (01/02/00) - #0003 removed because of shutdown.
[2014-12-02 17:19:41:140][org.logicalcobwebs.proxool.ConnectionPool] Connection #3 closed
[2014-12-02 17:19:41:140][org.logicalcobwebs.proxool.ConnectionPool] 000001 (00/01/00) - #0002 removed because of shutdown.
[2014-12-02 17:19:41:141][org.logicalcobwebs.proxool.ConnectionPool] Connection #2 closed
[2014-12-02 17:19:41:141][org.logicalcobwebs.proxool.ConnectionPool] 000001 (00/00/00) - #0001 removed because of shutdown.
[2014-12-02 17:19:41:142][org.logicalcobwebs.proxool.ConnectionPool] Connection #1 closed
[2014-12-02 17:19:41:142][org.logicalcobwebs.proxool.ConnectionPool] 'DBPool' pool has been closed down by Shutdown Hook in 11 milliseconds.
[2014-12-02 17:19:41:143][org.logicalcobwebs.proxool.PrototyperController] Stopping Prototyper thread
[2014-12-02 17:19:41:143][org.logicalcobwebs.proxool.HouseKeeperController] Stopping HouseKeeper thread
