[2015-03-03 16:39:18:231][com.switek.netseed.server.ui.ServerForm] test
[2015-03-03 16:39:18:238][com.switek.netseed.server.ui.ServerForm] T1-Starting the server...
[2015-03-03 16:39:18:240][com.switek.netseed.server.ui.ServerForm] T1-Socket IO Processor: 64
[2015-03-03 16:39:18:241][com.switek.netseed.server.ui.ServerForm] T1-Socket IO Pool: 64
[2015-03-03 16:39:18:246][com.switek.netseed.server.ui.ServerForm] T10-Loading standard IR code list from database...
[2015-03-03 16:39:18:260][org.logicalcobwebs.proxool.configuration.JAXPConfigurator] Configuring from reader: java.io.InputStreamReader@75ae0c29
[2015-03-03 16:39:18:262][org.logicalcobwebs.proxool.configuration.JAXPConfigurator] SAXParserFactory class: com.sun.org.apache.xerces.internal.jaxp.SAXParserFactoryImpl
[2015-03-03 16:39:18:273][org.logicalcobwebs.proxool.configuration.JAXPConfigurator] sax parser classcom.sun.org.apache.xerces.internal.jaxp.SAXParserImpl
[2015-03-03 16:39:18:273][org.logicalcobwebs.proxool.configuration.JAXPConfigurator] XML reader class: com.sun.org.apache.xerces.internal.jaxp.SAXParserImpl$JAXPSAXParser
[2015-03-03 16:39:18:274][org.logicalcobwebs.proxool.configuration.JAXPConfigurator] Setting sax feature: 'http://xml.org/sax/features/namespaces'. State: true.
[2015-03-03 16:39:18:274][org.logicalcobwebs.proxool.configuration.JAXPConfigurator] Setting sax feature: 'http://xml.org/sax/features/namespace-prefixes'. State: false.
[2015-03-03 16:39:18:278][org.logicalcobwebs.proxool.configuration.XMLConfigurator] Adding driver property: user=cziotappuser
[2015-03-03 16:39:18:279][org.logicalcobwebs.proxool.configuration.XMLConfigurator] Adding driver property: password=*******
[2015-03-03 16:39:18:279][org.logicalcobwebs.proxool.configuration.XMLConfigurator] Setting property 'proxool.simultaneous-build-throttle' to value '5000'.
[2015-03-03 16:39:18:279][org.logicalcobwebs.proxool.configuration.XMLConfigurator] Setting property 'proxool.maximum-connection-count' to value '2000'.
[2015-03-03 16:39:18:280][org.logicalcobwebs.proxool.configuration.XMLConfigurator] Setting property 'proxool.maximum-new-connections' to value '100'.
[2015-03-03 16:39:18:280][org.logicalcobwebs.proxool.configuration.XMLConfigurator] Setting property 'proxool.minimum-connection-count' to value '100'.
[2015-03-03 16:39:18:280][org.logicalcobwebs.proxool.configuration.XMLConfigurator] Setting property 'proxool.house-keeping-sleep-time' to value '120000'.
[2015-03-03 16:39:18:281][org.logicalcobwebs.proxool.configuration.XMLConfigurator] Setting property 'proxool.prototype-count' to value '50'.
[2015-03-03 16:39:18:281][org.logicalcobwebs.proxool.configuration.XMLConfigurator] Setting property 'proxool.test-before-use' to value 'true'.
[2015-03-03 16:39:18:281][org.logicalcobwebs.proxool.configuration.XMLConfigurator] Setting property 'proxool.house-keeping-test-sql' to value 'select 1'.
[2015-03-03 16:39:18:282][org.logicalcobwebs.proxool.configuration.XMLConfigurator] Created url: proxool.DBPool:com.mysql.jdbc.Driver:jdbc:mysql://localhost:13306/cziot
[2015-03-03 16:39:18:286][org.logicalcobwebs.proxool.ProxoolFacade] Proxool 0.9.1 (23-Aug-2008 11:10)
[2015-03-03 16:39:18:297][org.logicalcobwebs.proxool.ConnectionPoolDefinition] Recognised proxool property: proxool.driver=com.mysql.jdbc.Driver
[2015-03-03 16:39:18:297][org.logicalcobwebs.proxool.ConnectionPoolDefinition] Recognised proxool property: proxool.url=jdbc:mysql://localhost:13306/cziot
[2015-03-03 16:39:18:298][org.logicalcobwebs.proxool.ConnectionPoolDefinition] Recognised proxool property: proxool.minimum-connection-count=100
[2015-03-03 16:39:18:298][org.logicalcobwebs.proxool.ConnectionPoolDefinition] Recognised proxool property: proxool.simultaneous-build-throttle=5000
[2015-03-03 16:39:18:298][org.logicalcobwebs.proxool.ConnectionPoolDefinition] Recognised proxool property: proxool.test-before-use=true
[2015-03-03 16:39:18:299][org.logicalcobwebs.proxool.ConnectionPoolDefinition] Use of proxool.maximum-new-connections is deprecated. Use more descriptive proxool.simultaneous-build-throttle instead.
[2015-03-03 16:39:18:299][org.logicalcobwebs.proxool.ConnectionPoolDefinition] Recognised proxool property: proxool.maximum-new-connections=100
[2015-03-03 16:39:18:299][org.logicalcobwebs.proxool.ConnectionPoolDefinition] Delegating property to driver: user=cziotappuser
[2015-03-03 16:39:18:300][org.logicalcobwebs.proxool.ConnectionPoolDefinition] Recognised proxool property: proxool.house-keeping-sleep-time=120000
[2015-03-03 16:39:18:300][org.logicalcobwebs.proxool.ConnectionPoolDefinition] Recognised proxool property: proxool.prototype-count=50
[2015-03-03 16:39:18:300][org.logicalcobwebs.proxool.ConnectionPoolDefinition] Delegating property to driver: password=********
[2015-03-03 16:39:18:301][org.logicalcobwebs.proxool.ConnectionPoolDefinition] Recognised proxool property: proxool.maximum-connection-count=2000
[2015-03-03 16:39:18:301][org.logicalcobwebs.proxool.ConnectionPoolDefinition] Recognised proxool property: proxool.house-keeping-test-sql=select 1
[2015-03-03 16:39:18:313][org.logicalcobwebs.proxool.ShutdownHook] Registered shutdownHook
[2015-03-03 16:39:18:316][org.logicalcobwebs.proxool.HouseKeeperController] Registering 'DBPool' house keeper
[2015-03-03 16:39:18:318][org.logicalcobwebs.proxool.HouseKeeperController] Starting a house keeper thread
[2015-03-03 16:39:18:480][org.logicalcobwebs.proxool.ConnectionResetter] Remembering default value: getTransactionIsolation() = 4
[2015-03-03 16:39:18:481][org.logicalcobwebs.proxool.ConnectionResetter] Remembering default value: getHoldability() = 2
[2015-03-03 16:39:18:482][org.logicalcobwebs.proxool.ConnectionResetter] Remembering default value: getCatalog() = cziot
[2015-03-03 16:39:18:483][org.logicalcobwebs.proxool.ConnectionResetter] Remembering default value: isReadOnly() = false
[2015-03-03 16:39:18:483][org.logicalcobwebs.proxool.ConnectionResetter] Remembering default value: getTypeMap() = {}
[2015-03-03 16:39:18:483][org.logicalcobwebs.proxool.ConnectionPool] Proxool statistics legend: "s - r  (a/t/o)" > s=served, r=refused (only shown if non-zero), a=active, t=total, o=offline (being tested)
[2015-03-03 16:39:18:483][org.logicalcobwebs.proxool.ConnectionPool] Proxool statistics legend: "s - r  (a/t/o)" > s=served, r=refused (only shown if non-zero), a=active, t=total, o=offline (being tested)
[2015-03-03 16:39:18:484][org.logicalcobwebs.proxool.Prototyper] 000000 (01/02/00) - Connection #2 created on demand = ACTIVE
[2015-03-03 16:39:18:484][org.logicalcobwebs.proxool.Prototyper] 000000 (01/02/00) - Connection #1 created to achieve minimum of 100 = AVAILABLE
[2015-03-03 16:39:18:485][org.logicalcobwebs.proxool.ConnectionPool] 000000 (01/02/00) - Connection #2 tested: OK
[2015-03-03 16:39:18:500][org.logicalcobwebs.proxool.Prototyper] 000001 (01/03/00) - Connection #3 created to achieve minimum of 100 = AVAILABLE
[2015-03-03 16:39:18:516][org.logicalcobwebs.proxool.Prototyper] 000001 (01/04/00) - Connection #4 created to achieve minimum of 100 = AVAILABLE
[2015-03-03 16:39:18:527][org.logicalcobwebs.proxool.ProxyFactory] Implementing interface com.mysql.jdbc.MySQLConnection
[2015-03-03 16:39:18:527][org.logicalcobwebs.proxool.ProxyFactory] Implementing interface java.sql.Connection
[2015-03-03 16:39:18:527][org.logicalcobwebs.proxool.ProxyFactory] Implementing interface java.sql.Wrapper
[2015-03-03 16:39:18:528][org.logicalcobwebs.proxool.ProxyFactory] Implementing interface java.lang.AutoCloseable
[2015-03-03 16:39:18:528][org.logicalcobwebs.proxool.ProxyFactory] Implementing interface java.io.Serializable
[2015-03-03 16:39:18:528][org.logicalcobwebs.proxool.ProxyFactory] Implementing interface com.mysql.jdbc.Connection
[2015-03-03 16:39:18:528][org.logicalcobwebs.proxool.ProxyFactory] Implementing interface com.mysql.jdbc.ConnectionProperties
[2015-03-03 16:39:18:529][org.logicalcobwebs.proxool.Prototyper] 000001 (01/05/00) - Connection #5 created to achieve minimum of 100 = AVAILABLE
[2015-03-03 16:39:18:546][org.logicalcobwebs.proxool.Prototyper] 000001 (01/06/00) - Connection #6 created to achieve minimum of 100 = AVAILABLE
[2015-03-03 16:39:18:559][org.logicalcobwebs.proxool.Prototyper] 000001 (01/07/00) - Connection #7 created to achieve minimum of 100 = AVAILABLE
[2015-03-03 16:39:18:578][org.logicalcobwebs.proxool.Prototyper] 000001 (01/08/00) - Connection #8 created to achieve minimum of 100 = AVAILABLE
[2015-03-03 16:39:18:595][org.logicalcobwebs.proxool.Prototyper] 000001 (01/09/00) - Connection #9 created to achieve minimum of 100 = AVAILABLE
[2015-03-03 16:39:18:609][org.logicalcobwebs.proxool.Prototyper] 000001 (01/10/00) - Connection #10 created to achieve minimum of 100 = AVAILABLE
[2015-03-03 16:39:18:621][org.logicalcobwebs.proxool.Prototyper] 000001 (01/11/00) - Connection #11 created to achieve minimum of 100 = AVAILABLE
[2015-03-03 16:39:18:645][org.logicalcobwebs.proxool.Prototyper] 000001 (01/12/00) - Connection #12 created to achieve minimum of 100 = AVAILABLE
[2015-03-03 16:39:18:659][org.logicalcobwebs.proxool.Prototyper] 000001 (01/13/00) - Connection #13 created to achieve minimum of 100 = AVAILABLE
[2015-03-03 16:39:18:672][org.logicalcobwebs.proxool.Prototyper] 000001 (01/14/00) - Connection #14 created to achieve minimum of 100 = AVAILABLE
[2015-03-03 16:39:18:687][org.logicalcobwebs.proxool.Prototyper] 000001 (01/15/00) - Connection #15 created to achieve minimum of 100 = AVAILABLE
[2015-03-03 16:39:18:699][org.logicalcobwebs.proxool.Prototyper] 000001 (01/16/00) - Connection #16 created to achieve minimum of 100 = AVAILABLE
[2015-03-03 16:39:18:717][org.logicalcobwebs.proxool.Prototyper] 000001 (01/17/00) - Connection #17 created to achieve minimum of 100 = AVAILABLE
[2015-03-03 16:39:18:733][org.logicalcobwebs.proxool.Prototyper] 000001 (01/18/00) - Connection #18 created to achieve minimum of 100 = AVAILABLE
[2015-03-03 16:39:18:745][org.logicalcobwebs.proxool.Prototyper] 000001 (01/19/00) - Connection #19 created to achieve minimum of 100 = AVAILABLE
[2015-03-03 16:39:18:755][org.logicalcobwebs.proxool.Prototyper] 000001 (01/20/00) - Connection #20 created to achieve minimum of 100 = AVAILABLE
[2015-03-03 16:39:18:768][org.logicalcobwebs.proxool.Prototyper] 000001 (01/21/00) - Connection #21 created to achieve minimum of 100 = AVAILABLE
[2015-03-03 16:39:18:780][org.logicalcobwebs.proxool.Prototyper] 000001 (01/22/00) - Connection #22 created to achieve minimum of 100 = AVAILABLE
[2015-03-03 16:39:18:788][org.logicalcobwebs.proxool.Prototyper] 000001 (01/23/00) - Connection #23 created to achieve minimum of 100 = AVAILABLE
[2015-03-03 16:39:18:797][org.logicalcobwebs.proxool.Prototyper] 000001 (01/24/00) - Connection #24 created to achieve minimum of 100 = AVAILABLE
[2015-03-03 16:39:18:805][org.logicalcobwebs.proxool.Prototyper] 000001 (01/25/00) - Connection #25 created to achieve minimum of 100 = AVAILABLE
[2015-03-03 16:39:18:815][org.logicalcobwebs.proxool.Prototyper] 000001 (01/26/00) - Connection #26 created to achieve minimum of 100 = AVAILABLE
[2015-03-03 16:39:18:827][org.logicalcobwebs.proxool.Prototyper] 000001 (01/27/00) - Connection #27 created to achieve minimum of 100 = AVAILABLE
[2015-03-03 16:39:18:839][org.logicalcobwebs.proxool.Prototyper] 000001 (01/28/00) - Connection #28 created to achieve minimum of 100 = AVAILABLE
[2015-03-03 16:39:18:852][org.logicalcobwebs.proxool.Prototyper] 000001 (01/29/00) - Connection #29 created to achieve minimum of 100 = AVAILABLE
[2015-03-03 16:39:18:862][org.logicalcobwebs.proxool.Prototyper] 000001 (01/30/00) - Connection #30 created to achieve minimum of 100 = AVAILABLE
[2015-03-03 16:39:18:874][org.logicalcobwebs.proxool.Prototyper] 000001 (01/31/00) - Connection #31 created to achieve minimum of 100 = AVAILABLE
[2015-03-03 16:39:18:884][org.logicalcobwebs.proxool.Prototyper] 000001 (01/32/00) - Connection #32 created to achieve minimum of 100 = AVAILABLE
[2015-03-03 16:39:18:896][org.logicalcobwebs.proxool.Prototyper] 000001 (01/33/00) - Connection #33 created to achieve minimum of 100 = AVAILABLE
[2015-03-03 16:39:18:907][org.logicalcobwebs.proxool.Prototyper] 000001 (01/34/00) - Connection #34 created to achieve minimum of 100 = AVAILABLE
[2015-03-03 16:39:18:920][org.logicalcobwebs.proxool.Prototyper] 000001 (01/35/00) - Connection #35 created to achieve minimum of 100 = AVAILABLE
[2015-03-03 16:39:18:990][org.logicalcobwebs.proxool.Prototyper] 000001 (01/36/00) - Connection #36 created to achieve minimum of 100 = AVAILABLE
[2015-03-03 16:39:19:046][org.logicalcobwebs.proxool.Prototyper] 000001 (01/37/00) - Connection #37 created to achieve minimum of 100 = AVAILABLE
[2015-03-03 16:39:19:056][org.logicalcobwebs.proxool.Prototyper] 000001 (01/38/00) - Connection #38 created to achieve minimum of 100 = AVAILABLE
[2015-03-03 16:39:19:068][org.logicalcobwebs.proxool.Prototyper] 000001 (01/39/00) - Connection #39 created to achieve minimum of 100 = AVAILABLE
[2015-03-03 16:39:19:126][org.logicalcobwebs.proxool.ProxyFactory] Implementing interface java.sql.Wrapper
[2015-03-03 16:39:19:126][org.logicalcobwebs.proxool.ProxyFactory] Implementing interface java.lang.AutoCloseable
[2015-03-03 16:39:19:127][org.logicalcobwebs.proxool.ProxyFactory] Implementing interface com.mysql.jdbc.Statement
[2015-03-03 16:39:19:127][org.logicalcobwebs.proxool.ProxyFactory] Implementing interface java.sql.Statement
[2015-03-03 16:39:19:142][org.logicalcobwebs.proxool.Prototyper] 000001 (01/40/00) - Connection #40 created to achieve minimum of 100 = AVAILABLE
[2015-03-03 16:39:19:157][org.logicalcobwebs.proxool.Prototyper] 000001 (01/41/00) - Connection #41 created to achieve minimum of 100 = AVAILABLE
[2015-03-03 16:39:19:171][org.logicalcobwebs.proxool.Prototyper] 000001 (01/42/00) - Connection #42 created to achieve minimum of 100 = AVAILABLE
[2015-03-03 16:39:19:182][org.logicalcobwebs.proxool.Prototyper] 000001 (01/43/00) - Connection #43 created to achieve minimum of 100 = AVAILABLE
[2015-03-03 16:39:19:191][org.logicalcobwebs.proxool.Prototyper] 000001 (01/44/00) - Connection #44 created to achieve minimum of 100 = AVAILABLE
[2015-03-03 16:39:19:200][org.logicalcobwebs.proxool.Prototyper] 000001 (01/45/00) - Connection #45 created to achieve minimum of 100 = AVAILABLE
[2015-03-03 16:39:19:215][org.logicalcobwebs.proxool.Prototyper] 000001 (01/46/00) - Connection #46 created to achieve minimum of 100 = AVAILABLE
[2015-03-03 16:39:19:225][org.logicalcobwebs.proxool.Prototyper] 000001 (01/47/00) - Connection #47 created to achieve minimum of 100 = AVAILABLE
[2015-03-03 16:39:19:236][org.logicalcobwebs.proxool.Prototyper] 000001 (01/48/00) - Connection #48 created to achieve minimum of 100 = AVAILABLE
[2015-03-03 16:39:19:251][org.logicalcobwebs.proxool.Prototyper] 000001 (01/49/00) - Connection #49 created to achieve minimum of 100 = AVAILABLE
[2015-03-03 16:39:19:280][org.logicalcobwebs.proxool.Prototyper] 000001 (01/50/00) - Connection #50 created to achieve minimum of 100 = AVAILABLE
[2015-03-03 16:39:19:309][com.switek.netseed.server.ui.ServerForm] T10-Loading device type def from database...
[2015-03-03 16:39:19:313][com.switek.netseed.server.ui.ServerForm] T10-Done.
[2015-03-03 16:39:19:313][com.switek.netseed.server.ui.ServerForm] T10-Loading brand info list from database...
[2015-03-03 16:39:19:316][com.switek.netseed.server.ui.ServerForm] T10-Done
[2015-03-03 16:39:19:316][com.switek.netseed.server.ui.ServerForm] T10-Loading releationship of type and brand from database...
[2015-03-03 16:39:19:318][com.switek.netseed.server.ui.ServerForm] T10-Done
[2015-03-03 16:39:19:318][com.switek.netseed.server.ui.ServerForm] T10-Loading controller list from database...
[2015-03-03 16:39:19:319][org.logicalcobwebs.proxool.Prototyper] 000001 (01/51/00) - Connection #51 created to achieve minimum of 100 = AVAILABLE
[2015-03-03 16:39:19:326][org.logicalcobwebs.proxool.Prototyper] 000001 (01/52/00) - Connection #52 created to achieve minimum of 100 = AVAILABLE
[2015-03-03 16:39:19:331][org.logicalcobwebs.proxool.Prototyper] 000001 (01/53/00) - Connection #53 created to achieve minimum of 100 = AVAILABLE
[2015-03-03 16:39:19:335][com.switek.netseed.server.ui.ServerForm] T10-There are 1450 controller(s)
[2015-03-03 16:39:19:335][com.switek.netseed.server.ui.ServerForm] T10-Loading subcontroller list from database...
[2015-03-03 16:39:19:338][org.logicalcobwebs.proxool.Prototyper] 000001 (01/54/00) - Connection #54 created to achieve minimum of 100 = AVAILABLE
[2015-03-03 16:39:19:347][org.logicalcobwebs.proxool.Prototyper] 000001 (01/55/00) - Connection #55 created to achieve minimum of 100 = AVAILABLE
[2015-03-03 16:39:19:348][com.switek.netseed.server.ui.ServerForm] T10-There are 1570 subcontroler(s).
[2015-03-03 16:39:19:348][com.switek.netseed.server.ui.ServerForm] T10-Loading device list from database...
[2015-03-03 16:39:19:356][org.logicalcobwebs.proxool.Prototyper] 000001 (01/56/00) - Connection #56 created to achieve minimum of 100 = AVAILABLE
[2015-03-03 16:39:19:362][org.logicalcobwebs.proxool.Prototyper] 000001 (01/57/00) - Connection #57 created to achieve minimum of 100 = AVAILABLE
[2015-03-03 16:39:19:368][org.logicalcobwebs.proxool.Prototyper] 000001 (01/58/00) - Connection #58 created to achieve minimum of 100 = AVAILABLE
[2015-03-03 16:39:19:375][org.logicalcobwebs.proxool.Prototyper] 000001 (01/59/00) - Connection #59 created to achieve minimum of 100 = AVAILABLE
[2015-03-03 16:39:19:381][org.logicalcobwebs.proxool.Prototyper] 000001 (01/60/00) - Connection #60 created to achieve minimum of 100 = AVAILABLE
[2015-03-03 16:39:19:387][org.logicalcobwebs.proxool.Prototyper] 000001 (01/61/00) - Connection #61 created to achieve minimum of 100 = AVAILABLE
[2015-03-03 16:39:19:394][org.logicalcobwebs.proxool.Prototyper] 000001 (01/62/00) - Connection #62 created to achieve minimum of 100 = AVAILABLE
[2015-03-03 16:39:19:402][org.logicalcobwebs.proxool.Prototyper] 000001 (01/63/00) - Connection #63 created to achieve minimum of 100 = AVAILABLE
[2015-03-03 16:39:19:407][com.switek.netseed.server.ui.ServerForm] T10-There are 1785 device(s).
[2015-03-03 16:39:19:407][com.switek.netseed.server.ui.ServerForm] T10-Loading learned IR code from database...
[2015-03-03 16:39:19:408][org.logicalcobwebs.proxool.Prototyper] 000001 (01/64/00) - Connection #64 created to achieve minimum of 100 = AVAILABLE
[2015-03-03 16:39:19:413][org.logicalcobwebs.proxool.Prototyper] 000001 (01/65/00) - Connection #65 created to achieve minimum of 100 = AVAILABLE
[2015-03-03 16:39:19:419][org.logicalcobwebs.proxool.Prototyper] 000001 (01/66/00) - Connection #66 created to achieve minimum of 100 = AVAILABLE
[2015-03-03 16:39:19:426][org.logicalcobwebs.proxool.Prototyper] 000001 (01/67/00) - Connection #67 created to achieve minimum of 100 = AVAILABLE
[2015-03-03 16:39:19:432][org.logicalcobwebs.proxool.Prototyper] 000001 (01/68/00) - Connection #68 created to achieve minimum of 100 = AVAILABLE
[2015-03-03 16:39:19:437][org.logicalcobwebs.proxool.Prototyper] 000001 (01/69/00) - Connection #69 created to achieve minimum of 100 = AVAILABLE
[2015-03-03 16:39:19:442][org.logicalcobwebs.proxool.Prototyper] 000001 (01/70/00) - Connection #70 created to achieve minimum of 100 = AVAILABLE
[2015-03-03 16:39:19:447][org.logicalcobwebs.proxool.Prototyper] 000001 (01/71/00) - Connection #71 created to achieve minimum of 100 = AVAILABLE
[2015-03-03 16:39:19:453][org.logicalcobwebs.proxool.Prototyper] 000001 (01/72/00) - Connection #72 created to achieve minimum of 100 = AVAILABLE
[2015-03-03 16:39:19:458][org.logicalcobwebs.proxool.Prototyper] 000001 (01/73/00) - Connection #73 created to achieve minimum of 100 = AVAILABLE
[2015-03-03 16:39:19:464][org.logicalcobwebs.proxool.Prototyper] 000001 (01/74/00) - Connection #74 created to achieve minimum of 100 = AVAILABLE
[2015-03-03 16:39:19:470][org.logicalcobwebs.proxool.Prototyper] 000001 (01/75/00) - Connection #75 created to achieve minimum of 100 = AVAILABLE
[2015-03-03 16:39:19:476][org.logicalcobwebs.proxool.Prototyper] 000001 (01/76/00) - Connection #76 created to achieve minimum of 100 = AVAILABLE
[2015-03-03 16:39:19:481][org.logicalcobwebs.proxool.Prototyper] 000001 (01/77/00) - Connection #77 created to achieve minimum of 100 = AVAILABLE
[2015-03-03 16:39:19:487][org.logicalcobwebs.proxool.Prototyper] 000001 (01/78/00) - Connection #78 created to achieve minimum of 100 = AVAILABLE
[2015-03-03 16:39:19:491][org.logicalcobwebs.proxool.Prototyper] 000001 (01/79/00) - Connection #79 created to achieve minimum of 100 = AVAILABLE
[2015-03-03 16:39:19:513][org.logicalcobwebs.proxool.Prototyper] 000001 (01/80/00) - Connection #80 created to achieve minimum of 100 = AVAILABLE
[2015-03-03 16:39:19:520][org.logicalcobwebs.proxool.Prototyper] 000001 (01/81/00) - Connection #81 created to achieve minimum of 100 = AVAILABLE
[2015-03-03 16:39:19:525][org.logicalcobwebs.proxool.Prototyper] 000001 (01/82/00) - Connection #82 created to achieve minimum of 100 = AVAILABLE
[2015-03-03 16:39:19:530][org.logicalcobwebs.proxool.Prototyper] 000001 (01/83/00) - Connection #83 created to achieve minimum of 100 = AVAILABLE
[2015-03-03 16:39:19:537][org.logicalcobwebs.proxool.Prototyper] 000001 (01/84/00) - Connection #84 created to achieve minimum of 100 = AVAILABLE
[2015-03-03 16:39:19:542][org.logicalcobwebs.proxool.Prototyper] 000001 (01/85/00) - Connection #85 created to achieve minimum of 100 = AVAILABLE
[2015-03-03 16:39:19:548][org.logicalcobwebs.proxool.Prototyper] 000001 (01/86/00) - Connection #86 created to achieve minimum of 100 = AVAILABLE
[2015-03-03 16:39:19:550][com.switek.netseed.server.ui.ServerForm] T10-Learned IR code are loaded!
[2015-03-03 16:39:19:551][com.switek.netseed.server.ui.ServerForm] T10-Loading app list from database...
[2015-03-03 16:39:19:553][com.switek.netseed.server.ui.ServerForm] T10-Loading timers...
[2015-03-03 16:39:19:555][com.switek.netseed.server.ui.ServerForm] T10-There are 1 timer(s)
[2015-03-03 16:39:19:556][com.switek.netseed.server.ui.ServerForm] T10-Loading timer steps...
[2015-03-03 16:39:19:556][org.logicalcobwebs.proxool.Prototyper] 000001 (01/87/00) - Connection #87 created to achieve minimum of 100 = AVAILABLE
[2015-03-03 16:39:19:558][com.switek.netseed.server.ui.ServerForm] T10-Completed to load timers.
[2015-03-03 16:39:19:559][com.switek.netseed.server.ui.ServerForm] T10-Setup schedule job engine.
[2015-03-03 16:39:19:565][org.logicalcobwebs.proxool.Prototyper] 000001 (01/88/00) - Connection #88 created to achieve minimum of 100 = AVAILABLE
[2015-03-03 16:39:19:566][com.switek.netseed.server.ui.ServerForm] T10-MaxThread: 2048
[2015-03-03 16:39:19:566][com.switek.netseed.server.ui.ServerForm] T10-Starting the Netseed server...
[2015-03-03 16:39:19:574][org.logicalcobwebs.proxool.Prototyper] 000001 (01/89/00) - Connection #89 created to achieve minimum of 100 = AVAILABLE
[2015-03-03 16:39:19:584][org.logicalcobwebs.proxool.Prototyper] 000001 (01/90/00) - Connection #90 created to achieve minimum of 100 = AVAILABLE
[2015-03-03 16:39:19:591][org.logicalcobwebs.proxool.Prototyper] 000001 (01/91/00) - Connection #91 created to achieve minimum of 100 = AVAILABLE
[2015-03-03 16:39:19:597][org.logicalcobwebs.proxool.Prototyper] 000001 (01/92/00) - Connection #92 created to achieve minimum of 100 = AVAILABLE
[2015-03-03 16:39:19:604][org.logicalcobwebs.proxool.Prototyper] 000001 (01/93/00) - Connection #93 created to achieve minimum of 100 = AVAILABLE
[2015-03-03 16:39:19:609][org.logicalcobwebs.proxool.Prototyper] 000001 (01/94/00) - Connection #94 created to achieve minimum of 100 = AVAILABLE
[2015-03-03 16:39:19:616][org.logicalcobwebs.proxool.Prototyper] 000001 (01/95/00) - Connection #95 created to achieve minimum of 100 = AVAILABLE
[2015-03-03 16:39:19:623][org.logicalcobwebs.proxool.Prototyper] 000001 (01/96/00) - Connection #96 created to achieve minimum of 100 = AVAILABLE
[2015-03-03 16:39:19:629][org.logicalcobwebs.proxool.Prototyper] 000001 (01/97/00) - Connection #97 created to achieve minimum of 100 = AVAILABLE
[2015-03-03 16:39:19:634][org.logicalcobwebs.proxool.Prototyper] 000001 (01/98/00) - Connection #98 created to achieve minimum of 100 = AVAILABLE
[2015-03-03 16:39:19:640][org.logicalcobwebs.proxool.Prototyper] 000001 (01/99/00) - Connection #99 created to achieve minimum of 100 = AVAILABLE
[2015-03-03 16:39:19:646][org.logicalcobwebs.proxool.Prototyper] 000001 (01/100/00) - Connection #100 created to achieve minimum of 100 = AVAILABLE
[2015-03-03 16:39:20:118][com.switek.netseed.server.ui.ServerForm] T10-Netseed Server started, on LIN/192.168.169.107:38899
[2015-03-03 16:40:18:208][com.switek.netseed.server.ui.ServerForm] T1-System run time: 0d 00:01
[2015-03-03 16:40:19:564][com.switek.netseed.server.ui.ServerForm] T14-Starting schedule job engine...
[2015-03-03 16:40:49:565][com.switek.netseed.server.ui.ServerForm] T14-Starting schedule job engine...
[2015-03-03 16:41:19:565][com.switek.netseed.server.ui.ServerForm] T14-Starting schedule job engine...
[2015-03-03 16:41:49:566][com.switek.netseed.server.ui.ServerForm] T14-Starting schedule job engine...
[2015-03-03 16:42:18:202][com.switek.netseed.server.ui.ServerForm] T1-System run time: 0d 00:03
[2015-03-03 16:42:19:567][com.switek.netseed.server.ui.ServerForm] T14-Starting schedule job engine...
[2015-03-03 16:42:49:568][com.switek.netseed.server.ui.ServerForm] T14-Starting schedule job engine...
[2015-03-03 16:43:18:202][com.switek.netseed.server.ui.ServerForm] T1-System run time: 0d 00:04
[2015-03-03 16:43:19:568][com.switek.netseed.server.ui.ServerForm] T14-Starting schedule job engine...
[2015-03-03 16:43:49:569][com.switek.netseed.server.ui.ServerForm] T14-Starting schedule job engine...
[2015-03-03 16:44:18:203][com.switek.netseed.server.ui.ServerForm] T1-System run time: 0d 00:05
[2015-03-03 16:44:19:570][com.switek.netseed.server.ui.ServerForm] T14-Starting schedule job engine...
[2015-03-03 16:44:49:570][com.switek.netseed.server.ui.ServerForm] T14-Starting schedule job engine...
[2015-03-03 16:45:00:935][org.apache.mina.core.filterchain.IoFilterEvent] Firing a SESSION_OPENED event for session 1
[2015-03-03 16:45:00:936][org.apache.mina.core.filterchain.IoFilterEvent] Event SESSION_OPENED has been fired for session 1
[2015-03-03 16:45:00:937][org.apache.mina.filter.codec.ProtocolCodecFilter] Processing a MESSAGE_RECEIVED for session 1
[2015-03-03 16:45:00:942][org.apache.mina.core.filterchain.IoFilterEvent] Firing a MESSAGE_RECEIVED event for session 1
[2015-03-03 16:45:00:942][org.apache.mina.core.filterchain.IoFilterEvent] Event MESSAGE_RECEIVED has been fired for session 1
[2015-03-03 16:45:00:948][com.switek.netseed.server.ui.ServerForm] T20-****************************Received 0xF36__UNKNOWN: AA AA 77 00 DE 07 07 19 B0 39 00 36 0F 7B 22 42 6F 64 79 22 3A 7B 22 52 65 67 69 73 74 72 61 74 69 6F 6E 49 64 22 3A 22 34 35 36 22 2C 22 50 6C 61 74 66 6F 72 6D 22 3A 22 41 4E 44 52 4F 49 44 22 2C 22 54 61 67 22 3A 22 41 41 22 2C 22 43 6F 6E 74 72 6F 6C 6C 65 72 49 64 22 3A 22 44 45 30 37 30 37 31 39 42 30 33 39 22 2C 22 53 74 61 74 75 73 22 3A 30 7D 7D 37 C6  from: (0x00000001: nio socket, server, /127.0.0.1:56587 => /127.0.0.1:38899)
[2015-03-03 16:45:00:948][com.switek.netseed.server.ui.ServerForm] T20-Data: {"Body":{"RegistrationId":"456","Platform":"ANDROID","Tag":"AA","ControllerId":"DE070719B039","Status":0}}
[2015-03-03 16:45:01:004][org.logicalcobwebs.proxool.ConnectionPool] 000001 (02/100/00) - Connection #1 tested: OK
[2015-03-03 16:45:01:006][org.logicalcobwebs.proxool.ProxyFactory] Implementing interface java.sql.Wrapper
[2015-03-03 16:45:01:006][org.logicalcobwebs.proxool.ProxyFactory] Implementing interface java.lang.AutoCloseable
[2015-03-03 16:45:01:007][org.logicalcobwebs.proxool.ProxyFactory] Implementing interface com.mysql.jdbc.Statement
[2015-03-03 16:45:01:007][org.logicalcobwebs.proxool.ProxyFactory] Implementing interface java.sql.Statement
[2015-03-03 16:45:01:007][org.logicalcobwebs.proxool.ProxyFactory] Implementing interface java.sql.PreparedStatement
[2015-03-03 16:45:01:045][org.logicalcobwebs.proxool.ConnectionPool] 000002 (02/100/00) - Connection #3 tested: OK
[2015-03-03 16:45:01:047][com.switek.netseed.server.dao.JPushUserDao] #ERROR# :执行SQL语句出错，请检查！
UPDATE aduser set Tag=？,Status=？ where RegistrationId=？ AND ControllerId=？
java.sql.SQLException: Parameter index out of range (1 > number of parameters, which is 0).
	at com.mysql.jdbc.SQLError.createSQLException(SQLError.java:1073)
	at com.mysql.jdbc.SQLError.createSQLException(SQLError.java:987)
	at com.mysql.jdbc.SQLError.createSQLException(SQLError.java:982)
	at com.mysql.jdbc.SQLError.createSQLException(SQLError.java:927)
	at com.mysql.jdbc.PreparedStatement.checkBounds(PreparedStatement.java:3729)
	at com.mysql.jdbc.PreparedStatement.setInternal(PreparedStatement.java:3713)
	at com.mysql.jdbc.PreparedStatement.setString(PreparedStatement.java:4553)
	at sun.reflect.NativeMethodAccessorImpl.invoke0(Native Method)
	at sun.reflect.NativeMethodAccessorImpl.invoke(Unknown Source)
	at sun.reflect.DelegatingMethodAccessorImpl.invoke(Unknown Source)
	at java.lang.reflect.Method.invoke(Unknown Source)
	at org.logicalcobwebs.proxool.ProxyStatement.invoke(ProxyStatement.java:100)
	at org.logicalcobwebs.proxool.ProxyStatement.intercept(ProxyStatement.java:57)
	at $java.sql.Wrapper$$EnhancerByProxool$$d2f57409.setString(<generated>)
	at com.switek.netseed.server.dao.JPushUserDao.update(JPushUserDao.java:69)
	at com.switek.netseed.server.io.socket.strategy.CommUpdatePushStatus.analysisPacket(CommUpdatePushStatus.java:48)
	at com.switek.netseed.server.io.socket.strategy.CommContext.analysisPacket(CommContext.java:122)
	at com.switek.netseed.server.io.socket.AsyncSocketMsgHandler.handleMessage(AsyncSocketMsgHandler.java:78)
	at com.switek.netseed.server.io.socket.AsyncSocketMsgHandler.run(AsyncSocketMsgHandler.java:35)
	at java.util.concurrent.ThreadPoolExecutor.runWorker(Unknown Source)
	at java.util.concurrent.ThreadPoolExecutor$Worker.run(Unknown Source)
	at java.lang.Thread.run(Unknown Source)
[2015-03-03 16:45:01:051][com.switek.netseed.server.ui.ServerForm] T20-Sending msg [AA AA 4B 00 00 00 DE 07 07 19 B0 39 00 36 0F 7B 22 42 6F 64 79 22 3A 7B 7D 2C 22 52 65 73 75 6C 74 43 6F 64 65 22 3A 33 30 30 30 31 2C 22 4F 70 74 43 6F 64 65 22 3A 33 38 39 34 2C 22 41 50 49 56 65 72 22 3A 22 31 2E 30 22 7D C7 FF ] to (0x00000001: nio socket, server, /127.0.0.1:56587 => /127.0.0.1:38899)
[2015-03-03 16:45:01:051][com.switek.netseed.server.ui.ServerForm] T20-Command data: {"Body":{},"ResultCode":30001,"OptCode":3894,"APIVer":"1.0"}
[2015-03-03 16:45:01:057][com.switek.netseed.server.ui.ServerForm] T20-Msg has been sent
[2015-03-03 16:45:01:057][org.apache.mina.core.filterchain.IoFilterEvent] Firing a MESSAGE_SENT event for session 1
[2015-03-03 16:45:01:058][org.apache.mina.core.filterchain.IoFilterEvent] Event MESSAGE_SENT has been fired for session 1
[2015-03-03 16:45:01:058][org.apache.mina.core.filterchain.IoFilterEvent] Firing a SESSION_CLOSED event for session 1
[2015-03-03 16:45:01:058][org.apache.mina.core.filterchain.IoFilterEvent] Event SESSION_CLOSED has been fired for session 1
[2015-03-03 16:45:18:203][com.switek.netseed.server.ui.ServerForm] T1-System run time: 0d 00:06
[2015-03-03 16:45:18:467][org.logicalcobwebs.proxool.ConnectionPool] 000003 (00/99/00) - #0002 removed because it has been active for too long.
[2015-03-03 16:45:18:468][org.logicalcobwebs.proxool.HouseKeeper] #0002 was active for 359985 milliseconds and has been removed automaticaly. The Thread responsible was named 'Thread-1', but the last SQL it performed is unknown because the trace property is not enabled.
[2015-03-03 16:45:18:482][org.logicalcobwebs.proxool.Prototyper] 000003 (00/99/01) - Connection #101 created to achieve minimum of 100 = AVAILABLE
[2015-03-03 16:45:19:571][com.switek.netseed.server.ui.ServerForm] T14-Starting schedule job engine...
[2015-03-03 16:45:49:572][com.switek.netseed.server.ui.ServerForm] T14-Starting schedule job engine...
[2015-03-03 16:46:18:204][com.switek.netseed.server.ui.ServerForm] T1-System run time: 0d 00:07
[2015-03-03 16:46:19:573][com.switek.netseed.server.ui.ServerForm] T14-Starting schedule job engine...
[2015-03-03 16:46:49:573][com.switek.netseed.server.ui.ServerForm] T14-Starting schedule job engine...
[2015-03-03 16:47:18:204][com.switek.netseed.server.ui.ServerForm] T1-System run time: 0d 00:08
[2015-03-03 16:47:19:574][com.switek.netseed.server.ui.ServerForm] T14-Starting schedule job engine...
[2015-03-03 16:47:49:575][com.switek.netseed.server.ui.ServerForm] T14-Starting schedule job engine...
[2015-03-03 16:48:18:204][com.switek.netseed.server.ui.ServerForm] T1-System run time: 0d 00:09
[2015-03-03 16:48:19:575][com.switek.netseed.server.ui.ServerForm] T14-Starting schedule job engine...
