[2015-03-03 15:03:19:909][com.switek.netseed.server.ui.ServerForm] Already delete [2014-12-29_09.log] file in [2014-12-29] folder.
[2015-03-03 15:03:19:909][com.switek.netseed.server.ui.ServerForm] Already delete [2014-12-29_10.log] file in [2014-12-29] folder.
[2015-03-03 15:03:19:909][com.switek.netseed.server.ui.ServerForm] Already delete [2014-12-29_13.log] file in [2014-12-29] folder.
[2015-03-03 15:03:19:909][com.switek.netseed.server.ui.ServerForm] Already delete [2014-12-29_14.log] file in [2014-12-29] folder.
[2015-03-03 15:03:19:909][com.switek.netseed.server.ui.ServerForm] Already delete [2014-12-29] file folder.
[2015-03-03 15:03:19:878][com.switek.netseed.server.ui.ServerForm] test
[2015-03-03 15:03:19:909][com.switek.netseed.server.ui.ServerForm] T1-Starting the server...
[2015-03-03 15:03:19:909][com.switek.netseed.server.ui.ServerForm] T1-Socket IO Processor: 64
[2015-03-03 15:03:19:909][com.switek.netseed.server.ui.ServerForm] T1-Socket IO Pool: 64
[2015-03-03 15:03:19:909][com.switek.netseed.server.ui.ServerForm] T10-Loading standard IR code list from database...
[2015-03-03 15:03:19:925][org.logicalcobwebs.proxool.configuration.JAXPConfigurator] Configuring from reader: java.io.InputStreamReader@1aee419f
[2015-03-03 15:03:19:925][org.logicalcobwebs.proxool.configuration.JAXPConfigurator] SAXParserFactory class: com.sun.org.apache.xerces.internal.jaxp.SAXParserFactoryImpl
[2015-03-03 15:03:19:941][org.logicalcobwebs.proxool.configuration.JAXPConfigurator] sax parser classcom.sun.org.apache.xerces.internal.jaxp.SAXParserImpl
[2015-03-03 15:03:19:941][org.logicalcobwebs.proxool.configuration.JAXPConfigurator] XML reader class: com.sun.org.apache.xerces.internal.jaxp.SAXParserImpl$JAXPSAXParser
[2015-03-03 15:03:19:941][org.logicalcobwebs.proxool.configuration.JAXPConfigurator] Setting sax feature: 'http://xml.org/sax/features/namespaces'. State: true.
[2015-03-03 15:03:19:941][org.logicalcobwebs.proxool.configuration.JAXPConfigurator] Setting sax feature: 'http://xml.org/sax/features/namespace-prefixes'. State: false.
[2015-03-03 15:03:19:941][org.logicalcobwebs.proxool.configuration.XMLConfigurator] Adding driver property: user=cziotappuser
[2015-03-03 15:03:19:941][org.logicalcobwebs.proxool.configuration.XMLConfigurator] Adding driver property: password=*******
[2015-03-03 15:03:19:941][org.logicalcobwebs.proxool.configuration.XMLConfigurator] Setting property 'proxool.simultaneous-build-throttle' to value '5000'.
[2015-03-03 15:03:19:956][org.logicalcobwebs.proxool.configuration.XMLConfigurator] Setting property 'proxool.maximum-connection-count' to value '2000'.
[2015-03-03 15:03:19:956][org.logicalcobwebs.proxool.configuration.XMLConfigurator] Setting property 'proxool.maximum-new-connections' to value '100'.
[2015-03-03 15:03:19:956][org.logicalcobwebs.proxool.configuration.XMLConfigurator] Setting property 'proxool.minimum-connection-count' to value '100'.
[2015-03-03 15:03:19:956][org.logicalcobwebs.proxool.configuration.XMLConfigurator] Setting property 'proxool.house-keeping-sleep-time' to value '120000'.
[2015-03-03 15:03:19:956][org.logicalcobwebs.proxool.configuration.XMLConfigurator] Setting property 'proxool.prototype-count' to value '50'.
[2015-03-03 15:03:19:956][org.logicalcobwebs.proxool.configuration.XMLConfigurator] Setting property 'proxool.test-before-use' to value 'true'.
[2015-03-03 15:03:19:956][org.logicalcobwebs.proxool.configuration.XMLConfigurator] Setting property 'proxool.house-keeping-test-sql' to value 'select 1'.
[2015-03-03 15:03:19:956][org.logicalcobwebs.proxool.configuration.XMLConfigurator] Created url: proxool.DBPool:com.mysql.jdbc.Driver:jdbc:mysql://localhost:13306/cziot
[2015-03-03 15:03:19:956][org.logicalcobwebs.proxool.ProxoolFacade] Proxool 0.9.1 (23-Aug-2008 11:10)
[2015-03-03 15:03:19:972][org.logicalcobwebs.proxool.ConnectionPoolDefinition] Recognised proxool property: proxool.driver=com.mysql.jdbc.Driver
[2015-03-03 15:03:19:972][org.logicalcobwebs.proxool.ConnectionPoolDefinition] Recognised proxool property: proxool.url=jdbc:mysql://localhost:13306/cziot
[2015-03-03 15:03:19:972][org.logicalcobwebs.proxool.ConnectionPoolDefinition] Recognised proxool property: proxool.minimum-connection-count=100
[2015-03-03 15:03:19:972][org.logicalcobwebs.proxool.ConnectionPoolDefinition] Recognised proxool property: proxool.simultaneous-build-throttle=5000
[2015-03-03 15:03:19:972][org.logicalcobwebs.proxool.ConnectionPoolDefinition] Recognised proxool property: proxool.test-before-use=true
[2015-03-03 15:03:19:972][org.logicalcobwebs.proxool.ConnectionPoolDefinition] Use of proxool.maximum-new-connections is deprecated. Use more descriptive proxool.simultaneous-build-throttle instead.
[2015-03-03 15:03:19:972][org.logicalcobwebs.proxool.ConnectionPoolDefinition] Recognised proxool property: proxool.maximum-new-connections=100
[2015-03-03 15:03:19:972][org.logicalcobwebs.proxool.ConnectionPoolDefinition] Delegating property to driver: user=cziotappuser
[2015-03-03 15:03:19:972][org.logicalcobwebs.proxool.ConnectionPoolDefinition] Recognised proxool property: proxool.house-keeping-sleep-time=120000
[2015-03-03 15:03:19:972][org.logicalcobwebs.proxool.ConnectionPoolDefinition] Recognised proxool property: proxool.prototype-count=50
[2015-03-03 15:03:19:972][org.logicalcobwebs.proxool.ConnectionPoolDefinition] Delegating property to driver: password=********
[2015-03-03 15:03:19:972][org.logicalcobwebs.proxool.ConnectionPoolDefinition] Recognised proxool property: proxool.maximum-connection-count=2000
[2015-03-03 15:03:19:972][org.logicalcobwebs.proxool.ConnectionPoolDefinition] Recognised proxool property: proxool.house-keeping-test-sql=select 1
[2015-03-03 15:03:19:987][org.logicalcobwebs.proxool.ShutdownHook] Registered shutdownHook
[2015-03-03 15:03:20:003][org.logicalcobwebs.proxool.HouseKeeperController] Registering 'DBPool' house keeper
[2015-03-03 15:03:20:003][org.logicalcobwebs.proxool.HouseKeeperController] Starting a house keeper thread
[2015-03-03 15:03:20:190][org.logicalcobwebs.proxool.ConnectionResetter] Remembering default value: getTransactionIsolation() = 4
[2015-03-03 15:03:20:190][org.logicalcobwebs.proxool.ConnectionResetter] Remembering default value: getHoldability() = 2
[2015-03-03 15:03:20:190][org.logicalcobwebs.proxool.ConnectionResetter] Remembering default value: getCatalog() = cziot
[2015-03-03 15:03:20:190][org.logicalcobwebs.proxool.ConnectionResetter] Remembering default value: isReadOnly() = false
[2015-03-03 15:03:20:190][org.logicalcobwebs.proxool.ConnectionResetter] Remembering default value: getTypeMap() = {}
[2015-03-03 15:03:20:190][org.logicalcobwebs.proxool.ConnectionPool] Proxool statistics legend: "s - r  (a/t/o)" > s=served, r=refused (only shown if non-zero), a=active, t=total, o=offline (being tested)
[2015-03-03 15:03:20:190][org.logicalcobwebs.proxool.ConnectionPool] Proxool statistics legend: "s - r  (a/t/o)" > s=served, r=refused (only shown if non-zero), a=active, t=total, o=offline (being tested)
[2015-03-03 15:03:20:190][org.logicalcobwebs.proxool.Prototyper] 000000 (01/02/00) - Connection #1 created to achieve minimum of 100 = AVAILABLE
[2015-03-03 15:03:20:190][org.logicalcobwebs.proxool.Prototyper] 000000 (01/02/00) - Connection #2 created on demand = ACTIVE
[2015-03-03 15:03:20:190][org.logicalcobwebs.proxool.ConnectionPool] 000000 (01/02/00) - Connection #2 tested: OK
[2015-03-03 15:03:20:206][org.logicalcobwebs.proxool.Prototyper] 000001 (01/03/00) - Connection #3 created to achieve minimum of 100 = AVAILABLE
[2015-03-03 15:03:20:221][org.logicalcobwebs.proxool.Prototyper] 000001 (01/04/00) - Connection #4 created to achieve minimum of 100 = AVAILABLE
[2015-03-03 15:03:20:237][org.logicalcobwebs.proxool.Prototyper] 000001 (01/05/00) - Connection #5 created to achieve minimum of 100 = AVAILABLE
[2015-03-03 15:03:20:237][org.logicalcobwebs.proxool.ProxyFactory] Implementing interface com.mysql.jdbc.MySQLConnection
[2015-03-03 15:03:20:237][org.logicalcobwebs.proxool.ProxyFactory] Implementing interface com.mysql.jdbc.ConnectionProperties
[2015-03-03 15:03:20:237][org.logicalcobwebs.proxool.ProxyFactory] Implementing interface com.mysql.jdbc.Connection
[2015-03-03 15:03:20:237][org.logicalcobwebs.proxool.ProxyFactory] Implementing interface java.io.Serializable
[2015-03-03 15:03:20:237][org.logicalcobwebs.proxool.ProxyFactory] Implementing interface java.lang.AutoCloseable
[2015-03-03 15:03:20:237][org.logicalcobwebs.proxool.ProxyFactory] Implementing interface java.sql.Wrapper
[2015-03-03 15:03:20:237][org.logicalcobwebs.proxool.ProxyFactory] Implementing interface java.sql.Connection
[2015-03-03 15:03:20:253][org.logicalcobwebs.proxool.Prototyper] 000001 (01/06/00) - Connection #6 created to achieve minimum of 100 = AVAILABLE
[2015-03-03 15:03:20:268][org.logicalcobwebs.proxool.Prototyper] 000001 (01/07/00) - Connection #7 created to achieve minimum of 100 = AVAILABLE
[2015-03-03 15:03:20:284][org.logicalcobwebs.proxool.Prototyper] 000001 (01/08/00) - Connection #8 created to achieve minimum of 100 = AVAILABLE
[2015-03-03 15:03:20:299][org.logicalcobwebs.proxool.Prototyper] 000001 (01/09/00) - Connection #9 created to achieve minimum of 100 = AVAILABLE
[2015-03-03 15:03:20:315][org.logicalcobwebs.proxool.Prototyper] 000001 (01/10/00) - Connection #10 created to achieve minimum of 100 = AVAILABLE
[2015-03-03 15:03:20:331][org.logicalcobwebs.proxool.Prototyper] 000001 (01/11/00) - Connection #11 created to achieve minimum of 100 = AVAILABLE
[2015-03-03 15:03:20:346][org.logicalcobwebs.proxool.Prototyper] 000001 (01/12/00) - Connection #12 created to achieve minimum of 100 = AVAILABLE
[2015-03-03 15:03:20:362][org.logicalcobwebs.proxool.Prototyper] 000001 (01/13/00) - Connection #13 created to achieve minimum of 100 = AVAILABLE
[2015-03-03 15:03:20:377][org.logicalcobwebs.proxool.Prototyper] 000001 (01/14/00) - Connection #14 created to achieve minimum of 100 = AVAILABLE
[2015-03-03 15:03:20:393][org.logicalcobwebs.proxool.Prototyper] 000001 (01/15/00) - Connection #15 created to achieve minimum of 100 = AVAILABLE
[2015-03-03 15:03:20:393][org.logicalcobwebs.proxool.Prototyper] 000001 (01/16/00) - Connection #16 created to achieve minimum of 100 = AVAILABLE
[2015-03-03 15:03:20:409][org.logicalcobwebs.proxool.Prototyper] 000001 (01/17/00) - Connection #17 created to achieve minimum of 100 = AVAILABLE
[2015-03-03 15:03:20:424][org.logicalcobwebs.proxool.Prototyper] 000001 (01/18/00) - Connection #18 created to achieve minimum of 100 = AVAILABLE
[2015-03-03 15:03:20:440][org.logicalcobwebs.proxool.Prototyper] 000001 (01/19/00) - Connection #19 created to achieve minimum of 100 = AVAILABLE
[2015-03-03 15:03:20:455][org.logicalcobwebs.proxool.Prototyper] 000001 (01/20/00) - Connection #20 created to achieve minimum of 100 = AVAILABLE
[2015-03-03 15:03:20:455][org.logicalcobwebs.proxool.Prototyper] 000001 (01/21/00) - Connection #21 created to achieve minimum of 100 = AVAILABLE
[2015-03-03 15:03:20:471][org.logicalcobwebs.proxool.Prototyper] 000001 (01/22/00) - Connection #22 created to achieve minimum of 100 = AVAILABLE
[2015-03-03 15:03:20:487][org.logicalcobwebs.proxool.Prototyper] 000001 (01/23/00) - Connection #23 created to achieve minimum of 100 = AVAILABLE
[2015-03-03 15:03:20:487][org.logicalcobwebs.proxool.Prototyper] 000001 (01/24/00) - Connection #24 created to achieve minimum of 100 = AVAILABLE
[2015-03-03 15:03:20:502][org.logicalcobwebs.proxool.Prototyper] 000001 (01/25/00) - Connection #25 created to achieve minimum of 100 = AVAILABLE
[2015-03-03 15:03:20:518][org.logicalcobwebs.proxool.Prototyper] 000001 (01/26/00) - Connection #26 created to achieve minimum of 100 = AVAILABLE
[2015-03-03 15:03:20:518][org.logicalcobwebs.proxool.Prototyper] 000001 (01/27/00) - Connection #27 created to achieve minimum of 100 = AVAILABLE
[2015-03-03 15:03:20:533][org.logicalcobwebs.proxool.Prototyper] 000001 (01/28/00) - Connection #28 created to achieve minimum of 100 = AVAILABLE
[2015-03-03 15:03:20:549][org.logicalcobwebs.proxool.Prototyper] 000001 (01/29/00) - Connection #29 created to achieve minimum of 100 = AVAILABLE
[2015-03-03 15:03:20:549][org.logicalcobwebs.proxool.Prototyper] 000001 (01/30/00) - Connection #30 created to achieve minimum of 100 = AVAILABLE
[2015-03-03 15:03:20:565][org.logicalcobwebs.proxool.Prototyper] 000001 (01/31/00) - Connection #31 created to achieve minimum of 100 = AVAILABLE
[2015-03-03 15:03:20:580][org.logicalcobwebs.proxool.Prototyper] 000001 (01/32/00) - Connection #32 created to achieve minimum of 100 = AVAILABLE
[2015-03-03 15:03:20:580][org.logicalcobwebs.proxool.Prototyper] 000001 (01/33/00) - Connection #33 created to achieve minimum of 100 = AVAILABLE
[2015-03-03 15:03:20:596][org.logicalcobwebs.proxool.Prototyper] 000001 (01/34/00) - Connection #34 created to achieve minimum of 100 = AVAILABLE
[2015-03-03 15:03:20:611][org.logicalcobwebs.proxool.Prototyper] 000001 (01/35/00) - Connection #35 created to achieve minimum of 100 = AVAILABLE
[2015-03-03 15:03:20:611][org.logicalcobwebs.proxool.Prototyper] 000001 (01/36/00) - Connection #36 created to achieve minimum of 100 = AVAILABLE
[2015-03-03 15:03:20:627][org.logicalcobwebs.proxool.Prototyper] 000001 (01/37/00) - Connection #37 created to achieve minimum of 100 = AVAILABLE
[2015-03-03 15:03:20:643][org.logicalcobwebs.proxool.Prototyper] 000001 (01/38/00) - Connection #38 created to achieve minimum of 100 = AVAILABLE
[2015-03-03 15:03:20:658][org.logicalcobwebs.proxool.Prototyper] 000001 (01/39/00) - Connection #39 created to achieve minimum of 100 = AVAILABLE
[2015-03-03 15:03:20:658][org.logicalcobwebs.proxool.Prototyper] 000001 (01/40/00) - Connection #40 created to achieve minimum of 100 = AVAILABLE
[2015-03-03 15:03:20:674][org.logicalcobwebs.proxool.Prototyper] 000001 (01/41/00) - Connection #41 created to achieve minimum of 100 = AVAILABLE
[2015-03-03 15:03:20:689][org.logicalcobwebs.proxool.Prototyper] 000001 (01/42/00) - Connection #42 created to achieve minimum of 100 = AVAILABLE
[2015-03-03 15:03:20:689][org.logicalcobwebs.proxool.Prototyper] 000001 (01/43/00) - Connection #43 created to achieve minimum of 100 = AVAILABLE
[2015-03-03 15:03:20:705][org.logicalcobwebs.proxool.Prototyper] 000001 (01/44/00) - Connection #44 created to achieve minimum of 100 = AVAILABLE
[2015-03-03 15:03:20:721][org.logicalcobwebs.proxool.Prototyper] 000001 (01/45/00) - Connection #45 created to achieve minimum of 100 = AVAILABLE
[2015-03-03 15:03:20:721][org.logicalcobwebs.proxool.Prototyper] 000001 (01/46/00) - Connection #46 created to achieve minimum of 100 = AVAILABLE
[2015-03-03 15:03:20:736][org.logicalcobwebs.proxool.Prototyper] 000001 (01/47/00) - Connection #47 created to achieve minimum of 100 = AVAILABLE
[2015-03-03 15:03:20:736][org.logicalcobwebs.proxool.Prototyper] 000001 (01/48/00) - Connection #48 created to achieve minimum of 100 = AVAILABLE
[2015-03-03 15:03:20:752][org.logicalcobwebs.proxool.Prototyper] 000001 (01/49/00) - Connection #49 created to achieve minimum of 100 = AVAILABLE
[2015-03-03 15:03:20:752][org.logicalcobwebs.proxool.Prototyper] 000001 (01/50/00) - Connection #50 created to achieve minimum of 100 = AVAILABLE
[2015-03-03 15:03:20:767][org.logicalcobwebs.proxool.Prototyper] 000001 (01/51/00) - Connection #51 created to achieve minimum of 100 = AVAILABLE
[2015-03-03 15:03:20:783][org.logicalcobwebs.proxool.Prototyper] 000001 (01/52/00) - Connection #52 created to achieve minimum of 100 = AVAILABLE
[2015-03-03 15:03:20:783][org.logicalcobwebs.proxool.Prototyper] 000001 (01/53/00) - Connection #53 created to achieve minimum of 100 = AVAILABLE
[2015-03-03 15:03:20:799][org.logicalcobwebs.proxool.Prototyper] 000001 (01/54/00) - Connection #54 created to achieve minimum of 100 = AVAILABLE
[2015-03-03 15:03:20:814][org.logicalcobwebs.proxool.Prototyper] 000001 (01/55/00) - Connection #55 created to achieve minimum of 100 = AVAILABLE
[2015-03-03 15:03:20:814][org.logicalcobwebs.proxool.Prototyper] 000001 (01/56/00) - Connection #56 created to achieve minimum of 100 = AVAILABLE
[2015-03-03 15:03:20:830][org.logicalcobwebs.proxool.Prototyper] 000001 (01/57/00) - Connection #57 created to achieve minimum of 100 = AVAILABLE
[2015-03-03 15:03:20:830][org.logicalcobwebs.proxool.ProxyFactory] Implementing interface com.mysql.jdbc.Statement
[2015-03-03 15:03:20:830][org.logicalcobwebs.proxool.ProxyFactory] Implementing interface java.sql.Statement
[2015-03-03 15:03:20:830][org.logicalcobwebs.proxool.ProxyFactory] Implementing interface java.lang.AutoCloseable
[2015-03-03 15:03:20:830][org.logicalcobwebs.proxool.ProxyFactory] Implementing interface java.sql.Wrapper
[2015-03-03 15:03:20:830][org.logicalcobwebs.proxool.Prototyper] 000001 (01/58/00) - Connection #58 created to achieve minimum of 100 = AVAILABLE
[2015-03-03 15:03:20:846][org.logicalcobwebs.proxool.Prototyper] 000001 (01/59/00) - Connection #59 created to achieve minimum of 100 = AVAILABLE
[2015-03-03 15:03:20:846][org.logicalcobwebs.proxool.Prototyper] 000001 (01/60/00) - Connection #60 created to achieve minimum of 100 = AVAILABLE
[2015-03-03 15:03:20:862][org.logicalcobwebs.proxool.Prototyper] 000001 (01/61/00) - Connection #61 created to achieve minimum of 100 = AVAILABLE
[2015-03-03 15:03:20:862][org.logicalcobwebs.proxool.Prototyper] 000001 (01/62/00) - Connection #62 created to achieve minimum of 100 = AVAILABLE
[2015-03-03 15:03:20:878][org.logicalcobwebs.proxool.Prototyper] 000001 (01/63/00) - Connection #63 created to achieve minimum of 100 = AVAILABLE
[2015-03-03 15:03:20:878][org.logicalcobwebs.proxool.Prototyper] 000001 (01/64/00) - Connection #64 created to achieve minimum of 100 = AVAILABLE
[2015-03-03 15:03:20:893][org.logicalcobwebs.proxool.Prototyper] 000001 (01/65/00) - Connection #65 created to achieve minimum of 100 = AVAILABLE
[2015-03-03 15:03:20:893][org.logicalcobwebs.proxool.Prototyper] 000001 (01/66/00) - Connection #66 created to achieve minimum of 100 = AVAILABLE
[2015-03-03 15:03:20:909][org.logicalcobwebs.proxool.Prototyper] 000001 (01/67/00) - Connection #67 created to achieve minimum of 100 = AVAILABLE
[2015-03-03 15:03:20:924][org.logicalcobwebs.proxool.Prototyper] 000001 (01/68/00) - Connection #68 created to achieve minimum of 100 = AVAILABLE
[2015-03-03 15:03:20:924][org.logicalcobwebs.proxool.Prototyper] 000001 (01/69/00) - Connection #69 created to achieve minimum of 100 = AVAILABLE
[2015-03-03 15:03:20:940][org.logicalcobwebs.proxool.Prototyper] 000001 (01/70/00) - Connection #70 created to achieve minimum of 100 = AVAILABLE
[2015-03-03 15:03:20:940][org.logicalcobwebs.proxool.Prototyper] 000001 (01/71/00) - Connection #71 created to achieve minimum of 100 = AVAILABLE
[2015-03-03 15:03:20:956][org.logicalcobwebs.proxool.Prototyper] 000001 (01/72/00) - Connection #72 created to achieve minimum of 100 = AVAILABLE
[2015-03-03 15:03:20:956][org.logicalcobwebs.proxool.Prototyper] 000001 (01/73/00) - Connection #73 created to achieve minimum of 100 = AVAILABLE
[2015-03-03 15:03:20:971][org.logicalcobwebs.proxool.Prototyper] 000001 (01/74/00) - Connection #74 created to achieve minimum of 100 = AVAILABLE
[2015-03-03 15:03:20:971][org.logicalcobwebs.proxool.Prototyper] 000001 (01/75/00) - Connection #75 created to achieve minimum of 100 = AVAILABLE
[2015-03-03 15:03:20:987][org.logicalcobwebs.proxool.Prototyper] 000001 (01/76/00) - Connection #76 created to achieve minimum of 100 = AVAILABLE
[2015-03-03 15:03:20:987][org.logicalcobwebs.proxool.Prototyper] 000001 (01/77/00) - Connection #77 created to achieve minimum of 100 = AVAILABLE
[2015-03-03 15:03:21:002][com.switek.netseed.server.ui.ServerForm] T10-Loading device type def from database...
[2015-03-03 15:03:21:002][org.logicalcobwebs.proxool.Prototyper] 000001 (01/78/00) - Connection #78 created to achieve minimum of 100 = AVAILABLE
[2015-03-03 15:03:21:002][com.switek.netseed.server.ui.ServerForm] T10-Done.
[2015-03-03 15:03:21:002][com.switek.netseed.server.ui.ServerForm] T10-Loading brand info list from database...
[2015-03-03 15:03:21:002][org.logicalcobwebs.proxool.Prototyper] 000001 (01/79/00) - Connection #79 created to achieve minimum of 100 = AVAILABLE
[2015-03-03 15:03:21:018][com.switek.netseed.server.ui.ServerForm] T10-Done
[2015-03-03 15:03:21:018][com.switek.netseed.server.ui.ServerForm] T10-Loading releationship of type and brand from database...
[2015-03-03 15:03:21:018][org.logicalcobwebs.proxool.Prototyper] 000001 (01/80/00) - Connection #80 created to achieve minimum of 100 = AVAILABLE
[2015-03-03 15:03:21:018][com.switek.netseed.server.ui.ServerForm] T10-Done
[2015-03-03 15:03:21:018][com.switek.netseed.server.ui.ServerForm] T10-Loading controller list from database...
[2015-03-03 15:03:21:018][org.logicalcobwebs.proxool.Prototyper] 000001 (01/81/00) - Connection #81 created to achieve minimum of 100 = AVAILABLE
[2015-03-03 15:03:21:034][org.logicalcobwebs.proxool.Prototyper] 000001 (01/82/00) - Connection #82 created to achieve minimum of 100 = AVAILABLE
[2015-03-03 15:03:21:034][org.logicalcobwebs.proxool.Prototyper] 000001 (01/83/00) - Connection #83 created to achieve minimum of 100 = AVAILABLE
[2015-03-03 15:03:21:034][org.logicalcobwebs.proxool.Prototyper] 000001 (01/84/00) - Connection #84 created to achieve minimum of 100 = AVAILABLE
[2015-03-03 15:03:21:049][org.logicalcobwebs.proxool.Prototyper] 000001 (01/85/00) - Connection #85 created to achieve minimum of 100 = AVAILABLE
[2015-03-03 15:03:21:049][com.switek.netseed.server.ui.ServerForm] T10-There are 1450 controller(s)
[2015-03-03 15:03:21:049][com.switek.netseed.server.ui.ServerForm] T10-Loading subcontroller list from database...
[2015-03-03 15:03:21:049][org.logicalcobwebs.proxool.Prototyper] 000001 (01/86/00) - Connection #86 created to achieve minimum of 100 = AVAILABLE
[2015-03-03 15:03:21:065][org.logicalcobwebs.proxool.Prototyper] 000001 (01/87/00) - Connection #87 created to achieve minimum of 100 = AVAILABLE
[2015-03-03 15:03:21:065][org.logicalcobwebs.proxool.Prototyper] 000001 (01/88/00) - Connection #88 created to achieve minimum of 100 = AVAILABLE
[2015-03-03 15:03:21:065][org.logicalcobwebs.proxool.Prototyper] 000001 (01/89/00) - Connection #89 created to achieve minimum of 100 = AVAILABLE
[2015-03-03 15:03:21:080][org.logicalcobwebs.proxool.Prototyper] 000001 (01/90/00) - Connection #90 created to achieve minimum of 100 = AVAILABLE
[2015-03-03 15:03:21:080][org.logicalcobwebs.proxool.Prototyper] 000001 (01/91/00) - Connection #91 created to achieve minimum of 100 = AVAILABLE
[2015-03-03 15:03:21:080][com.switek.netseed.server.ui.ServerForm] T10-There are 1570 subcontroler(s).
[2015-03-03 15:03:21:080][com.switek.netseed.server.ui.ServerForm] T10-Loading device list from database...
[2015-03-03 15:03:21:096][org.logicalcobwebs.proxool.Prototyper] 000001 (01/92/00) - Connection #92 created to achieve minimum of 100 = AVAILABLE
[2015-03-03 15:03:21:096][org.logicalcobwebs.proxool.Prototyper] 000001 (01/93/00) - Connection #93 created to achieve minimum of 100 = AVAILABLE
[2015-03-03 15:03:21:112][org.logicalcobwebs.proxool.Prototyper] 000001 (01/94/00) - Connection #94 created to achieve minimum of 100 = AVAILABLE
[2015-03-03 15:03:21:112][org.logicalcobwebs.proxool.Prototyper] 000001 (01/95/00) - Connection #95 created to achieve minimum of 100 = AVAILABLE
[2015-03-03 15:03:21:112][org.logicalcobwebs.proxool.Prototyper] 000001 (01/96/00) - Connection #96 created to achieve minimum of 100 = AVAILABLE
[2015-03-03 15:03:21:127][org.logicalcobwebs.proxool.Prototyper] 000001 (01/97/00) - Connection #97 created to achieve minimum of 100 = AVAILABLE
[2015-03-03 15:03:21:127][org.logicalcobwebs.proxool.Prototyper] 000001 (01/98/00) - Connection #98 created to achieve minimum of 100 = AVAILABLE
[2015-03-03 15:03:21:127][org.logicalcobwebs.proxool.Prototyper] 000001 (01/99/00) - Connection #99 created to achieve minimum of 100 = AVAILABLE
[2015-03-03 15:03:21:143][org.logicalcobwebs.proxool.Prototyper] 000001 (01/100/00) - Connection #100 created to achieve minimum of 100 = AVAILABLE
[2015-03-03 15:03:21:143][com.switek.netseed.server.ui.ServerForm] T10-There are 1785 device(s).
[2015-03-03 15:03:21:143][com.switek.netseed.server.ui.ServerForm] T10-Loading learned IR code from database...
[2015-03-03 15:03:21:299][com.switek.netseed.server.ui.ServerForm] T10-Learned IR code are loaded!
[2015-03-03 15:03:21:299][com.switek.netseed.server.ui.ServerForm] T10-Loading app list from database...
[2015-03-03 15:03:21:299][com.switek.netseed.server.ui.ServerForm] T10-Loading timers...
[2015-03-03 15:03:21:314][com.switek.netseed.server.ui.ServerForm] T10-There are 1 timer(s)
[2015-03-03 15:03:21:314][com.switek.netseed.server.ui.ServerForm] T10-Loading timer steps...
[2015-03-03 15:03:21:346][com.switek.netseed.server.ui.ServerForm] T10-Completed to load timers.
[2015-03-03 15:03:21:346][com.switek.netseed.server.ui.ServerForm] T10-Setup schedule job engine.
[2015-03-03 15:03:21:346][com.switek.netseed.server.ui.ServerForm] T10-MaxThread: 2048
[2015-03-03 15:03:21:346][com.switek.netseed.server.ui.ServerForm] T10-Starting the Netseed server...
[2015-03-03 15:03:21:860][com.switek.netseed.server.ui.ServerForm] T10-Netseed Server started, on LIN/192.168.169.107:38899
[2015-03-03 15:04:19:877][com.switek.netseed.server.ui.ServerForm] T1-System run time: 0d 00:01
[2015-03-03 15:04:21:360][com.switek.netseed.server.ui.ServerForm] T14-Starting schedule job engine...
[2015-03-03 15:04:51:375][com.switek.netseed.server.ui.ServerForm] T14-Starting schedule job engine...
[2015-03-03 15:04:53:919][org.apache.mina.core.filterchain.IoFilterEvent] Firing a SESSION_OPENED event for session 1
[2015-03-03 15:04:53:919][org.apache.mina.filter.codec.ProtocolCodecFilter] Processing a MESSAGE_RECEIVED for session 1
[2015-03-03 15:04:53:919][org.apache.mina.core.filterchain.IoFilterEvent] Event SESSION_OPENED has been fired for session 1
[2015-03-03 15:04:53:919][org.apache.mina.core.filterchain.IoFilterEvent] Firing a MESSAGE_RECEIVED event for session 1
[2015-03-03 15:04:53:919][org.apache.mina.core.filterchain.IoFilterEvent] Event MESSAGE_RECEIVED has been fired for session 1
[2015-03-03 15:04:53:934][com.switek.netseed.server.ui.ServerForm] T20-****************************Received 0xF36__UNKNOWN: AA AA 6E 00 DE 07 07 19 B0 39 00 36 0F 7B 22 42 6F 64 79 22 3A 7B 22 52 65 67 69 73 74 72 61 74 69 6F 6E 49 64 22 3A 22 34 35 36 22 2C 22 50 6C 61 74 66 6F 72 6D 22 3A 22 41 4E 44 52 4F 49 44 22 2C 22 54 61 67 22 3A 22 41 41 22 2C 22 43 6F 6E 74 72 6F 6C 6C 65 72 49 64 22 3A 22 44 46 34 35 36 22 2C 73 74 61 74 75 73 3A 31 7D 7D E5 C1  from: (0x00000001: nio socket, server, /127.0.0.1:56673 => /127.0.0.1:38899)
[2015-03-03 15:04:53:934][com.switek.netseed.server.ui.ServerForm] T20-Data: {"Body":{"RegistrationId":"456","Platform":"ANDROID","Tag":"AA","ControllerId":"DF456",status:1}}
[2015-03-03 15:04:53:982][com.switek.netseed.server.ui.ServerForm] T20-JSONObject["Status"] is not a number.|JSONObject["Status"] is not a number.
net.sf.json.JSONException: JSONObject["Status"] is not a number.
	at net.sf.json.JSONObject.getInt(JSONObject.java:2106)
	at com.switek.netseed.server.io.socket.strategy.CommUpdatePushStatus.analysisPacket(CommUpdatePushStatus.java:31)
	at com.switek.netseed.server.io.socket.strategy.CommContext.analysisPacket(CommContext.java:122)
	at com.switek.netseed.server.io.socket.AsyncSocketMsgHandler.handleMessage(AsyncSocketMsgHandler.java:78)
	at com.switek.netseed.server.io.socket.AsyncSocketMsgHandler.run(AsyncSocketMsgHandler.java:35)
	at java.util.concurrent.ThreadPoolExecutor.runWorker(Unknown Source)
	at java.util.concurrent.ThreadPoolExecutor$Worker.run(Unknown Source)
	at java.lang.Thread.run(Unknown Source)
[2015-03-03 15:04:54:013][com.switek.netseed.server.ui.ServerForm] T20-Sending msg [AA AA 7F 00 00 00 DE 07 07 19 B0 39 00 36 0F 7B 22 42 6F 64 79 22 3A 7B 22 45 72 72 6F 72 4D 73 67 22 3A 22 4A 53 4F 4E 4F 62 6A 65 63 74 5B 5C 22 53 74 61 74 75 73 5C 22 5D 20 69 73 20 6E 6F 74 20 61 20 6E 75 6D 62 65 72 2E 22 7D 2C 22 52 65 73 75 6C 74 43 6F 64 65 22 3A 31 30 30 30 30 2C 22 4F 70 74 43 6F 64 65 22 3A 33 38 39 34 2C 22 41 50 49 56 65 72 22 3A 22 31 2E 30 22 7D CC 38 ] to (0x00000001: nio socket, server, /127.0.0.1:56673 => /127.0.0.1:38899)
[2015-03-03 15:04:54:013][com.switek.netseed.server.ui.ServerForm] T20-Command data: {"Body":{"ErrorMsg":"JSONObject[\"Status\"] is not a number."},"ResultCode":10000,"OptCode":3894,"APIVer":"1.0"}
[2015-03-03 15:04:54:013][com.switek.netseed.server.ui.ServerForm] T20-Msg has been sent
[2015-03-03 15:04:54:013][org.apache.mina.core.filterchain.IoFilterEvent] Firing a MESSAGE_SENT event for session 1
[2015-03-03 15:04:54:029][org.apache.mina.core.filterchain.IoFilterEvent] Event MESSAGE_SENT has been fired for session 1
[2015-03-03 15:04:54:029][org.apache.mina.core.filterchain.IoFilterEvent] Firing a SESSION_CLOSED event for session 1
[2015-03-03 15:04:54:029][org.apache.mina.core.filterchain.IoFilterEvent] Event SESSION_CLOSED has been fired for session 1
[2015-03-03 15:05:19:892][com.switek.netseed.server.ui.ServerForm] T1-System run time: 0d 00:02
[2015-03-03 15:05:21:390][com.switek.netseed.server.ui.ServerForm] T14-Starting schedule job engine...
[2015-03-03 15:05:26:181][org.apache.mina.core.filterchain.IoFilterEvent] Firing a SESSION_OPENED event for session 2
[2015-03-03 15:05:26:181][org.apache.mina.core.filterchain.IoFilterEvent] Event SESSION_OPENED has been fired for session 2
[2015-03-03 15:05:26:196][org.apache.mina.filter.codec.ProtocolCodecFilter] Processing a MESSAGE_RECEIVED for session 2
[2015-03-03 15:05:26:196][org.apache.mina.core.filterchain.IoFilterEvent] Firing a MESSAGE_RECEIVED event for session 2
[2015-03-03 15:05:26:196][org.apache.mina.core.filterchain.IoFilterEvent] Event MESSAGE_RECEIVED has been fired for session 2
[2015-03-03 15:05:26:196][com.switek.netseed.server.ui.ServerForm] T26-****************************Received 0xF36__UNKNOWN: AA AA 6E 00 DE 07 07 19 B0 39 00 36 0F 7B 22 42 6F 64 79 22 3A 7B 22 52 65 67 69 73 74 72 61 74 69 6F 6E 49 64 22 3A 22 34 35 36 22 2C 22 50 6C 61 74 66 6F 72 6D 22 3A 22 41 4E 44 52 4F 49 44 22 2C 22 54 61 67 22 3A 22 41 41 22 2C 22 43 6F 6E 74 72 6F 6C 6C 65 72 49 64 22 3A 22 44 46 34 35 36 22 2C 53 74 61 74 75 73 3A 31 7D 7D E8 F8  from: (0x00000002: nio socket, server, /127.0.0.1:56742 => /127.0.0.1:38899)
[2015-03-03 15:05:26:196][com.switek.netseed.server.ui.ServerForm] T26-Data: {"Body":{"RegistrationId":"456","Platform":"ANDROID","Tag":"AA","ControllerId":"DF456",Status:1}}
[2015-03-03 15:05:26:212][org.logicalcobwebs.proxool.ConnectionPool] 000001 (02/100/00) - Connection #1 tested: OK
[2015-03-03 15:05:26:212][org.logicalcobwebs.proxool.ProxyFactory] Implementing interface com.mysql.jdbc.Statement
[2015-03-03 15:05:26:212][org.logicalcobwebs.proxool.ProxyFactory] Implementing interface java.sql.Statement
[2015-03-03 15:05:26:212][org.logicalcobwebs.proxool.ProxyFactory] Implementing interface java.sql.PreparedStatement
[2015-03-03 15:05:26:212][org.logicalcobwebs.proxool.ProxyFactory] Implementing interface java.lang.AutoCloseable
[2015-03-03 15:05:26:212][org.logicalcobwebs.proxool.ProxyFactory] Implementing interface java.sql.Wrapper
[2015-03-03 15:05:26:275][org.logicalcobwebs.proxool.ConnectionPool] 000002 (02/100/00) - Connection #3 tested: OK
[2015-03-03 15:05:26:306][com.switek.netseed.server.ui.ServerForm] T26-The controller Id must be 12 characters with format YYYYMMDDnnnn.|The controller Id must be 12 characters with format YYYYMMDDnnnn.
java.lang.IllegalArgumentException: The controller Id must be 12 characters with format YYYYMMDDnnnn.
	at com.switek.netseed.server.bean.Controller.convertControllerId2Bytes(Controller.java:160)
	at com.switek.netseed.server.io.socket.sendPacket.SendPacket.sendPacket(SendPacket.java:122)
	at com.switek.netseed.server.io.socket.sendPacket.SendPacket._sendPacket(SendPacket.java:219)
	at com.switek.netseed.server.io.socket.sendPacket.SendPacket.sendPacket(SendPacket.java:70)
	at com.switek.netseed.server.io.socket.sendPacket.SendPacket.sendPacket(SendPacket.java:60)
	at com.switek.netseed.server.io.socket.strategy.CommUpdatePushStatus.analysisPacket(CommUpdatePushStatus.java:57)
	at com.switek.netseed.server.io.socket.strategy.CommContext.analysisPacket(CommContext.java:122)
	at com.switek.netseed.server.io.socket.AsyncSocketMsgHandler.handleMessage(AsyncSocketMsgHandler.java:78)
	at com.switek.netseed.server.io.socket.AsyncSocketMsgHandler.run(AsyncSocketMsgHandler.java:35)
	at java.util.concurrent.ThreadPoolExecutor.runWorker(Unknown Source)
	at java.util.concurrent.ThreadPoolExecutor$Worker.run(Unknown Source)
	at java.lang.Thread.run(Unknown Source)
[2015-03-03 15:05:26:322][com.switek.netseed.server.ui.ServerForm] T26-Sending msg [AA AA 99 00 00 00 DE 07 07 19 B0 39 00 36 0F 7B 22 42 6F 64 79 22 3A 7B 22 45 72 72 6F 72 4D 73 67 22 3A 22 54 68 65 20 63 6F 6E 74 72 6F 6C 6C 65 72 20 49 64 20 6D 75 73 74 20 62 65 20 31 32 20 63 68 61 72 61 63 74 65 72 73 20 77 69 74 68 20 66 6F 72 6D 61 74 20 59 59 59 59 4D 4D 44 44 6E 6E 6E 6E 2E 22 7D 2C 22 52 65 73 75 6C 74 43 6F 64 65 22 3A 31 30 30 30 30 2C 22 4F 70 74 43 6F 64 65 22 3A 33 38 39 34 2C 22 41 50 49 56 65 72 22 3A 22 31 2E 30 22 7D 88 25 ] to (0x00000002: nio socket, server, /127.0.0.1:56742 => /127.0.0.1:38899)
[2015-03-03 15:05:26:322][com.switek.netseed.server.ui.ServerForm] T26-Command data: {"Body":{"ErrorMsg":"The controller Id must be 12 characters with format YYYYMMDDnnnn."},"ResultCode":10000,"OptCode":3894,"APIVer":"1.0"}
[2015-03-03 15:05:26:322][com.switek.netseed.server.ui.ServerForm] T26-Msg has been sent
[2015-03-03 15:05:26:322][org.apache.mina.core.filterchain.IoFilterEvent] Firing a MESSAGE_SENT event for session 2
[2015-03-03 15:05:26:322][org.apache.mina.core.filterchain.IoFilterEvent] Event MESSAGE_SENT has been fired for session 2
[2015-03-03 15:05:26:322][org.apache.mina.core.filterchain.IoFilterEvent] Firing a SESSION_CLOSED event for session 2
[2015-03-03 15:05:26:322][org.apache.mina.core.filterchain.IoFilterEvent] Event SESSION_CLOSED has been fired for session 2
[2015-03-03 15:05:51:391][com.switek.netseed.server.ui.ServerForm] T14-Starting schedule job engine...
[2015-03-03 15:06:19:904][com.switek.netseed.server.ui.ServerForm] T1-System run time: 0d 00:03
[2015-03-03 15:06:21:403][com.switek.netseed.server.ui.ServerForm] T14-Starting schedule job engine...
[2015-03-03 15:06:21:778][org.apache.mina.core.filterchain.IoFilterEvent] Firing a SESSION_OPENED event for session 3
[2015-03-03 15:06:21:778][org.apache.mina.core.filterchain.IoFilterEvent] Event SESSION_OPENED has been fired for session 3
[2015-03-03 15:06:21:794][org.apache.mina.filter.codec.ProtocolCodecFilter] Processing a MESSAGE_RECEIVED for session 3
[2015-03-03 15:06:21:794][org.apache.mina.core.filterchain.IoFilterEvent] Firing a MESSAGE_RECEIVED event for session 3
[2015-03-03 15:06:21:794][org.apache.mina.core.filterchain.IoFilterEvent] Event MESSAGE_RECEIVED has been fired for session 3
[2015-03-03 15:06:21:810][com.switek.netseed.server.ui.ServerForm] T32-****************************Received 0xF36__UNKNOWN: AA AA 70 00 DE 07 07 19 B0 39 00 36 0F 7B 22 42 6F 64 79 22 3A 7B 22 52 65 67 69 73 74 72 61 74 69 6F 6E 49 64 22 3A 22 34 35 36 22 2C 22 50 6C 61 74 66 6F 72 6D 22 3A 22 41 4E 44 52 4F 49 44 22 2C 22 54 61 67 22 3A 22 41 41 22 2C 22 43 6F 6E 74 72 6F 6C 6C 65 72 49 64 22 3A 22 44 46 34 35 36 22 2C 22 53 74 61 74 75 73 22 3A 31 7D 7D 68 14  from: (0x00000003: nio socket, server, /127.0.0.1:56853 => /127.0.0.1:38899)
[2015-03-03 15:06:21:810][com.switek.netseed.server.ui.ServerForm] T32-Data: {"Body":{"RegistrationId":"456","Platform":"ANDROID","Tag":"AA","ControllerId":"DF456","Status":1}}
[2015-03-03 15:06:21:810][org.logicalcobwebs.proxool.ConnectionPool] 000003 (02/100/00) - Connection #4 tested: OK
[2015-03-03 15:06:21:810][org.logicalcobwebs.proxool.ConnectionPool] 000004 (02/100/00) - Connection #5 tested: OK
[2015-03-03 15:06:21:810][com.switek.netseed.server.dao.JPushUserDao] #ERROR# :执行SQL语句出错，请检查！
UPDATE aduser set Tag=？,Status=？ where RegistrationId=？ AND ControllerId=？
java.sql.SQLException: Parameter index out of range (1 > number of parameters, which is 0).
	at com.mysql.jdbc.SQLError.createSQLException(SQLError.java:1073)
	at com.mysql.jdbc.SQLError.createSQLException(SQLError.java:987)
	at com.mysql.jdbc.SQLError.createSQLException(SQLError.java:982)
	at com.mysql.jdbc.SQLError.createSQLException(SQLError.java:927)
	at com.mysql.jdbc.PreparedStatement.checkBounds(PreparedStatement.java:3729)
	at com.mysql.jdbc.PreparedStatement.setInternal(PreparedStatement.java:3713)
	at com.mysql.jdbc.PreparedStatement.setString(PreparedStatement.java:4553)
	at sun.reflect.NativeMethodAccessorImpl.invoke0(Native Method)
	at sun.reflect.NativeMethodAccessorImpl.invoke(Unknown Source)
	at sun.reflect.DelegatingMethodAccessorImpl.invoke(Unknown Source)
	at java.lang.reflect.Method.invoke(Unknown Source)
	at org.logicalcobwebs.proxool.ProxyStatement.invoke(ProxyStatement.java:100)
	at org.logicalcobwebs.proxool.ProxyStatement.intercept(ProxyStatement.java:57)
	at com.mysql.jdbc.Statement$$EnhancerByProxool$$434f67e2.setString(<generated>)
	at com.switek.netseed.server.dao.JPushUserDao.update(JPushUserDao.java:69)
	at com.switek.netseed.server.io.socket.strategy.CommUpdatePushStatus.analysisPacket(CommUpdatePushStatus.java:48)
	at com.switek.netseed.server.io.socket.strategy.CommContext.analysisPacket(CommContext.java:122)
	at com.switek.netseed.server.io.socket.AsyncSocketMsgHandler.handleMessage(AsyncSocketMsgHandler.java:78)
	at com.switek.netseed.server.io.socket.AsyncSocketMsgHandler.run(AsyncSocketMsgHandler.java:35)
	at java.util.concurrent.ThreadPoolExecutor.runWorker(Unknown Source)
	at java.util.concurrent.ThreadPoolExecutor$Worker.run(Unknown Source)
	at java.lang.Thread.run(Unknown Source)
[2015-03-03 15:06:21:810][com.switek.netseed.server.ui.ServerForm] T32-The controller Id must be 12 characters with format YYYYMMDDnnnn.|The controller Id must be 12 characters with format YYYYMMDDnnnn.
java.lang.IllegalArgumentException: The controller Id must be 12 characters with format YYYYMMDDnnnn.
	at com.switek.netseed.server.bean.Controller.convertControllerId2Bytes(Controller.java:160)
	at com.switek.netseed.server.io.socket.sendPacket.SendPacket.sendPacket(SendPacket.java:122)
	at com.switek.netseed.server.io.socket.sendPacket.SendPacket._sendPacket(SendPacket.java:219)
	at com.switek.netseed.server.io.socket.sendPacket.SendPacket.sendPacket(SendPacket.java:70)
	at com.switek.netseed.server.io.socket.sendPacket.SendPacket.sendPacket(SendPacket.java:60)
	at com.switek.netseed.server.io.socket.strategy.CommUpdatePushStatus.analysisPacket(CommUpdatePushStatus.java:57)
	at com.switek.netseed.server.io.socket.strategy.CommContext.analysisPacket(CommContext.java:122)
	at com.switek.netseed.server.io.socket.AsyncSocketMsgHandler.handleMessage(AsyncSocketMsgHandler.java:78)
	at com.switek.netseed.server.io.socket.AsyncSocketMsgHandler.run(AsyncSocketMsgHandler.java:35)
	at java.util.concurrent.ThreadPoolExecutor.runWorker(Unknown Source)
	at java.util.concurrent.ThreadPoolExecutor$Worker.run(Unknown Source)
	at java.lang.Thread.run(Unknown Source)
[2015-03-03 15:06:21:810][com.switek.netseed.server.ui.ServerForm] T32-Sending msg [AA AA 99 00 00 00 DE 07 07 19 B0 39 00 36 0F 7B 22 42 6F 64 79 22 3A 7B 22 45 72 72 6F 72 4D 73 67 22 3A 22 54 68 65 20 63 6F 6E 74 72 6F 6C 6C 65 72 20 49 64 20 6D 75 73 74 20 62 65 20 31 32 20 63 68 61 72 61 63 74 65 72 73 20 77 69 74 68 20 66 6F 72 6D 61 74 20 59 59 59 59 4D 4D 44 44 6E 6E 6E 6E 2E 22 7D 2C 22 52 65 73 75 6C 74 43 6F 64 65 22 3A 31 30 30 30 30 2C 22 4F 70 74 43 6F 64 65 22 3A 33 38 39 34 2C 22 41 50 49 56 65 72 22 3A 22 31 2E 30 22 7D 88 25 ] to (0x00000003: nio socket, server, /127.0.0.1:56853 => /127.0.0.1:38899)
[2015-03-03 15:06:21:810][com.switek.netseed.server.ui.ServerForm] T32-Command data: {"Body":{"ErrorMsg":"The controller Id must be 12 characters with format YYYYMMDDnnnn."},"ResultCode":10000,"OptCode":3894,"APIVer":"1.0"}
[2015-03-03 15:06:21:826][com.switek.netseed.server.ui.ServerForm] T32-Msg has been sent
[2015-03-03 15:06:21:826][org.apache.mina.core.filterchain.IoFilterEvent] Firing a MESSAGE_SENT event for session 3
[2015-03-03 15:06:21:826][org.apache.mina.core.filterchain.IoFilterEvent] Event MESSAGE_SENT has been fired for session 3
[2015-03-03 15:06:21:826][org.apache.mina.core.filterchain.IoFilterEvent] Firing a SESSION_CLOSED event for session 3
[2015-03-03 15:06:21:826][org.apache.mina.core.filterchain.IoFilterEvent] Event SESSION_CLOSED has been fired for session 3
[2015-03-03 15:06:51:417][com.switek.netseed.server.ui.ServerForm] T14-Starting schedule job engine...
[2015-03-03 15:07:19:905][com.switek.netseed.server.ui.ServerForm] T1-System run time: 0d 00:04
[2015-03-03 15:07:21:430][com.switek.netseed.server.ui.ServerForm] T14-Starting schedule job engine...
[2015-03-03 15:07:51:446][com.switek.netseed.server.ui.ServerForm] T14-Starting schedule job engine...
[2015-03-03 15:08:19:905][com.switek.netseed.server.ui.ServerForm] T1-System run time: 0d 00:05
[2015-03-03 15:08:21:446][com.switek.netseed.server.ui.ServerForm] T14-Starting schedule job engine...
[2015-03-03 15:08:51:447][com.switek.netseed.server.ui.ServerForm] T14-Starting schedule job engine...
[2015-03-03 15:09:19:906][com.switek.netseed.server.ui.ServerForm] T1-System run time: 0d 00:06
[2015-03-03 15:09:20:549][org.logicalcobwebs.proxool.ConnectionPool] 000005 (00/99/00) - #0002 removed because it has been active for too long.
[2015-03-03 15:09:20:550][org.logicalcobwebs.proxool.HouseKeeper] #0002 was active for 360356 milliseconds and has been removed automaticaly. The Thread responsible was named 'Thread-1', but the last SQL it performed is unknown because the trace property is not enabled.
[2015-03-03 15:09:20:566][org.logicalcobwebs.proxool.Prototyper] 000005 (00/99/01) - Connection #101 created to achieve minimum of 100 = AVAILABLE
[2015-03-03 15:09:21:448][com.switek.netseed.server.ui.ServerForm] T14-Starting schedule job engine...
[2015-03-03 15:09:47:373][org.apache.mina.core.filterchain.IoFilterEvent] Firing a SESSION_OPENED event for session 4
[2015-03-03 15:09:47:373][org.apache.mina.core.filterchain.IoFilterEvent] Event SESSION_OPENED has been fired for session 4
[2015-03-03 15:09:47:384][org.apache.mina.filter.codec.ProtocolCodecFilter] Processing a MESSAGE_RECEIVED for session 4
[2015-03-03 15:09:47:384][org.apache.mina.core.filterchain.IoFilterEvent] Firing a MESSAGE_RECEIVED event for session 4
[2015-03-03 15:09:47:385][org.apache.mina.core.filterchain.IoFilterEvent] Event MESSAGE_RECEIVED has been fired for session 4
[2015-03-03 15:09:47:388][com.switek.netseed.server.ui.ServerForm] T39-****************************Received 0xF36__UNKNOWN: AA AA 70 00 DE 07 07 19 B0 39 00 36 0F 7B 22 42 6F 64 79 22 3A 7B 22 52 65 67 69 73 74 72 61 74 69 6F 6E 49 64 22 3A 22 34 35 36 22 2C 22 50 6C 61 74 66 6F 72 6D 22 3A 22 41 4E 44 52 4F 49 44 22 2C 22 54 61 67 22 3A 22 41 41 22 2C 22 43 6F 6E 74 72 6F 6C 6C 65 72 49 64 22 3A 22 44 46 34 35 36 22 2C 22 53 74 61 74 75 73 22 3A 31 7D 7D 68 14  from: (0x00000004: nio socket, server, /127.0.0.1:57289 => /127.0.0.1:38899)
[2015-03-03 15:09:47:388][com.switek.netseed.server.ui.ServerForm] T39-Data: {"Body":{"RegistrationId":"456","Platform":"ANDROID","Tag":"AA","ControllerId":"DF456","Status":1}}
[2015-03-03 15:09:47:390][org.logicalcobwebs.proxool.ConnectionPool] 000005 (01/100/00) - Connection #7 tested: OK
[2015-03-03 15:09:47:392][org.logicalcobwebs.proxool.ConnectionPool] 000006 (01/100/00) - Connection #8 tested: OK
[2015-03-03 15:09:47:435][com.switek.netseed.server.ui.ServerForm] T39-The controller Id must be 12 characters with format YYYYMMDDnnnn.|The controller Id must be 12 characters with format YYYYMMDDnnnn.
java.lang.IllegalArgumentException: The controller Id must be 12 characters with format YYYYMMDDnnnn.
	at com.switek.netseed.server.bean.Controller.convertControllerId2Bytes(Controller.java:160)
	at com.switek.netseed.server.io.socket.sendPacket.SendPacket.sendPacket(SendPacket.java:122)
	at com.switek.netseed.server.io.socket.sendPacket.SendPacket._sendPacket(SendPacket.java:219)
	at com.switek.netseed.server.io.socket.sendPacket.SendPacket.sendPacket(SendPacket.java:70)
	at com.switek.netseed.server.io.socket.sendPacket.SendPacket.sendPacket(SendPacket.java:60)
	at com.switek.netseed.server.io.socket.strategy.CommUpdatePushStatus.analysisPacket(CommUpdatePushStatus.java:57)
	at com.switek.netseed.server.io.socket.strategy.CommContext.analysisPacket(CommContext.java:122)
	at com.switek.netseed.server.io.socket.AsyncSocketMsgHandler.handleMessage(AsyncSocketMsgHandler.java:78)
	at com.switek.netseed.server.io.socket.AsyncSocketMsgHandler.run(AsyncSocketMsgHandler.java:35)
	at java.util.concurrent.ThreadPoolExecutor.runWorker(Unknown Source)
	at java.util.concurrent.ThreadPoolExecutor$Worker.run(Unknown Source)
	at java.lang.Thread.run(Unknown Source)
[2015-03-03 15:09:47:441][com.switek.netseed.server.ui.ServerForm] T39-Sending msg [AA AA 99 00 00 00 DE 07 07 19 B0 39 00 36 0F 7B 22 42 6F 64 79 22 3A 7B 22 45 72 72 6F 72 4D 73 67 22 3A 22 54 68 65 20 63 6F 6E 74 72 6F 6C 6C 65 72 20 49 64 20 6D 75 73 74 20 62 65 20 31 32 20 63 68 61 72 61 63 74 65 72 73 20 77 69 74 68 20 66 6F 72 6D 61 74 20 59 59 59 59 4D 4D 44 44 6E 6E 6E 6E 2E 22 7D 2C 22 52 65 73 75 6C 74 43 6F 64 65 22 3A 31 30 30 30 30 2C 22 4F 70 74 43 6F 64 65 22 3A 33 38 39 34 2C 22 41 50 49 56 65 72 22 3A 22 31 2E 30 22 7D 88 25 ] to (0x00000004: nio socket, server, /127.0.0.1:57289 => /127.0.0.1:38899)
[2015-03-03 15:09:47:441][com.switek.netseed.server.ui.ServerForm] T39-Command data: {"Body":{"ErrorMsg":"The controller Id must be 12 characters with format YYYYMMDDnnnn."},"ResultCode":10000,"OptCode":3894,"APIVer":"1.0"}
[2015-03-03 15:09:47:449][com.switek.netseed.server.ui.ServerForm] T39-Msg has been sent
[2015-03-03 15:09:47:449][org.apache.mina.core.filterchain.IoFilterEvent] Firing a MESSAGE_SENT event for session 4
[2015-03-03 15:09:47:449][org.apache.mina.core.filterchain.IoFilterEvent] Event MESSAGE_SENT has been fired for session 4
[2015-03-03 15:09:47:450][org.apache.mina.core.filterchain.IoFilterEvent] Firing a SESSION_CLOSED event for session 4
[2015-03-03 15:09:47:450][org.apache.mina.core.filterchain.IoFilterEvent] Event SESSION_CLOSED has been fired for session 4
[2015-03-03 15:09:51:449][com.switek.netseed.server.ui.ServerForm] T14-Starting schedule job engine...
[2015-03-03 15:10:19:906][com.switek.netseed.server.ui.ServerForm] T1-System run time: 0d 00:07
[2015-03-03 15:10:21:449][com.switek.netseed.server.ui.ServerForm] T14-Starting schedule job engine...
[2015-03-03 15:10:51:450][com.switek.netseed.server.ui.ServerForm] T14-Starting schedule job engine...
[2015-03-03 15:11:19:907][com.switek.netseed.server.ui.ServerForm] T1-System run time: 0d 00:08
[2015-03-03 15:11:21:451][com.switek.netseed.server.ui.ServerForm] T14-Starting schedule job engine...
[2015-03-03 15:11:51:451][com.switek.netseed.server.ui.ServerForm] T14-Starting schedule job engine...
[2015-03-03 15:12:13:808][org.apache.mina.core.filterchain.IoFilterEvent] Firing a SESSION_OPENED event for session 5
[2015-03-03 15:12:13:809][org.apache.mina.core.filterchain.IoFilterEvent] Event SESSION_OPENED has been fired for session 5
[2015-03-03 15:12:13:821][org.apache.mina.filter.codec.ProtocolCodecFilter] Processing a MESSAGE_RECEIVED for session 5
[2015-03-03 15:12:13:822][org.apache.mina.core.filterchain.IoFilterEvent] Firing a MESSAGE_RECEIVED event for session 5
[2015-03-03 15:12:13:823][org.apache.mina.core.filterchain.IoFilterEvent] Event MESSAGE_RECEIVED has been fired for session 5
[2015-03-03 15:12:13:827][com.switek.netseed.server.ui.ServerForm] T46-****************************Received 0xF36__UNKNOWN: AA AA 78 00 DE 07 07 19 B0 39 00 36 0F 7B 22 42 6F 64 79 22 3A 7B 22 52 65 67 69 73 74 72 61 74 69 6F 6E 49 64 22 3A 22 34 35 36 22 2C 22 50 6C 61 74 66 6F 72 6D 22 3A 22 41 4E 44 52 4F 49 44 22 2C 22 54 61 67 22 3A 22 41 41 22 2C 22 43 6F 6E 74 72 6F 6C 6C 65 72 49 64 22 3A 22 20 44 45 30 37 30 37 31 39 42 30 33 39 22 2C 22 53 74 61 74 75 73 22 3A 31 7D 7D AD D1  from: (0x00000005: nio socket, server, /127.0.0.1:57591 => /127.0.0.1:38899)
[2015-03-03 15:12:13:827][com.switek.netseed.server.ui.ServerForm] T46-Data: {"Body":{"RegistrationId":"456","Platform":"ANDROID","Tag":"AA","ControllerId":" DE070719B039","Status":1}}
[2015-03-03 15:12:13:829][org.logicalcobwebs.proxool.ConnectionPool] 000007 (01/100/00) - Connection #9 tested: OK
[2015-03-03 15:12:13:832][org.logicalcobwebs.proxool.ConnectionPool] 000008 (01/100/00) - Connection #10 tested: OK
[2015-03-03 15:12:13:858][com.switek.netseed.server.ui.ServerForm] T46-The controller Id must be 12 characters with format YYYYMMDDnnnn.|The controller Id must be 12 characters with format YYYYMMDDnnnn.
java.lang.IllegalArgumentException: The controller Id must be 12 characters with format YYYYMMDDnnnn.
	at com.switek.netseed.server.bean.Controller.convertControllerId2Bytes(Controller.java:160)
	at com.switek.netseed.server.io.socket.sendPacket.SendPacket.sendPacket(SendPacket.java:122)
	at com.switek.netseed.server.io.socket.sendPacket.SendPacket._sendPacket(SendPacket.java:219)
	at com.switek.netseed.server.io.socket.sendPacket.SendPacket.sendPacket(SendPacket.java:70)
	at com.switek.netseed.server.io.socket.sendPacket.SendPacket.sendPacket(SendPacket.java:60)
	at com.switek.netseed.server.io.socket.strategy.CommUpdatePushStatus.analysisPacket(CommUpdatePushStatus.java:57)
	at com.switek.netseed.server.io.socket.strategy.CommContext.analysisPacket(CommContext.java:122)
	at com.switek.netseed.server.io.socket.AsyncSocketMsgHandler.handleMessage(AsyncSocketMsgHandler.java:78)
	at com.switek.netseed.server.io.socket.AsyncSocketMsgHandler.run(AsyncSocketMsgHandler.java:35)
	at java.util.concurrent.ThreadPoolExecutor.runWorker(Unknown Source)
	at java.util.concurrent.ThreadPoolExecutor$Worker.run(Unknown Source)
	at java.lang.Thread.run(Unknown Source)
[2015-03-03 15:12:13:862][com.switek.netseed.server.ui.ServerForm] T46-Sending msg [AA AA 99 00 00 00 DE 07 07 19 B0 39 00 36 0F 7B 22 42 6F 64 79 22 3A 7B 22 45 72 72 6F 72 4D 73 67 22 3A 22 54 68 65 20 63 6F 6E 74 72 6F 6C 6C 65 72 20 49 64 20 6D 75 73 74 20 62 65 20 31 32 20 63 68 61 72 61 63 74 65 72 73 20 77 69 74 68 20 66 6F 72 6D 61 74 20 59 59 59 59 4D 4D 44 44 6E 6E 6E 6E 2E 22 7D 2C 22 52 65 73 75 6C 74 43 6F 64 65 22 3A 31 30 30 30 30 2C 22 4F 70 74 43 6F 64 65 22 3A 33 38 39 34 2C 22 41 50 49 56 65 72 22 3A 22 31 2E 30 22 7D 88 25 ] to (0x00000005: nio socket, server, /127.0.0.1:57591 => /127.0.0.1:38899)
[2015-03-03 15:12:13:862][com.switek.netseed.server.ui.ServerForm] T46-Command data: {"Body":{"ErrorMsg":"The controller Id must be 12 characters with format YYYYMMDDnnnn."},"ResultCode":10000,"OptCode":3894,"APIVer":"1.0"}
[2015-03-03 15:12:13:868][com.switek.netseed.server.ui.ServerForm] T46-Msg has been sent
[2015-03-03 15:12:13:868][org.apache.mina.core.filterchain.IoFilterEvent] Firing a MESSAGE_SENT event for session 5
[2015-03-03 15:12:13:868][org.apache.mina.core.filterchain.IoFilterEvent] Event MESSAGE_SENT has been fired for session 5
[2015-03-03 15:12:13:869][org.apache.mina.core.filterchain.IoFilterEvent] Firing a SESSION_CLOSED event for session 5
[2015-03-03 15:12:13:869][org.apache.mina.core.filterchain.IoFilterEvent] Event SESSION_CLOSED has been fired for session 5
[2015-03-03 15:12:19:907][com.switek.netseed.server.ui.ServerForm] T1-System run time: 0d 00:09
[2015-03-03 15:12:21:452][com.switek.netseed.server.ui.ServerForm] T14-Starting schedule job engine...
[2015-03-03 15:12:59:090][com.switek.netseed.server.ui.ServerForm] test
[2015-03-03 15:12:59:098][com.switek.netseed.server.ui.ServerForm] T1-Starting the server...
[2015-03-03 15:12:59:099][com.switek.netseed.server.ui.ServerForm] T1-Socket IO Processor: 64
[2015-03-03 15:12:59:100][com.switek.netseed.server.ui.ServerForm] T1-Socket IO Pool: 64
[2015-03-03 15:12:59:104][com.switek.netseed.server.ui.ServerForm] T10-Loading standard IR code list from database...
[2015-03-03 15:12:59:118][org.logicalcobwebs.proxool.configuration.JAXPConfigurator] Configuring from reader: java.io.InputStreamReader@75ae0c29
[2015-03-03 15:12:59:121][org.logicalcobwebs.proxool.configuration.JAXPConfigurator] SAXParserFactory class: com.sun.org.apache.xerces.internal.jaxp.SAXParserFactoryImpl
[2015-03-03 15:12:59:132][org.logicalcobwebs.proxool.configuration.JAXPConfigurator] sax parser classcom.sun.org.apache.xerces.internal.jaxp.SAXParserImpl
[2015-03-03 15:12:59:132][org.logicalcobwebs.proxool.configuration.JAXPConfigurator] XML reader class: com.sun.org.apache.xerces.internal.jaxp.SAXParserImpl$JAXPSAXParser
[2015-03-03 15:12:59:133][org.logicalcobwebs.proxool.configuration.JAXPConfigurator] Setting sax feature: 'http://xml.org/sax/features/namespaces'. State: true.
[2015-03-03 15:12:59:133][org.logicalcobwebs.proxool.configuration.JAXPConfigurator] Setting sax feature: 'http://xml.org/sax/features/namespace-prefixes'. State: false.
[2015-03-03 15:12:59:137][org.logicalcobwebs.proxool.configuration.XMLConfigurator] Adding driver property: user=cziotappuser
[2015-03-03 15:12:59:138][org.logicalcobwebs.proxool.configuration.XMLConfigurator] Adding driver property: password=*******
[2015-03-03 15:12:59:138][org.logicalcobwebs.proxool.configuration.XMLConfigurator] Setting property 'proxool.simultaneous-build-throttle' to value '5000'.
[2015-03-03 15:12:59:139][org.logicalcobwebs.proxool.configuration.XMLConfigurator] Setting property 'proxool.maximum-connection-count' to value '2000'.
[2015-03-03 15:12:59:139][org.logicalcobwebs.proxool.configuration.XMLConfigurator] Setting property 'proxool.maximum-new-connections' to value '100'.
[2015-03-03 15:12:59:140][org.logicalcobwebs.proxool.configuration.XMLConfigurator] Setting property 'proxool.minimum-connection-count' to value '100'.
[2015-03-03 15:12:59:140][org.logicalcobwebs.proxool.configuration.XMLConfigurator] Setting property 'proxool.house-keeping-sleep-time' to value '120000'.
[2015-03-03 15:12:59:140][org.logicalcobwebs.proxool.configuration.XMLConfigurator] Setting property 'proxool.prototype-count' to value '50'.
[2015-03-03 15:12:59:140][org.logicalcobwebs.proxool.configuration.XMLConfigurator] Setting property 'proxool.test-before-use' to value 'true'.
[2015-03-03 15:12:59:141][org.logicalcobwebs.proxool.configuration.XMLConfigurator] Setting property 'proxool.house-keeping-test-sql' to value 'select 1'.
[2015-03-03 15:12:59:141][org.logicalcobwebs.proxool.configuration.XMLConfigurator] Created url: proxool.DBPool:com.mysql.jdbc.Driver:jdbc:mysql://localhost:13306/cziot
[2015-03-03 15:12:59:145][org.logicalcobwebs.proxool.ProxoolFacade] Proxool 0.9.1 (23-Aug-2008 11:10)
[2015-03-03 15:12:59:155][org.logicalcobwebs.proxool.ConnectionPoolDefinition] Recognised proxool property: proxool.driver=com.mysql.jdbc.Driver
[2015-03-03 15:12:59:155][org.logicalcobwebs.proxool.ConnectionPoolDefinition] Recognised proxool property: proxool.url=jdbc:mysql://localhost:13306/cziot
[2015-03-03 15:12:59:156][org.logicalcobwebs.proxool.ConnectionPoolDefinition] Recognised proxool property: proxool.minimum-connection-count=100
[2015-03-03 15:12:59:156][org.logicalcobwebs.proxool.ConnectionPoolDefinition] Recognised proxool property: proxool.simultaneous-build-throttle=5000
[2015-03-03 15:12:59:157][org.logicalcobwebs.proxool.ConnectionPoolDefinition] Recognised proxool property: proxool.test-before-use=true
[2015-03-03 15:12:59:157][org.logicalcobwebs.proxool.ConnectionPoolDefinition] Use of proxool.maximum-new-connections is deprecated. Use more descriptive proxool.simultaneous-build-throttle instead.
[2015-03-03 15:12:59:157][org.logicalcobwebs.proxool.ConnectionPoolDefinition] Recognised proxool property: proxool.maximum-new-connections=100
[2015-03-03 15:12:59:157][org.logicalcobwebs.proxool.ConnectionPoolDefinition] Delegating property to driver: user=cziotappuser
[2015-03-03 15:12:59:158][org.logicalcobwebs.proxool.ConnectionPoolDefinition] Recognised proxool property: proxool.house-keeping-sleep-time=120000
[2015-03-03 15:12:59:158][org.logicalcobwebs.proxool.ConnectionPoolDefinition] Recognised proxool property: proxool.prototype-count=50
[2015-03-03 15:12:59:158][org.logicalcobwebs.proxool.ConnectionPoolDefinition] Delegating property to driver: password=********
[2015-03-03 15:12:59:159][org.logicalcobwebs.proxool.ConnectionPoolDefinition] Recognised proxool property: proxool.maximum-connection-count=2000
[2015-03-03 15:12:59:159][org.logicalcobwebs.proxool.ConnectionPoolDefinition] Recognised proxool property: proxool.house-keeping-test-sql=select 1
[2015-03-03 15:12:59:170][org.logicalcobwebs.proxool.ShutdownHook] Registered shutdownHook
[2015-03-03 15:12:59:173][org.logicalcobwebs.proxool.HouseKeeperController] Registering 'DBPool' house keeper
[2015-03-03 15:12:59:175][org.logicalcobwebs.proxool.HouseKeeperController] Starting a house keeper thread
[2015-03-03 15:12:59:336][org.logicalcobwebs.proxool.ConnectionResetter] Remembering default value: getTransactionIsolation() = 4
[2015-03-03 15:12:59:336][org.logicalcobwebs.proxool.ConnectionResetter] Remembering default value: getHoldability() = 2
[2015-03-03 15:12:59:336][org.logicalcobwebs.proxool.ConnectionResetter] Remembering default value: getCatalog() = cziot
[2015-03-03 15:12:59:337][org.logicalcobwebs.proxool.ConnectionResetter] Remembering default value: isReadOnly() = false
[2015-03-03 15:12:59:337][org.logicalcobwebs.proxool.ConnectionResetter] Remembering default value: getTypeMap() = {}
[2015-03-03 15:12:59:338][org.logicalcobwebs.proxool.ConnectionPool] Proxool statistics legend: "s - r  (a/t/o)" > s=served, r=refused (only shown if non-zero), a=active, t=total, o=offline (being tested)
[2015-03-03 15:12:59:338][org.logicalcobwebs.proxool.ConnectionPool] Proxool statistics legend: "s - r  (a/t/o)" > s=served, r=refused (only shown if non-zero), a=active, t=total, o=offline (being tested)
[2015-03-03 15:12:59:339][org.logicalcobwebs.proxool.Prototyper] 000000 (01/02/00) - Connection #1 created to achieve minimum of 100 = AVAILABLE
[2015-03-03 15:12:59:339][org.logicalcobwebs.proxool.Prototyper] 000000 (01/02/00) - Connection #2 created on demand = ACTIVE
[2015-03-03 15:12:59:340][org.logicalcobwebs.proxool.ConnectionPool] 000000 (01/02/00) - Connection #2 tested: OK
[2015-03-03 15:12:59:352][org.logicalcobwebs.proxool.Prototyper] 000001 (01/03/00) - Connection #3 created to achieve minimum of 100 = AVAILABLE
[2015-03-03 15:12:59:368][org.logicalcobwebs.proxool.Prototyper] 000001 (01/04/00) - Connection #4 created to achieve minimum of 100 = AVAILABLE
[2015-03-03 15:12:59:380][org.logicalcobwebs.proxool.Prototyper] 000001 (01/05/00) - Connection #5 created to achieve minimum of 100 = AVAILABLE
[2015-03-03 15:12:59:381][org.logicalcobwebs.proxool.ProxyFactory] Implementing interface java.sql.Connection
[2015-03-03 15:12:59:382][org.logicalcobwebs.proxool.ProxyFactory] Implementing interface com.mysql.jdbc.Connection
[2015-03-03 15:12:59:382][org.logicalcobwebs.proxool.ProxyFactory] Implementing interface java.sql.Wrapper
[2015-03-03 15:12:59:382][org.logicalcobwebs.proxool.ProxyFactory] Implementing interface com.mysql.jdbc.MySQLConnection
[2015-03-03 15:12:59:382][org.logicalcobwebs.proxool.ProxyFactory] Implementing interface java.lang.AutoCloseable
[2015-03-03 15:12:59:383][org.logicalcobwebs.proxool.ProxyFactory] Implementing interface java.io.Serializable
[2015-03-03 15:12:59:383][org.logicalcobwebs.proxool.ProxyFactory] Implementing interface com.mysql.jdbc.ConnectionProperties
[2015-03-03 15:12:59:393][org.logicalcobwebs.proxool.Prototyper] 000001 (01/06/00) - Connection #6 created to achieve minimum of 100 = AVAILABLE
[2015-03-03 15:12:59:405][org.logicalcobwebs.proxool.Prototyper] 000001 (01/07/00) - Connection #7 created to achieve minimum of 100 = AVAILABLE
[2015-03-03 15:12:59:418][org.logicalcobwebs.proxool.Prototyper] 000001 (01/08/00) - Connection #8 created to achieve minimum of 100 = AVAILABLE
[2015-03-03 15:12:59:434][org.logicalcobwebs.proxool.Prototyper] 000001 (01/09/00) - Connection #9 created to achieve minimum of 100 = AVAILABLE
[2015-03-03 15:12:59:448][org.logicalcobwebs.proxool.Prototyper] 000001 (01/10/00) - Connection #10 created to achieve minimum of 100 = AVAILABLE
[2015-03-03 15:12:59:460][org.logicalcobwebs.proxool.Prototyper] 000001 (01/11/00) - Connection #11 created to achieve minimum of 100 = AVAILABLE
[2015-03-03 15:12:59:472][org.logicalcobwebs.proxool.Prototyper] 000001 (01/12/00) - Connection #12 created to achieve minimum of 100 = AVAILABLE
[2015-03-03 15:12:59:494][org.logicalcobwebs.proxool.Prototyper] 000001 (01/13/00) - Connection #13 created to achieve minimum of 100 = AVAILABLE
[2015-03-03 15:12:59:505][org.logicalcobwebs.proxool.Prototyper] 000001 (01/14/00) - Connection #14 created to achieve minimum of 100 = AVAILABLE
[2015-03-03 15:12:59:515][org.logicalcobwebs.proxool.Prototyper] 000001 (01/15/00) - Connection #15 created to achieve minimum of 100 = AVAILABLE
[2015-03-03 15:12:59:531][org.logicalcobwebs.proxool.Prototyper] 000001 (01/16/00) - Connection #16 created to achieve minimum of 100 = AVAILABLE
[2015-03-03 15:12:59:543][org.logicalcobwebs.proxool.Prototyper] 000001 (01/17/00) - Connection #17 created to achieve minimum of 100 = AVAILABLE
[2015-03-03 15:12:59:560][org.logicalcobwebs.proxool.Prototyper] 000001 (01/18/00) - Connection #18 created to achieve minimum of 100 = AVAILABLE
[2015-03-03 15:12:59:570][org.logicalcobwebs.proxool.Prototyper] 000001 (01/19/00) - Connection #19 created to achieve minimum of 100 = AVAILABLE
[2015-03-03 15:12:59:581][org.logicalcobwebs.proxool.Prototyper] 000001 (01/20/00) - Connection #20 created to achieve minimum of 100 = AVAILABLE
[2015-03-03 15:12:59:591][org.logicalcobwebs.proxool.Prototyper] 000001 (01/21/00) - Connection #21 created to achieve minimum of 100 = AVAILABLE
[2015-03-03 15:12:59:600][org.logicalcobwebs.proxool.Prototyper] 000001 (01/22/00) - Connection #22 created to achieve minimum of 100 = AVAILABLE
[2015-03-03 15:12:59:611][org.logicalcobwebs.proxool.Prototyper] 000001 (01/23/00) - Connection #23 created to achieve minimum of 100 = AVAILABLE
[2015-03-03 15:12:59:620][org.logicalcobwebs.proxool.Prototyper] 000001 (01/24/00) - Connection #24 created to achieve minimum of 100 = AVAILABLE
[2015-03-03 15:12:59:630][org.logicalcobwebs.proxool.Prototyper] 000001 (01/25/00) - Connection #25 created to achieve minimum of 100 = AVAILABLE
[2015-03-03 15:12:59:640][org.logicalcobwebs.proxool.Prototyper] 000001 (01/26/00) - Connection #26 created to achieve minimum of 100 = AVAILABLE
[2015-03-03 15:12:59:650][org.logicalcobwebs.proxool.Prototyper] 000001 (01/27/00) - Connection #27 created to achieve minimum of 100 = AVAILABLE
[2015-03-03 15:12:59:658][org.logicalcobwebs.proxool.Prototyper] 000001 (01/28/00) - Connection #28 created to achieve minimum of 100 = AVAILABLE
[2015-03-03 15:12:59:667][org.logicalcobwebs.proxool.Prototyper] 000001 (01/29/00) - Connection #29 created to achieve minimum of 100 = AVAILABLE
[2015-03-03 15:12:59:674][org.logicalcobwebs.proxool.Prototyper] 000001 (01/30/00) - Connection #30 created to achieve minimum of 100 = AVAILABLE
[2015-03-03 15:12:59:682][org.logicalcobwebs.proxool.Prototyper] 000001 (01/31/00) - Connection #31 created to achieve minimum of 100 = AVAILABLE
[2015-03-03 15:12:59:691][org.logicalcobwebs.proxool.Prototyper] 000001 (01/32/00) - Connection #32 created to achieve minimum of 100 = AVAILABLE
[2015-03-03 15:12:59:702][org.logicalcobwebs.proxool.Prototyper] 000001 (01/33/00) - Connection #33 created to achieve minimum of 100 = AVAILABLE
[2015-03-03 15:12:59:712][org.logicalcobwebs.proxool.Prototyper] 000001 (01/34/00) - Connection #34 created to achieve minimum of 100 = AVAILABLE
[2015-03-03 15:12:59:725][org.logicalcobwebs.proxool.Prototyper] 000001 (01/35/00) - Connection #35 created to achieve minimum of 100 = AVAILABLE
[2015-03-03 15:12:59:737][org.logicalcobwebs.proxool.Prototyper] 000001 (01/36/00) - Connection #36 created to achieve minimum of 100 = AVAILABLE
[2015-03-03 15:12:59:749][org.logicalcobwebs.proxool.Prototyper] 000001 (01/37/00) - Connection #37 created to achieve minimum of 100 = AVAILABLE
[2015-03-03 15:12:59:760][org.logicalcobwebs.proxool.Prototyper] 000001 (01/38/00) - Connection #38 created to achieve minimum of 100 = AVAILABLE
[2015-03-03 15:12:59:770][org.logicalcobwebs.proxool.Prototyper] 000001 (01/39/00) - Connection #39 created to achieve minimum of 100 = AVAILABLE
[2015-03-03 15:12:59:780][org.logicalcobwebs.proxool.Prototyper] 000001 (01/40/00) - Connection #40 created to achieve minimum of 100 = AVAILABLE
[2015-03-03 15:12:59:789][org.logicalcobwebs.proxool.Prototyper] 000001 (01/41/00) - Connection #41 created to achieve minimum of 100 = AVAILABLE
[2015-03-03 15:12:59:798][org.logicalcobwebs.proxool.Prototyper] 000001 (01/42/00) - Connection #42 created to achieve minimum of 100 = AVAILABLE
[2015-03-03 15:12:59:807][org.logicalcobwebs.proxool.Prototyper] 000001 (01/43/00) - Connection #43 created to achieve minimum of 100 = AVAILABLE
[2015-03-03 15:12:59:816][org.logicalcobwebs.proxool.Prototyper] 000001 (01/44/00) - Connection #44 created to achieve minimum of 100 = AVAILABLE
[2015-03-03 15:12:59:826][org.logicalcobwebs.proxool.Prototyper] 000001 (01/45/00) - Connection #45 created to achieve minimum of 100 = AVAILABLE
[2015-03-03 15:12:59:836][org.logicalcobwebs.proxool.Prototyper] 000001 (01/46/00) - Connection #46 created to achieve minimum of 100 = AVAILABLE
[2015-03-03 15:12:59:845][org.logicalcobwebs.proxool.Prototyper] 000001 (01/47/00) - Connection #47 created to achieve minimum of 100 = AVAILABLE
[2015-03-03 15:12:59:854][org.logicalcobwebs.proxool.Prototyper] 000001 (01/48/00) - Connection #48 created to achieve minimum of 100 = AVAILABLE
[2015-03-03 15:12:59:864][org.logicalcobwebs.proxool.Prototyper] 000001 (01/49/00) - Connection #49 created to achieve minimum of 100 = AVAILABLE
[2015-03-03 15:12:59:874][org.logicalcobwebs.proxool.Prototyper] 000001 (01/50/00) - Connection #50 created to achieve minimum of 100 = AVAILABLE
[2015-03-03 15:12:59:885][org.logicalcobwebs.proxool.Prototyper] 000001 (01/51/00) - Connection #51 created to achieve minimum of 100 = AVAILABLE
[2015-03-03 15:12:59:895][org.logicalcobwebs.proxool.Prototyper] 000001 (01/52/00) - Connection #52 created to achieve minimum of 100 = AVAILABLE
[2015-03-03 15:12:59:906][org.logicalcobwebs.proxool.Prototyper] 000001 (01/53/00) - Connection #53 created to achieve minimum of 100 = AVAILABLE
[2015-03-03 15:12:59:915][org.logicalcobwebs.proxool.Prototyper] 000001 (01/54/00) - Connection #54 created to achieve minimum of 100 = AVAILABLE
[2015-03-03 15:12:59:923][org.logicalcobwebs.proxool.Prototyper] 000001 (01/55/00) - Connection #55 created to achieve minimum of 100 = AVAILABLE
[2015-03-03 15:12:59:933][org.logicalcobwebs.proxool.Prototyper] 000001 (01/56/00) - Connection #56 created to achieve minimum of 100 = AVAILABLE
[2015-03-03 15:12:59:941][org.logicalcobwebs.proxool.Prototyper] 000001 (01/57/00) - Connection #57 created to achieve minimum of 100 = AVAILABLE
[2015-03-03 15:12:59:949][org.logicalcobwebs.proxool.Prototyper] 000001 (01/58/00) - Connection #58 created to achieve minimum of 100 = AVAILABLE
[2015-03-03 15:12:59:958][org.logicalcobwebs.proxool.Prototyper] 000001 (01/59/00) - Connection #59 created to achieve minimum of 100 = AVAILABLE
[2015-03-03 15:12:59:967][org.logicalcobwebs.proxool.Prototyper] 000001 (01/60/00) - Connection #60 created to achieve minimum of 100 = AVAILABLE
[2015-03-03 15:12:59:971][org.logicalcobwebs.proxool.ProxyFactory] Implementing interface java.sql.Wrapper
[2015-03-03 15:12:59:971][org.logicalcobwebs.proxool.ProxyFactory] Implementing interface java.lang.AutoCloseable
[2015-03-03 15:12:59:971][org.logicalcobwebs.proxool.ProxyFactory] Implementing interface java.sql.Statement
[2015-03-03 15:12:59:971][org.logicalcobwebs.proxool.ProxyFactory] Implementing interface com.mysql.jdbc.Statement
[2015-03-03 15:12:59:973][org.logicalcobwebs.proxool.Prototyper] 000001 (01/61/00) - Connection #61 created to achieve minimum of 100 = AVAILABLE
[2015-03-03 15:12:59:984][org.logicalcobwebs.proxool.Prototyper] 000001 (01/62/00) - Connection #62 created to achieve minimum of 100 = AVAILABLE
[2015-03-03 15:12:59:993][org.logicalcobwebs.proxool.Prototyper] 000001 (01/63/00) - Connection #63 created to achieve minimum of 100 = AVAILABLE
[2015-03-03 15:13:00:003][org.logicalcobwebs.proxool.Prototyper] 000001 (01/64/00) - Connection #64 created to achieve minimum of 100 = AVAILABLE
[2015-03-03 15:13:00:013][org.logicalcobwebs.proxool.Prototyper] 000001 (01/65/00) - Connection #65 created to achieve minimum of 100 = AVAILABLE
[2015-03-03 15:13:00:021][org.logicalcobwebs.proxool.Prototyper] 000001 (01/66/00) - Connection #66 created to achieve minimum of 100 = AVAILABLE
[2015-03-03 15:13:00:031][org.logicalcobwebs.proxool.Prototyper] 000001 (01/67/00) - Connection #67 created to achieve minimum of 100 = AVAILABLE
[2015-03-03 15:13:00:040][org.logicalcobwebs.proxool.Prototyper] 000001 (01/68/00) - Connection #68 created to achieve minimum of 100 = AVAILABLE
[2015-03-03 15:13:00:049][org.logicalcobwebs.proxool.Prototyper] 000001 (01/69/00) - Connection #69 created to achieve minimum of 100 = AVAILABLE
[2015-03-03 15:13:00:058][org.logicalcobwebs.proxool.Prototyper] 000001 (01/70/00) - Connection #70 created to achieve minimum of 100 = AVAILABLE
[2015-03-03 15:13:00:065][org.logicalcobwebs.proxool.Prototyper] 000001 (01/71/00) - Connection #71 created to achieve minimum of 100 = AVAILABLE
[2015-03-03 15:13:00:073][org.logicalcobwebs.proxool.Prototyper] 000001 (01/72/00) - Connection #72 created to achieve minimum of 100 = AVAILABLE
[2015-03-03 15:13:00:083][org.logicalcobwebs.proxool.Prototyper] 000001 (01/73/00) - Connection #73 created to achieve minimum of 100 = AVAILABLE
[2015-03-03 15:13:00:090][org.logicalcobwebs.proxool.Prototyper] 000001 (01/74/00) - Connection #74 created to achieve minimum of 100 = AVAILABLE
[2015-03-03 15:13:00:098][org.logicalcobwebs.proxool.Prototyper] 000001 (01/75/00) - Connection #75 created to achieve minimum of 100 = AVAILABLE
[2015-03-03 15:13:00:106][org.logicalcobwebs.proxool.Prototyper] 000001 (01/76/00) - Connection #76 created to achieve minimum of 100 = AVAILABLE
[2015-03-03 15:13:00:114][org.logicalcobwebs.proxool.Prototyper] 000001 (01/77/00) - Connection #77 created to achieve minimum of 100 = AVAILABLE
[2015-03-03 15:13:00:121][com.switek.netseed.server.ui.ServerForm] T10-Loading device type def from database...
[2015-03-03 15:13:00:122][org.logicalcobwebs.proxool.Prototyper] 000001 (01/78/00) - Connection #78 created to achieve minimum of 100 = AVAILABLE
[2015-03-03 15:13:00:123][com.switek.netseed.server.ui.ServerForm] T10-Done.
[2015-03-03 15:13:00:123][com.switek.netseed.server.ui.ServerForm] T10-Loading brand info list from database...
[2015-03-03 15:13:00:126][com.switek.netseed.server.ui.ServerForm] T10-Done
[2015-03-03 15:13:00:127][com.switek.netseed.server.ui.ServerForm] T10-Loading releationship of type and brand from database...
[2015-03-03 15:13:00:128][com.switek.netseed.server.ui.ServerForm] T10-Done
[2015-03-03 15:13:00:128][com.switek.netseed.server.ui.ServerForm] T10-Loading controller list from database...
[2015-03-03 15:13:00:133][org.logicalcobwebs.proxool.Prototyper] 000001 (01/79/00) - Connection #79 created to achieve minimum of 100 = AVAILABLE
[2015-03-03 15:13:00:142][org.logicalcobwebs.proxool.Prototyper] 000001 (01/80/00) - Connection #80 created to achieve minimum of 100 = AVAILABLE
[2015-03-03 15:13:00:144][com.switek.netseed.server.ui.ServerForm] T10-There are 1450 controller(s)
[2015-03-03 15:13:00:144][com.switek.netseed.server.ui.ServerForm] T10-Loading subcontroller list from database...
[2015-03-03 15:13:00:151][org.logicalcobwebs.proxool.Prototyper] 000001 (01/81/00) - Connection #81 created to achieve minimum of 100 = AVAILABLE
[2015-03-03 15:13:00:158][org.logicalcobwebs.proxool.Prototyper] 000001 (01/82/00) - Connection #82 created to achieve minimum of 100 = AVAILABLE
[2015-03-03 15:13:00:159][com.switek.netseed.server.ui.ServerForm] T10-There are 1570 subcontroler(s).
[2015-03-03 15:13:00:160][com.switek.netseed.server.ui.ServerForm] T10-Loading device list from database...
[2015-03-03 15:13:00:166][org.logicalcobwebs.proxool.Prototyper] 000001 (01/83/00) - Connection #83 created to achieve minimum of 100 = AVAILABLE
[2015-03-03 15:13:00:172][org.logicalcobwebs.proxool.Prototyper] 000001 (01/84/00) - Connection #84 created to achieve minimum of 100 = AVAILABLE
[2015-03-03 15:13:00:181][org.logicalcobwebs.proxool.Prototyper] 000001 (01/85/00) - Connection #85 created to achieve minimum of 100 = AVAILABLE
[2015-03-03 15:13:00:190][org.logicalcobwebs.proxool.Prototyper] 000001 (01/86/00) - Connection #86 created to achieve minimum of 100 = AVAILABLE
[2015-03-03 15:13:00:197][org.logicalcobwebs.proxool.Prototyper] 000001 (01/87/00) - Connection #87 created to achieve minimum of 100 = AVAILABLE
[2015-03-03 15:13:00:204][org.logicalcobwebs.proxool.Prototyper] 000001 (01/88/00) - Connection #88 created to achieve minimum of 100 = AVAILABLE
[2015-03-03 15:13:00:209][org.logicalcobwebs.proxool.Prototyper] 000001 (01/89/00) - Connection #89 created to achieve minimum of 100 = AVAILABLE
[2015-03-03 15:13:00:216][org.logicalcobwebs.proxool.Prototyper] 000001 (01/90/00) - Connection #90 created to achieve minimum of 100 = AVAILABLE
[2015-03-03 15:13:00:216][com.switek.netseed.server.ui.ServerForm] T10-There are 1785 device(s).
[2015-03-03 15:13:00:216][com.switek.netseed.server.ui.ServerForm] T10-Loading learned IR code from database...
[2015-03-03 15:13:00:221][org.logicalcobwebs.proxool.Prototyper] 000001 (01/91/00) - Connection #91 created to achieve minimum of 100 = AVAILABLE
[2015-03-03 15:13:00:227][org.logicalcobwebs.proxool.Prototyper] 000001 (01/92/00) - Connection #92 created to achieve minimum of 100 = AVAILABLE
[2015-03-03 15:13:00:234][org.logicalcobwebs.proxool.Prototyper] 000001 (01/93/00) - Connection #93 created to achieve minimum of 100 = AVAILABLE
[2015-03-03 15:13:00:252][org.logicalcobwebs.proxool.Prototyper] 000001 (01/94/00) - Connection #94 created to achieve minimum of 100 = AVAILABLE
[2015-03-03 15:13:00:258][org.logicalcobwebs.proxool.Prototyper] 000001 (01/95/00) - Connection #95 created to achieve minimum of 100 = AVAILABLE
[2015-03-03 15:13:00:263][org.logicalcobwebs.proxool.Prototyper] 000001 (01/96/00) - Connection #96 created to achieve minimum of 100 = AVAILABLE
[2015-03-03 15:13:00:268][org.logicalcobwebs.proxool.Prototyper] 000001 (01/97/00) - Connection #97 created to achieve minimum of 100 = AVAILABLE
[2015-03-03 15:13:00:274][org.logicalcobwebs.proxool.Prototyper] 000001 (01/98/00) - Connection #98 created to achieve minimum of 100 = AVAILABLE
[2015-03-03 15:13:00:280][org.logicalcobwebs.proxool.Prototyper] 000001 (01/99/00) - Connection #99 created to achieve minimum of 100 = AVAILABLE
[2015-03-03 15:13:00:285][org.logicalcobwebs.proxool.Prototyper] 000001 (01/100/00) - Connection #100 created to achieve minimum of 100 = AVAILABLE
[2015-03-03 15:13:00:349][com.switek.netseed.server.ui.ServerForm] T10-Learned IR code are loaded!
[2015-03-03 15:13:00:350][com.switek.netseed.server.ui.ServerForm] T10-Loading app list from database...
[2015-03-03 15:13:00:352][com.switek.netseed.server.ui.ServerForm] T10-Loading timers...
[2015-03-03 15:13:00:355][com.switek.netseed.server.ui.ServerForm] T10-There are 1 timer(s)
[2015-03-03 15:13:00:355][com.switek.netseed.server.ui.ServerForm] T10-Loading timer steps...
[2015-03-03 15:13:00:358][com.switek.netseed.server.ui.ServerForm] T10-Completed to load timers.
[2015-03-03 15:13:00:358][com.switek.netseed.server.ui.ServerForm] T10-Setup schedule job engine.
[2015-03-03 15:13:00:365][com.switek.netseed.server.ui.ServerForm] T10-MaxThread: 2048
[2015-03-03 15:13:00:366][com.switek.netseed.server.ui.ServerForm] T10-Starting the Netseed server...
[2015-03-03 15:13:00:909][com.switek.netseed.server.ui.ServerForm] T10-Netseed Server started, on LIN/192.168.169.107:38899
[2015-03-03 15:13:12:520][org.apache.mina.core.filterchain.IoFilterEvent] Firing a SESSION_OPENED event for session 1
[2015-03-03 15:13:12:521][org.apache.mina.core.filterchain.IoFilterEvent] Event SESSION_OPENED has been fired for session 1
[2015-03-03 15:13:12:521][org.apache.mina.filter.codec.ProtocolCodecFilter] Processing a MESSAGE_RECEIVED for session 1
[2015-03-03 15:13:12:528][org.apache.mina.core.filterchain.IoFilterEvent] Firing a MESSAGE_RECEIVED event for session 1
[2015-03-03 15:13:12:529][org.apache.mina.core.filterchain.IoFilterEvent] Event MESSAGE_RECEIVED has been fired for session 1
[2015-03-03 15:13:12:534][com.switek.netseed.server.ui.ServerForm] T20-****************************Received 0xF36__UNKNOWN: AA AA 77 00 DE 07 07 19 B0 39 00 36 0F 7B 22 42 6F 64 79 22 3A 7B 22 52 65 67 69 73 74 72 61 74 69 6F 6E 49 64 22 3A 22 34 35 36 22 2C 22 50 6C 61 74 66 6F 72 6D 22 3A 22 41 4E 44 52 4F 49 44 22 2C 22 54 61 67 22 3A 22 41 41 22 2C 22 43 6F 6E 74 72 6F 6C 6C 65 72 49 64 22 3A 22 44 45 30 37 30 37 31 39 42 30 33 39 22 2C 22 53 74 61 74 75 73 22 3A 31 7D 7D 07 F1  from: (0x00000001: nio socket, server, /127.0.0.1:57945 => /127.0.0.1:38899)
[2015-03-03 15:13:12:534][com.switek.netseed.server.ui.ServerForm] T20-Data: {"Body":{"RegistrationId":"456","Platform":"ANDROID","Tag":"AA","ControllerId":"DE070719B039","Status":1}}
[2015-03-03 15:13:12:586][org.logicalcobwebs.proxool.ConnectionPool] 000001 (02/100/00) - Connection #1 tested: OK
[2015-03-03 15:13:12:588][org.logicalcobwebs.proxool.ProxyFactory] Implementing interface java.sql.PreparedStatement
[2015-03-03 15:13:12:588][org.logicalcobwebs.proxool.ProxyFactory] Implementing interface java.sql.Wrapper
[2015-03-03 15:13:12:588][org.logicalcobwebs.proxool.ProxyFactory] Implementing interface java.lang.AutoCloseable
[2015-03-03 15:13:12:588][org.logicalcobwebs.proxool.ProxyFactory] Implementing interface java.sql.Statement
[2015-03-03 15:13:12:589][org.logicalcobwebs.proxool.ProxyFactory] Implementing interface com.mysql.jdbc.Statement
[2015-03-03 15:13:12:626][org.logicalcobwebs.proxool.ConnectionPool] 000002 (02/100/00) - Connection #3 tested: OK
[2015-03-03 15:13:12:675][com.switek.netseed.server.ui.ServerForm] T20-Sending msg [AA AA 47 00 00 00 DE 07 07 19 B0 39 00 36 0F 7B 22 42 6F 64 79 22 3A 7B 7D 2C 22 52 65 73 75 6C 74 43 6F 64 65 22 3A 30 2C 22 4F 70 74 43 6F 64 65 22 3A 33 38 39 34 2C 22 41 50 49 56 65 72 22 3A 22 31 2E 30 22 7D 51 45 ] to (0x00000001: nio socket, server, /127.0.0.1:57945 => /127.0.0.1:38899)
[2015-03-03 15:13:12:676][com.switek.netseed.server.ui.ServerForm] T20-Command data: {"Body":{},"ResultCode":0,"OptCode":3894,"APIVer":"1.0"}
[2015-03-03 15:13:12:684][com.switek.netseed.server.ui.ServerForm] T20-Msg has been sent
[2015-03-03 15:13:12:684][org.apache.mina.core.filterchain.IoFilterEvent] Firing a MESSAGE_SENT event for session 1
[2015-03-03 15:13:12:684][org.apache.mina.core.filterchain.IoFilterEvent] Event MESSAGE_SENT has been fired for session 1
[2015-03-03 15:13:12:685][org.apache.mina.core.filterchain.IoFilterEvent] Firing a SESSION_CLOSED event for session 1
[2015-03-03 15:13:12:685][org.apache.mina.core.filterchain.IoFilterEvent] Event SESSION_CLOSED has been fired for session 1
[2015-03-03 15:13:59:063][com.switek.netseed.server.ui.ServerForm] T1-System run time: 0d 00:01
[2015-03-03 15:14:00:364][com.switek.netseed.server.ui.ServerForm] T14-Starting schedule job engine...
[2015-03-03 15:14:30:364][com.switek.netseed.server.ui.ServerForm] T14-Starting schedule job engine...
[2015-03-03 15:15:00:365][com.switek.netseed.server.ui.ServerForm] T14-Starting schedule job engine...
[2015-03-03 15:15:30:366][com.switek.netseed.server.ui.ServerForm] T14-Starting schedule job engine...
[2015-03-03 15:15:59:062][com.switek.netseed.server.ui.ServerForm] T1-System run time: 0d 00:03
[2015-03-03 15:16:00:367][com.switek.netseed.server.ui.ServerForm] T14-Starting schedule job engine...
[2015-03-03 15:16:30:367][com.switek.netseed.server.ui.ServerForm] T14-Starting schedule job engine...
[2015-03-03 15:16:59:062][com.switek.netseed.server.ui.ServerForm] T1-System run time: 0d 00:04
[2015-03-03 15:17:00:368][com.switek.netseed.server.ui.ServerForm] T14-Starting schedule job engine...
[2015-03-03 15:17:30:369][com.switek.netseed.server.ui.ServerForm] T14-Starting schedule job engine...
[2015-03-03 15:17:59:062][com.switek.netseed.server.ui.ServerForm] T1-System run time: 0d 00:05
[2015-03-03 15:18:00:370][com.switek.netseed.server.ui.ServerForm] T14-Starting schedule job engine...
[2015-03-03 15:18:30:370][com.switek.netseed.server.ui.ServerForm] T14-Starting schedule job engine...
[2015-03-03 15:18:59:063][com.switek.netseed.server.ui.ServerForm] T1-System run time: 0d 00:06
[2015-03-03 15:18:59:320][org.logicalcobwebs.proxool.ConnectionPool] 000003 (00/99/00) - #0002 removed because it has been active for too long.
[2015-03-03 15:18:59:321][org.logicalcobwebs.proxool.HouseKeeper] #0002 was active for 359983 milliseconds and has been removed automaticaly. The Thread responsible was named 'Thread-1', but the last SQL it performed is unknown because the trace property is not enabled.
[2015-03-03 15:18:59:337][org.logicalcobwebs.proxool.Prototyper] 000003 (00/99/01) - Connection #101 created to achieve minimum of 100 = AVAILABLE
[2015-03-03 15:19:00:371][com.switek.netseed.server.ui.ServerForm] T14-Starting schedule job engine...
[2015-03-03 15:19:30:372][com.switek.netseed.server.ui.ServerForm] T14-Starting schedule job engine...
[2015-03-03 15:19:59:063][com.switek.netseed.server.ui.ServerForm] T1-System run time: 0d 00:07
[2015-03-03 15:20:00:372][com.switek.netseed.server.ui.ServerForm] T14-Starting schedule job engine...
[2015-03-03 15:20:30:373][com.switek.netseed.server.ui.ServerForm] T14-Starting schedule job engine...
[2015-03-03 15:20:59:064][com.switek.netseed.server.ui.ServerForm] T1-System run time: 0d 00:08
[2015-03-03 15:21:00:374][com.switek.netseed.server.ui.ServerForm] T14-Starting schedule job engine...
[2015-03-03 15:21:30:375][com.switek.netseed.server.ui.ServerForm] T14-Starting schedule job engine...
[2015-03-03 15:21:59:064][com.switek.netseed.server.ui.ServerForm] T1-System run time: 0d 00:09
[2015-03-03 15:22:00:375][com.switek.netseed.server.ui.ServerForm] T14-Starting schedule job engine...
[2015-03-03 15:22:30:376][com.switek.netseed.server.ui.ServerForm] T14-Starting schedule job engine...
[2015-03-03 15:22:59:065][com.switek.netseed.server.ui.ServerForm] T1-System run time: 0d 00:10
[2015-03-03 15:23:00:377][com.switek.netseed.server.ui.ServerForm] T14-Starting schedule job engine...
[2015-03-03 15:23:30:377][com.switek.netseed.server.ui.ServerForm] T14-Starting schedule job engine...
[2015-03-03 15:23:59:065][com.switek.netseed.server.ui.ServerForm] T1-System run time: 0d 00:11
[2015-03-03 15:24:00:378][com.switek.netseed.server.ui.ServerForm] T14-Starting schedule job engine...
[2015-03-03 15:24:30:379][com.switek.netseed.server.ui.ServerForm] T14-Starting schedule job engine...
[2015-03-03 15:24:59:065][com.switek.netseed.server.ui.ServerForm] T1-System run time: 0d 00:12
[2015-03-03 15:25:00:380][com.switek.netseed.server.ui.ServerForm] T14-Starting schedule job engine...
[2015-03-03 15:25:30:380][com.switek.netseed.server.ui.ServerForm] T14-Starting schedule job engine...
[2015-03-03 15:25:59:066][com.switek.netseed.server.ui.ServerForm] T1-System run time: 0d 00:13
[2015-03-03 15:26:00:381][com.switek.netseed.server.ui.ServerForm] T14-Starting schedule job engine...
[2015-03-03 15:26:30:382][com.switek.netseed.server.ui.ServerForm] T14-Starting schedule job engine...
[2015-03-03 15:26:59:066][com.switek.netseed.server.ui.ServerForm] T1-System run time: 0d 00:14
[2015-03-03 15:27:00:382][com.switek.netseed.server.ui.ServerForm] T14-Starting schedule job engine...
[2015-03-03 15:27:30:383][com.switek.netseed.server.ui.ServerForm] T14-Starting schedule job engine...
[2015-03-03 15:27:59:067][com.switek.netseed.server.ui.ServerForm] T1-System run time: 0d 00:15
[2015-03-03 15:28:00:384][com.switek.netseed.server.ui.ServerForm] T14-Starting schedule job engine...
[2015-03-03 15:28:30:385][com.switek.netseed.server.ui.ServerForm] T14-Starting schedule job engine...
[2015-03-03 15:28:59:067][com.switek.netseed.server.ui.ServerForm] T1-System run time: 0d 00:16
[2015-03-03 15:29:00:385][com.switek.netseed.server.ui.ServerForm] T14-Starting schedule job engine...
[2015-03-03 15:29:30:386][com.switek.netseed.server.ui.ServerForm] T14-Starting schedule job engine...
[2015-03-03 15:29:59:068][com.switek.netseed.server.ui.ServerForm] T1-System run time: 0d 00:17
[2015-03-03 15:30:00:387][com.switek.netseed.server.ui.ServerForm] T14-Starting schedule job engine...
[2015-03-03 15:30:30:387][com.switek.netseed.server.ui.ServerForm] T14-Starting schedule job engine...
[2015-03-03 15:30:59:068][com.switek.netseed.server.ui.ServerForm] T1-System run time: 0d 00:18
[2015-03-03 15:31:00:388][com.switek.netseed.server.ui.ServerForm] T14-Starting schedule job engine...
[2015-03-03 15:31:30:389][com.switek.netseed.server.ui.ServerForm] T14-Starting schedule job engine...
[2015-03-03 15:31:59:069][com.switek.netseed.server.ui.ServerForm] T1-System run time: 0d 00:19
[2015-03-03 15:32:00:390][com.switek.netseed.server.ui.ServerForm] T14-Starting schedule job engine...
[2015-03-03 15:32:30:390][com.switek.netseed.server.ui.ServerForm] T14-Starting schedule job engine...
[2015-03-03 15:32:59:069][com.switek.netseed.server.ui.ServerForm] T1-System run time: 0d 00:20
[2015-03-03 15:33:00:391][com.switek.netseed.server.ui.ServerForm] T14-Starting schedule job engine...
[2015-03-03 15:33:30:392][com.switek.netseed.server.ui.ServerForm] T14-Starting schedule job engine...
[2015-03-03 15:33:59:069][com.switek.netseed.server.ui.ServerForm] T1-System run time: 0d 00:21
[2015-03-03 15:34:00:392][com.switek.netseed.server.ui.ServerForm] T14-Starting schedule job engine...
[2015-03-03 15:34:30:393][com.switek.netseed.server.ui.ServerForm] T14-Starting schedule job engine...
[2015-03-03 15:34:59:070][com.switek.netseed.server.ui.ServerForm] T1-System run time: 0d 00:22
[2015-03-03 15:35:00:394][com.switek.netseed.server.ui.ServerForm] T14-Starting schedule job engine...
[2015-03-03 15:35:30:395][com.switek.netseed.server.ui.ServerForm] T14-Starting schedule job engine...
[2015-03-03 15:35:59:070][com.switek.netseed.server.ui.ServerForm] T1-System run time: 0d 00:23
[2015-03-03 15:36:00:395][com.switek.netseed.server.ui.ServerForm] T14-Starting schedule job engine...
[2015-03-03 15:36:30:396][com.switek.netseed.server.ui.ServerForm] T14-Starting schedule job engine...
[2015-03-03 15:36:59:071][com.switek.netseed.server.ui.ServerForm] T1-System run time: 0d 00:24
[2015-03-03 15:37:00:397][com.switek.netseed.server.ui.ServerForm] T14-Starting schedule job engine...
[2015-03-03 15:37:30:397][com.switek.netseed.server.ui.ServerForm] T14-Starting schedule job engine...
[2015-03-03 15:37:59:071][com.switek.netseed.server.ui.ServerForm] T1-System run time: 0d 00:25
[2015-03-03 15:38:00:398][com.switek.netseed.server.ui.ServerForm] T14-Starting schedule job engine...
[2015-03-03 15:38:30:399][com.switek.netseed.server.ui.ServerForm] T14-Starting schedule job engine...
[2015-03-03 15:38:59:071][com.switek.netseed.server.ui.ServerForm] T1-System run time: 0d 00:26
[2015-03-03 15:39:00:400][com.switek.netseed.server.ui.ServerForm] T14-Starting schedule job engine...
[2015-03-03 15:39:30:400][com.switek.netseed.server.ui.ServerForm] T14-Starting schedule job engine...
[2015-03-03 15:39:59:072][com.switek.netseed.server.ui.ServerForm] T1-System run time: 0d 00:27
[2015-03-03 15:40:00:401][com.switek.netseed.server.ui.ServerForm] T14-Starting schedule job engine...
[2015-03-03 15:40:30:402][com.switek.netseed.server.ui.ServerForm] T14-Starting schedule job engine...
[2015-03-03 15:40:59:072][com.switek.netseed.server.ui.ServerForm] T1-System run time: 0d 00:28
[2015-03-03 15:41:00:402][com.switek.netseed.server.ui.ServerForm] T14-Starting schedule job engine...
[2015-03-03 15:41:30:403][com.switek.netseed.server.ui.ServerForm] T14-Starting schedule job engine...
[2015-03-03 15:41:59:073][com.switek.netseed.server.ui.ServerForm] T1-System run time: 0d 00:29
[2015-03-03 15:42:00:404][com.switek.netseed.server.ui.ServerForm] T14-Starting schedule job engine...
[2015-03-03 15:42:30:405][com.switek.netseed.server.ui.ServerForm] T14-Starting schedule job engine...
[2015-03-03 15:42:59:073][com.switek.netseed.server.ui.ServerForm] T1-System run time: 0d 00:30
[2015-03-03 15:43:00:405][com.switek.netseed.server.ui.ServerForm] T14-Starting schedule job engine...
[2015-03-03 15:43:30:406][com.switek.netseed.server.ui.ServerForm] T14-Starting schedule job engine...
[2015-03-03 15:43:59:076][com.switek.netseed.server.ui.ServerForm] T1-System run time: 0d 00:31
[2015-03-03 15:44:00:407][com.switek.netseed.server.ui.ServerForm] T14-Starting schedule job engine...
[2015-03-03 15:44:30:407][com.switek.netseed.server.ui.ServerForm] T14-Starting schedule job engine...
[2015-03-03 15:45:00:408][com.switek.netseed.server.ui.ServerForm] T14-Starting schedule job engine...
[2015-03-03 15:45:30:409][com.switek.netseed.server.ui.ServerForm] T14-Starting schedule job engine...
[2015-03-03 15:45:59:075][com.switek.netseed.server.ui.ServerForm] T1-System run time: 0d 00:33
[2015-03-03 15:46:00:410][com.switek.netseed.server.ui.ServerForm] T14-Starting schedule job engine...
[2015-03-03 15:46:30:410][com.switek.netseed.server.ui.ServerForm] T14-Starting schedule job engine...
[2015-03-03 15:46:59:075][com.switek.netseed.server.ui.ServerForm] T1-System run time: 0d 00:34
[2015-03-03 15:47:00:411][com.switek.netseed.server.ui.ServerForm] T14-Starting schedule job engine...
