[2015-03-03 17:00:24:007][com.switek.netseed.server.ui.ServerForm] test
[2015-03-03 17:00:24:014][com.switek.netseed.server.ui.ServerForm] T1-Starting the server...
[2015-03-03 17:00:24:015][com.switek.netseed.server.ui.ServerForm] T1-Socket IO Processor: 64
[2015-03-03 17:00:24:016][com.switek.netseed.server.ui.ServerForm] T1-Socket IO Pool: 64
[2015-03-03 17:00:24:020][com.switek.netseed.server.ui.ServerForm] T10-Loading standard IR code list from database...
[2015-03-03 17:00:24:033][org.logicalcobwebs.proxool.configuration.JAXPConfigurator] Configuring from reader: java.io.InputStreamReader@24bbe429
[2015-03-03 17:00:24:036][org.logicalcobwebs.proxool.configuration.JAXPConfigurator] SAXParserFactory class: com.sun.org.apache.xerces.internal.jaxp.SAXParserFactoryImpl
[2015-03-03 17:00:24:046][org.logicalcobwebs.proxool.configuration.JAXPConfigurator] sax parser classcom.sun.org.apache.xerces.internal.jaxp.SAXParserImpl
[2015-03-03 17:00:24:047][org.logicalcobwebs.proxool.configuration.JAXPConfigurator] XML reader class: com.sun.org.apache.xerces.internal.jaxp.SAXParserImpl$JAXPSAXParser
[2015-03-03 17:00:24:047][org.logicalcobwebs.proxool.configuration.JAXPConfigurator] Setting sax feature: 'http://xml.org/sax/features/namespaces'. State: true.
[2015-03-03 17:00:24:048][org.logicalcobwebs.proxool.configuration.JAXPConfigurator] Setting sax feature: 'http://xml.org/sax/features/namespace-prefixes'. State: false.
[2015-03-03 17:00:24:052][org.logicalcobwebs.proxool.configuration.XMLConfigurator] Adding driver property: user=cziotappuser
[2015-03-03 17:00:24:052][org.logicalcobwebs.proxool.configuration.XMLConfigurator] Adding driver property: password=*******
[2015-03-03 17:00:24:053][org.logicalcobwebs.proxool.configuration.XMLConfigurator] Setting property 'proxool.simultaneous-build-throttle' to value '5000'.
[2015-03-03 17:00:24:053][org.logicalcobwebs.proxool.configuration.XMLConfigurator] Setting property 'proxool.maximum-connection-count' to value '2000'.
[2015-03-03 17:00:24:053][org.logicalcobwebs.proxool.configuration.XMLConfigurator] Setting property 'proxool.maximum-new-connections' to value '100'.
[2015-03-03 17:00:24:054][org.logicalcobwebs.proxool.configuration.XMLConfigurator] Setting property 'proxool.minimum-connection-count' to value '100'.
[2015-03-03 17:00:24:054][org.logicalcobwebs.proxool.configuration.XMLConfigurator] Setting property 'proxool.house-keeping-sleep-time' to value '120000'.
[2015-03-03 17:00:24:054][org.logicalcobwebs.proxool.configuration.XMLConfigurator] Setting property 'proxool.prototype-count' to value '50'.
[2015-03-03 17:00:24:054][org.logicalcobwebs.proxool.configuration.XMLConfigurator] Setting property 'proxool.test-before-use' to value 'true'.
[2015-03-03 17:00:24:055][org.logicalcobwebs.proxool.configuration.XMLConfigurator] Setting property 'proxool.house-keeping-test-sql' to value 'select 1'.
[2015-03-03 17:00:24:055][org.logicalcobwebs.proxool.configuration.XMLConfigurator] Created url: proxool.DBPool:com.mysql.jdbc.Driver:jdbc:mysql://localhost:13306/cziot
[2015-03-03 17:00:24:059][org.logicalcobwebs.proxool.ProxoolFacade] Proxool 0.9.1 (23-Aug-2008 11:10)
[2015-03-03 17:00:24:068][org.logicalcobwebs.proxool.ConnectionPoolDefinition] Recognised proxool property: proxool.driver=com.mysql.jdbc.Driver
[2015-03-03 17:00:24:069][org.logicalcobwebs.proxool.ConnectionPoolDefinition] Recognised proxool property: proxool.url=jdbc:mysql://localhost:13306/cziot
[2015-03-03 17:00:24:069][org.logicalcobwebs.proxool.ConnectionPoolDefinition] Recognised proxool property: proxool.minimum-connection-count=100
[2015-03-03 17:00:24:069][org.logicalcobwebs.proxool.ConnectionPoolDefinition] Recognised proxool property: proxool.simultaneous-build-throttle=5000
[2015-03-03 17:00:24:070][org.logicalcobwebs.proxool.ConnectionPoolDefinition] Recognised proxool property: proxool.test-before-use=true
[2015-03-03 17:00:24:070][org.logicalcobwebs.proxool.ConnectionPoolDefinition] Use of proxool.maximum-new-connections is deprecated. Use more descriptive proxool.simultaneous-build-throttle instead.
[2015-03-03 17:00:24:070][org.logicalcobwebs.proxool.ConnectionPoolDefinition] Recognised proxool property: proxool.maximum-new-connections=100
[2015-03-03 17:00:24:071][org.logicalcobwebs.proxool.ConnectionPoolDefinition] Delegating property to driver: user=cziotappuser
[2015-03-03 17:00:24:071][org.logicalcobwebs.proxool.ConnectionPoolDefinition] Recognised proxool property: proxool.house-keeping-sleep-time=120000
[2015-03-03 17:00:24:071][org.logicalcobwebs.proxool.ConnectionPoolDefinition] Recognised proxool property: proxool.prototype-count=50
[2015-03-03 17:00:24:072][org.logicalcobwebs.proxool.ConnectionPoolDefinition] Delegating property to driver: password=********
[2015-03-03 17:00:24:072][org.logicalcobwebs.proxool.ConnectionPoolDefinition] Recognised proxool property: proxool.maximum-connection-count=2000
[2015-03-03 17:00:24:072][org.logicalcobwebs.proxool.ConnectionPoolDefinition] Recognised proxool property: proxool.house-keeping-test-sql=select 1
[2015-03-03 17:00:24:083][org.logicalcobwebs.proxool.ShutdownHook] Registered shutdownHook
[2015-03-03 17:00:24:085][org.logicalcobwebs.proxool.HouseKeeperController] Registering 'DBPool' house keeper
[2015-03-03 17:00:24:086][org.logicalcobwebs.proxool.HouseKeeperController] Starting a house keeper thread
[2015-03-03 17:00:24:241][org.logicalcobwebs.proxool.ConnectionResetter] Remembering default value: getTransactionIsolation() = 4
[2015-03-03 17:00:24:242][org.logicalcobwebs.proxool.ConnectionResetter] Remembering default value: getHoldability() = 2
[2015-03-03 17:00:24:242][org.logicalcobwebs.proxool.ConnectionResetter] Remembering default value: getCatalog() = cziot
[2015-03-03 17:00:24:242][org.logicalcobwebs.proxool.ConnectionResetter] Remembering default value: isReadOnly() = false
[2015-03-03 17:00:24:243][org.logicalcobwebs.proxool.ConnectionResetter] Remembering default value: getTypeMap() = {}
[2015-03-03 17:00:24:243][org.logicalcobwebs.proxool.ConnectionPool] Proxool statistics legend: "s - r  (a/t/o)" > s=served, r=refused (only shown if non-zero), a=active, t=total, o=offline (being tested)
[2015-03-03 17:00:24:243][org.logicalcobwebs.proxool.ConnectionPool] Proxool statistics legend: "s - r  (a/t/o)" > s=served, r=refused (only shown if non-zero), a=active, t=total, o=offline (being tested)
[2015-03-03 17:00:24:244][org.logicalcobwebs.proxool.Prototyper] 000000 (01/02/00) - Connection #2 created on demand = ACTIVE
[2015-03-03 17:00:24:244][org.logicalcobwebs.proxool.Prototyper] 000000 (01/02/00) - Connection #1 created to achieve minimum of 100 = AVAILABLE
[2015-03-03 17:00:24:244][org.logicalcobwebs.proxool.ConnectionPool] 000000 (01/02/00) - Connection #2 tested: OK
[2015-03-03 17:00:24:256][org.logicalcobwebs.proxool.Prototyper] 000001 (01/03/00) - Connection #3 created to achieve minimum of 100 = AVAILABLE
[2015-03-03 17:00:24:272][org.logicalcobwebs.proxool.Prototyper] 000001 (01/04/00) - Connection #4 created to achieve minimum of 100 = AVAILABLE
[2015-03-03 17:00:24:282][org.logicalcobwebs.proxool.ProxyFactory] Implementing interface com.mysql.jdbc.MySQLConnection
[2015-03-03 17:00:24:282][org.logicalcobwebs.proxool.ProxyFactory] Implementing interface java.lang.AutoCloseable
[2015-03-03 17:00:24:283][org.logicalcobwebs.proxool.ProxyFactory] Implementing interface java.sql.Connection
[2015-03-03 17:00:24:283][org.logicalcobwebs.proxool.ProxyFactory] Implementing interface com.mysql.jdbc.Connection
[2015-03-03 17:00:24:283][org.logicalcobwebs.proxool.ProxyFactory] Implementing interface java.io.Serializable
[2015-03-03 17:00:24:283][org.logicalcobwebs.proxool.ProxyFactory] Implementing interface java.sql.Wrapper
[2015-03-03 17:00:24:283][org.logicalcobwebs.proxool.ProxyFactory] Implementing interface com.mysql.jdbc.ConnectionProperties
[2015-03-03 17:00:24:285][org.logicalcobwebs.proxool.Prototyper] 000001 (01/05/00) - Connection #5 created to achieve minimum of 100 = AVAILABLE
[2015-03-03 17:00:24:299][org.logicalcobwebs.proxool.Prototyper] 000001 (01/06/00) - Connection #6 created to achieve minimum of 100 = AVAILABLE
[2015-03-03 17:00:24:323][org.logicalcobwebs.proxool.Prototyper] 000001 (01/07/00) - Connection #7 created to achieve minimum of 100 = AVAILABLE
[2015-03-03 17:00:24:336][org.logicalcobwebs.proxool.Prototyper] 000001 (01/08/00) - Connection #8 created to achieve minimum of 100 = AVAILABLE
[2015-03-03 17:00:24:349][org.logicalcobwebs.proxool.Prototyper] 000001 (01/09/00) - Connection #9 created to achieve minimum of 100 = AVAILABLE
[2015-03-03 17:00:24:361][org.logicalcobwebs.proxool.Prototyper] 000001 (01/10/00) - Connection #10 created to achieve minimum of 100 = AVAILABLE
[2015-03-03 17:00:24:384][org.logicalcobwebs.proxool.Prototyper] 000001 (01/11/00) - Connection #11 created to achieve minimum of 100 = AVAILABLE
[2015-03-03 17:00:24:397][org.logicalcobwebs.proxool.Prototyper] 000001 (01/12/00) - Connection #12 created to achieve minimum of 100 = AVAILABLE
[2015-03-03 17:00:24:410][org.logicalcobwebs.proxool.Prototyper] 000001 (01/13/00) - Connection #13 created to achieve minimum of 100 = AVAILABLE
[2015-03-03 17:00:24:422][org.logicalcobwebs.proxool.Prototyper] 000001 (01/14/00) - Connection #14 created to achieve minimum of 100 = AVAILABLE
[2015-03-03 17:00:24:434][org.logicalcobwebs.proxool.Prototyper] 000001 (01/15/00) - Connection #15 created to achieve minimum of 100 = AVAILABLE
[2015-03-03 17:00:24:448][org.logicalcobwebs.proxool.Prototyper] 000001 (01/16/00) - Connection #16 created to achieve minimum of 100 = AVAILABLE
[2015-03-03 17:00:24:461][org.logicalcobwebs.proxool.Prototyper] 000001 (01/17/00) - Connection #17 created to achieve minimum of 100 = AVAILABLE
[2015-03-03 17:00:24:474][org.logicalcobwebs.proxool.Prototyper] 000001 (01/18/00) - Connection #18 created to achieve minimum of 100 = AVAILABLE
[2015-03-03 17:00:24:486][org.logicalcobwebs.proxool.Prototyper] 000001 (01/19/00) - Connection #19 created to achieve minimum of 100 = AVAILABLE
[2015-03-03 17:00:24:497][org.logicalcobwebs.proxool.Prototyper] 000001 (01/20/00) - Connection #20 created to achieve minimum of 100 = AVAILABLE
[2015-03-03 17:00:24:510][org.logicalcobwebs.proxool.Prototyper] 000001 (01/21/00) - Connection #21 created to achieve minimum of 100 = AVAILABLE
[2015-03-03 17:00:24:522][org.logicalcobwebs.proxool.Prototyper] 000001 (01/22/00) - Connection #22 created to achieve minimum of 100 = AVAILABLE
[2015-03-03 17:00:24:532][org.logicalcobwebs.proxool.Prototyper] 000001 (01/23/00) - Connection #23 created to achieve minimum of 100 = AVAILABLE
[2015-03-03 17:00:24:541][org.logicalcobwebs.proxool.Prototyper] 000001 (01/24/00) - Connection #24 created to achieve minimum of 100 = AVAILABLE
[2015-03-03 17:00:24:552][org.logicalcobwebs.proxool.Prototyper] 000001 (01/25/00) - Connection #25 created to achieve minimum of 100 = AVAILABLE
[2015-03-03 17:00:24:563][org.logicalcobwebs.proxool.Prototyper] 000001 (01/26/00) - Connection #26 created to achieve minimum of 100 = AVAILABLE
[2015-03-03 17:00:24:572][org.logicalcobwebs.proxool.Prototyper] 000001 (01/27/00) - Connection #27 created to achieve minimum of 100 = AVAILABLE
[2015-03-03 17:00:24:583][org.logicalcobwebs.proxool.Prototyper] 000001 (01/28/00) - Connection #28 created to achieve minimum of 100 = AVAILABLE
[2015-03-03 17:00:24:599][org.logicalcobwebs.proxool.Prototyper] 000001 (01/29/00) - Connection #29 created to achieve minimum of 100 = AVAILABLE
[2015-03-03 17:00:24:609][org.logicalcobwebs.proxool.Prototyper] 000001 (01/30/00) - Connection #30 created to achieve minimum of 100 = AVAILABLE
[2015-03-03 17:00:24:619][org.logicalcobwebs.proxool.Prototyper] 000001 (01/31/00) - Connection #31 created to achieve minimum of 100 = AVAILABLE
[2015-03-03 17:00:24:630][org.logicalcobwebs.proxool.Prototyper] 000001 (01/32/00) - Connection #32 created to achieve minimum of 100 = AVAILABLE
[2015-03-03 17:00:24:641][org.logicalcobwebs.proxool.Prototyper] 000001 (01/33/00) - Connection #33 created to achieve minimum of 100 = AVAILABLE
[2015-03-03 17:00:24:652][org.logicalcobwebs.proxool.Prototyper] 000001 (01/34/00) - Connection #34 created to achieve minimum of 100 = AVAILABLE
[2015-03-03 17:00:24:662][org.logicalcobwebs.proxool.Prototyper] 000001 (01/35/00) - Connection #35 created to achieve minimum of 100 = AVAILABLE
[2015-03-03 17:00:24:674][org.logicalcobwebs.proxool.Prototyper] 000001 (01/36/00) - Connection #36 created to achieve minimum of 100 = AVAILABLE
[2015-03-03 17:00:24:685][org.logicalcobwebs.proxool.Prototyper] 000001 (01/37/00) - Connection #37 created to achieve minimum of 100 = AVAILABLE
[2015-03-03 17:00:24:696][org.logicalcobwebs.proxool.Prototyper] 000001 (01/38/00) - Connection #38 created to achieve minimum of 100 = AVAILABLE
[2015-03-03 17:00:24:707][org.logicalcobwebs.proxool.Prototyper] 000001 (01/39/00) - Connection #39 created to achieve minimum of 100 = AVAILABLE
[2015-03-03 17:00:24:716][org.logicalcobwebs.proxool.Prototyper] 000001 (01/40/00) - Connection #40 created to achieve minimum of 100 = AVAILABLE
[2015-03-03 17:00:24:727][org.logicalcobwebs.proxool.Prototyper] 000001 (01/41/00) - Connection #41 created to achieve minimum of 100 = AVAILABLE
[2015-03-03 17:00:24:737][org.logicalcobwebs.proxool.Prototyper] 000001 (01/42/00) - Connection #42 created to achieve minimum of 100 = AVAILABLE
[2015-03-03 17:00:24:746][org.logicalcobwebs.proxool.Prototyper] 000001 (01/43/00) - Connection #43 created to achieve minimum of 100 = AVAILABLE
[2015-03-03 17:00:24:754][org.logicalcobwebs.proxool.Prototyper] 000001 (01/44/00) - Connection #44 created to achieve minimum of 100 = AVAILABLE
[2015-03-03 17:00:24:764][org.logicalcobwebs.proxool.Prototyper] 000001 (01/45/00) - Connection #45 created to achieve minimum of 100 = AVAILABLE
[2015-03-03 17:00:24:776][org.logicalcobwebs.proxool.Prototyper] 000001 (01/46/00) - Connection #46 created to achieve minimum of 100 = AVAILABLE
[2015-03-03 17:00:24:787][org.logicalcobwebs.proxool.Prototyper] 000001 (01/47/00) - Connection #47 created to achieve minimum of 100 = AVAILABLE
[2015-03-03 17:00:24:797][org.logicalcobwebs.proxool.Prototyper] 000001 (01/48/00) - Connection #48 created to achieve minimum of 100 = AVAILABLE
[2015-03-03 17:00:24:807][org.logicalcobwebs.proxool.Prototyper] 000001 (01/49/00) - Connection #49 created to achieve minimum of 100 = AVAILABLE
[2015-03-03 17:00:24:809][org.logicalcobwebs.proxool.ProxyFactory] Implementing interface java.lang.AutoCloseable
[2015-03-03 17:00:24:809][org.logicalcobwebs.proxool.ProxyFactory] Implementing interface java.sql.Statement
[2015-03-03 17:00:24:809][org.logicalcobwebs.proxool.ProxyFactory] Implementing interface com.mysql.jdbc.Statement
[2015-03-03 17:00:24:809][org.logicalcobwebs.proxool.ProxyFactory] Implementing interface java.sql.Wrapper
[2015-03-03 17:00:24:818][org.logicalcobwebs.proxool.Prototyper] 000001 (01/50/00) - Connection #50 created to achieve minimum of 100 = AVAILABLE
[2015-03-03 17:00:24:830][org.logicalcobwebs.proxool.Prototyper] 000001 (01/51/00) - Connection #51 created to achieve minimum of 100 = AVAILABLE
[2015-03-03 17:00:24:838][org.logicalcobwebs.proxool.Prototyper] 000001 (01/52/00) - Connection #52 created to achieve minimum of 100 = AVAILABLE
[2015-03-03 17:00:24:847][org.logicalcobwebs.proxool.Prototyper] 000001 (01/53/00) - Connection #53 created to achieve minimum of 100 = AVAILABLE
[2015-03-03 17:00:24:857][org.logicalcobwebs.proxool.Prototyper] 000001 (01/54/00) - Connection #54 created to achieve minimum of 100 = AVAILABLE
[2015-03-03 17:00:24:864][org.logicalcobwebs.proxool.Prototyper] 000001 (01/55/00) - Connection #55 created to achieve minimum of 100 = AVAILABLE
[2015-03-03 17:00:24:873][org.logicalcobwebs.proxool.Prototyper] 000001 (01/56/00) - Connection #56 created to achieve minimum of 100 = AVAILABLE
[2015-03-03 17:00:24:887][org.logicalcobwebs.proxool.Prototyper] 000001 (01/57/00) - Connection #57 created to achieve minimum of 100 = AVAILABLE
[2015-03-03 17:00:24:898][org.logicalcobwebs.proxool.Prototyper] 000001 (01/58/00) - Connection #58 created to achieve minimum of 100 = AVAILABLE
[2015-03-03 17:00:24:909][org.logicalcobwebs.proxool.Prototyper] 000001 (01/59/00) - Connection #59 created to achieve minimum of 100 = AVAILABLE
[2015-03-03 17:00:24:918][org.logicalcobwebs.proxool.Prototyper] 000001 (01/60/00) - Connection #60 created to achieve minimum of 100 = AVAILABLE
[2015-03-03 17:00:24:927][org.logicalcobwebs.proxool.Prototyper] 000001 (01/61/00) - Connection #61 created to achieve minimum of 100 = AVAILABLE
[2015-03-03 17:00:24:936][org.logicalcobwebs.proxool.Prototyper] 000001 (01/62/00) - Connection #62 created to achieve minimum of 100 = AVAILABLE
[2015-03-03 17:00:24:946][org.logicalcobwebs.proxool.Prototyper] 000001 (01/63/00) - Connection #63 created to achieve minimum of 100 = AVAILABLE
[2015-03-03 17:00:24:947][com.switek.netseed.server.ui.ServerForm] T10-Loading device type def from database...
[2015-03-03 17:00:24:949][com.switek.netseed.server.ui.ServerForm] T10-Done.
[2015-03-03 17:00:24:949][com.switek.netseed.server.ui.ServerForm] T10-Loading brand info list from database...
[2015-03-03 17:00:24:951][com.switek.netseed.server.ui.ServerForm] T10-Done
[2015-03-03 17:00:24:952][com.switek.netseed.server.ui.ServerForm] T10-Loading releationship of type and brand from database...
[2015-03-03 17:00:24:954][com.switek.netseed.server.ui.ServerForm] T10-Done
[2015-03-03 17:00:24:955][com.switek.netseed.server.ui.ServerForm] T10-Loading controller list from database...
[2015-03-03 17:00:24:956][org.logicalcobwebs.proxool.Prototyper] 000001 (01/64/00) - Connection #64 created to achieve minimum of 100 = AVAILABLE
[2015-03-03 17:00:24:964][org.logicalcobwebs.proxool.Prototyper] 000001 (01/65/00) - Connection #65 created to achieve minimum of 100 = AVAILABLE
[2015-03-03 17:00:24:971][com.switek.netseed.server.ui.ServerForm] T10-There are 1450 controller(s)
[2015-03-03 17:00:24:971][com.switek.netseed.server.ui.ServerForm] T10-Loading subcontroller list from database...
[2015-03-03 17:00:24:973][org.logicalcobwebs.proxool.Prototyper] 000001 (01/66/00) - Connection #66 created to achieve minimum of 100 = AVAILABLE
[2015-03-03 17:00:24:981][org.logicalcobwebs.proxool.Prototyper] 000001 (01/67/00) - Connection #67 created to achieve minimum of 100 = AVAILABLE
[2015-03-03 17:00:24:986][com.switek.netseed.server.ui.ServerForm] T10-There are 1570 subcontroler(s).
[2015-03-03 17:00:24:986][com.switek.netseed.server.ui.ServerForm] T10-Loading device list from database...
[2015-03-03 17:00:24:989][org.logicalcobwebs.proxool.Prototyper] 000001 (01/68/00) - Connection #68 created to achieve minimum of 100 = AVAILABLE
[2015-03-03 17:00:24:996][org.logicalcobwebs.proxool.Prototyper] 000001 (01/69/00) - Connection #69 created to achieve minimum of 100 = AVAILABLE
[2015-03-03 17:00:25:004][org.logicalcobwebs.proxool.Prototyper] 000001 (01/70/00) - Connection #70 created to achieve minimum of 100 = AVAILABLE
[2015-03-03 17:00:25:012][org.logicalcobwebs.proxool.Prototyper] 000001 (01/71/00) - Connection #71 created to achieve minimum of 100 = AVAILABLE
[2015-03-03 17:00:25:017][org.logicalcobwebs.proxool.Prototyper] 000001 (01/72/00) - Connection #72 created to achieve minimum of 100 = AVAILABLE
[2015-03-03 17:00:25:024][org.logicalcobwebs.proxool.Prototyper] 000001 (01/73/00) - Connection #73 created to achieve minimum of 100 = AVAILABLE
[2015-03-03 17:00:25:030][org.logicalcobwebs.proxool.Prototyper] 000001 (01/74/00) - Connection #74 created to achieve minimum of 100 = AVAILABLE
[2015-03-03 17:00:25:037][org.logicalcobwebs.proxool.Prototyper] 000001 (01/75/00) - Connection #75 created to achieve minimum of 100 = AVAILABLE
[2015-03-03 17:00:25:045][org.logicalcobwebs.proxool.Prototyper] 000001 (01/76/00) - Connection #76 created to achieve minimum of 100 = AVAILABLE
[2015-03-03 17:00:25:052][org.logicalcobwebs.proxool.Prototyper] 000001 (01/77/00) - Connection #77 created to achieve minimum of 100 = AVAILABLE
[2015-03-03 17:00:25:059][com.switek.netseed.server.ui.ServerForm] T10-There are 1785 device(s).
[2015-03-03 17:00:25:059][com.switek.netseed.server.ui.ServerForm] T10-Loading learned IR code from database...
[2015-03-03 17:00:25:061][org.logicalcobwebs.proxool.Prototyper] 000001 (01/78/00) - Connection #78 created to achieve minimum of 100 = AVAILABLE
[2015-03-03 17:00:25:067][org.logicalcobwebs.proxool.Prototyper] 000001 (01/79/00) - Connection #79 created to achieve minimum of 100 = AVAILABLE
[2015-03-03 17:00:25:073][org.logicalcobwebs.proxool.Prototyper] 000001 (01/80/00) - Connection #80 created to achieve minimum of 100 = AVAILABLE
[2015-03-03 17:00:25:079][org.logicalcobwebs.proxool.Prototyper] 000001 (01/81/00) - Connection #81 created to achieve minimum of 100 = AVAILABLE
[2015-03-03 17:00:25:086][org.logicalcobwebs.proxool.Prototyper] 000001 (01/82/00) - Connection #82 created to achieve minimum of 100 = AVAILABLE
[2015-03-03 17:00:25:093][org.logicalcobwebs.proxool.Prototyper] 000001 (01/83/00) - Connection #83 created to achieve minimum of 100 = AVAILABLE
[2015-03-03 17:00:25:098][org.logicalcobwebs.proxool.Prototyper] 000001 (01/84/00) - Connection #84 created to achieve minimum of 100 = AVAILABLE
[2015-03-03 17:00:25:104][org.logicalcobwebs.proxool.Prototyper] 000001 (01/85/00) - Connection #85 created to achieve minimum of 100 = AVAILABLE
[2015-03-03 17:00:25:120][org.logicalcobwebs.proxool.Prototyper] 000001 (01/86/00) - Connection #86 created to achieve minimum of 100 = AVAILABLE
[2015-03-03 17:00:25:125][org.logicalcobwebs.proxool.Prototyper] 000001 (01/87/00) - Connection #87 created to achieve minimum of 100 = AVAILABLE
[2015-03-03 17:00:25:130][org.logicalcobwebs.proxool.Prototyper] 000001 (01/88/00) - Connection #88 created to achieve minimum of 100 = AVAILABLE
[2015-03-03 17:00:25:137][org.logicalcobwebs.proxool.Prototyper] 000001 (01/89/00) - Connection #89 created to achieve minimum of 100 = AVAILABLE
[2015-03-03 17:00:25:142][org.logicalcobwebs.proxool.Prototyper] 000001 (01/90/00) - Connection #90 created to achieve minimum of 100 = AVAILABLE
[2015-03-03 17:00:25:149][org.logicalcobwebs.proxool.Prototyper] 000001 (01/91/00) - Connection #91 created to achieve minimum of 100 = AVAILABLE
[2015-03-03 17:00:25:154][org.logicalcobwebs.proxool.Prototyper] 000001 (01/92/00) - Connection #92 created to achieve minimum of 100 = AVAILABLE
[2015-03-03 17:00:25:158][org.logicalcobwebs.proxool.Prototyper] 000001 (01/93/00) - Connection #93 created to achieve minimum of 100 = AVAILABLE
[2015-03-03 17:00:25:163][org.logicalcobwebs.proxool.Prototyper] 000001 (01/94/00) - Connection #94 created to achieve minimum of 100 = AVAILABLE
[2015-03-03 17:00:25:169][org.logicalcobwebs.proxool.Prototyper] 000001 (01/95/00) - Connection #95 created to achieve minimum of 100 = AVAILABLE
[2015-03-03 17:00:25:175][org.logicalcobwebs.proxool.Prototyper] 000001 (01/96/00) - Connection #96 created to achieve minimum of 100 = AVAILABLE
[2015-03-03 17:00:25:183][org.logicalcobwebs.proxool.Prototyper] 000001 (01/97/00) - Connection #97 created to achieve minimum of 100 = AVAILABLE
[2015-03-03 17:00:25:189][org.logicalcobwebs.proxool.Prototyper] 000001 (01/98/00) - Connection #98 created to achieve minimum of 100 = AVAILABLE
[2015-03-03 17:00:25:196][org.logicalcobwebs.proxool.Prototyper] 000001 (01/99/00) - Connection #99 created to achieve minimum of 100 = AVAILABLE
[2015-03-03 17:00:25:203][com.switek.netseed.server.ui.ServerForm] T10-Learned IR code are loaded!
[2015-03-03 17:00:25:206][com.switek.netseed.server.ui.ServerForm] T10-Loading app list from database...
[2015-03-03 17:00:25:210][com.switek.netseed.server.ui.ServerForm] T10-Loading timers...
[2015-03-03 17:00:25:211][com.switek.netseed.server.ui.ServerForm] T10-There are 1 timer(s)
[2015-03-03 17:00:25:212][com.switek.netseed.server.ui.ServerForm] T10-Loading timer steps...
[2015-03-03 17:00:25:213][com.switek.netseed.server.ui.ServerForm] T10-Completed to load timers.
[2015-03-03 17:00:25:213][org.logicalcobwebs.proxool.Prototyper] 000001 (01/100/00) - Connection #100 created to achieve minimum of 100 = AVAILABLE
[2015-03-03 17:00:25:214][com.switek.netseed.server.ui.ServerForm] T10-Setup schedule job engine.
[2015-03-03 17:00:25:220][com.switek.netseed.server.ui.ServerForm] T10-MaxThread: 2048
[2015-03-03 17:00:25:220][com.switek.netseed.server.ui.ServerForm] T10-Starting the Netseed server...
[2015-03-03 17:00:25:765][com.switek.netseed.server.ui.ServerForm] T10-Netseed Server started, on LIN/192.168.169.107:38899
[2015-03-03 17:00:41:863][org.apache.mina.core.filterchain.IoFilterEvent] Firing a SESSION_OPENED event for session 1
[2015-03-03 17:00:41:864][org.apache.mina.core.filterchain.IoFilterEvent] Event SESSION_OPENED has been fired for session 1
[2015-03-03 17:00:41:864][org.apache.mina.filter.codec.ProtocolCodecFilter] Processing a MESSAGE_RECEIVED for session 1
[2015-03-03 17:00:41:871][org.apache.mina.core.filterchain.IoFilterEvent] Firing a MESSAGE_RECEIVED event for session 1
[2015-03-03 17:00:41:871][org.apache.mina.core.filterchain.IoFilterEvent] Event MESSAGE_RECEIVED has been fired for session 1
[2015-03-03 17:00:41:876][com.switek.netseed.server.ui.ServerForm] T20-****************************Received 0xF36__UNKNOWN: AA AA 77 00 DE 07 07 19 B0 39 00 36 0F 7B 22 42 6F 64 79 22 3A 7B 22 52 65 67 69 73 74 72 61 74 69 6F 6E 49 64 22 3A 22 34 35 36 22 2C 22 50 6C 61 74 66 6F 72 6D 22 3A 22 41 4E 44 52 4F 49 44 22 2C 22 54 61 67 22 3A 22 41 41 22 2C 22 43 6F 6E 74 72 6F 6C 6C 65 72 49 64 22 3A 22 44 45 30 37 30 37 31 39 42 30 33 39 22 2C 22 53 74 61 74 75 73 22 3A 30 7D 7D 37 C6  from: (0x00000001: nio socket, server, /127.0.0.1:59468 => /127.0.0.1:38899)
[2015-03-03 17:00:41:876][com.switek.netseed.server.ui.ServerForm] T20-Data: {"Body":{"RegistrationId":"456","Platform":"ANDROID","Tag":"AA","ControllerId":"DE070719B039","Status":0}}
[2015-03-03 17:00:41:926][org.logicalcobwebs.proxool.ConnectionPool] 000001 (02/100/00) - Connection #1 tested: OK
[2015-03-03 17:00:41:927][org.logicalcobwebs.proxool.ProxyFactory] Implementing interface java.lang.AutoCloseable
[2015-03-03 17:00:41:928][org.logicalcobwebs.proxool.ProxyFactory] Implementing interface java.sql.PreparedStatement
[2015-03-03 17:00:41:928][org.logicalcobwebs.proxool.ProxyFactory] Implementing interface java.sql.Statement
[2015-03-03 17:00:41:928][org.logicalcobwebs.proxool.ProxyFactory] Implementing interface com.mysql.jdbc.Statement
[2015-03-03 17:00:41:928][org.logicalcobwebs.proxool.ProxyFactory] Implementing interface java.sql.Wrapper
[2015-03-03 17:00:41:964][org.logicalcobwebs.proxool.ConnectionPool] 000002 (02/100/00) - Connection #3 tested: OK
[2015-03-03 17:00:42:002][com.switek.netseed.server.ui.ServerForm] T20-Sending msg [AA AA 47 00 00 00 DE 07 07 19 B0 39 00 36 0F 7B 22 42 6F 64 79 22 3A 7B 7D 2C 22 52 65 73 75 6C 74 43 6F 64 65 22 3A 30 2C 22 4F 70 74 43 6F 64 65 22 3A 33 38 39 34 2C 22 41 50 49 56 65 72 22 3A 22 31 2E 30 22 7D 51 45 ] to (0x00000001: nio socket, server, /127.0.0.1:59468 => /127.0.0.1:38899)
[2015-03-03 17:00:42:002][com.switek.netseed.server.ui.ServerForm] T20-Command data: {"Body":{},"ResultCode":0,"OptCode":3894,"APIVer":"1.0"}
[2015-03-03 17:00:42:009][com.switek.netseed.server.ui.ServerForm] T20-Msg has been sent
[2015-03-03 17:00:42:009][org.apache.mina.core.filterchain.IoFilterEvent] Firing a MESSAGE_SENT event for session 1
[2015-03-03 17:00:42:010][org.apache.mina.core.filterchain.IoFilterEvent] Event MESSAGE_SENT has been fired for session 1
[2015-03-03 17:00:42:010][org.apache.mina.core.filterchain.IoFilterEvent] Firing a SESSION_CLOSED event for session 1
[2015-03-03 17:00:42:011][org.apache.mina.core.filterchain.IoFilterEvent] Event SESSION_CLOSED has been fired for session 1
[2015-03-03 17:01:23:980][com.switek.netseed.server.ui.ServerForm] T1-System run time: 0d 00:01
[2015-03-03 17:01:25:218][com.switek.netseed.server.ui.ServerForm] T14-Starting schedule job engine...
[2015-03-03 17:01:55:219][com.switek.netseed.server.ui.ServerForm] T14-Starting schedule job engine...
[2015-03-03 17:02:23:980][com.switek.netseed.server.ui.ServerForm] T1-System run time: 0d 00:02
[2015-03-03 17:02:25:220][com.switek.netseed.server.ui.ServerForm] T14-Starting schedule job engine...
[2015-03-03 17:02:55:221][com.switek.netseed.server.ui.ServerForm] T14-Starting schedule job engine...
[2015-03-03 17:03:23:980][com.switek.netseed.server.ui.ServerForm] T1-System run time: 0d 00:03
[2015-03-03 17:03:25:221][com.switek.netseed.server.ui.ServerForm] T14-Starting schedule job engine...
[2015-03-03 17:03:55:222][com.switek.netseed.server.ui.ServerForm] T14-Starting schedule job engine...
[2015-03-03 17:04:23:981][com.switek.netseed.server.ui.ServerForm] T1-System run time: 0d 00:04
[2015-03-03 17:04:25:223][com.switek.netseed.server.ui.ServerForm] T14-Starting schedule job engine...
[2015-03-03 17:04:55:223][com.switek.netseed.server.ui.ServerForm] T14-Starting schedule job engine...
