[2015-03-04 15:00:02:929][com.switek.netseed.server.ui.ServerForm] T1-System run time: 0d 00:04
[2015-03-04 15:00:04:198][com.switek.netseed.server.ui.ServerForm] T14-Starting schedule job engine...
[2015-03-04 15:00:34:198][com.switek.netseed.server.ui.ServerForm] T14-Starting schedule job engine...
[2015-03-04 15:01:02:929][com.switek.netseed.server.ui.ServerForm] T1-System run time: 0d 00:05
[2015-03-04 15:01:04:199][com.switek.netseed.server.ui.ServerForm] T14-Starting schedule job engine...
[2015-03-04 15:01:34:200][com.switek.netseed.server.ui.ServerForm] T14-Starting schedule job engine...
[2015-03-04 15:02:02:929][com.switek.netseed.server.ui.ServerForm] T1-System run time: 0d 00:06
[2015-03-04 15:02:03:185][org.logicalcobwebs.proxool.ConnectionPool] 000001 (00/99/00) - #0002 removed because it has been active for too long.
[2015-03-04 15:02:03:185][org.logicalcobwebs.proxool.HouseKeeper] #0002 was active for 359965 milliseconds and has been removed automaticaly. The Thread responsible was named 'Thread-1', but the last SQL it performed is unknown because the trace property is not enabled.
[2015-03-04 15:02:03:202][org.logicalcobwebs.proxool.Prototyper] 000001 (00/99/01) - Connection #101 created to achieve minimum of 100 = AVAILABLE
[2015-03-04 15:02:04:200][com.switek.netseed.server.ui.ServerForm] T14-Starting schedule job engine...
[2015-03-04 15:02:34:202][com.switek.netseed.server.ui.ServerForm] T14-Starting schedule job engine...
[2015-03-04 15:02:34:737][org.apache.mina.core.filterchain.IoFilterEvent] Firing a SESSION_OPENED event for session 2
[2015-03-04 15:02:34:737][org.apache.mina.core.filterchain.IoFilterEvent] Event SESSION_OPENED has been fired for session 2
[2015-03-04 15:02:34:745][org.apache.mina.filter.codec.ProtocolCodecFilter] Processing a MESSAGE_RECEIVED for session 2
[2015-03-04 15:02:34:746][org.apache.mina.core.filterchain.IoFilterEvent] Firing a MESSAGE_RECEIVED event for session 2
[2015-03-04 15:02:34:747][org.apache.mina.core.filterchain.IoFilterEvent] Event MESSAGE_RECEIVED has been fired for session 2
[2015-03-04 15:02:34:748][com.switek.netseed.server.ui.ServerForm] T28-****************************Received 0x15_COMMAND_ID_CS_GET_SAPSTATUS: AA AA 15 00 DE 07 07 19 70 17 00 15 00 00 00 DD 07 01 01 00 15 3B 15  from: (0x00000002: nio socket, server, /127.0.0.1:57550 => /127.0.0.1:38899)
[2015-03-04 15:02:34:749][com.switek.netseed.server.ui.ServerForm] T28-Sending msg [AA AA 0E 00 DE 07 07 19 70 17 00 15 00 00 5F CF ] to (0x00000002: nio socket, server, /127.0.0.1:57550 => /127.0.0.1:38899)
[2015-03-04 15:02:34:751][com.switek.netseed.server.ui.ServerForm] T28-Msg has been sent
[2015-03-04 15:02:34:751][org.apache.mina.core.filterchain.IoFilterEvent] Firing a MESSAGE_SENT event for session 2
[2015-03-04 15:02:34:751][org.apache.mina.core.filterchain.IoFilterEvent] Event MESSAGE_SENT has been fired for session 2
[2015-03-04 15:02:51:956][com.switek.netseed.server.ui.ServerForm] T1-Loading standard IR code list from database...
[2015-03-04 15:02:51:962][org.logicalcobwebs.proxool.ConnectionPool] 000001 (01/100/00) - Connection #1 tested: OK
[2015-03-04 15:02:52:003][com.switek.netseed.server.ui.ServerForm] T1-Loading device type def from database...
[2015-03-04 15:02:52:007][com.switek.netseed.server.ui.ServerForm] T1-Done.
[2015-03-04 15:02:52:009][com.switek.netseed.server.ui.ServerForm] T1-Loading brand info list from database...
[2015-03-04 15:02:52:013][com.switek.netseed.server.ui.ServerForm] T1-Done
[2015-03-04 15:02:52:015][com.switek.netseed.server.ui.ServerForm] T1-Loading releationship of type and brand from database...
[2015-03-04 15:02:52:018][com.switek.netseed.server.ui.ServerForm] T1-Done
[2015-03-04 15:02:52:022][com.switek.netseed.server.ui.ServerForm] T1-Loading controller list from database...
[2015-03-04 15:02:52:034][com.switek.netseed.server.ui.ServerForm] T1-There are 1450 controller(s)
[2015-03-04 15:02:52:036][com.switek.netseed.server.ui.ServerForm] T1-Loading subcontroller list from database...
[2015-03-04 15:02:52:047][com.switek.netseed.server.ui.ServerForm] T1-There are 1570 subcontroler(s).
[2015-03-04 15:02:52:049][com.switek.netseed.server.ui.ServerForm] T1-Loading device list from database...
[2015-03-04 15:02:52:070][com.switek.netseed.server.ui.ServerForm] T1-There are 1785 device(s).
[2015-03-04 15:02:52:073][com.switek.netseed.server.ui.ServerForm] T1-Loading learned IR code from database...
[2015-03-04 15:02:52:137][com.switek.netseed.server.ui.ServerForm] T1-Learned IR code are loaded!
[2015-03-04 15:02:52:141][com.switek.netseed.server.ui.ServerForm] T1-Loading app list from database...
[2015-03-04 15:02:52:144][com.switek.netseed.server.ui.ServerForm] T1-Loading timers...
[2015-03-04 15:02:52:147][com.switek.netseed.server.ui.ServerForm] T1-There are 1 timer(s)
[2015-03-04 15:02:52:150][com.switek.netseed.server.ui.ServerForm] T1-Loading timer steps...
[2015-03-04 15:02:52:153][com.switek.netseed.server.ui.ServerForm] T1-Completed to load timers.
[2015-03-04 15:02:52:157][com.switek.netseed.server.ui.ServerForm] T1-Setup schedule job engine.
[2015-03-04 15:02:54:752][org.apache.mina.core.filterchain.IoFilterEvent] Firing a SESSION_IDLE event for session 2
[2015-03-04 15:02:54:753][com.switek.netseed.server.ui.ServerForm] T31-Close the Idle session (0x00000002: nio socket, server, /127.0.0.1:57550 => /127.0.0.1:38899)
[2015-03-04 15:02:54:753][org.apache.mina.core.filterchain.IoFilterEvent] Event SESSION_IDLE has been fired for session 2
[2015-03-04 15:02:54:754][org.apache.mina.core.filterchain.IoFilterEvent] Firing a SESSION_CLOSED event for session 2
[2015-03-04 15:02:54:755][org.apache.mina.core.filterchain.IoFilterEvent] Event SESSION_CLOSED has been fired for session 2
[2015-03-04 15:03:02:930][com.switek.netseed.server.ui.ServerForm] T1-System run time: 0d 00:07
[2015-03-04 15:03:04:203][com.switek.netseed.server.ui.ServerForm] T14-Starting schedule job engine...
[2015-03-04 15:03:18:637][org.apache.mina.core.filterchain.IoFilterEvent] Firing a SESSION_OPENED event for session 3
[2015-03-04 15:03:18:637][org.apache.mina.core.filterchain.IoFilterEvent] Event SESSION_OPENED has been fired for session 3
[2015-03-04 15:03:18:644][org.apache.mina.filter.codec.ProtocolCodecFilter] Processing a MESSAGE_RECEIVED for session 3
[2015-03-04 15:03:18:645][org.apache.mina.core.filterchain.IoFilterEvent] Firing a MESSAGE_RECEIVED event for session 3
[2015-03-04 15:03:18:646][org.apache.mina.core.filterchain.IoFilterEvent] Event MESSAGE_RECEIVED has been fired for session 3
[2015-03-04 15:03:18:647][com.switek.netseed.server.ui.ServerForm] T36-****************************Received 0x15_COMMAND_ID_CS_GET_SAPSTATUS: AA AA 15 00 DE 07 07 19 70 17 00 15 00 00 00 DD 07 01 01 00 15 3B 15  from: (0x00000003: nio socket, server, /127.0.0.1:57553 => /127.0.0.1:38899)
[2015-03-04 15:03:18:648][com.switek.netseed.server.ui.ServerForm] T36-Sending msg [AA AA 0E 00 DE 07 07 19 70 17 00 15 00 FF AF D1 ] to (0x00000003: nio socket, server, /127.0.0.1:57553 => /127.0.0.1:38899)
[2015-03-04 15:03:18:650][com.switek.netseed.server.ui.ServerForm] T36-Msg has been sent
[2015-03-04 15:03:18:650][org.apache.mina.core.filterchain.IoFilterEvent] Firing a MESSAGE_SENT event for session 3
[2015-03-04 15:03:18:650][org.apache.mina.core.filterchain.IoFilterEvent] Event MESSAGE_SENT has been fired for session 3
[2015-03-04 15:03:34:204][com.switek.netseed.server.ui.ServerForm] T14-Starting schedule job engine...
[2015-03-04 15:03:38:651][org.apache.mina.core.filterchain.IoFilterEvent] Firing a SESSION_IDLE event for session 3
[2015-03-04 15:03:38:652][com.switek.netseed.server.ui.ServerForm] T38-Close the Idle session (0x00000003: nio socket, server, /127.0.0.1:57553 => /127.0.0.1:38899)
[2015-03-04 15:03:38:652][org.apache.mina.core.filterchain.IoFilterEvent] Event SESSION_IDLE has been fired for session 3
[2015-03-04 15:03:38:654][org.apache.mina.core.filterchain.IoFilterEvent] Firing a SESSION_CLOSED event for session 3
[2015-03-04 15:03:38:655][org.apache.mina.core.filterchain.IoFilterEvent] Event SESSION_CLOSED has been fired for session 3
[2015-03-04 15:03:52:160][com.switek.netseed.server.ui.ServerForm] T30-Starting schedule job engine...
[2015-03-04 15:04:02:930][com.switek.netseed.server.ui.ServerForm] T1-System run time: 0d 00:08
[2015-03-04 15:04:04:204][com.switek.netseed.server.ui.ServerForm] T14-Starting schedule job engine...
[2015-03-04 15:04:22:160][com.switek.netseed.server.ui.ServerForm] T30-Starting schedule job engine...
[2015-03-04 15:04:34:205][com.switek.netseed.server.ui.ServerForm] T14-Starting schedule job engine...
[2015-03-04 15:04:52:161][com.switek.netseed.server.ui.ServerForm] T30-Starting schedule job engine...
[2015-03-04 15:05:02:931][com.switek.netseed.server.ui.ServerForm] T1-System run time: 0d 00:09
[2015-03-04 15:05:04:206][com.switek.netseed.server.ui.ServerForm] T14-Starting schedule job engine...
[2015-03-04 15:05:22:162][com.switek.netseed.server.ui.ServerForm] T30-Starting schedule job engine...
[2015-03-04 15:05:34:206][com.switek.netseed.server.ui.ServerForm] T14-Starting schedule job engine...
[2015-03-04 15:05:52:162][com.switek.netseed.server.ui.ServerForm] T30-Starting schedule job engine...
[2015-03-04 15:06:02:931][com.switek.netseed.server.ui.ServerForm] T1-System run time: 0d 00:10
[2015-03-04 15:06:04:207][com.switek.netseed.server.ui.ServerForm] T14-Starting schedule job engine...
[2015-03-04 15:06:22:163][com.switek.netseed.server.ui.ServerForm] T30-Starting schedule job engine...
[2015-03-04 15:06:34:208][com.switek.netseed.server.ui.ServerForm] T14-Starting schedule job engine...
[2015-03-04 15:06:52:164][com.switek.netseed.server.ui.ServerForm] T30-Starting schedule job engine...
[2015-03-04 15:07:02:932][com.switek.netseed.server.ui.ServerForm] T1-System run time: 0d 00:11
[2015-03-04 15:07:04:209][com.switek.netseed.server.ui.ServerForm] T14-Starting schedule job engine...
[2015-03-04 15:07:22:165][com.switek.netseed.server.ui.ServerForm] T30-Starting schedule job engine...
[2015-03-04 15:07:34:209][com.switek.netseed.server.ui.ServerForm] T14-Starting schedule job engine...
[2015-03-04 15:07:52:165][com.switek.netseed.server.ui.ServerForm] T30-Starting schedule job engine...
[2015-03-04 15:08:02:932][com.switek.netseed.server.ui.ServerForm] T1-System run time: 0d 00:12
[2015-03-04 15:08:03:380][org.logicalcobwebs.proxool.ConnectionPool] 000002 (00/99/00) - #0001 removed because it has been active for too long.
[2015-03-04 15:08:03:381][org.logicalcobwebs.proxool.HouseKeeper] #0001 was active for 311417 milliseconds and has been removed automaticaly. The Thread responsible was named 'main', but the last SQL it performed is unknown because the trace property is not enabled.
[2015-03-04 15:08:03:395][org.logicalcobwebs.proxool.Prototyper] 000002 (00/99/01) - Connection #102 created to achieve minimum of 100 = AVAILABLE
[2015-03-04 15:08:04:210][com.switek.netseed.server.ui.ServerForm] T14-Starting schedule job engine...
[2015-03-04 15:08:22:166][com.switek.netseed.server.ui.ServerForm] T30-Starting schedule job engine...
[2015-03-04 15:08:34:211][com.switek.netseed.server.ui.ServerForm] T14-Starting schedule job engine...
[2015-03-04 15:08:52:167][com.switek.netseed.server.ui.ServerForm] T30-Starting schedule job engine...
[2015-03-04 15:09:02:932][com.switek.netseed.server.ui.ServerForm] T1-System run time: 0d 00:13
[2015-03-04 15:09:04:211][com.switek.netseed.server.ui.ServerForm] T14-Starting schedule job engine...
[2015-03-04 15:09:22:168][com.switek.netseed.server.ui.ServerForm] T30-Starting schedule job engine...
[2015-03-04 15:09:34:212][com.switek.netseed.server.ui.ServerForm] T14-Starting schedule job engine...
[2015-03-04 15:09:52:168][com.switek.netseed.server.ui.ServerForm] T30-Starting schedule job engine...
[2015-03-04 15:10:02:933][com.switek.netseed.server.ui.ServerForm] T1-System run time: 0d 00:14
[2015-03-04 15:10:04:213][com.switek.netseed.server.ui.ServerForm] T14-Starting schedule job engine...
[2015-03-04 15:10:22:169][com.switek.netseed.server.ui.ServerForm] T30-Starting schedule job engine...
[2015-03-04 15:10:34:214][com.switek.netseed.server.ui.ServerForm] T14-Starting schedule job engine...
[2015-03-04 15:10:52:170][com.switek.netseed.server.ui.ServerForm] T30-Starting schedule job engine...
[2015-03-04 15:11:02:933][com.switek.netseed.server.ui.ServerForm] T1-System run time: 0d 00:15
[2015-03-04 15:11:04:214][com.switek.netseed.server.ui.ServerForm] T14-Starting schedule job engine...
[2015-03-04 15:11:22:170][com.switek.netseed.server.ui.ServerForm] T30-Starting schedule job engine...
[2015-03-04 15:11:34:215][com.switek.netseed.server.ui.ServerForm] T14-Starting schedule job engine...
[2015-03-04 15:11:52:171][com.switek.netseed.server.ui.ServerForm] T30-Starting schedule job engine...
[2015-03-04 15:12:02:934][com.switek.netseed.server.ui.ServerForm] T1-System run time: 0d 00:16
[2015-03-04 15:12:04:216][com.switek.netseed.server.ui.ServerForm] T14-Starting schedule job engine...
[2015-03-04 15:12:22:172][com.switek.netseed.server.ui.ServerForm] T30-Starting schedule job engine...
[2015-03-04 15:12:34:216][com.switek.netseed.server.ui.ServerForm] T14-Starting schedule job engine...
[2015-03-04 15:12:52:173][com.switek.netseed.server.ui.ServerForm] T30-Starting schedule job engine...
[2015-03-04 15:13:02:934][com.switek.netseed.server.ui.ServerForm] T1-System run time: 0d 00:17
[2015-03-04 15:13:04:217][com.switek.netseed.server.ui.ServerForm] T14-Starting schedule job engine...
[2015-03-04 15:13:22:173][com.switek.netseed.server.ui.ServerForm] T30-Starting schedule job engine...
[2015-03-04 15:13:34:218][com.switek.netseed.server.ui.ServerForm] T14-Starting schedule job engine...
[2015-03-04 15:13:52:174][com.switek.netseed.server.ui.ServerForm] T30-Starting schedule job engine...
[2015-03-04 15:14:02:935][com.switek.netseed.server.ui.ServerForm] T1-System run time: 0d 00:18
[2015-03-04 15:14:04:219][com.switek.netseed.server.ui.ServerForm] T14-Starting schedule job engine...
[2015-03-04 15:14:22:175][com.switek.netseed.server.ui.ServerForm] T30-Starting schedule job engine...
[2015-03-04 15:14:34:219][com.switek.netseed.server.ui.ServerForm] T14-Starting schedule job engine...
[2015-03-04 15:14:52:175][com.switek.netseed.server.ui.ServerForm] T30-Starting schedule job engine...
[2015-03-04 15:15:02:935][com.switek.netseed.server.ui.ServerForm] T1-System run time: 0d 00:19
[2015-03-04 15:15:04:220][com.switek.netseed.server.ui.ServerForm] T14-Starting schedule job engine...
[2015-03-04 15:15:22:176][com.switek.netseed.server.ui.ServerForm] T30-Starting schedule job engine...
[2015-03-04 15:15:34:221][com.switek.netseed.server.ui.ServerForm] T14-Starting schedule job engine...
[2015-03-04 15:15:52:177][com.switek.netseed.server.ui.ServerForm] T30-Starting schedule job engine...
[2015-03-04 15:16:02:935][com.switek.netseed.server.ui.ServerForm] T1-System run time: 0d 00:20
[2015-03-04 15:16:04:222][com.switek.netseed.server.ui.ServerForm] T14-Starting schedule job engine...
[2015-03-04 15:16:22:178][com.switek.netseed.server.ui.ServerForm] T30-Starting schedule job engine...
[2015-03-04 15:16:34:222][com.switek.netseed.server.ui.ServerForm] T14-Starting schedule job engine...
[2015-03-04 15:16:52:178][com.switek.netseed.server.ui.ServerForm] T30-Starting schedule job engine...
[2015-03-04 15:17:02:936][com.switek.netseed.server.ui.ServerForm] T1-System run time: 0d 00:21
[2015-03-04 15:17:04:223][com.switek.netseed.server.ui.ServerForm] T14-Starting schedule job engine...
[2015-03-04 15:17:22:179][com.switek.netseed.server.ui.ServerForm] T30-Starting schedule job engine...
[2015-03-04 15:17:34:224][com.switek.netseed.server.ui.ServerForm] T14-Starting schedule job engine...
[2015-03-04 15:17:52:180][com.switek.netseed.server.ui.ServerForm] T30-Starting schedule job engine...
[2015-03-04 15:18:02:937][com.switek.netseed.server.ui.ServerForm] T1-System run time: 0d 00:22
[2015-03-04 15:18:04:224][com.switek.netseed.server.ui.ServerForm] T14-Starting schedule job engine...
[2015-03-04 15:18:22:180][com.switek.netseed.server.ui.ServerForm] T30-Starting schedule job engine...
[2015-03-04 15:18:34:225][com.switek.netseed.server.ui.ServerForm] T14-Starting schedule job engine...
[2015-03-04 15:18:52:181][com.switek.netseed.server.ui.ServerForm] T30-Starting schedule job engine...
[2015-03-04 15:19:02:937][com.switek.netseed.server.ui.ServerForm] T1-System run time: 0d 00:23
[2015-03-04 15:19:04:226][com.switek.netseed.server.ui.ServerForm] T14-Starting schedule job engine...
[2015-03-04 15:19:22:182][com.switek.netseed.server.ui.ServerForm] T30-Starting schedule job engine...
[2015-03-04 15:19:34:227][com.switek.netseed.server.ui.ServerForm] T14-Starting schedule job engine...
[2015-03-04 15:19:52:183][com.switek.netseed.server.ui.ServerForm] T30-Starting schedule job engine...
[2015-03-04 15:20:02:937][com.switek.netseed.server.ui.ServerForm] T1-System run time: 0d 00:24
[2015-03-04 15:20:04:227][com.switek.netseed.server.ui.ServerForm] T14-Starting schedule job engine...
[2015-03-04 15:20:22:183][com.switek.netseed.server.ui.ServerForm] T30-Starting schedule job engine...
[2015-03-04 15:20:34:228][com.switek.netseed.server.ui.ServerForm] T14-Starting schedule job engine...
[2015-03-04 15:20:52:184][com.switek.netseed.server.ui.ServerForm] T30-Starting schedule job engine...
[2015-03-04 15:21:02:938][com.switek.netseed.server.ui.ServerForm] T1-System run time: 0d 00:25
[2015-03-04 15:21:04:229][com.switek.netseed.server.ui.ServerForm] T14-Starting schedule job engine...
[2015-03-04 15:21:22:185][com.switek.netseed.server.ui.ServerForm] T30-Starting schedule job engine...
[2015-03-04 15:21:34:229][com.switek.netseed.server.ui.ServerForm] T14-Starting schedule job engine...
[2015-03-04 15:21:52:185][com.switek.netseed.server.ui.ServerForm] T30-Starting schedule job engine...
[2015-03-04 15:22:02:938][com.switek.netseed.server.ui.ServerForm] T1-System run time: 0d 00:26
[2015-03-04 15:22:04:230][com.switek.netseed.server.ui.ServerForm] T14-Starting schedule job engine...
[2015-03-04 15:22:22:186][com.switek.netseed.server.ui.ServerForm] T30-Starting schedule job engine...
[2015-03-04 15:22:34:231][com.switek.netseed.server.ui.ServerForm] T14-Starting schedule job engine...
[2015-03-04 15:22:52:187][com.switek.netseed.server.ui.ServerForm] T30-Starting schedule job engine...
[2015-03-04 15:23:02:938][com.switek.netseed.server.ui.ServerForm] T1-System run time: 0d 00:27
[2015-03-04 15:23:04:232][com.switek.netseed.server.ui.ServerForm] T14-Starting schedule job engine...
[2015-03-04 15:23:22:188][com.switek.netseed.server.ui.ServerForm] T30-Starting schedule job engine...
[2015-03-04 15:23:34:232][com.switek.netseed.server.ui.ServerForm] T14-Starting schedule job engine...
[2015-03-04 15:23:52:188][com.switek.netseed.server.ui.ServerForm] T30-Starting schedule job engine...
[2015-03-04 15:24:02:939][com.switek.netseed.server.ui.ServerForm] T1-System run time: 0d 00:28
[2015-03-04 15:24:04:233][com.switek.netseed.server.ui.ServerForm] T14-Starting schedule job engine...
[2015-03-04 15:24:22:189][com.switek.netseed.server.ui.ServerForm] T30-Starting schedule job engine...
[2015-03-04 15:24:34:234][com.switek.netseed.server.ui.ServerForm] T14-Starting schedule job engine...
[2015-03-04 15:24:52:190][com.switek.netseed.server.ui.ServerForm] T30-Starting schedule job engine...
[2015-03-04 15:25:02:939][com.switek.netseed.server.ui.ServerForm] T1-System run time: 0d 00:29
[2015-03-04 15:25:04:234][com.switek.netseed.server.ui.ServerForm] T14-Starting schedule job engine...
[2015-03-04 15:25:22:190][com.switek.netseed.server.ui.ServerForm] T30-Starting schedule job engine...
[2015-03-04 15:25:34:235][com.switek.netseed.server.ui.ServerForm] T14-Starting schedule job engine...
[2015-03-04 15:25:52:191][com.switek.netseed.server.ui.ServerForm] T30-Starting schedule job engine...
[2015-03-04 15:26:02:940][com.switek.netseed.server.ui.ServerForm] T1-System run time: 0d 00:30
[2015-03-04 15:26:04:236][com.switek.netseed.server.ui.ServerForm] T14-Starting schedule job engine...
[2015-03-04 15:26:22:192][com.switek.netseed.server.ui.ServerForm] T30-Starting schedule job engine...
[2015-03-04 15:26:34:237][com.switek.netseed.server.ui.ServerForm] T14-Starting schedule job engine...
[2015-03-04 15:26:52:193][com.switek.netseed.server.ui.ServerForm] T30-Starting schedule job engine...
[2015-03-04 15:27:02:940][com.switek.netseed.server.ui.ServerForm] T1-System run time: 0d 00:31
[2015-03-04 15:27:04:237][com.switek.netseed.server.ui.ServerForm] T14-Starting schedule job engine...
[2015-03-04 15:27:22:193][com.switek.netseed.server.ui.ServerForm] T30-Starting schedule job engine...
[2015-03-04 15:27:34:238][com.switek.netseed.server.ui.ServerForm] T14-Starting schedule job engine...
[2015-03-04 15:27:52:194][com.switek.netseed.server.ui.ServerForm] T30-Starting schedule job engine...
[2015-03-04 15:28:02:941][com.switek.netseed.server.ui.ServerForm] T1-System run time: 0d 00:32
[2015-03-04 15:28:04:239][com.switek.netseed.server.ui.ServerForm] T14-Starting schedule job engine...
[2015-03-04 15:28:22:195][com.switek.netseed.server.ui.ServerForm] T30-Starting schedule job engine...
[2015-03-04 15:28:34:239][com.switek.netseed.server.ui.ServerForm] T14-Starting schedule job engine...
[2015-03-04 15:28:52:195][com.switek.netseed.server.ui.ServerForm] T30-Starting schedule job engine...
[2015-03-04 15:29:02:941][com.switek.netseed.server.ui.ServerForm] T1-System run time: 0d 00:33
[2015-03-04 15:29:04:240][com.switek.netseed.server.ui.ServerForm] T14-Starting schedule job engine...
