[2015-03-04 14:53:22:632][com.switek.netseed.server.ui.ServerForm] Already delete [2015-01-05_11.log] file in [2015-01-05] folder.
[2015-03-04 14:53:22:632][com.switek.netseed.server.ui.ServerForm] Already delete [2015-01-05] file folder.
[2015-03-04 14:53:22:621][com.switek.netseed.server.ui.ServerForm] test
[2015-03-04 14:53:22:633][com.switek.netseed.server.ui.ServerForm] T1-Starting the server...
[2015-03-04 14:53:22:635][com.switek.netseed.server.ui.ServerForm] T1-Socket IO Processor: 64
[2015-03-04 14:53:22:636][com.switek.netseed.server.ui.ServerForm] T1-Socket IO Pool: 64
[2015-03-04 14:53:22:640][com.switek.netseed.server.ui.ServerForm] T10-Loading standard IR code list from database...
[2015-03-04 14:53:22:653][org.logicalcobwebs.proxool.configuration.JAXPConfigurator] Configuring from reader: java.io.InputStreamReader@75a0941a
[2015-03-04 14:53:22:655][org.logicalcobwebs.proxool.configuration.JAXPConfigurator] SAXParserFactory class: com.sun.org.apache.xerces.internal.jaxp.SAXParserFactoryImpl
[2015-03-04 14:53:22:666][org.logicalcobwebs.proxool.configuration.JAXPConfigurator] sax parser classcom.sun.org.apache.xerces.internal.jaxp.SAXParserImpl
[2015-03-04 14:53:22:666][org.logicalcobwebs.proxool.configuration.JAXPConfigurator] XML reader class: com.sun.org.apache.xerces.internal.jaxp.SAXParserImpl$JAXPSAXParser
[2015-03-04 14:53:22:667][org.logicalcobwebs.proxool.configuration.JAXPConfigurator] Setting sax feature: 'http://xml.org/sax/features/namespaces'. State: true.
[2015-03-04 14:53:22:667][org.logicalcobwebs.proxool.configuration.JAXPConfigurator] Setting sax feature: 'http://xml.org/sax/features/namespace-prefixes'. State: false.
[2015-03-04 14:53:22:671][org.logicalcobwebs.proxool.configuration.XMLConfigurator] Adding driver property: user=cziotappuser
[2015-03-04 14:53:22:672][org.logicalcobwebs.proxool.configuration.XMLConfigurator] Adding driver property: password=*******
[2015-03-04 14:53:22:672][org.logicalcobwebs.proxool.configuration.XMLConfigurator] Setting property 'proxool.simultaneous-build-throttle' to value '5000'.
[2015-03-04 14:53:22:672][org.logicalcobwebs.proxool.configuration.XMLConfigurator] Setting property 'proxool.maximum-connection-count' to value '2000'.
[2015-03-04 14:53:22:673][org.logicalcobwebs.proxool.configuration.XMLConfigurator] Setting property 'proxool.maximum-new-connections' to value '100'.
[2015-03-04 14:53:22:673][org.logicalcobwebs.proxool.configuration.XMLConfigurator] Setting property 'proxool.minimum-connection-count' to value '100'.
[2015-03-04 14:53:22:673][org.logicalcobwebs.proxool.configuration.XMLConfigurator] Setting property 'proxool.house-keeping-sleep-time' to value '120000'.
[2015-03-04 14:53:22:673][org.logicalcobwebs.proxool.configuration.XMLConfigurator] Setting property 'proxool.prototype-count' to value '50'.
[2015-03-04 14:53:22:674][org.logicalcobwebs.proxool.configuration.XMLConfigurator] Setting property 'proxool.test-before-use' to value 'true'.
[2015-03-04 14:53:22:674][org.logicalcobwebs.proxool.configuration.XMLConfigurator] Setting property 'proxool.house-keeping-test-sql' to value 'select 1'.
[2015-03-04 14:53:22:674][org.logicalcobwebs.proxool.configuration.XMLConfigurator] Created url: proxool.DBPool:com.mysql.jdbc.Driver:jdbc:mysql://localhost:13306/cziot
[2015-03-04 14:53:22:678][org.logicalcobwebs.proxool.ProxoolFacade] Proxool 0.9.1 (23-Aug-2008 11:10)
[2015-03-04 14:53:22:692][org.logicalcobwebs.proxool.ConnectionPoolDefinition] Recognised proxool property: proxool.driver=com.mysql.jdbc.Driver
[2015-03-04 14:53:22:692][org.logicalcobwebs.proxool.ConnectionPoolDefinition] Recognised proxool property: proxool.url=jdbc:mysql://localhost:13306/cziot
[2015-03-04 14:53:22:692][org.logicalcobwebs.proxool.ConnectionPoolDefinition] Recognised proxool property: proxool.minimum-connection-count=100
[2015-03-04 14:53:22:693][org.logicalcobwebs.proxool.ConnectionPoolDefinition] Recognised proxool property: proxool.simultaneous-build-throttle=5000
[2015-03-04 14:53:22:693][org.logicalcobwebs.proxool.ConnectionPoolDefinition] Recognised proxool property: proxool.test-before-use=true
[2015-03-04 14:53:22:693][org.logicalcobwebs.proxool.ConnectionPoolDefinition] Use of proxool.maximum-new-connections is deprecated. Use more descriptive proxool.simultaneous-build-throttle instead.
[2015-03-04 14:53:22:694][org.logicalcobwebs.proxool.ConnectionPoolDefinition] Recognised proxool property: proxool.maximum-new-connections=100
[2015-03-04 14:53:22:694][org.logicalcobwebs.proxool.ConnectionPoolDefinition] Delegating property to driver: user=cziotappuser
[2015-03-04 14:53:22:694][org.logicalcobwebs.proxool.ConnectionPoolDefinition] Recognised proxool property: proxool.house-keeping-sleep-time=120000
[2015-03-04 14:53:22:694][org.logicalcobwebs.proxool.ConnectionPoolDefinition] Recognised proxool property: proxool.prototype-count=50
[2015-03-04 14:53:22:695][org.logicalcobwebs.proxool.ConnectionPoolDefinition] Delegating property to driver: password=********
[2015-03-04 14:53:22:695][org.logicalcobwebs.proxool.ConnectionPoolDefinition] Recognised proxool property: proxool.maximum-connection-count=2000
[2015-03-04 14:53:22:695][org.logicalcobwebs.proxool.ConnectionPoolDefinition] Recognised proxool property: proxool.house-keeping-test-sql=select 1
[2015-03-04 14:53:22:707][org.logicalcobwebs.proxool.ShutdownHook] Registered shutdownHook
[2015-03-04 14:53:22:709][org.logicalcobwebs.proxool.HouseKeeperController] Registering 'DBPool' house keeper
[2015-03-04 14:53:22:711][org.logicalcobwebs.proxool.HouseKeeperController] Starting a house keeper thread
[2015-03-04 14:53:22:892][org.logicalcobwebs.proxool.ConnectionResetter] Remembering default value: getTransactionIsolation() = 4
[2015-03-04 14:53:22:893][org.logicalcobwebs.proxool.ConnectionResetter] Remembering default value: getHoldability() = 2
[2015-03-04 14:53:22:893][org.logicalcobwebs.proxool.ConnectionResetter] Remembering default value: getCatalog() = cziot
[2015-03-04 14:53:22:893][org.logicalcobwebs.proxool.ConnectionResetter] Remembering default value: isReadOnly() = false
[2015-03-04 14:53:22:894][org.logicalcobwebs.proxool.ConnectionResetter] Remembering default value: getTypeMap() = {}
[2015-03-04 14:53:22:894][org.logicalcobwebs.proxool.ConnectionPool] Proxool statistics legend: "s - r  (a/t/o)" > s=served, r=refused (only shown if non-zero), a=active, t=total, o=offline (being tested)
[2015-03-04 14:53:22:894][org.logicalcobwebs.proxool.ConnectionPool] Proxool statistics legend: "s - r  (a/t/o)" > s=served, r=refused (only shown if non-zero), a=active, t=total, o=offline (being tested)
[2015-03-04 14:53:22:895][org.logicalcobwebs.proxool.Prototyper] 000000 (01/02/00) - Connection #2 created on demand = ACTIVE
[2015-03-04 14:53:22:895][org.logicalcobwebs.proxool.Prototyper] 000000 (01/02/00) - Connection #1 created to achieve minimum of 100 = AVAILABLE
[2015-03-04 14:53:22:898][org.logicalcobwebs.proxool.ConnectionPool] 000000 (01/02/00) - Connection #2 tested: OK
[2015-03-04 14:53:22:923][org.logicalcobwebs.proxool.Prototyper] 000001 (01/03/00) - Connection #3 created to achieve minimum of 100 = AVAILABLE
[2015-03-04 14:53:22:939][org.logicalcobwebs.proxool.Prototyper] 000001 (01/04/00) - Connection #4 created to achieve minimum of 100 = AVAILABLE
[2015-03-04 14:53:22:945][org.logicalcobwebs.proxool.ProxyFactory] Implementing interface com.mysql.jdbc.MySQLConnection
[2015-03-04 14:53:22:945][org.logicalcobwebs.proxool.ProxyFactory] Implementing interface java.sql.Connection
[2015-03-04 14:53:22:945][org.logicalcobwebs.proxool.ProxyFactory] Implementing interface java.sql.Wrapper
[2015-03-04 14:53:22:946][org.logicalcobwebs.proxool.ProxyFactory] Implementing interface java.io.Serializable
[2015-03-04 14:53:22:946][org.logicalcobwebs.proxool.ProxyFactory] Implementing interface com.mysql.jdbc.Connection
[2015-03-04 14:53:22:946][org.logicalcobwebs.proxool.ProxyFactory] Implementing interface java.lang.AutoCloseable
[2015-03-04 14:53:22:947][org.logicalcobwebs.proxool.ProxyFactory] Implementing interface com.mysql.jdbc.ConnectionProperties
[2015-03-04 14:53:22:951][org.logicalcobwebs.proxool.Prototyper] 000001 (01/05/00) - Connection #5 created to achieve minimum of 100 = AVAILABLE
[2015-03-04 14:53:22:964][org.logicalcobwebs.proxool.Prototyper] 000001 (01/06/00) - Connection #6 created to achieve minimum of 100 = AVAILABLE
[2015-03-04 14:53:22:979][org.logicalcobwebs.proxool.Prototyper] 000001 (01/07/00) - Connection #7 created to achieve minimum of 100 = AVAILABLE
[2015-03-04 14:53:22:992][org.logicalcobwebs.proxool.Prototyper] 000001 (01/08/00) - Connection #8 created to achieve minimum of 100 = AVAILABLE
[2015-03-04 14:53:23:006][org.logicalcobwebs.proxool.Prototyper] 000001 (01/09/00) - Connection #9 created to achieve minimum of 100 = AVAILABLE
[2015-03-04 14:53:23:021][org.logicalcobwebs.proxool.Prototyper] 000001 (01/10/00) - Connection #10 created to achieve minimum of 100 = AVAILABLE
[2015-03-04 14:53:23:034][org.logicalcobwebs.proxool.Prototyper] 000001 (01/11/00) - Connection #11 created to achieve minimum of 100 = AVAILABLE
[2015-03-04 14:53:23:056][org.logicalcobwebs.proxool.Prototyper] 000001 (01/12/00) - Connection #12 created to achieve minimum of 100 = AVAILABLE
[2015-03-04 14:53:23:068][org.logicalcobwebs.proxool.Prototyper] 000001 (01/13/00) - Connection #13 created to achieve minimum of 100 = AVAILABLE
[2015-03-04 14:53:23:079][org.logicalcobwebs.proxool.Prototyper] 000001 (01/14/00) - Connection #14 created to achieve minimum of 100 = AVAILABLE
[2015-03-04 14:53:23:092][org.logicalcobwebs.proxool.Prototyper] 000001 (01/15/00) - Connection #15 created to achieve minimum of 100 = AVAILABLE
[2015-03-04 14:53:23:106][org.logicalcobwebs.proxool.Prototyper] 000001 (01/16/00) - Connection #16 created to achieve minimum of 100 = AVAILABLE
[2015-03-04 14:53:23:118][org.logicalcobwebs.proxool.Prototyper] 000001 (01/17/00) - Connection #17 created to achieve minimum of 100 = AVAILABLE
[2015-03-04 14:53:23:129][org.logicalcobwebs.proxool.Prototyper] 000001 (01/18/00) - Connection #18 created to achieve minimum of 100 = AVAILABLE
[2015-03-04 14:53:23:140][org.logicalcobwebs.proxool.Prototyper] 000001 (01/19/00) - Connection #19 created to achieve minimum of 100 = AVAILABLE
[2015-03-04 14:53:23:150][org.logicalcobwebs.proxool.Prototyper] 000001 (01/20/00) - Connection #20 created to achieve minimum of 100 = AVAILABLE
[2015-03-04 14:53:23:161][org.logicalcobwebs.proxool.Prototyper] 000001 (01/21/00) - Connection #21 created to achieve minimum of 100 = AVAILABLE
[2015-03-04 14:53:23:174][org.logicalcobwebs.proxool.Prototyper] 000001 (01/22/00) - Connection #22 created to achieve minimum of 100 = AVAILABLE
[2015-03-04 14:53:23:204][org.logicalcobwebs.proxool.Prototyper] 000001 (01/23/00) - Connection #23 created to achieve minimum of 100 = AVAILABLE
[2015-03-04 14:53:23:215][org.logicalcobwebs.proxool.Prototyper] 000001 (01/24/00) - Connection #24 created to achieve minimum of 100 = AVAILABLE
[2015-03-04 14:53:23:223][org.logicalcobwebs.proxool.Prototyper] 000001 (01/25/00) - Connection #25 created to achieve minimum of 100 = AVAILABLE
[2015-03-04 14:53:23:233][org.logicalcobwebs.proxool.Prototyper] 000001 (01/26/00) - Connection #26 created to achieve minimum of 100 = AVAILABLE
[2015-03-04 14:53:23:244][org.logicalcobwebs.proxool.Prototyper] 000001 (01/27/00) - Connection #27 created to achieve minimum of 100 = AVAILABLE
[2015-03-04 14:53:23:256][org.logicalcobwebs.proxool.Prototyper] 000001 (01/28/00) - Connection #28 created to achieve minimum of 100 = AVAILABLE
[2015-03-04 14:53:23:266][org.logicalcobwebs.proxool.Prototyper] 000001 (01/29/00) - Connection #29 created to achieve minimum of 100 = AVAILABLE
[2015-03-04 14:53:23:276][org.logicalcobwebs.proxool.Prototyper] 000001 (01/30/00) - Connection #30 created to achieve minimum of 100 = AVAILABLE
[2015-03-04 14:53:23:285][org.logicalcobwebs.proxool.Prototyper] 000001 (01/31/00) - Connection #31 created to achieve minimum of 100 = AVAILABLE
[2015-03-04 14:53:23:296][org.logicalcobwebs.proxool.Prototyper] 000001 (01/32/00) - Connection #32 created to achieve minimum of 100 = AVAILABLE
[2015-03-04 14:53:23:307][org.logicalcobwebs.proxool.Prototyper] 000001 (01/33/00) - Connection #33 created to achieve minimum of 100 = AVAILABLE
[2015-03-04 14:53:23:317][org.logicalcobwebs.proxool.Prototyper] 000001 (01/34/00) - Connection #34 created to achieve minimum of 100 = AVAILABLE
[2015-03-04 14:53:23:326][org.logicalcobwebs.proxool.Prototyper] 000001 (01/35/00) - Connection #35 created to achieve minimum of 100 = AVAILABLE
[2015-03-04 14:53:23:336][org.logicalcobwebs.proxool.Prototyper] 000001 (01/36/00) - Connection #36 created to achieve minimum of 100 = AVAILABLE
[2015-03-04 14:53:23:347][org.logicalcobwebs.proxool.Prototyper] 000001 (01/37/00) - Connection #37 created to achieve minimum of 100 = AVAILABLE
[2015-03-04 14:53:23:355][org.logicalcobwebs.proxool.Prototyper] 000001 (01/38/00) - Connection #38 created to achieve minimum of 100 = AVAILABLE
[2015-03-04 14:53:23:363][org.logicalcobwebs.proxool.Prototyper] 000001 (01/39/00) - Connection #39 created to achieve minimum of 100 = AVAILABLE
[2015-03-04 14:53:23:374][org.logicalcobwebs.proxool.Prototyper] 000001 (01/40/00) - Connection #40 created to achieve minimum of 100 = AVAILABLE
[2015-03-04 14:53:23:383][org.logicalcobwebs.proxool.Prototyper] 000001 (01/41/00) - Connection #41 created to achieve minimum of 100 = AVAILABLE
[2015-03-04 14:53:23:392][org.logicalcobwebs.proxool.Prototyper] 000001 (01/42/00) - Connection #42 created to achieve minimum of 100 = AVAILABLE
[2015-03-04 14:53:23:402][org.logicalcobwebs.proxool.Prototyper] 000001 (01/43/00) - Connection #43 created to achieve minimum of 100 = AVAILABLE
[2015-03-04 14:53:23:412][org.logicalcobwebs.proxool.Prototyper] 000001 (01/44/00) - Connection #44 created to achieve minimum of 100 = AVAILABLE
[2015-03-04 14:53:23:421][org.logicalcobwebs.proxool.Prototyper] 000001 (01/45/00) - Connection #45 created to achieve minimum of 100 = AVAILABLE
[2015-03-04 14:53:23:431][org.logicalcobwebs.proxool.Prototyper] 000001 (01/46/00) - Connection #46 created to achieve minimum of 100 = AVAILABLE
[2015-03-04 14:53:23:440][org.logicalcobwebs.proxool.Prototyper] 000001 (01/47/00) - Connection #47 created to achieve minimum of 100 = AVAILABLE
[2015-03-04 14:53:23:451][org.logicalcobwebs.proxool.Prototyper] 000001 (01/48/00) - Connection #48 created to achieve minimum of 100 = AVAILABLE
[2015-03-04 14:53:23:463][org.logicalcobwebs.proxool.Prototyper] 000001 (01/49/00) - Connection #49 created to achieve minimum of 100 = AVAILABLE
[2015-03-04 14:53:23:474][org.logicalcobwebs.proxool.Prototyper] 000001 (01/50/00) - Connection #50 created to achieve minimum of 100 = AVAILABLE
[2015-03-04 14:53:23:484][org.logicalcobwebs.proxool.Prototyper] 000001 (01/51/00) - Connection #51 created to achieve minimum of 100 = AVAILABLE
[2015-03-04 14:53:23:485][org.logicalcobwebs.proxool.ProxyFactory] Implementing interface java.sql.Wrapper
[2015-03-04 14:53:23:485][org.logicalcobwebs.proxool.ProxyFactory] Implementing interface java.sql.Statement
[2015-03-04 14:53:23:486][org.logicalcobwebs.proxool.ProxyFactory] Implementing interface com.mysql.jdbc.Statement
[2015-03-04 14:53:23:486][org.logicalcobwebs.proxool.ProxyFactory] Implementing interface java.lang.AutoCloseable
[2015-03-04 14:53:23:495][org.logicalcobwebs.proxool.Prototyper] 000001 (01/52/00) - Connection #52 created to achieve minimum of 100 = AVAILABLE
[2015-03-04 14:53:23:506][org.logicalcobwebs.proxool.Prototyper] 000001 (01/53/00) - Connection #53 created to achieve minimum of 100 = AVAILABLE
[2015-03-04 14:53:23:514][org.logicalcobwebs.proxool.Prototyper] 000001 (01/54/00) - Connection #54 created to achieve minimum of 100 = AVAILABLE
[2015-03-04 14:53:23:521][org.logicalcobwebs.proxool.Prototyper] 000001 (01/55/00) - Connection #55 created to achieve minimum of 100 = AVAILABLE
[2015-03-04 14:53:23:531][org.logicalcobwebs.proxool.Prototyper] 000001 (01/56/00) - Connection #56 created to achieve minimum of 100 = AVAILABLE
[2015-03-04 14:53:23:541][org.logicalcobwebs.proxool.Prototyper] 000001 (01/57/00) - Connection #57 created to achieve minimum of 100 = AVAILABLE
[2015-03-04 14:53:23:550][org.logicalcobwebs.proxool.Prototyper] 000001 (01/58/00) - Connection #58 created to achieve minimum of 100 = AVAILABLE
[2015-03-04 14:53:23:558][org.logicalcobwebs.proxool.Prototyper] 000001 (01/59/00) - Connection #59 created to achieve minimum of 100 = AVAILABLE
[2015-03-04 14:53:23:566][org.logicalcobwebs.proxool.Prototyper] 000001 (01/60/00) - Connection #60 created to achieve minimum of 100 = AVAILABLE
[2015-03-04 14:53:23:576][org.logicalcobwebs.proxool.Prototyper] 000001 (01/61/00) - Connection #61 created to achieve minimum of 100 = AVAILABLE
[2015-03-04 14:53:23:586][org.logicalcobwebs.proxool.Prototyper] 000001 (01/62/00) - Connection #62 created to achieve minimum of 100 = AVAILABLE
[2015-03-04 14:53:23:595][org.logicalcobwebs.proxool.Prototyper] 000001 (01/63/00) - Connection #63 created to achieve minimum of 100 = AVAILABLE
[2015-03-04 14:53:23:602][org.logicalcobwebs.proxool.Prototyper] 000001 (01/64/00) - Connection #64 created to achieve minimum of 100 = AVAILABLE
[2015-03-04 14:53:23:609][org.logicalcobwebs.proxool.Prototyper] 000001 (01/65/00) - Connection #65 created to achieve minimum of 100 = AVAILABLE
[2015-03-04 14:53:23:616][org.logicalcobwebs.proxool.Prototyper] 000001 (01/66/00) - Connection #66 created to achieve minimum of 100 = AVAILABLE
[2015-03-04 14:53:23:623][org.logicalcobwebs.proxool.Prototyper] 000001 (01/67/00) - Connection #67 created to achieve minimum of 100 = AVAILABLE
[2015-03-04 14:53:23:629][org.logicalcobwebs.proxool.Prototyper] 000001 (01/68/00) - Connection #68 created to achieve minimum of 100 = AVAILABLE
[2015-03-04 14:53:23:635][org.logicalcobwebs.proxool.Prototyper] 000001 (01/69/00) - Connection #69 created to achieve minimum of 100 = AVAILABLE
[2015-03-04 14:53:23:639][com.switek.netseed.server.ui.ServerForm] T10-Loading device type def from database...
[2015-03-04 14:53:23:643][org.logicalcobwebs.proxool.Prototyper] 000001 (01/70/00) - Connection #70 created to achieve minimum of 100 = AVAILABLE
[2015-03-04 14:53:23:649][org.logicalcobwebs.proxool.Prototyper] 000001 (01/71/00) - Connection #71 created to achieve minimum of 100 = AVAILABLE
[2015-03-04 14:53:23:654][org.logicalcobwebs.proxool.Prototyper] 000001 (01/72/00) - Connection #72 created to achieve minimum of 100 = AVAILABLE
[2015-03-04 14:53:23:659][com.switek.netseed.server.ui.ServerForm] T10-Done.
[2015-03-04 14:53:23:659][org.logicalcobwebs.proxool.Prototyper] 000001 (01/73/00) - Connection #73 created to achieve minimum of 100 = AVAILABLE
[2015-03-04 14:53:23:659][com.switek.netseed.server.ui.ServerForm] T10-Loading brand info list from database...
[2015-03-04 14:53:23:662][com.switek.netseed.server.ui.ServerForm] T10-Done
[2015-03-04 14:53:23:662][com.switek.netseed.server.ui.ServerForm] T10-Loading releationship of type and brand from database...
[2015-03-04 14:53:23:664][com.switek.netseed.server.ui.ServerForm] T10-Done
[2015-03-04 14:53:23:664][com.switek.netseed.server.ui.ServerForm] T10-Loading controller list from database...
[2015-03-04 14:53:23:669][org.logicalcobwebs.proxool.Prototyper] 000001 (01/74/00) - Connection #74 created to achieve minimum of 100 = AVAILABLE
[2015-03-04 14:53:23:674][org.logicalcobwebs.proxool.Prototyper] 000001 (01/75/00) - Connection #75 created to achieve minimum of 100 = AVAILABLE
[2015-03-04 14:53:23:680][org.logicalcobwebs.proxool.Prototyper] 000001 (01/76/00) - Connection #76 created to achieve minimum of 100 = AVAILABLE
[2015-03-04 14:53:23:685][org.logicalcobwebs.proxool.Prototyper] 000001 (01/77/00) - Connection #77 created to achieve minimum of 100 = AVAILABLE
[2015-03-04 14:53:23:692][org.logicalcobwebs.proxool.Prototyper] 000001 (01/78/00) - Connection #78 created to achieve minimum of 100 = AVAILABLE
[2015-03-04 14:53:23:695][com.switek.netseed.server.ui.ServerForm] T10-There are 1450 controller(s)
[2015-03-04 14:53:23:695][com.switek.netseed.server.ui.ServerForm] T10-Loading subcontroller list from database...
[2015-03-04 14:53:23:701][org.logicalcobwebs.proxool.Prototyper] 000001 (01/79/00) - Connection #79 created to achieve minimum of 100 = AVAILABLE
[2015-03-04 14:53:23:707][org.logicalcobwebs.proxool.Prototyper] 000001 (01/80/00) - Connection #80 created to achieve minimum of 100 = AVAILABLE
[2015-03-04 14:53:23:711][org.logicalcobwebs.proxool.Prototyper] 000001 (01/81/00) - Connection #81 created to achieve minimum of 100 = AVAILABLE
[2015-03-04 14:53:23:718][org.logicalcobwebs.proxool.Prototyper] 000001 (01/82/00) - Connection #82 created to achieve minimum of 100 = AVAILABLE
[2015-03-04 14:53:23:718][com.switek.netseed.server.ui.ServerForm] T10-There are 1570 subcontroler(s).
[2015-03-04 14:53:23:718][com.switek.netseed.server.ui.ServerForm] T10-Loading device list from database...
[2015-03-04 14:53:23:726][org.logicalcobwebs.proxool.Prototyper] 000001 (01/83/00) - Connection #83 created to achieve minimum of 100 = AVAILABLE
[2015-03-04 14:53:23:732][org.logicalcobwebs.proxool.Prototyper] 000001 (01/84/00) - Connection #84 created to achieve minimum of 100 = AVAILABLE
[2015-03-04 14:53:23:738][org.logicalcobwebs.proxool.Prototyper] 000001 (01/85/00) - Connection #85 created to achieve minimum of 100 = AVAILABLE
[2015-03-04 14:53:23:744][org.logicalcobwebs.proxool.Prototyper] 000001 (01/86/00) - Connection #86 created to achieve minimum of 100 = AVAILABLE
[2015-03-04 14:53:23:749][org.logicalcobwebs.proxool.Prototyper] 000001 (01/87/00) - Connection #87 created to achieve minimum of 100 = AVAILABLE
[2015-03-04 14:53:23:756][org.logicalcobwebs.proxool.Prototyper] 000001 (01/88/00) - Connection #88 created to achieve minimum of 100 = AVAILABLE
[2015-03-04 14:53:23:759][com.switek.netseed.server.ui.ServerForm] T10-There are 1785 device(s).
[2015-03-04 14:53:23:760][com.switek.netseed.server.ui.ServerForm] T10-Loading learned IR code from database...
[2015-03-04 14:53:23:761][org.logicalcobwebs.proxool.Prototyper] 000001 (01/89/00) - Connection #89 created to achieve minimum of 100 = AVAILABLE
[2015-03-04 14:53:23:768][org.logicalcobwebs.proxool.Prototyper] 000001 (01/90/00) - Connection #90 created to achieve minimum of 100 = AVAILABLE
[2015-03-04 14:53:23:774][org.logicalcobwebs.proxool.Prototyper] 000001 (01/91/00) - Connection #91 created to achieve minimum of 100 = AVAILABLE
[2015-03-04 14:53:23:779][org.logicalcobwebs.proxool.Prototyper] 000001 (01/92/00) - Connection #92 created to achieve minimum of 100 = AVAILABLE
[2015-03-04 14:53:23:784][org.logicalcobwebs.proxool.Prototyper] 000001 (01/93/00) - Connection #93 created to achieve minimum of 100 = AVAILABLE
[2015-03-04 14:53:23:791][org.logicalcobwebs.proxool.Prototyper] 000001 (01/94/00) - Connection #94 created to achieve minimum of 100 = AVAILABLE
[2015-03-04 14:53:23:796][org.logicalcobwebs.proxool.Prototyper] 000001 (01/95/00) - Connection #95 created to achieve minimum of 100 = AVAILABLE
[2015-03-04 14:53:23:812][org.logicalcobwebs.proxool.Prototyper] 000001 (01/96/00) - Connection #96 created to achieve minimum of 100 = AVAILABLE
[2015-03-04 14:53:23:817][org.logicalcobwebs.proxool.Prototyper] 000001 (01/97/00) - Connection #97 created to achieve minimum of 100 = AVAILABLE
[2015-03-04 14:53:23:823][org.logicalcobwebs.proxool.Prototyper] 000001 (01/98/00) - Connection #98 created to achieve minimum of 100 = AVAILABLE
[2015-03-04 14:53:23:829][org.logicalcobwebs.proxool.Prototyper] 000001 (01/99/00) - Connection #99 created to achieve minimum of 100 = AVAILABLE
[2015-03-04 14:53:23:834][org.logicalcobwebs.proxool.Prototyper] 000001 (01/100/00) - Connection #100 created to achieve minimum of 100 = AVAILABLE
[2015-03-04 14:53:23:922][com.switek.netseed.server.ui.ServerForm] T10-Learned IR code are loaded!
[2015-03-04 14:53:23:923][com.switek.netseed.server.ui.ServerForm] T10-Loading app list from database...
[2015-03-04 14:53:23:925][com.switek.netseed.server.ui.ServerForm] T10-Loading timers...
[2015-03-04 14:53:23:937][com.switek.netseed.server.ui.ServerForm] T10-There are 1 timer(s)
[2015-03-04 14:53:23:937][com.switek.netseed.server.ui.ServerForm] T10-Loading timer steps...
[2015-03-04 14:53:23:947][com.switek.netseed.server.ui.ServerForm] T10-Completed to load timers.
[2015-03-04 14:53:23:948][com.switek.netseed.server.ui.ServerForm] T10-Setup schedule job engine.
[2015-03-04 14:53:23:954][com.switek.netseed.server.ui.ServerForm] T10-MaxThread: 2048
[2015-03-04 14:53:23:954][com.switek.netseed.server.ui.ServerForm] T10-Starting the Netseed server...
[2015-03-04 14:53:24:495][com.switek.netseed.server.ui.ServerForm] T10-Netseed Server started, on LIN/192.168.169.107:38899
[2015-03-04 14:53:46:863][org.apache.mina.filter.codec.ProtocolCodecFilter] Processing a MESSAGE_RECEIVED for session 1
[2015-03-04 14:53:46:863][org.apache.mina.core.filterchain.IoFilterEvent] Firing a SESSION_OPENED event for session 1
[2015-03-04 14:53:46:864][org.apache.mina.core.filterchain.IoFilterEvent] Event SESSION_OPENED has been fired for session 1
[2015-03-04 14:53:46:871][org.apache.mina.core.filterchain.IoFilterEvent] Firing a MESSAGE_RECEIVED event for session 1
[2015-03-04 14:53:46:871][org.apache.mina.core.filterchain.IoFilterEvent] Event MESSAGE_RECEIVED has been fired for session 1
[2015-03-04 14:53:46:874][com.switek.netseed.server.ui.ServerForm] T20-****************************Received 0x15_COMMAND_ID_CS_GET_SAPSTATUS: AA AA 15 00 DE 07 07 19 70 17 00 15 00 00 00 DD 07 01 01 00 15 3B 15  from: (0x00000001: nio socket, server, /127.0.0.1:57240 => /127.0.0.1:38899)
[2015-03-04 14:53:46:884][com.switek.netseed.server.ui.ServerForm] T20-Sending msg [AA AA 0E 00 DE 07 07 19 70 17 00 15 00 00 5F CF ] to (0x00000001: nio socket, server, /127.0.0.1:57240 => /127.0.0.1:38899)
[2015-03-04 14:53:46:889][com.switek.netseed.server.ui.ServerForm] T20-Msg has been sent
[2015-03-04 14:53:46:889][org.apache.mina.core.filterchain.IoFilterEvent] Firing a MESSAGE_SENT event for session 1
[2015-03-04 14:53:46:890][org.apache.mina.core.filterchain.IoFilterEvent] Event MESSAGE_SENT has been fired for session 1
[2015-03-04 14:54:06:890][org.apache.mina.core.filterchain.IoFilterEvent] Firing a SESSION_IDLE event for session 1
[2015-03-04 14:54:06:891][com.switek.netseed.server.ui.ServerForm] T22-Close the Idle session (0x00000001: nio socket, server, /127.0.0.1:57240 => /127.0.0.1:38899)
[2015-03-04 14:54:06:892][org.apache.mina.core.filterchain.IoFilterEvent] Event SESSION_IDLE has been fired for session 1
[2015-03-04 14:54:06:893][org.apache.mina.core.filterchain.IoFilterEvent] Firing a SESSION_CLOSED event for session 1
[2015-03-04 14:54:06:894][org.apache.mina.core.filterchain.IoFilterEvent] Event SESSION_CLOSED has been fired for session 1
[2015-03-04 14:54:22:596][com.switek.netseed.server.ui.ServerForm] T1-System run time: 0d 00:01
[2015-03-04 14:54:23:952][com.switek.netseed.server.ui.ServerForm] T14-Starting schedule job engine...
[2015-03-04 14:54:53:953][com.switek.netseed.server.ui.ServerForm] T14-Starting schedule job engine...
[2015-03-04 14:55:23:954][com.switek.netseed.server.ui.ServerForm] T14-Starting schedule job engine...
[2015-03-04 14:56:02:955][com.switek.netseed.server.ui.ServerForm] test
[2015-03-04 14:56:02:961][com.switek.netseed.server.ui.ServerForm] T1-Starting the server...
[2015-03-04 14:56:02:963][com.switek.netseed.server.ui.ServerForm] T1-Socket IO Processor: 64
[2015-03-04 14:56:02:965][com.switek.netseed.server.ui.ServerForm] T1-Socket IO Pool: 64
[2015-03-04 14:56:02:969][com.switek.netseed.server.ui.ServerForm] T10-Loading standard IR code list from database...
[2015-03-04 14:56:02:983][org.logicalcobwebs.proxool.configuration.JAXPConfigurator] Configuring from reader: java.io.InputStreamReader@2b805296
[2015-03-04 14:56:02:985][org.logicalcobwebs.proxool.configuration.JAXPConfigurator] SAXParserFactory class: com.sun.org.apache.xerces.internal.jaxp.SAXParserFactoryImpl
[2015-03-04 14:56:02:995][org.logicalcobwebs.proxool.configuration.JAXPConfigurator] sax parser classcom.sun.org.apache.xerces.internal.jaxp.SAXParserImpl
[2015-03-04 14:56:02:996][org.logicalcobwebs.proxool.configuration.JAXPConfigurator] XML reader class: com.sun.org.apache.xerces.internal.jaxp.SAXParserImpl$JAXPSAXParser
[2015-03-04 14:56:02:997][org.logicalcobwebs.proxool.configuration.JAXPConfigurator] Setting sax feature: 'http://xml.org/sax/features/namespaces'. State: true.
[2015-03-04 14:56:02:997][org.logicalcobwebs.proxool.configuration.JAXPConfigurator] Setting sax feature: 'http://xml.org/sax/features/namespace-prefixes'. State: false.
[2015-03-04 14:56:03:003][org.logicalcobwebs.proxool.configuration.XMLConfigurator] Adding driver property: user=cziotappuser
[2015-03-04 14:56:03:003][org.logicalcobwebs.proxool.configuration.XMLConfigurator] Adding driver property: password=*******
[2015-03-04 14:56:03:004][org.logicalcobwebs.proxool.configuration.XMLConfigurator] Setting property 'proxool.simultaneous-build-throttle' to value '5000'.
[2015-03-04 14:56:03:004][org.logicalcobwebs.proxool.configuration.XMLConfigurator] Setting property 'proxool.maximum-connection-count' to value '2000'.
[2015-03-04 14:56:03:004][org.logicalcobwebs.proxool.configuration.XMLConfigurator] Setting property 'proxool.maximum-new-connections' to value '100'.
[2015-03-04 14:56:03:004][org.logicalcobwebs.proxool.configuration.XMLConfigurator] Setting property 'proxool.minimum-connection-count' to value '100'.
[2015-03-04 14:56:03:005][org.logicalcobwebs.proxool.configuration.XMLConfigurator] Setting property 'proxool.house-keeping-sleep-time' to value '120000'.
[2015-03-04 14:56:03:005][org.logicalcobwebs.proxool.configuration.XMLConfigurator] Setting property 'proxool.prototype-count' to value '50'.
[2015-03-04 14:56:03:005][org.logicalcobwebs.proxool.configuration.XMLConfigurator] Setting property 'proxool.test-before-use' to value 'true'.
[2015-03-04 14:56:03:005][org.logicalcobwebs.proxool.configuration.XMLConfigurator] Setting property 'proxool.house-keeping-test-sql' to value 'select 1'.
[2015-03-04 14:56:03:006][org.logicalcobwebs.proxool.configuration.XMLConfigurator] Created url: proxool.DBPool:com.mysql.jdbc.Driver:jdbc:mysql://localhost:13306/cziot
[2015-03-04 14:56:03:009][org.logicalcobwebs.proxool.ProxoolFacade] Proxool 0.9.1 (23-Aug-2008 11:10)
[2015-03-04 14:56:03:020][org.logicalcobwebs.proxool.ConnectionPoolDefinition] Recognised proxool property: proxool.driver=com.mysql.jdbc.Driver
[2015-03-04 14:56:03:020][org.logicalcobwebs.proxool.ConnectionPoolDefinition] Recognised proxool property: proxool.url=jdbc:mysql://localhost:13306/cziot
[2015-03-04 14:56:03:021][org.logicalcobwebs.proxool.ConnectionPoolDefinition] Recognised proxool property: proxool.minimum-connection-count=100
[2015-03-04 14:56:03:021][org.logicalcobwebs.proxool.ConnectionPoolDefinition] Recognised proxool property: proxool.simultaneous-build-throttle=5000
[2015-03-04 14:56:03:021][org.logicalcobwebs.proxool.ConnectionPoolDefinition] Recognised proxool property: proxool.test-before-use=true
[2015-03-04 14:56:03:022][org.logicalcobwebs.proxool.ConnectionPoolDefinition] Use of proxool.maximum-new-connections is deprecated. Use more descriptive proxool.simultaneous-build-throttle instead.
[2015-03-04 14:56:03:022][org.logicalcobwebs.proxool.ConnectionPoolDefinition] Recognised proxool property: proxool.maximum-new-connections=100
[2015-03-04 14:56:03:022][org.logicalcobwebs.proxool.ConnectionPoolDefinition] Delegating property to driver: user=cziotappuser
[2015-03-04 14:56:03:022][org.logicalcobwebs.proxool.ConnectionPoolDefinition] Recognised proxool property: proxool.house-keeping-sleep-time=120000
[2015-03-04 14:56:03:023][org.logicalcobwebs.proxool.ConnectionPoolDefinition] Recognised proxool property: proxool.prototype-count=50
[2015-03-04 14:56:03:023][org.logicalcobwebs.proxool.ConnectionPoolDefinition] Delegating property to driver: password=********
[2015-03-04 14:56:03:023][org.logicalcobwebs.proxool.ConnectionPoolDefinition] Recognised proxool property: proxool.maximum-connection-count=2000
[2015-03-04 14:56:03:024][org.logicalcobwebs.proxool.ConnectionPoolDefinition] Recognised proxool property: proxool.house-keeping-test-sql=select 1
[2015-03-04 14:56:03:037][org.logicalcobwebs.proxool.ShutdownHook] Registered shutdownHook
[2015-03-04 14:56:03:040][org.logicalcobwebs.proxool.HouseKeeperController] Registering 'DBPool' house keeper
[2015-03-04 14:56:03:043][org.logicalcobwebs.proxool.HouseKeeperController] Starting a house keeper thread
[2015-03-04 14:56:03:218][org.logicalcobwebs.proxool.ConnectionResetter] Remembering default value: getTransactionIsolation() = 4
[2015-03-04 14:56:03:219][org.logicalcobwebs.proxool.ConnectionResetter] Remembering default value: getHoldability() = 2
[2015-03-04 14:56:03:219][org.logicalcobwebs.proxool.ConnectionResetter] Remembering default value: getCatalog() = cziot
[2015-03-04 14:56:03:219][org.logicalcobwebs.proxool.ConnectionResetter] Remembering default value: isReadOnly() = false
[2015-03-04 14:56:03:220][org.logicalcobwebs.proxool.ConnectionResetter] Remembering default value: getTypeMap() = {}
[2015-03-04 14:56:03:220][org.logicalcobwebs.proxool.ConnectionPool] Proxool statistics legend: "s - r  (a/t/o)" > s=served, r=refused (only shown if non-zero), a=active, t=total, o=offline (being tested)
[2015-03-04 14:56:03:220][org.logicalcobwebs.proxool.ConnectionPool] Proxool statistics legend: "s - r  (a/t/o)" > s=served, r=refused (only shown if non-zero), a=active, t=total, o=offline (being tested)
[2015-03-04 14:56:03:221][org.logicalcobwebs.proxool.Prototyper] 000000 (01/02/00) - Connection #1 created to achieve minimum of 100 = AVAILABLE
[2015-03-04 14:56:03:221][org.logicalcobwebs.proxool.Prototyper] 000000 (01/02/00) - Connection #2 created on demand = ACTIVE
[2015-03-04 14:56:03:222][org.logicalcobwebs.proxool.ConnectionPool] 000000 (01/02/00) - Connection #2 tested: OK
[2015-03-04 14:56:03:233][org.logicalcobwebs.proxool.Prototyper] 000001 (01/03/00) - Connection #3 created to achieve minimum of 100 = AVAILABLE
[2015-03-04 14:56:03:249][org.logicalcobwebs.proxool.Prototyper] 000001 (01/04/00) - Connection #4 created to achieve minimum of 100 = AVAILABLE
[2015-03-04 14:56:03:261][org.logicalcobwebs.proxool.ProxyFactory] Implementing interface com.mysql.jdbc.MySQLConnection
[2015-03-04 14:56:03:261][org.logicalcobwebs.proxool.ProxyFactory] Implementing interface java.sql.Wrapper
[2015-03-04 14:56:03:261][org.logicalcobwebs.proxool.ProxyFactory] Implementing interface java.lang.AutoCloseable
[2015-03-04 14:56:03:261][org.logicalcobwebs.proxool.ProxyFactory] Implementing interface java.io.Serializable
[2015-03-04 14:56:03:262][org.logicalcobwebs.proxool.Prototyper] 000001 (01/05/00) - Connection #5 created to achieve minimum of 100 = AVAILABLE
[2015-03-04 14:56:03:262][org.logicalcobwebs.proxool.ProxyFactory] Implementing interface com.mysql.jdbc.Connection
[2015-03-04 14:56:03:262][org.logicalcobwebs.proxool.ProxyFactory] Implementing interface java.sql.Connection
[2015-03-04 14:56:03:262][org.logicalcobwebs.proxool.ProxyFactory] Implementing interface com.mysql.jdbc.ConnectionProperties
[2015-03-04 14:56:03:275][org.logicalcobwebs.proxool.Prototyper] 000001 (01/06/00) - Connection #6 created to achieve minimum of 100 = AVAILABLE
[2015-03-04 14:56:03:288][org.logicalcobwebs.proxool.Prototyper] 000001 (01/07/00) - Connection #7 created to achieve minimum of 100 = AVAILABLE
[2015-03-04 14:56:03:301][org.logicalcobwebs.proxool.Prototyper] 000001 (01/08/00) - Connection #8 created to achieve minimum of 100 = AVAILABLE
[2015-03-04 14:56:03:315][org.logicalcobwebs.proxool.Prototyper] 000001 (01/09/00) - Connection #9 created to achieve minimum of 100 = AVAILABLE
[2015-03-04 14:56:03:331][org.logicalcobwebs.proxool.Prototyper] 000001 (01/10/00) - Connection #10 created to achieve minimum of 100 = AVAILABLE
[2015-03-04 14:56:03:353][org.logicalcobwebs.proxool.Prototyper] 000001 (01/11/00) - Connection #11 created to achieve minimum of 100 = AVAILABLE
[2015-03-04 14:56:03:366][org.logicalcobwebs.proxool.Prototyper] 000001 (01/12/00) - Connection #12 created to achieve minimum of 100 = AVAILABLE
[2015-03-04 14:56:03:381][org.logicalcobwebs.proxool.Prototyper] 000001 (01/13/00) - Connection #13 created to achieve minimum of 100 = AVAILABLE
[2015-03-04 14:56:03:397][org.logicalcobwebs.proxool.Prototyper] 000001 (01/14/00) - Connection #14 created to achieve minimum of 100 = AVAILABLE
[2015-03-04 14:56:03:411][org.logicalcobwebs.proxool.Prototyper] 000001 (01/15/00) - Connection #15 created to achieve minimum of 100 = AVAILABLE
[2015-03-04 14:56:03:421][org.logicalcobwebs.proxool.Prototyper] 000001 (01/16/00) - Connection #16 created to achieve minimum of 100 = AVAILABLE
[2015-03-04 14:56:03:434][org.logicalcobwebs.proxool.Prototyper] 000001 (01/17/00) - Connection #17 created to achieve minimum of 100 = AVAILABLE
[2015-03-04 14:56:03:446][org.logicalcobwebs.proxool.Prototyper] 000001 (01/18/00) - Connection #18 created to achieve minimum of 100 = AVAILABLE
[2015-03-04 14:56:03:458][org.logicalcobwebs.proxool.Prototyper] 000001 (01/19/00) - Connection #19 created to achieve minimum of 100 = AVAILABLE
[2015-03-04 14:56:03:469][org.logicalcobwebs.proxool.Prototyper] 000001 (01/20/00) - Connection #20 created to achieve minimum of 100 = AVAILABLE
[2015-03-04 14:56:03:481][org.logicalcobwebs.proxool.Prototyper] 000001 (01/21/00) - Connection #21 created to achieve minimum of 100 = AVAILABLE
[2015-03-04 14:56:03:494][org.logicalcobwebs.proxool.Prototyper] 000001 (01/22/00) - Connection #22 created to achieve minimum of 100 = AVAILABLE
[2015-03-04 14:56:03:506][org.logicalcobwebs.proxool.Prototyper] 000001 (01/23/00) - Connection #23 created to achieve minimum of 100 = AVAILABLE
[2015-03-04 14:56:03:517][org.logicalcobwebs.proxool.Prototyper] 000001 (01/24/00) - Connection #24 created to achieve minimum of 100 = AVAILABLE
[2015-03-04 14:56:03:525][org.logicalcobwebs.proxool.Prototyper] 000001 (01/25/00) - Connection #25 created to achieve minimum of 100 = AVAILABLE
[2015-03-04 14:56:03:535][org.logicalcobwebs.proxool.Prototyper] 000001 (01/26/00) - Connection #26 created to achieve minimum of 100 = AVAILABLE
[2015-03-04 14:56:03:548][org.logicalcobwebs.proxool.Prototyper] 000001 (01/27/00) - Connection #27 created to achieve minimum of 100 = AVAILABLE
[2015-03-04 14:56:03:560][org.logicalcobwebs.proxool.Prototyper] 000001 (01/28/00) - Connection #28 created to achieve minimum of 100 = AVAILABLE
[2015-03-04 14:56:03:572][org.logicalcobwebs.proxool.Prototyper] 000001 (01/29/00) - Connection #29 created to achieve minimum of 100 = AVAILABLE
[2015-03-04 14:56:03:583][org.logicalcobwebs.proxool.Prototyper] 000001 (01/30/00) - Connection #30 created to achieve minimum of 100 = AVAILABLE
[2015-03-04 14:56:03:595][org.logicalcobwebs.proxool.Prototyper] 000001 (01/31/00) - Connection #31 created to achieve minimum of 100 = AVAILABLE
[2015-03-04 14:56:03:604][org.logicalcobwebs.proxool.Prototyper] 000001 (01/32/00) - Connection #32 created to achieve minimum of 100 = AVAILABLE
[2015-03-04 14:56:03:613][org.logicalcobwebs.proxool.Prototyper] 000001 (01/33/00) - Connection #33 created to achieve minimum of 100 = AVAILABLE
[2015-03-04 14:56:03:621][org.logicalcobwebs.proxool.Prototyper] 000001 (01/34/00) - Connection #34 created to achieve minimum of 100 = AVAILABLE
[2015-03-04 14:56:03:632][org.logicalcobwebs.proxool.Prototyper] 000001 (01/35/00) - Connection #35 created to achieve minimum of 100 = AVAILABLE
[2015-03-04 14:56:03:645][org.logicalcobwebs.proxool.Prototyper] 000001 (01/36/00) - Connection #36 created to achieve minimum of 100 = AVAILABLE
[2015-03-04 14:56:03:655][org.logicalcobwebs.proxool.Prototyper] 000001 (01/37/00) - Connection #37 created to achieve minimum of 100 = AVAILABLE
[2015-03-04 14:56:03:666][org.logicalcobwebs.proxool.Prototyper] 000001 (01/38/00) - Connection #38 created to achieve minimum of 100 = AVAILABLE
[2015-03-04 14:56:03:677][org.logicalcobwebs.proxool.Prototyper] 000001 (01/39/00) - Connection #39 created to achieve minimum of 100 = AVAILABLE
[2015-03-04 14:56:03:686][org.logicalcobwebs.proxool.Prototyper] 000001 (01/40/00) - Connection #40 created to achieve minimum of 100 = AVAILABLE
[2015-03-04 14:56:03:695][org.logicalcobwebs.proxool.Prototyper] 000001 (01/41/00) - Connection #41 created to achieve minimum of 100 = AVAILABLE
[2015-03-04 14:56:03:704][org.logicalcobwebs.proxool.Prototyper] 000001 (01/42/00) - Connection #42 created to achieve minimum of 100 = AVAILABLE
[2015-03-04 14:56:03:713][org.logicalcobwebs.proxool.Prototyper] 000001 (01/43/00) - Connection #43 created to achieve minimum of 100 = AVAILABLE
[2015-03-04 14:56:03:723][org.logicalcobwebs.proxool.Prototyper] 000001 (01/44/00) - Connection #44 created to achieve minimum of 100 = AVAILABLE
[2015-03-04 14:56:03:733][org.logicalcobwebs.proxool.Prototyper] 000001 (01/45/00) - Connection #45 created to achieve minimum of 100 = AVAILABLE
[2015-03-04 14:56:03:744][org.logicalcobwebs.proxool.Prototyper] 000001 (01/46/00) - Connection #46 created to achieve minimum of 100 = AVAILABLE
[2015-03-04 14:56:03:758][org.logicalcobwebs.proxool.Prototyper] 000001 (01/47/00) - Connection #47 created to achieve minimum of 100 = AVAILABLE
[2015-03-04 14:56:03:768][org.logicalcobwebs.proxool.Prototyper] 000001 (01/48/00) - Connection #48 created to achieve minimum of 100 = AVAILABLE
[2015-03-04 14:56:03:779][org.logicalcobwebs.proxool.Prototyper] 000001 (01/49/00) - Connection #49 created to achieve minimum of 100 = AVAILABLE
[2015-03-04 14:56:03:792][org.logicalcobwebs.proxool.Prototyper] 000001 (01/50/00) - Connection #50 created to achieve minimum of 100 = AVAILABLE
[2015-03-04 14:56:03:799][org.logicalcobwebs.proxool.ProxyFactory] Implementing interface java.sql.Wrapper
[2015-03-04 14:56:03:800][org.logicalcobwebs.proxool.ProxyFactory] Implementing interface com.mysql.jdbc.Statement
[2015-03-04 14:56:03:800][org.logicalcobwebs.proxool.Prototyper] 000001 (01/51/00) - Connection #51 created to achieve minimum of 100 = AVAILABLE
[2015-03-04 14:56:03:800][org.logicalcobwebs.proxool.ProxyFactory] Implementing interface java.sql.Statement
[2015-03-04 14:56:03:800][org.logicalcobwebs.proxool.ProxyFactory] Implementing interface java.lang.AutoCloseable
[2015-03-04 14:56:03:811][org.logicalcobwebs.proxool.Prototyper] 000001 (01/52/00) - Connection #52 created to achieve minimum of 100 = AVAILABLE
[2015-03-04 14:56:03:818][org.logicalcobwebs.proxool.Prototyper] 000001 (01/53/00) - Connection #53 created to achieve minimum of 100 = AVAILABLE
[2015-03-04 14:56:03:828][org.logicalcobwebs.proxool.Prototyper] 000001 (01/54/00) - Connection #54 created to achieve minimum of 100 = AVAILABLE
[2015-03-04 14:56:03:837][org.logicalcobwebs.proxool.Prototyper] 000001 (01/55/00) - Connection #55 created to achieve minimum of 100 = AVAILABLE
[2015-03-04 14:56:03:845][org.logicalcobwebs.proxool.Prototyper] 000001 (01/56/00) - Connection #56 created to achieve minimum of 100 = AVAILABLE
[2015-03-04 14:56:03:855][org.logicalcobwebs.proxool.Prototyper] 000001 (01/57/00) - Connection #57 created to achieve minimum of 100 = AVAILABLE
[2015-03-04 14:56:03:866][org.logicalcobwebs.proxool.Prototyper] 000001 (01/58/00) - Connection #58 created to achieve minimum of 100 = AVAILABLE
[2015-03-04 14:56:03:875][org.logicalcobwebs.proxool.Prototyper] 000001 (01/59/00) - Connection #59 created to achieve minimum of 100 = AVAILABLE
[2015-03-04 14:56:03:883][org.logicalcobwebs.proxool.Prototyper] 000001 (01/60/00) - Connection #60 created to achieve minimum of 100 = AVAILABLE
[2015-03-04 14:56:03:892][org.logicalcobwebs.proxool.Prototyper] 000001 (01/61/00) - Connection #61 created to achieve minimum of 100 = AVAILABLE
[2015-03-04 14:56:03:903][org.logicalcobwebs.proxool.Prototyper] 000001 (01/62/00) - Connection #62 created to achieve minimum of 100 = AVAILABLE
[2015-03-04 14:56:03:911][org.logicalcobwebs.proxool.Prototyper] 000001 (01/63/00) - Connection #63 created to achieve minimum of 100 = AVAILABLE
[2015-03-04 14:56:03:920][org.logicalcobwebs.proxool.Prototyper] 000001 (01/64/00) - Connection #64 created to achieve minimum of 100 = AVAILABLE
[2015-03-04 14:56:03:927][org.logicalcobwebs.proxool.Prototyper] 000001 (01/65/00) - Connection #65 created to achieve minimum of 100 = AVAILABLE
[2015-03-04 14:56:03:932][com.switek.netseed.server.ui.ServerForm] T10-Loading device type def from database...
[2015-03-04 14:56:03:934][com.switek.netseed.server.ui.ServerForm] T10-Done.
[2015-03-04 14:56:03:935][com.switek.netseed.server.ui.ServerForm] T10-Loading brand info list from database...
[2015-03-04 14:56:03:936][org.logicalcobwebs.proxool.Prototyper] 000001 (01/66/00) - Connection #66 created to achieve minimum of 100 = AVAILABLE
[2015-03-04 14:56:03:937][com.switek.netseed.server.ui.ServerForm] T10-Done
[2015-03-04 14:56:03:937][com.switek.netseed.server.ui.ServerForm] T10-Loading releationship of type and brand from database...
[2015-03-04 14:56:03:938][com.switek.netseed.server.ui.ServerForm] T10-Done
[2015-03-04 14:56:03:939][com.switek.netseed.server.ui.ServerForm] T10-Loading controller list from database...
[2015-03-04 14:56:03:945][org.logicalcobwebs.proxool.Prototyper] 000001 (01/67/00) - Connection #67 created to achieve minimum of 100 = AVAILABLE
[2015-03-04 14:56:03:951][com.switek.netseed.server.ui.ServerForm] T10-There are 1450 controller(s)
[2015-03-04 14:56:03:951][com.switek.netseed.server.ui.ServerForm] T10-Loading subcontroller list from database...
[2015-03-04 14:56:03:953][org.logicalcobwebs.proxool.Prototyper] 000001 (01/68/00) - Connection #68 created to achieve minimum of 100 = AVAILABLE
[2015-03-04 14:56:03:961][org.logicalcobwebs.proxool.Prototyper] 000001 (01/69/00) - Connection #69 created to achieve minimum of 100 = AVAILABLE
[2015-03-04 14:56:03:965][com.switek.netseed.server.ui.ServerForm] T10-There are 1570 subcontroler(s).
[2015-03-04 14:56:03:965][com.switek.netseed.server.ui.ServerForm] T10-Loading device list from database...
[2015-03-04 14:56:03:971][org.logicalcobwebs.proxool.Prototyper] 000001 (01/70/00) - Connection #70 created to achieve minimum of 100 = AVAILABLE
[2015-03-04 14:56:03:984][org.logicalcobwebs.proxool.Prototyper] 000001 (01/71/00) - Connection #71 created to achieve minimum of 100 = AVAILABLE
[2015-03-04 14:56:03:992][org.logicalcobwebs.proxool.Prototyper] 000001 (01/72/00) - Connection #72 created to achieve minimum of 100 = AVAILABLE
[2015-03-04 14:56:03:999][org.logicalcobwebs.proxool.Prototyper] 000001 (01/73/00) - Connection #73 created to achieve minimum of 100 = AVAILABLE
[2015-03-04 14:56:04:007][org.logicalcobwebs.proxool.Prototyper] 000001 (01/74/00) - Connection #74 created to achieve minimum of 100 = AVAILABLE
[2015-03-04 14:56:04:014][org.logicalcobwebs.proxool.Prototyper] 000001 (01/75/00) - Connection #75 created to achieve minimum of 100 = AVAILABLE
[2015-03-04 14:56:04:020][org.logicalcobwebs.proxool.Prototyper] 000001 (01/76/00) - Connection #76 created to achieve minimum of 100 = AVAILABLE
[2015-03-04 14:56:04:027][org.logicalcobwebs.proxool.Prototyper] 000001 (01/77/00) - Connection #77 created to achieve minimum of 100 = AVAILABLE
[2015-03-04 14:56:04:033][org.logicalcobwebs.proxool.Prototyper] 000001 (01/78/00) - Connection #78 created to achieve minimum of 100 = AVAILABLE
[2015-03-04 14:56:04:039][com.switek.netseed.server.ui.ServerForm] T10-There are 1785 device(s).
[2015-03-04 14:56:04:039][org.logicalcobwebs.proxool.Prototyper] 000001 (01/79/00) - Connection #79 created to achieve minimum of 100 = AVAILABLE
[2015-03-04 14:56:04:039][com.switek.netseed.server.ui.ServerForm] T10-Loading learned IR code from database...
[2015-03-04 14:56:04:047][org.logicalcobwebs.proxool.Prototyper] 000001 (01/80/00) - Connection #80 created to achieve minimum of 100 = AVAILABLE
[2015-03-04 14:56:04:052][org.logicalcobwebs.proxool.Prototyper] 000001 (01/81/00) - Connection #81 created to achieve minimum of 100 = AVAILABLE
[2015-03-04 14:56:04:057][org.logicalcobwebs.proxool.Prototyper] 000001 (01/82/00) - Connection #82 created to achieve minimum of 100 = AVAILABLE
[2015-03-04 14:56:04:062][org.logicalcobwebs.proxool.Prototyper] 000001 (01/83/00) - Connection #83 created to achieve minimum of 100 = AVAILABLE
[2015-03-04 14:56:04:067][org.logicalcobwebs.proxool.Prototyper] 000001 (01/84/00) - Connection #84 created to achieve minimum of 100 = AVAILABLE
[2015-03-04 14:56:04:073][org.logicalcobwebs.proxool.Prototyper] 000001 (01/85/00) - Connection #85 created to achieve minimum of 100 = AVAILABLE
[2015-03-04 14:56:04:097][org.logicalcobwebs.proxool.Prototyper] 000001 (01/86/00) - Connection #86 created to achieve minimum of 100 = AVAILABLE
[2015-03-04 14:56:04:104][org.logicalcobwebs.proxool.Prototyper] 000001 (01/87/00) - Connection #87 created to achieve minimum of 100 = AVAILABLE
[2015-03-04 14:56:04:110][org.logicalcobwebs.proxool.Prototyper] 000001 (01/88/00) - Connection #88 created to achieve minimum of 100 = AVAILABLE
[2015-03-04 14:56:04:117][org.logicalcobwebs.proxool.Prototyper] 000001 (01/89/00) - Connection #89 created to achieve minimum of 100 = AVAILABLE
[2015-03-04 14:56:04:123][org.logicalcobwebs.proxool.Prototyper] 000001 (01/90/00) - Connection #90 created to achieve minimum of 100 = AVAILABLE
[2015-03-04 14:56:04:128][org.logicalcobwebs.proxool.Prototyper] 000001 (01/91/00) - Connection #91 created to achieve minimum of 100 = AVAILABLE
[2015-03-04 14:56:04:133][org.logicalcobwebs.proxool.Prototyper] 000001 (01/92/00) - Connection #92 created to achieve minimum of 100 = AVAILABLE
[2015-03-04 14:56:04:138][org.logicalcobwebs.proxool.Prototyper] 000001 (01/93/00) - Connection #93 created to achieve minimum of 100 = AVAILABLE
[2015-03-04 14:56:04:143][org.logicalcobwebs.proxool.Prototyper] 000001 (01/94/00) - Connection #94 created to achieve minimum of 100 = AVAILABLE
[2015-03-04 14:56:04:148][org.logicalcobwebs.proxool.Prototyper] 000001 (01/95/00) - Connection #95 created to achieve minimum of 100 = AVAILABLE
[2015-03-04 14:56:04:153][org.logicalcobwebs.proxool.Prototyper] 000001 (01/96/00) - Connection #96 created to achieve minimum of 100 = AVAILABLE
[2015-03-04 14:56:04:158][org.logicalcobwebs.proxool.Prototyper] 000001 (01/97/00) - Connection #97 created to achieve minimum of 100 = AVAILABLE
[2015-03-04 14:56:04:163][org.logicalcobwebs.proxool.Prototyper] 000001 (01/98/00) - Connection #98 created to achieve minimum of 100 = AVAILABLE
[2015-03-04 14:56:04:169][org.logicalcobwebs.proxool.Prototyper] 000001 (01/99/00) - Connection #99 created to achieve minimum of 100 = AVAILABLE
[2015-03-04 14:56:04:175][org.logicalcobwebs.proxool.Prototyper] 000001 (01/100/00) - Connection #100 created to achieve minimum of 100 = AVAILABLE
[2015-03-04 14:56:04:180][com.switek.netseed.server.ui.ServerForm] T10-Learned IR code are loaded!
[2015-03-04 14:56:04:181][com.switek.netseed.server.ui.ServerForm] T10-Loading app list from database...
[2015-03-04 14:56:04:183][com.switek.netseed.server.ui.ServerForm] T10-Loading timers...
[2015-03-04 14:56:04:186][com.switek.netseed.server.ui.ServerForm] T10-There are 1 timer(s)
[2015-03-04 14:56:04:186][com.switek.netseed.server.ui.ServerForm] T10-Loading timer steps...
[2015-03-04 14:56:04:188][com.switek.netseed.server.ui.ServerForm] T10-Completed to load timers.
[2015-03-04 14:56:04:189][com.switek.netseed.server.ui.ServerForm] T10-Setup schedule job engine.
[2015-03-04 14:56:04:195][com.switek.netseed.server.ui.ServerForm] T10-MaxThread: 2048
[2015-03-04 14:56:04:196][com.switek.netseed.server.ui.ServerForm] T10-Starting the Netseed server...
[2015-03-04 14:56:04:743][com.switek.netseed.server.ui.ServerForm] T10-Netseed Server started, on LIN/192.168.169.107:38899
[2015-03-04 14:56:12:333][org.apache.mina.core.filterchain.IoFilterEvent] Firing a SESSION_OPENED event for session 1
[2015-03-04 14:56:12:333][org.apache.mina.filter.codec.ProtocolCodecFilter] Processing a MESSAGE_RECEIVED for session 1
[2015-03-04 14:56:12:334][org.apache.mina.core.filterchain.IoFilterEvent] Event SESSION_OPENED has been fired for session 1
[2015-03-04 14:56:12:340][org.apache.mina.core.filterchain.IoFilterEvent] Firing a MESSAGE_RECEIVED event for session 1
[2015-03-04 14:56:12:341][org.apache.mina.core.filterchain.IoFilterEvent] Event MESSAGE_RECEIVED has been fired for session 1
[2015-03-04 14:56:12:343][com.switek.netseed.server.ui.ServerForm] T20-****************************Received 0x15_COMMAND_ID_CS_GET_SAPSTATUS: AA AA 15 00 DE 07 07 19 70 17 00 15 00 00 00 DD 07 01 01 00 15 3B 15  from: (0x00000001: nio socket, server, /127.0.0.1:57513 => /127.0.0.1:38899)
[2015-03-04 14:56:12:354][com.switek.netseed.server.ui.ServerForm] T20-Sending msg [AA AA 0E 00 DE 07 07 19 70 17 00 15 00 00 5F CF ] to (0x00000001: nio socket, server, /127.0.0.1:57513 => /127.0.0.1:38899)
[2015-03-04 14:56:12:359][com.switek.netseed.server.ui.ServerForm] T20-Msg has been sent
[2015-03-04 14:56:12:359][org.apache.mina.core.filterchain.IoFilterEvent] Firing a MESSAGE_SENT event for session 1
[2015-03-04 14:56:12:359][org.apache.mina.core.filterchain.IoFilterEvent] Event MESSAGE_SENT has been fired for session 1
[2015-03-04 14:56:32:360][org.apache.mina.core.filterchain.IoFilterEvent] Firing a SESSION_IDLE event for session 1
[2015-03-04 14:56:32:361][com.switek.netseed.server.ui.ServerForm] T22-Close the Idle session (0x00000001: nio socket, server, /127.0.0.1:57513 => /127.0.0.1:38899)
[2015-03-04 14:56:32:362][org.apache.mina.core.filterchain.IoFilterEvent] Event SESSION_IDLE has been fired for session 1
[2015-03-04 14:56:32:363][org.apache.mina.core.filterchain.IoFilterEvent] Firing a SESSION_CLOSED event for session 1
[2015-03-04 14:56:32:364][org.apache.mina.core.filterchain.IoFilterEvent] Event SESSION_CLOSED has been fired for session 1
[2015-03-04 14:57:02:928][com.switek.netseed.server.ui.ServerForm] T1-System run time: 0d 00:01
[2015-03-04 14:57:04:193][com.switek.netseed.server.ui.ServerForm] T14-Starting schedule job engine...
[2015-03-04 14:57:34:194][com.switek.netseed.server.ui.ServerForm] T14-Starting schedule job engine...
[2015-03-04 14:58:02:928][com.switek.netseed.server.ui.ServerForm] T1-System run time: 0d 00:02
[2015-03-04 14:58:04:195][com.switek.netseed.server.ui.ServerForm] T14-Starting schedule job engine...
[2015-03-04 14:58:34:195][com.switek.netseed.server.ui.ServerForm] T14-Starting schedule job engine...
[2015-03-04 14:59:02:928][com.switek.netseed.server.ui.ServerForm] T1-System run time: 0d 00:03
[2015-03-04 14:59:04:196][com.switek.netseed.server.ui.ServerForm] T14-Starting schedule job engine...
[2015-03-04 14:59:34:197][com.switek.netseed.server.ui.ServerForm] T14-Starting schedule job engine...
